{"total": {"lines":{"total":82,"covered":80,"skipped":0,"pct":97.56},"statements":{"total":89,"covered":87,"skipped":0,"pct":97.75},"functions":{"total":26,"covered":24,"skipped":0,"pct":92.3},"branches":{"total":95,"covered":93,"skipped":0,"pct":97.89},"branchesTrue":{"total":0,"covered":0,"skipped":0,"pct":"Unknown"}}
,"C:\\Users\\talys\\projects\\intelliFlow-CRM\\apps\\web\\src\\components\\notifications\\NotificationBell.tsx": {"lines":{"total":16,"covered":15,"skipped":0,"pct":93.75},"functions":{"total":4,"covered":3,"skipped":0,"pct":75},"statements":{"total":16,"covered":15,"skipped":0,"pct":93.75},"branches":{"total":16,"covered":15,"skipped":0,"pct":93.75}}
,"C:\\Users\\talys\\projects\\intelliFlow-CRM\\apps\\web\\src\\components\\notifications\\NotificationFilters.tsx": {"lines":{"total":12,"covered":12,"skipped":0,"pct":100},"functions":{"total":7,"covered":7,"skipped":0,"pct":100},"statements":{"total":12,"covered":12,"skipped":0,"pct":100},"branches":{"total":15,"covered":15,"skipped":0,"pct":100}}
,"C:\\Users\\talys\\projects\\intelliFlow-CRM\\apps\\web\\src\\components\\notifications\\NotificationItem.tsx": {"lines":{"total":9,"covered":9,"skipped":0,"pct":100},"functions":{"total":3,"covered":3,"skipped":0,"pct":100},"statements":{"total":9,"covered":9,"skipped":0,"pct":100},"branches":{"total":21,"covered":21,"skipped":0,"pct":100}}
,"C:\\Users\\talys\\projects\\intelliFlow-CRM\\apps\\web\\src\\components\\notifications\\NotificationItemSkeleton.tsx": {"lines":{"total":1,"covered":0,"skipped":0,"pct":0},"functions":{"total":1,"covered":0,"skipped":0,"pct":0},"statements":{"total":1,"covered":0,"skipped":0,"pct":0},"branches":{"total":0,"covered":0,"skipped":0,"pct":100}}
,"C:\\Users\\talys\\projects\\intelliFlow-CRM\\apps\\web\\src\\components\\notifications\\NotificationList.tsx": {"lines":{"total":21,"covered":21,"skipped":0,"pct":100},"functions":{"total":7,"covered":7,"skipped":0,"pct":100},"statements":{"total":23,"covered":23,"skipped":0,"pct":100},"branches":{"total":23,"covered":23,"skipped":0,"pct":100}}
,"C:\\Users\\talys\\projects\\intelliFlow-CRM\\apps\\web\\src\\components\\notifications\\notification-utils.ts": {"lines":{"total":23,"covered":23,"skipped":0,"pct":100},"functions":{"total":4,"covered":4,"skipped":0,"pct":100},"statements":{"total":28,"covered":28,"skipped":0,"pct":100},"branches":{"total":20,"covered":19,"skipped":0,"pct":95}}
}
