{"C:\\taly\\intelliFlow-CRM\\apps\\ai-worker\\src\\index.ts": {"path":"C:\\taly\\intelliFlow-CRM\\apps\\ai-worker\\src\\index.ts","statementMap":{"0":{"start":{"line":10,"column":0},"end":{"line":10,"column":null}},"1":{"start":{"line":12,"column":6},"end":{"line":26,"column":null}},"2":{"start":{"line":69,"column":2},"end":{"line":69,"column":null}},"3":{"start":{"line":71,"column":2},"end":{"line":119,"column":null}},"4":{"start":{"line":73,"column":25},"end":{"line":73,"column":null}},"5":{"start":{"line":75,"column":4},"end":{"line":83,"column":null}},"6":{"start":{"line":86,"column":28},"end":{"line":86,"column":null}},"7":{"start":{"line":87,"column":4},"end":{"line":87,"column":null}},"8":{"start":{"line":90,"column":33},"end":{"line":90,"column":null}},"9":{"start":{"line":91,"column":4},"end":{"line":91,"column":null}},"10":{"start":{"line":93,"column":31},"end":{"line":93,"column":null}},"11":{"start":{"line":94,"column":4},"end":{"line":94,"column":null}},"12":{"start":{"line":97,"column":35},"end":{"line":97,"column":null}},"13":{"start":{"line":98,"column":4},"end":{"line":98,"column":null}},"14":{"start":{"line":100,"column":4},"end":{"line":100,"column":null}},"15":{"start":{"line":103,"column":4},"end":{"line":109,"column":null}},"16":{"start":{"line":111,"column":4},"end":{"line":117,"column":null}},"17":{"start":{"line":118,"column":4},"end":{"line":118,"column":null}},"18":{"start":{"line":126,"column":2},"end":{"line":126,"column":null}},"19":{"start":{"line":128,"column":2},"end":{"line":142,"column":null}},"20":{"start":{"line":130,"column":28},"end":{"line":130,"column":null}},"21":{"start":{"line":131,"column":19},"end":{"line":131,"column":null}},"22":{"start":{"line":132,"column":4},"end":{"line":132,"column":null}},"23":{"start":{"line":134,"column":4},"end":{"line":134,"column":null}},"24":{"start":{"line":136,"column":4},"end":{"line":141,"column":null}},"25":{"start":{"line":149,"column":2},"end":{"line":153,"column":null}},"26":{"start":{"line":150,"column":4},"end":{"line":150,"column":null}},"27":{"start":{"line":151,"column":4},"end":{"line":151,"column":null}},"28":{"start":{"line":152,"column":4},"end":{"line":152,"column":null}},"29":{"start":{"line":155,"column":2},"end":{"line":159,"column":null}},"30":{"start":{"line":156,"column":4},"end":{"line":156,"column":null}},"31":{"start":{"line":157,"column":4},"end":{"line":157,"column":null}},"32":{"start":{"line":158,"column":4},"end":{"line":158,"column":null}},"33":{"start":{"line":161,"column":2},"end":{"line":170,"column":null}},"34":{"start":{"line":162,"column":4},"end":{"line":168,"column":null}},"35":{"start":{"line":169,"column":4},"end":{"line":169,"column":null}},"36":{"start":{"line":172,"column":2},"end":{"line":180,"column":null}},"37":{"start":{"line":173,"column":4},"end":{"line":178,"column":null}},"38":{"start":{"line":179,"column":4},"end":{"line":179,"column":null}},"39":{"start":{"line":187,"column":2},"end":{"line":187,"column":null}},"40":{"start":{"line":189,"column":2},"end":{"line":209,"column":null}},"41":{"start":{"line":190,"column":4},"end":{"line":190,"column":null}},"42":{"start":{"line":193,"column":4},"end":{"line":193,"column":null}},"43":{"start":{"line":198,"column":4},"end":{"line":200,"column":null}},"44":{"start":{"line":202,"column":4},"end":{"line":207,"column":null}},"45":{"start":{"line":208,"column":4},"end":{"line":208,"column":null}},"46":{"start":{"line":214,"column":0},"end":{"line":225,"column":null}},"47":{"start":{"line":216,"column":2},"end":{"line":224,"column":null}},"48":{"start":{"line":218,"column":4},"end":{"line":223,"column":null}},"49":{"start":{"line":219,"column":6},"end":{"line":219,"column":null}},"50":{"start":{"line":221,"column":6},"end":{"line":221,"column":null}},"51":{"start":{"line":222,"column":6},"end":{"line":222,"column":null}}},"fnMap":{"0":{"name":"initializeWorker","decl":{"start":{"line":68,"column":15},"end":{"line":68,"column":34}},"loc":{"start":{"line":68,"column":34},"end":{"line":120,"column":null}},"line":68},"1":{"name":"shutdown","decl":{"start":{"line":125,"column":15},"end":{"line":125,"column":26}},"loc":{"start":{"line":125,"column":26},"end":{"line":143,"column":null}},"line":125},"2":{"name":"setupSignalHandlers","decl":{"start":{"line":148,"column":9},"end":{"line":148,"column":31}},"loc":{"start":{"line":148,"column":31},"end":{"line":181,"column":null}},"line":148},"3":{"name":"(anonymous_3)","decl":{"start":{"line":149,"column":23},"end":{"line":149,"column":35}},"loc":{"start":{"line":149,"column":35},"end":{"line":153,"column":3}},"line":149},"4":{"name":"(anonymous_4)","decl":{"start":{"line":155,"column":24},"end":{"line":155,"column":36}},"loc":{"start":{"line":155,"column":36},"end":{"line":159,"column":3}},"line":155},"5":{"name":"(anonymous_5)","decl":{"start":{"line":161,"column":34},"end":{"line":161,"column":35}},"loc":{"start":{"line":161,"column":45},"end":{"line":170,"column":3}},"line":161},"6":{"name":"(anonymous_6)","decl":{"start":{"line":172,"column":35},"end":{"line":172,"column":36}},"loc":{"start":{"line":172,"column":47},"end":{"line":180,"column":3}},"line":172},"7":{"name":"main","decl":{"start":{"line":186,"column":15},"end":{"line":186,"column":22}},"loc":{"start":{"line":186,"column":22},"end":{"line":210,"column":null}},"line":186},"8":{"name":"(anonymous_8)","decl":{"start":{"line":198,"column":22},"end":{"line":198,"column":28}},"loc":{"start":{"line":198,"column":28},"end":{"line":200,"column":5}},"line":198},"9":{"name":"(anonymous_9)","decl":{"start":{"line":216,"column":3},"end":{"line":216,"column":15}},"loc":{"start":{"line":216,"column":15},"end":{"line":224,"column":5}},"line":216}},"branchMap":{"0":{"loc":{"start":{"line":14,"column":9},"end":{"line":14,"column":null}},"type":"binary-expr","locations":[{"start":{"line":14,"column":9},"end":{"line":14,"column":34}},{"start":{"line":14,"column":34},"end":{"line":14,"column":null}}],"line":14},"1":{"loc":{"start":{"line":16,"column":4},"end":{"line":25,"column":null}},"type":"cond-expr","locations":[{"start":{"line":17,"column":8},"end":{"line":24,"column":null}},{"start":{"line":25,"column":8},"end":{"line":25,"column":null}}],"line":16},"2":{"loc":{"start":{"line":78,"column":15},"end":{"line":78,"column":null}},"type":"cond-expr","locations":[{"start":{"line":78,"column":48},"end":{"line":78,"column":72}},{"start":{"line":78,"column":72},"end":{"line":78,"column":null}}],"line":78},"3":{"loc":{"start":{"line":113,"column":15},"end":{"line":113,"column":null}},"type":"cond-expr","locations":[{"start":{"line":113,"column":40},"end":{"line":113,"column":56}},{"start":{"line":113,"column":56},"end":{"line":113,"column":null}}],"line":113},"4":{"loc":{"start":{"line":114,"column":15},"end":{"line":114,"column":null}},"type":"cond-expr","locations":[{"start":{"line":114,"column":40},"end":{"line":114,"column":54}},{"start":{"line":114,"column":54},"end":{"line":114,"column":null}}],"line":114},"5":{"loc":{"start":{"line":138,"column":15},"end":{"line":138,"column":null}},"type":"cond-expr","locations":[{"start":{"line":138,"column":40},"end":{"line":138,"column":56}},{"start":{"line":138,"column":56},"end":{"line":138,"column":null}}],"line":138},"6":{"loc":{"start":{"line":204,"column":15},"end":{"line":204,"column":null}},"type":"cond-expr","locations":[{"start":{"line":204,"column":40},"end":{"line":204,"column":56}},{"start":{"line":204,"column":56},"end":{"line":204,"column":null}}],"line":204},"7":{"loc":{"start":{"line":214,"column":0},"end":{"line":225,"column":null}},"type":"if","locations":[{"start":{"line":214,"column":0},"end":{"line":225,"column":null}},{"start":{},"end":{}}],"line":214}},"s":{"0":0,"1":0,"2":0,"3":0,"4":0,"5":0,"6":0,"7":0,"8":0,"9":0,"10":0,"11":0,"12":0,"13":0,"14":0,"15":0,"16":0,"17":0,"18":0,"19":0,"20":0,"21":0,"22":0,"23":0,"24":0,"25":0,"26":0,"27":0,"28":0,"29":0,"30":0,"31":0,"32":0,"33":0,"34":0,"35":0,"36":0,"37":0,"38":0,"39":0,"40":0,"41":0,"42":0,"43":0,"44":0,"45":0,"46":0,"47":0,"48":0,"49":0,"50":0,"51":0},"f":{"0":0,"1":0,"2":0,"3":0,"4":0,"5":0,"6":0,"7":0,"8":0,"9":0},"b":{"0":[0,0],"1":[0,0],"2":[0,0],"3":[0,0],"4":[0,0],"5":[0,0],"6":[0,0],"7":[0,0]},"meta":{"lastBranch":8,"lastFunction":10,"lastStatement":52,"seen":{"s:10:0:10:Infinity":0,"s:12:6:26:Infinity":1,"b:14:9:14:34:14:34:14:Infinity":0,"b:17:8:24:Infinity:25:8:25:Infinity":1,"f:68:15:68:34":0,"s:69:2:69:Infinity":2,"s:71:2:119:Infinity":3,"s:73:25:73:Infinity":4,"s:75:4:83:Infinity":5,"b:78:48:78:72:78:72:78:Infinity":2,"s:86:28:86:Infinity":6,"s:87:4:87:Infinity":7,"s:90:33:90:Infinity":8,"s:91:4:91:Infinity":9,"s:93:31:93:Infinity":10,"s:94:4:94:Infinity":11,"s:97:35:97:Infinity":12,"s:98:4:98:Infinity":13,"s:100:4:100:Infinity":14,"s:103:4:109:Infinity":15,"s:111:4:117:Infinity":16,"b:113:40:113:56:113:56:113:Infinity":3,"b:114:40:114:54:114:54:114:Infinity":4,"s:118:4:118:Infinity":17,"f:125:15:125:26":1,"s:126:2:126:Infinity":18,"s:128:2:142:Infinity":19,"s:130:28:130:Infinity":20,"s:131:19:131:Infinity":21,"s:132:4:132:Infinity":22,"s:134:4:134:Infinity":23,"s:136:4:141:Infinity":24,"b:138:40:138:56:138:56:138:Infinity":5,"f:148:9:148:31":2,"s:149:2:153:Infinity":25,"f:149:23:149:35":3,"s:150:4:150:Infinity":26,"s:151:4:151:Infinity":27,"s:152:4:152:Infinity":28,"s:155:2:159:Infinity":29,"f:155:24:155:36":4,"s:156:4:156:Infinity":30,"s:157:4:157:Infinity":31,"s:158:4:158:Infinity":32,"s:161:2:170:Infinity":33,"f:161:34:161:35":5,"s:162:4:168:Infinity":34,"s:169:4:169:Infinity":35,"s:172:2:180:Infinity":36,"f:172:35:172:36":6,"s:173:4:178:Infinity":37,"s:179:4:179:Infinity":38,"f:186:15:186:22":7,"s:187:2:187:Infinity":39,"s:189:2:209:Infinity":40,"s:190:4:190:Infinity":41,"s:193:4:193:Infinity":42,"s:198:4:200:Infinity":43,"f:198:22:198:28":8,"s:202:4:207:Infinity":44,"b:204:40:204:56:204:56:204:Infinity":6,"s:208:4:208:Infinity":45,"b:214:0:225:Infinity:undefined:undefined:undefined:undefined":7,"s:214:0:225:Infinity":46,"s:216:2:224:Infinity":47,"f:216:3:216:15":9,"s:218:4:223:Infinity":48,"s:219:6:219:Infinity":49,"s:221:6:221:Infinity":50,"s:222:6:222:Infinity":51}}}
,"C:\\taly\\intelliFlow-CRM\\apps\\ai-worker\\src\\agents\\base.agent.ts": {"path":"C:\\taly\\intelliFlow-CRM\\apps\\ai-worker\\src\\agents\\base.agent.ts","statementMap":{"0":{"start":{"line":8,"column":6},"end":{"line":11,"column":null}},"1":{"start":{"line":69,"column":37},"end":{"line":69,"column":null}},"2":{"start":{"line":72,"column":4},"end":{"line":77,"column":null}},"3":{"start":{"line":80,"column":4},"end":{"line":93,"column":null}},"4":{"start":{"line":81,"column":6},"end":{"line":87,"column":null}},"5":{"start":{"line":92,"column":6},"end":{"line":92,"column":null}},"6":{"start":{"line":95,"column":4},"end":{"line":102,"column":null}},"7":{"start":{"line":109,"column":22},"end":{"line":109,"column":null}},"8":{"start":{"line":110,"column":4},"end":{"line":110,"column":null}},"9":{"start":{"line":112,"column":4},"end":{"line":119,"column":null}},"10":{"start":{"line":121,"column":4},"end":{"line":188,"column":null}},"11":{"start":{"line":123,"column":6},"end":{"line":125,"column":null}},"12":{"start":{"line":128,"column":21},"end":{"line":128,"column":null}},"13":{"start":{"line":131,"column":6},"end":{"line":133,"column":null}},"14":{"start":{"line":132,"column":8},"end":{"line":132,"column":null}},"15":{"start":{"line":135,"column":23},"end":{"line":135,"column":null}},"16":{"start":{"line":138,"column":25},"end":{"line":138,"column":null}},"17":{"start":{"line":140,"column":43},"end":{"line":151,"column":null}},"18":{"start":{"line":153,"column":6},"end":{"line":161,"column":null}},"19":{"start":{"line":163,"column":6},"end":{"line":163,"column":null}},"20":{"start":{"line":165,"column":23},"end":{"line":165,"column":null}},"21":{"start":{"line":167,"column":6},"end":{"line":174,"column":null}},"22":{"start":{"line":176,"column":6},"end":{"line":187,"column":null}},"23":{"start":{"line":207,"column":4},"end":{"line":207,"column":null}},"24":{"start":{"line":214,"column":4},"end":{"line":218,"column":null}},"25":{"start":{"line":238,"column":22},"end":{"line":238,"column":null}},"26":{"start":{"line":240,"column":4},"end":{"line":269,"column":null}},"27":{"start":{"line":241,"column":23},"end":{"line":241,"column":null}},"28":{"start":{"line":242,"column":23},"end":{"line":242,"column":null}},"29":{"start":{"line":245,"column":6},"end":{"line":257,"column":null}},"30":{"start":{"line":248,"column":8},"end":{"line":256,"column":null}},"31":{"start":{"line":259,"column":6},"end":{"line":259,"column":null}},"32":{"start":{"line":261,"column":6},"end":{"line":267,"column":null}},"33":{"start":{"line":268,"column":6},"end":{"line":268,"column":null}},"34":{"start":{"line":276,"column":4},"end":{"line":276,"column":null}},"35":{"start":{"line":283,"column":4},"end":{"line":283,"column":null}},"36":{"start":{"line":295,"column":4},"end":{"line":300,"column":null}},"37":{"start":{"line":307,"column":4},"end":{"line":307,"column":null}},"38":{"start":{"line":308,"column":4},"end":{"line":308,"column":null}}},"fnMap":{"0":{"name":"(anonymous_0)","decl":{"start":{"line":71,"column":2},"end":{"line":71,"column":14}},"loc":{"start":{"line":71,"column":39},"end":{"line":103,"column":null}},"line":71},"1":{"name":"(anonymous_1)","decl":{"start":{"line":108,"column":8},"end":{"line":108,"column":16}},"loc":{"start":{"line":108,"column":81},"end":{"line":189,"column":null}},"line":108},"2":{"name":"(anonymous_2)","decl":{"start":{"line":201,"column":18},"end":{"line":201,"column":null}},"loc":{"start":{"line":204,"column":21},"end":{"line":208,"column":null}},"line":204},"3":{"name":"(anonymous_3)","decl":{"start":{"line":213,"column":12},"end":{"line":213,"column":43}},"loc":{"start":{"line":213,"column":43},"end":{"line":232,"column":null}},"line":213},"4":{"name":"(anonymous_4)","decl":{"start":{"line":237,"column":18},"end":{"line":237,"column":28}},"loc":{"start":{"line":237,"column":70},"end":{"line":270,"column":null}},"line":237},"5":{"name":"(anonymous_5)","decl":{"start":{"line":275,"column":12},"end":{"line":275,"column":31}},"loc":{"start":{"line":275,"column":62},"end":{"line":277,"column":null}},"line":275},"6":{"name":"(anonymous_6)","decl":{"start":{"line":282,"column":12},"end":{"line":282,"column":32}},"loc":{"start":{"line":282,"column":64},"end":{"line":284,"column":null}},"line":282},"7":{"name":"(anonymous_7)","decl":{"start":{"line":289,"column":2},"end":{"line":289,"column":null}},"loc":{"start":{"line":294,"column":4},"end":{"line":301,"column":null}},"line":294},"8":{"name":"(anonymous_8)","decl":{"start":{"line":306,"column":2},"end":{"line":306,"column":16}},"loc":{"start":{"line":306,"column":16},"end":{"line":309,"column":null}},"line":306}},"branchMap":{"0":{"loc":{"start":{"line":10,"column":9},"end":{"line":10,"column":null}},"type":"binary-expr","locations":[{"start":{"line":10,"column":9},"end":{"line":10,"column":34}},{"start":{"line":10,"column":34},"end":{"line":10,"column":null}}],"line":10},"1":{"loc":{"start":{"line":80,"column":4},"end":{"line":93,"column":null}},"type":"if","locations":[{"start":{"line":80,"column":4},"end":{"line":93,"column":null}},{"start":{"line":88,"column":11},"end":{"line":93,"column":null}}],"line":80},"2":{"loc":{"start":{"line":123,"column":6},"end":{"line":125,"column":null}},"type":"if","locations":[{"start":{"line":123,"column":6},"end":{"line":125,"column":null}},{"start":{},"end":{}}],"line":123},"3":{"loc":{"start":{"line":131,"column":6},"end":{"line":133,"column":null}},"type":"if","locations":[{"start":{"line":131,"column":6},"end":{"line":133,"column":null}},{"start":{},"end":{}}],"line":131},"4":{"loc":{"start":{"line":171,"column":17},"end":{"line":171,"column":null}},"type":"cond-expr","locations":[{"start":{"line":171,"column":42},"end":{"line":171,"column":58}},{"start":{"line":171,"column":58},"end":{"line":171,"column":null}}],"line":171},"5":{"loc":{"start":{"line":179,"column":15},"end":{"line":179,"column":null}},"type":"cond-expr","locations":[{"start":{"line":179,"column":40},"end":{"line":179,"column":56}},{"start":{"line":179,"column":56},"end":{"line":179,"column":null}}],"line":179},"6":{"loc":{"start":{"line":245,"column":6},"end":{"line":257,"column":null}},"type":"if","locations":[{"start":{"line":245,"column":6},"end":{"line":257,"column":null}},{"start":{},"end":{}}],"line":245},"7":{"loc":{"start":{"line":245,"column":10},"end":{"line":245,"column":75}},"type":"binary-expr","locations":[{"start":{"line":245,"column":10},"end":{"line":245,"column":44}},{"start":{"line":245,"column":44},"end":{"line":245,"column":75}}],"line":245},"8":{"loc":{"start":{"line":264,"column":17},"end":{"line":264,"column":null}},"type":"cond-expr","locations":[{"start":{"line":264,"column":42},"end":{"line":264,"column":58}},{"start":{"line":264,"column":58},"end":{"line":264,"column":null}}],"line":264}},"s":{"0":0,"1":0,"2":0,"3":0,"4":0,"5":0,"6":0,"7":0,"8":0,"9":0,"10":0,"11":0,"12":0,"13":0,"14":0,"15":0,"16":0,"17":0,"18":0,"19":0,"20":0,"21":0,"22":0,"23":0,"24":0,"25":0,"26":0,"27":0,"28":0,"29":0,"30":0,"31":0,"32":0,"33":0,"34":0,"35":0,"36":0,"37":0,"38":0},"f":{"0":0,"1":0,"2":0,"3":0,"4":0,"5":0,"6":0,"7":0,"8":0},"b":{"0":[0,0],"1":[0,0],"2":[0,0],"3":[0,0],"4":[0,0],"5":[0,0],"6":[0,0],"7":[0,0],"8":[0,0]},"meta":{"lastBranch":9,"lastFunction":9,"lastStatement":39,"seen":{"s:8:6:11:Infinity":0,"b:10:9:10:34:10:34:10:Infinity":0,"s:69:37:69:Infinity":1,"f:71:2:71:14":0,"s:72:4:77:Infinity":2,"b:80:4:93:Infinity:88:11:93:Infinity":1,"s:80:4:93:Infinity":3,"s:81:6:87:Infinity":4,"s:92:6:92:Infinity":5,"s:95:4:102:Infinity":6,"f:108:8:108:16":1,"s:109:22:109:Infinity":7,"s:110:4:110:Infinity":8,"s:112:4:119:Infinity":9,"s:121:4:188:Infinity":10,"b:123:6:125:Infinity:undefined:undefined:undefined:undefined":2,"s:123:6:125:Infinity":11,"s:128:21:128:Infinity":12,"b:131:6:133:Infinity:undefined:undefined:undefined:undefined":3,"s:131:6:133:Infinity":13,"s:132:8:132:Infinity":14,"s:135:23:135:Infinity":15,"s:138:25:138:Infinity":16,"s:140:43:151:Infinity":17,"s:153:6:161:Infinity":18,"s:163:6:163:Infinity":19,"s:165:23:165:Infinity":20,"s:167:6:174:Infinity":21,"b:171:42:171:58:171:58:171:Infinity":4,"s:176:6:187:Infinity":22,"b:179:40:179:56:179:56:179:Infinity":5,"f:201:18:201:Infinity":2,"s:207:4:207:Infinity":23,"f:213:12:213:43":3,"s:214:4:218:Infinity":24,"f:237:18:237:28":4,"s:238:22:238:Infinity":25,"s:240:4:269:Infinity":26,"s:241:23:241:Infinity":27,"s:242:23:242:Infinity":28,"b:245:6:257:Infinity:undefined:undefined:undefined:undefined":6,"s:245:6:257:Infinity":29,"b:245:10:245:44:245:44:245:75":7,"s:248:8:256:Infinity":30,"s:259:6:259:Infinity":31,"s:261:6:267:Infinity":32,"b:264:42:264:58:264:58:264:Infinity":8,"s:268:6:268:Infinity":33,"f:275:12:275:31":5,"s:276:4:276:Infinity":34,"f:282:12:282:32":6,"s:283:4:283:Infinity":35,"f:289:2:289:Infinity":7,"s:295:4:300:Infinity":36,"f:306:2:306:16":8,"s:307:4:307:Infinity":37,"s:308:4:308:Infinity":38}}}
,"C:\\taly\\intelliFlow-CRM\\apps\\ai-worker\\src\\agents\\crew.ts": {"path":"C:\\taly\\intelliFlow-CRM\\apps\\ai-worker\\src\\agents\\crew.ts","statementMap":{"0":{"start":{"line":15,"column":6},"end":{"line":18,"column":null}},"1":{"start":{"line":60,"column":35},"end":{"line":60,"column":null}},"2":{"start":{"line":63,"column":4},"end":{"line":66,"column":null}},"3":{"start":{"line":68,"column":4},"end":{"line":75,"column":null}},"4":{"start":{"line":90,"column":22},"end":{"line":90,"column":null}},"5":{"start":{"line":91,"column":4},"end":{"line":91,"column":null}},"6":{"start":{"line":93,"column":4},"end":{"line":100,"column":null}},"7":{"start":{"line":102,"column":25},"end":{"line":102,"column":null}},"8":{"start":{"line":103,"column":29},"end":{"line":103,"column":null}},"9":{"start":{"line":105,"column":4},"end":{"line":155,"column":null}},"10":{"start":{"line":106,"column":6},"end":{"line":116,"column":null}},"11":{"start":{"line":108,"column":10},"end":{"line":108,"column":null}},"12":{"start":{"line":109,"column":10},"end":{"line":109,"column":null}},"13":{"start":{"line":111,"column":10},"end":{"line":111,"column":null}},"14":{"start":{"line":112,"column":10},"end":{"line":112,"column":null}},"15":{"start":{"line":114,"column":10},"end":{"line":114,"column":null}},"16":{"start":{"line":115,"column":10},"end":{"line":115,"column":null}},"17":{"start":{"line":118,"column":23},"end":{"line":118,"column":null}},"18":{"start":{"line":120,"column":6},"end":{"line":128,"column":null}},"19":{"start":{"line":130,"column":6},"end":{"line":134,"column":null}},"20":{"start":{"line":136,"column":23},"end":{"line":136,"column":null}},"21":{"start":{"line":138,"column":6},"end":{"line":145,"column":null}},"22":{"start":{"line":147,"column":6},"end":{"line":147,"column":null}},"23":{"start":{"line":149,"column":6},"end":{"line":154,"column":null}},"24":{"start":{"line":166,"column":4},"end":{"line":166,"column":null}},"25":{"start":{"line":170,"column":4},"end":{"line":170,"column":null}},"26":{"start":{"line":181,"column":4},"end":{"line":181,"column":null}},"27":{"start":{"line":184,"column":4},"end":{"line":184,"column":null}},"28":{"start":{"line":195,"column":4},"end":{"line":195,"column":null}},"29":{"start":{"line":198,"column":4},"end":{"line":198,"column":null}},"30":{"start":{"line":210,"column":4},"end":{"line":215,"column":null}},"31":{"start":{"line":230,"column":2},"end":{"line":236,"column":null}},"32":{"start":{"line":249,"column":2},"end":{"line":255,"column":null}}},"fnMap":{"0":{"name":"(anonymous_0)","decl":{"start":{"line":62,"column":2},"end":{"line":62,"column":14}},"loc":{"start":{"line":62,"column":34},"end":{"line":76,"column":null}},"line":62},"1":{"name":"(anonymous_1)","decl":{"start":{"line":89,"column":8},"end":{"line":89,"column":16}},"loc":{"start":{"line":89,"column":53},"end":{"line":156,"column":null}},"line":89},"2":{"name":"(anonymous_2)","decl":{"start":{"line":162,"column":16},"end":{"line":162,"column":null}},"loc":{"start":{"line":165,"column":19},"end":{"line":171,"column":null}},"line":165},"3":{"name":"(anonymous_3)","decl":{"start":{"line":177,"column":16},"end":{"line":177,"column":null}},"loc":{"start":{"line":180,"column":19},"end":{"line":185,"column":null}},"line":180},"4":{"name":"(anonymous_4)","decl":{"start":{"line":191,"column":16},"end":{"line":191,"column":null}},"loc":{"start":{"line":194,"column":19},"end":{"line":199,"column":null}},"line":194},"5":{"name":"(anonymous_5)","decl":{"start":{"line":204,"column":2},"end":{"line":204,"column":null}},"loc":{"start":{"line":209,"column":4},"end":{"line":216,"column":null}},"line":209},"6":{"name":"createLeadProcessingCrew","decl":{"start":{"line":229,"column":16},"end":{"line":229,"column":41}},"loc":{"start":{"line":229,"column":68},"end":{"line":237,"column":null}},"line":229},"7":{"name":"createResearchCrew","decl":{"start":{"line":248,"column":16},"end":{"line":248,"column":35}},"loc":{"start":{"line":248,"column":62},"end":{"line":256,"column":null}},"line":248}},"branchMap":{"0":{"loc":{"start":{"line":17,"column":9},"end":{"line":17,"column":null}},"type":"binary-expr","locations":[{"start":{"line":17,"column":9},"end":{"line":17,"column":34}},{"start":{"line":17,"column":34},"end":{"line":17,"column":null}}],"line":17},"1":{"loc":{"start":{"line":106,"column":6},"end":{"line":116,"column":null}},"type":"switch","locations":[{"start":{"line":107,"column":8},"end":{"line":109,"column":null}},{"start":{"line":110,"column":8},"end":{"line":112,"column":null}},{"start":{"line":113,"column":8},"end":{"line":115,"column":null}}],"line":106},"2":{"loc":{"start":{"line":142,"column":17},"end":{"line":142,"column":null}},"type":"cond-expr","locations":[{"start":{"line":142,"column":42},"end":{"line":142,"column":58}},{"start":{"line":142,"column":58},"end":{"line":142,"column":null}}],"line":142},"3":{"loc":{"start":{"line":147,"column":18},"end":{"line":147,"column":74}},"type":"cond-expr","locations":[{"start":{"line":147,"column":43},"end":{"line":147,"column":59}},{"start":{"line":147,"column":59},"end":{"line":147,"column":74}}],"line":147}},"s":{"0":0,"1":0,"2":0,"3":0,"4":0,"5":0,"6":0,"7":0,"8":0,"9":0,"10":0,"11":0,"12":0,"13":0,"14":0,"15":0,"16":0,"17":0,"18":0,"19":0,"20":0,"21":0,"22":0,"23":0,"24":0,"25":0,"26":0,"27":0,"28":0,"29":0,"30":0,"31":0,"32":0},"f":{"0":0,"1":0,"2":0,"3":0,"4":0,"5":0,"6":0,"7":0},"b":{"0":[0,0],"1":[0,0,0],"2":[0,0],"3":[0,0]},"meta":{"lastBranch":4,"lastFunction":8,"lastStatement":33,"seen":{"s:15:6:18:Infinity":0,"b:17:9:17:34:17:34:17:Infinity":0,"s:60:35:60:Infinity":1,"f:62:2:62:14":0,"s:63:4:66:Infinity":2,"s:68:4:75:Infinity":3,"f:89:8:89:16":1,"s:90:22:90:Infinity":4,"s:91:4:91:Infinity":5,"s:93:4:100:Infinity":6,"s:102:25:102:Infinity":7,"s:103:29:103:Infinity":8,"s:105:4:155:Infinity":9,"b:107:8:109:Infinity:110:8:112:Infinity:113:8:115:Infinity":1,"s:106:6:116:Infinity":10,"s:108:10:108:Infinity":11,"s:109:10:109:Infinity":12,"s:111:10:111:Infinity":13,"s:112:10:112:Infinity":14,"s:114:10:114:Infinity":15,"s:115:10:115:Infinity":16,"s:118:23:118:Infinity":17,"s:120:6:128:Infinity":18,"s:130:6:134:Infinity":19,"s:136:23:136:Infinity":20,"s:138:6:145:Infinity":21,"b:142:42:142:58:142:58:142:Infinity":2,"s:147:6:147:Infinity":22,"b:147:43:147:59:147:59:147:74":3,"s:149:6:154:Infinity":23,"f:162:16:162:Infinity":2,"s:166:4:166:Infinity":24,"s:170:4:170:Infinity":25,"f:177:16:177:Infinity":3,"s:181:4:181:Infinity":26,"s:184:4:184:Infinity":27,"f:191:16:191:Infinity":4,"s:195:4:195:Infinity":28,"s:198:4:198:Infinity":29,"f:204:2:204:Infinity":5,"s:210:4:215:Infinity":30,"f:229:16:229:41":6,"s:230:2:236:Infinity":31,"f:248:16:248:35":7,"s:249:2:255:Infinity":32}}}
,"C:\\taly\\intelliFlow-CRM\\apps\\ai-worker\\src\\agents\\qualification.agent.ts": {"path":"C:\\taly\\intelliFlow-CRM\\apps\\ai-worker\\src\\agents\\qualification.agent.ts","statementMap":{"0":{"start":{"line":6,"column":6},"end":{"line":9,"column":null}},"1":{"start":{"line":14,"column":40},"end":{"line":33,"column":null}},"2":{"start":{"line":40,"column":41},"end":{"line":56,"column":null}},"3":{"start":{"line":69,"column":4},"end":{"line":81,"column":null}},"4":{"start":{"line":83,"column":4},"end":{"line":83,"column":null}},"5":{"start":{"line":92,"column":17},"end":{"line":92,"column":null}},"6":{"start":{"line":94,"column":4},"end":{"line":101,"column":null}},"7":{"start":{"line":104,"column":19},"end":{"line":104,"column":null}},"8":{"start":{"line":107,"column":25},"end":{"line":107,"column":null}},"9":{"start":{"line":110,"column":21},"end":{"line":110,"column":null}},"10":{"start":{"line":112,"column":21},"end":{"line":112,"column":null}},"11":{"start":{"line":115,"column":4},"end":{"line":157,"column":null}},"12":{"start":{"line":116,"column":22},"end":{"line":116,"column":null}},"13":{"start":{"line":118,"column":6},"end":{"line":126,"column":null}},"14":{"start":{"line":128,"column":6},"end":{"line":128,"column":null}},"15":{"start":{"line":130,"column":6},"end":{"line":137,"column":null}},"16":{"start":{"line":140,"column":6},"end":{"line":156,"column":null}},"17":{"start":{"line":166,"column":28},"end":{"line":166,"column":null}},"18":{"start":{"line":167,"column":4},"end":{"line":167,"column":null}},"19":{"start":{"line":167,"column":30},"end":{"line":167,"column":null}},"20":{"start":{"line":168,"column":4},"end":{"line":168,"column":null}},"21":{"start":{"line":168,"column":26},"end":{"line":168,"column":null}},"22":{"start":{"line":169,"column":4},"end":{"line":169,"column":null}},"23":{"start":{"line":169,"column":29},"end":{"line":169,"column":null}},"24":{"start":{"line":170,"column":4},"end":{"line":170,"column":null}},"25":{"start":{"line":170,"column":30},"end":{"line":170,"column":null}},"26":{"start":{"line":171,"column":4},"end":{"line":171,"column":null}},"27":{"start":{"line":178,"column":28},"end":{"line":178,"column":null}},"28":{"start":{"line":179,"column":4},"end":{"line":181,"column":null}},"29":{"start":{"line":180,"column":6},"end":{"line":180,"column":null}},"30":{"start":{"line":182,"column":4},"end":{"line":182,"column":null}},"31":{"start":{"line":189,"column":31},"end":{"line":189,"column":null}},"32":{"start":{"line":192,"column":4},"end":{"line":197,"column":null}},"33":{"start":{"line":200,"column":4},"end":{"line":203,"column":null}},"34":{"start":{"line":201,"column":19},"end":{"line":201,"column":null}},"35":{"start":{"line":202,"column":6},"end":{"line":202,"column":null}},"36":{"start":{"line":204,"column":4},"end":{"line":204,"column":null}},"37":{"start":{"line":204,"column":22},"end":{"line":204,"column":null}},"38":{"start":{"line":205,"column":4},"end":{"line":205,"column":null}},"39":{"start":{"line":205,"column":20},"end":{"line":205,"column":null}},"40":{"start":{"line":206,"column":4},"end":{"line":206,"column":null}},"41":{"start":{"line":207,"column":4},"end":{"line":207,"column":null}},"42":{"start":{"line":207,"column":34},"end":{"line":207,"column":null}},"43":{"start":{"line":208,"column":4},"end":{"line":208,"column":null}},"44":{"start":{"line":208,"column":20},"end":{"line":208,"column":null}},"45":{"start":{"line":211,"column":4},"end":{"line":213,"column":null}},"46":{"start":{"line":212,"column":6},"end":{"line":212,"column":null}},"47":{"start":{"line":216,"column":4},"end":{"line":218,"column":null}},"48":{"start":{"line":217,"column":6},"end":{"line":217,"column":null}},"49":{"start":{"line":221,"column":4},"end":{"line":247,"column":null}},"50":{"start":{"line":249,"column":4},"end":{"line":249,"column":null}},"51":{"start":{"line":261,"column":17},"end":{"line":261,"column":null}},"52":{"start":{"line":263,"column":27},"end":{"line":263,"column":null}},"53":{"start":{"line":264,"column":19},"end":{"line":271,"column":null}},"54":{"start":{"line":272,"column":4},"end":{"line":272,"column":null}},"55":{"start":{"line":276,"column":4},"end":{"line":278,"column":null}},"56":{"start":{"line":277,"column":6},"end":{"line":277,"column":null}},"57":{"start":{"line":280,"column":4},"end":{"line":280,"column":null}},"58":{"start":{"line":294,"column":2},"end":{"line":300,"column":null}},"59":{"start":{"line":306,"column":34},"end":{"line":306,"column":null}}},"fnMap":{"0":{"name":"(anonymous_0)","decl":{"start":{"line":68,"column":2},"end":{"line":68,"column":14}},"loc":{"start":{"line":68,"column":49},"end":{"line":84,"column":null}},"line":68},"1":{"name":"(anonymous_1)","decl":{"start":{"line":89,"column":18},"end":{"line":89,"column":null}},"loc":{"start":{"line":91,"column":34},"end":{"line":158,"column":null}},"line":91},"2":{"name":"(anonymous_2)","decl":{"start":{"line":163,"column":10},"end":{"line":163,"column":null}},"loc":{"start":{"line":165,"column":14},"end":{"line":172,"column":null}},"line":165},"3":{"name":"(anonymous_3)","decl":{"start":{"line":177,"column":10},"end":{"line":177,"column":33}},"loc":{"start":{"line":177,"column":65},"end":{"line":183,"column":null}},"line":177},"4":{"name":"(anonymous_4)","decl":{"start":{"line":188,"column":10},"end":{"line":188,"column":35}},"loc":{"start":{"line":188,"column":69},"end":{"line":250,"column":null}},"line":188},"5":{"name":"(anonymous_5)","decl":{"start":{"line":255,"column":18},"end":{"line":255,"column":null}},"loc":{"start":{"line":258,"column":21},"end":{"line":281,"column":null}},"line":258},"6":{"name":"createQualificationTask","decl":{"start":{"line":287,"column":16},"end":{"line":287,"column":null}},"loc":{"start":{"line":293,"column":54},"end":{"line":301,"column":null}},"line":293}},"branchMap":{"0":{"loc":{"start":{"line":8,"column":9},"end":{"line":8,"column":null}},"type":"binary-expr","locations":[{"start":{"line":8,"column":9},"end":{"line":8,"column":34}},{"start":{"line":8,"column":34},"end":{"line":8,"column":null}}],"line":8},"1":{"loc":{"start":{"line":133,"column":17},"end":{"line":133,"column":null}},"type":"cond-expr","locations":[{"start":{"line":133,"column":47},"end":{"line":133,"column":68}},{"start":{"line":133,"column":68},"end":{"line":133,"column":null}}],"line":133},"2":{"loc":{"start":{"line":167,"column":4},"end":{"line":167,"column":null}},"type":"if","locations":[{"start":{"line":167,"column":4},"end":{"line":167,"column":null}},{"start":{},"end":{}}],"line":167},"3":{"loc":{"start":{"line":168,"column":4},"end":{"line":168,"column":null}},"type":"if","locations":[{"start":{"line":168,"column":4},"end":{"line":168,"column":null}},{"start":{},"end":{}}],"line":168},"4":{"loc":{"start":{"line":169,"column":4},"end":{"line":169,"column":null}},"type":"if","locations":[{"start":{"line":169,"column":4},"end":{"line":169,"column":null}},{"start":{},"end":{}}],"line":169},"5":{"loc":{"start":{"line":170,"column":4},"end":{"line":170,"column":null}},"type":"if","locations":[{"start":{"line":170,"column":4},"end":{"line":170,"column":null}},{"start":{},"end":{}}],"line":170},"6":{"loc":{"start":{"line":200,"column":4},"end":{"line":203,"column":null}},"type":"if","locations":[{"start":{"line":200,"column":4},"end":{"line":203,"column":null}},{"start":{},"end":{}}],"line":200},"7":{"loc":{"start":{"line":200,"column":8},"end":{"line":200,"column":41}},"type":"binary-expr","locations":[{"start":{"line":200,"column":8},"end":{"line":200,"column":26}},{"start":{"line":200,"column":26},"end":{"line":200,"column":41}}],"line":200},"8":{"loc":{"start":{"line":204,"column":4},"end":{"line":204,"column":null}},"type":"if","locations":[{"start":{"line":204,"column":4},"end":{"line":204,"column":null}},{"start":{},"end":{}}],"line":204},"9":{"loc":{"start":{"line":205,"column":4},"end":{"line":205,"column":null}},"type":"if","locations":[{"start":{"line":205,"column":4},"end":{"line":205,"column":null}},{"start":{},"end":{}}],"line":205},"10":{"loc":{"start":{"line":207,"column":4},"end":{"line":207,"column":null}},"type":"if","locations":[{"start":{"line":207,"column":4},"end":{"line":207,"column":null}},{"start":{},"end":{}}],"line":207},"11":{"loc":{"start":{"line":208,"column":4},"end":{"line":208,"column":null}},"type":"if","locations":[{"start":{"line":208,"column":4},"end":{"line":208,"column":null}},{"start":{},"end":{}}],"line":208},"12":{"loc":{"start":{"line":211,"column":4},"end":{"line":213,"column":null}},"type":"if","locations":[{"start":{"line":211,"column":4},"end":{"line":213,"column":null}},{"start":{},"end":{}}],"line":211},"13":{"loc":{"start":{"line":216,"column":4},"end":{"line":218,"column":null}},"type":"if","locations":[{"start":{"line":216,"column":4},"end":{"line":218,"column":null}},{"start":{},"end":{}}],"line":216},"14":{"loc":{"start":{"line":216,"column":8},"end":{"line":216,"column":67}},"type":"binary-expr","locations":[{"start":{"line":216,"column":8},"end":{"line":216,"column":33}},{"start":{"line":216,"column":33},"end":{"line":216,"column":67}}],"line":216},"15":{"loc":{"start":{"line":276,"column":4},"end":{"line":278,"column":null}},"type":"if","locations":[{"start":{"line":276,"column":4},"end":{"line":278,"column":null}},{"start":{},"end":{}}],"line":276},"16":{"loc":{"start":{"line":276,"column":8},"end":{"line":276,"column":59}},"type":"binary-expr","locations":[{"start":{"line":276,"column":8},"end":{"line":276,"column":34}},{"start":{"line":276,"column":34},"end":{"line":276,"column":59}}],"line":276}},"s":{"0":0,"1":0,"2":0,"3":0,"4":0,"5":0,"6":0,"7":0,"8":0,"9":0,"10":0,"11":0,"12":0,"13":0,"14":0,"15":0,"16":0,"17":0,"18":0,"19":0,"20":0,"21":0,"22":0,"23":0,"24":0,"25":0,"26":0,"27":0,"28":0,"29":0,"30":0,"31":0,"32":0,"33":0,"34":0,"35":0,"36":0,"37":0,"38":0,"39":0,"40":0,"41":0,"42":0,"43":0,"44":0,"45":0,"46":0,"47":0,"48":0,"49":0,"50":0,"51":0,"52":0,"53":0,"54":0,"55":0,"56":0,"57":0,"58":0,"59":0},"f":{"0":0,"1":0,"2":0,"3":0,"4":0,"5":0,"6":0},"b":{"0":[0,0],"1":[0,0],"2":[0,0],"3":[0,0],"4":[0,0],"5":[0,0],"6":[0,0],"7":[0,0],"8":[0,0],"9":[0,0],"10":[0,0],"11":[0,0],"12":[0,0],"13":[0,0],"14":[0,0],"15":[0,0],"16":[0,0]},"meta":{"lastBranch":17,"lastFunction":7,"lastStatement":60,"seen":{"s:6:6:9:Infinity":0,"b:8:9:8:34:8:34:8:Infinity":0,"s:14:40:33:Infinity":1,"s:40:41:56:Infinity":2,"f:68:2:68:14":0,"s:69:4:81:Infinity":3,"s:83:4:83:Infinity":4,"f:89:18:89:Infinity":1,"s:92:17:92:Infinity":5,"s:94:4:101:Infinity":6,"s:104:19:104:Infinity":7,"s:107:25:107:Infinity":8,"s:110:21:110:Infinity":9,"s:112:21:112:Infinity":10,"s:115:4:157:Infinity":11,"s:116:22:116:Infinity":12,"s:118:6:126:Infinity":13,"s:128:6:128:Infinity":14,"s:130:6:137:Infinity":15,"b:133:47:133:68:133:68:133:Infinity":1,"s:140:6:156:Infinity":16,"f:163:10:163:Infinity":2,"s:166:28:166:Infinity":17,"b:167:4:167:Infinity:undefined:undefined:undefined:undefined":2,"s:167:4:167:Infinity":18,"s:167:30:167:Infinity":19,"b:168:4:168:Infinity:undefined:undefined:undefined:undefined":3,"s:168:4:168:Infinity":20,"s:168:26:168:Infinity":21,"b:169:4:169:Infinity:undefined:undefined:undefined:undefined":4,"s:169:4:169:Infinity":22,"s:169:29:169:Infinity":23,"b:170:4:170:Infinity:undefined:undefined:undefined:undefined":5,"s:170:4:170:Infinity":24,"s:170:30:170:Infinity":25,"s:171:4:171:Infinity":26,"f:177:10:177:33":3,"s:178:28:178:Infinity":27,"s:179:4:181:Infinity":28,"s:180:6:180:Infinity":29,"s:182:4:182:Infinity":30,"f:188:10:188:35":4,"s:189:31:189:Infinity":31,"s:192:4:197:Infinity":32,"b:200:4:203:Infinity:undefined:undefined:undefined:undefined":6,"s:200:4:203:Infinity":33,"b:200:8:200:26:200:26:200:41":7,"s:201:19:201:Infinity":34,"s:202:6:202:Infinity":35,"b:204:4:204:Infinity:undefined:undefined:undefined:undefined":8,"s:204:4:204:Infinity":36,"s:204:22:204:Infinity":37,"b:205:4:205:Infinity:undefined:undefined:undefined:undefined":9,"s:205:4:205:Infinity":38,"s:205:20:205:Infinity":39,"s:206:4:206:Infinity":40,"b:207:4:207:Infinity:undefined:undefined:undefined:undefined":10,"s:207:4:207:Infinity":41,"s:207:34:207:Infinity":42,"b:208:4:208:Infinity:undefined:undefined:undefined:undefined":11,"s:208:4:208:Infinity":43,"s:208:20:208:Infinity":44,"b:211:4:213:Infinity:undefined:undefined:undefined:undefined":12,"s:211:4:213:Infinity":45,"s:212:6:212:Infinity":46,"b:216:4:218:Infinity:undefined:undefined:undefined:undefined":13,"s:216:4:218:Infinity":47,"b:216:8:216:33:216:33:216:67":14,"s:217:6:217:Infinity":48,"s:221:4:247:Infinity":49,"s:249:4:249:Infinity":50,"f:255:18:255:Infinity":5,"s:261:17:261:Infinity":51,"s:263:27:263:Infinity":52,"s:264:19:271:Infinity":53,"s:272:4:272:Infinity":54,"b:276:4:278:Infinity:undefined:undefined:undefined:undefined":15,"s:276:4:278:Infinity":55,"b:276:8:276:34:276:34:276:59":16,"s:277:6:277:Infinity":56,"s:280:4:280:Infinity":57,"f:287:16:287:Infinity":6,"s:294:2:300:Infinity":58,"s:306:34:306:Infinity":59}}}
,"C:\\taly\\intelliFlow-CRM\\apps\\ai-worker\\src\\chains\\embedding.chain.ts": {"path":"C:\\taly\\intelliFlow-CRM\\apps\\ai-worker\\src\\chains\\embedding.chain.ts","statementMap":{"0":{"start":{"line":6,"column":6},"end":{"line":9,"column":null}},"1":{"start":{"line":14,"column":36},"end":{"line":17,"column":null}},"2":{"start":{"line":24,"column":37},"end":{"line":30,"column":null}},"3":{"start":{"line":56,"column":4},"end":{"line":56,"column":null}},"4":{"start":{"line":57,"column":4},"end":{"line":57,"column":null}},"5":{"start":{"line":59,"column":4},"end":{"line":64,"column":null}},"6":{"start":{"line":66,"column":4},"end":{"line":72,"column":null}},"7":{"start":{"line":79,"column":22},"end":{"line":79,"column":null}},"8":{"start":{"line":81,"column":4},"end":{"line":122,"column":null}},"9":{"start":{"line":82,"column":6},"end":{"line":82,"column":null}},"10":{"start":{"line":85,"column":6},"end":{"line":85,"column":null}},"11":{"start":{"line":88,"column":21},"end":{"line":88,"column":null}},"12":{"start":{"line":90,"column":38},"end":{"line":96,"column":null}},"13":{"start":{"line":98,"column":23},"end":{"line":98,"column":null}},"14":{"start":{"line":100,"column":6},"end":{"line":107,"column":null}},"15":{"start":{"line":109,"column":6},"end":{"line":109,"column":null}},"16":{"start":{"line":111,"column":6},"end":{"line":117,"column":null}},"17":{"start":{"line":119,"column":6},"end":{"line":121,"column":null}},"18":{"start":{"line":130,"column":22},"end":{"line":130,"column":null}},"19":{"start":{"line":132,"column":4},"end":{"line":181,"column":null}},"20":{"start":{"line":133,"column":6},"end":{"line":133,"column":null}},"21":{"start":{"line":136,"column":6},"end":{"line":136,"column":null}},"22":{"start":{"line":136,"column":32},"end":{"line":136,"column":65}},"23":{"start":{"line":139,"column":20},"end":{"line":139,"column":null}},"24":{"start":{"line":139,"column":42},"end":{"line":139,"column":52}},"25":{"start":{"line":142,"column":22},"end":{"line":142,"column":null}},"26":{"start":{"line":145,"column":44},"end":{"line":151,"column":null}},"27":{"start":{"line":145,"column":74},"end":{"line":151,"column":8}},"28":{"start":{"line":153,"column":23},"end":{"line":153,"column":null}},"29":{"start":{"line":155,"column":6},"end":{"line":162,"column":null}},"30":{"start":{"line":164,"column":6},"end":{"line":168,"column":null}},"31":{"start":{"line":170,"column":6},"end":{"line":176,"column":null}},"32":{"start":{"line":178,"column":6},"end":{"line":180,"column":null}},"33":{"start":{"line":194,"column":69},"end":{"line":194,"column":null}},"34":{"start":{"line":196,"column":4},"end":{"line":203,"column":null}},"35":{"start":{"line":206,"column":19},"end":{"line":206,"column":null}},"36":{"start":{"line":208,"column":4},"end":{"line":208,"column":null}},"37":{"start":{"line":211,"column":37},"end":{"line":218,"column":null}},"38":{"start":{"line":211,"column":67},"end":{"line":218,"column":6}},"39":{"start":{"line":220,"column":24},"end":{"line":220,"column":null}},"40":{"start":{"line":222,"column":4},"end":{"line":222,"column":null}},"41":{"start":{"line":231,"column":4},"end":{"line":233,"column":null}},"42":{"start":{"line":232,"column":6},"end":{"line":232,"column":null}},"43":{"start":{"line":235,"column":21},"end":{"line":235,"column":null}},"44":{"start":{"line":236,"column":21},"end":{"line":236,"column":null}},"45":{"start":{"line":237,"column":21},"end":{"line":237,"column":null}},"46":{"start":{"line":239,"column":4},"end":{"line":243,"column":null}},"47":{"start":{"line":239,"column":17},"end":{"line":239,"column":20}},"48":{"start":{"line":240,"column":6},"end":{"line":240,"column":null}},"49":{"start":{"line":241,"column":6},"end":{"line":241,"column":null}},"50":{"start":{"line":242,"column":6},"end":{"line":242,"column":null}},"51":{"start":{"line":245,"column":4},"end":{"line":245,"column":null}},"52":{"start":{"line":246,"column":4},"end":{"line":246,"column":null}},"53":{"start":{"line":248,"column":4},"end":{"line":250,"column":null}},"54":{"start":{"line":249,"column":6},"end":{"line":249,"column":null}},"55":{"start":{"line":252,"column":4},"end":{"line":252,"column":null}},"56":{"start":{"line":270,"column":43},"end":{"line":270,"column":null}},"57":{"start":{"line":272,"column":4},"end":{"line":278,"column":null}},"58":{"start":{"line":281,"column":27},"end":{"line":281,"column":null}},"59":{"start":{"line":284,"column":26},"end":{"line":286,"column":null}},"60":{"start":{"line":285,"column":30},"end":{"line":285,"column":73}},"61":{"start":{"line":289,"column":25},"end":{"line":293,"column":null}},"62":{"start":{"line":289,"column":74},"end":{"line":293,"column":6}},"63":{"start":{"line":296,"column":23},"end":{"line":296,"column":null}},"64":{"start":{"line":296,"column":51},"end":{"line":296,"column":78}},"65":{"start":{"line":298,"column":4},"end":{"line":305,"column":null}},"66":{"start":{"line":307,"column":4},"end":{"line":307,"column":null}},"67":{"start":{"line":315,"column":29},"end":{"line":315,"column":null}},"68":{"start":{"line":316,"column":16},"end":{"line":316,"column":null}},"69":{"start":{"line":318,"column":4},"end":{"line":324,"column":null}},"70":{"start":{"line":319,"column":18},"end":{"line":319,"column":null}},"71":{"start":{"line":320,"column":6},"end":{"line":320,"column":null}},"72":{"start":{"line":321,"column":6},"end":{"line":321,"column":null}},"73":{"start":{"line":323,"column":6},"end":{"line":323,"column":null}},"74":{"start":{"line":323,"column":32},"end":{"line":323,"column":null}},"75":{"start":{"line":326,"column":4},"end":{"line":326,"column":null}},"76":{"start":{"line":336,"column":4},"end":{"line":339,"column":null}},"77":{"start":{"line":347,"column":4},"end":{"line":347,"column":null}},"78":{"start":{"line":355,"column":20},"end":{"line":355,"column":null}},"79":{"start":{"line":356,"column":4},"end":{"line":356,"column":null}},"80":{"start":{"line":356,"column":43},"end":{"line":356,"column":65}},"81":{"start":{"line":363,"column":30},"end":{"line":363,"column":null}}},"fnMap":{"0":{"name":"(anonymous_0)","decl":{"start":{"line":53,"column":2},"end":{"line":53,"column":16}},"loc":{"start":{"line":53,"column":16},"end":{"line":73,"column":null}},"line":53},"1":{"name":"(anonymous_1)","decl":{"start":{"line":78,"column":8},"end":{"line":78,"column":26}},"loc":{"start":{"line":78,"column":75},"end":{"line":123,"column":null}},"line":78},"2":{"name":"(anonymous_2)","decl":{"start":{"line":129,"column":8},"end":{"line":129,"column":32}},"loc":{"start":{"line":129,"column":89},"end":{"line":182,"column":null}},"line":129},"3":{"name":"(anonymous_3)","decl":{"start":{"line":136,"column":21},"end":{"line":136,"column":22}},"loc":{"start":{"line":136,"column":32},"end":{"line":136,"column":65}},"line":136},"4":{"name":"(anonymous_4)","decl":{"start":{"line":139,"column":31},"end":{"line":139,"column":32}},"loc":{"start":{"line":139,"column":42},"end":{"line":139,"column":52}},"line":139},"5":{"name":"(anonymous_5)","decl":{"start":{"line":145,"column":55},"end":{"line":145,"column":56}},"loc":{"start":{"line":145,"column":74},"end":{"line":151,"column":8}},"line":145},"6":{"name":"(anonymous_6)","decl":{"start":{"line":188,"column":8},"end":{"line":188,"column":22}},"loc":{"start":{"line":193,"column":33},"end":{"line":223,"column":null}},"line":193},"7":{"name":"(anonymous_7)","decl":{"start":{"line":211,"column":48},"end":{"line":211,"column":49}},"loc":{"start":{"line":211,"column":67},"end":{"line":218,"column":6}},"line":211},"8":{"name":"(anonymous_8)","decl":{"start":{"line":230,"column":2},"end":{"line":230,"column":22}},"loc":{"start":{"line":230,"column":68},"end":{"line":253,"column":null}},"line":230},"9":{"name":"(anonymous_9)","decl":{"start":{"line":259,"column":8},"end":{"line":259,"column":24}},"loc":{"start":{"line":269,"column":4},"end":{"line":308,"column":null}},"line":269},"10":{"name":"(anonymous_10)","decl":{"start":{"line":285,"column":20},"end":{"line":285,"column":21}},"loc":{"start":{"line":285,"column":30},"end":{"line":285,"column":73}},"line":285},"11":{"name":"(anonymous_11)","decl":{"start":{"line":289,"column":54},"end":{"line":289,"column":55}},"loc":{"start":{"line":289,"column":74},"end":{"line":293,"column":6}},"line":289},"12":{"name":"(anonymous_12)","decl":{"start":{"line":296,"column":41},"end":{"line":296,"column":42}},"loc":{"start":{"line":296,"column":51},"end":{"line":296,"column":78}},"line":296},"13":{"name":"(anonymous_13)","decl":{"start":{"line":314,"column":10},"end":{"line":314,"column":20}},"loc":{"start":{"line":314,"column":80},"end":{"line":327,"column":null}},"line":314},"14":{"name":"(anonymous_14)","decl":{"start":{"line":332,"column":2},"end":{"line":332,"column":null}},"loc":{"start":{"line":335,"column":4},"end":{"line":340,"column":null}},"line":335},"15":{"name":"(anonymous_15)","decl":{"start":{"line":346,"column":2},"end":{"line":346,"column":20}},"loc":{"start":{"line":346,"column":46},"end":{"line":348,"column":null}},"line":346},"16":{"name":"(anonymous_16)","decl":{"start":{"line":353,"column":2},"end":{"line":353,"column":20}},"loc":{"start":{"line":353,"column":54},"end":{"line":357,"column":null}},"line":353},"17":{"name":"(anonymous_17)","decl":{"start":{"line":356,"column":34},"end":{"line":356,"column":35}},"loc":{"start":{"line":356,"column":43},"end":{"line":356,"column":65}},"line":356}},"branchMap":{"0":{"loc":{"start":{"line":8,"column":9},"end":{"line":8,"column":null}},"type":"binary-expr","locations":[{"start":{"line":8,"column":9},"end":{"line":8,"column":34}},{"start":{"line":8,"column":34},"end":{"line":8,"column":null}}],"line":8},"1":{"loc":{"start":{"line":56,"column":21},"end":{"line":56,"column":null}},"type":"binary-expr","locations":[{"start":{"line":56,"column":21},"end":{"line":56,"column":52}},{"start":{"line":56,"column":52},"end":{"line":56,"column":null}}],"line":56},"2":{"loc":{"start":{"line":57,"column":31},"end":{"line":57,"column":75}},"type":"binary-expr","locations":[{"start":{"line":57,"column":31},"end":{"line":57,"column":67}},{"start":{"line":57,"column":67},"end":{"line":57,"column":75}}],"line":57},"3":{"loc":{"start":{"line":114,"column":17},"end":{"line":114,"column":null}},"type":"cond-expr","locations":[{"start":{"line":114,"column":42},"end":{"line":114,"column":58}},{"start":{"line":114,"column":58},"end":{"line":114,"column":null}}],"line":114},"4":{"loc":{"start":{"line":120,"column":41},"end":{"line":120,"column":97}},"type":"cond-expr","locations":[{"start":{"line":120,"column":66},"end":{"line":120,"column":82}},{"start":{"line":120,"column":82},"end":{"line":120,"column":97}}],"line":120},"5":{"loc":{"start":{"line":173,"column":17},"end":{"line":173,"column":null}},"type":"cond-expr","locations":[{"start":{"line":173,"column":42},"end":{"line":173,"column":58}},{"start":{"line":173,"column":58},"end":{"line":173,"column":null}}],"line":173},"6":{"loc":{"start":{"line":179,"column":48},"end":{"line":179,"column":104}},"type":"cond-expr","locations":[{"start":{"line":179,"column":73},"end":{"line":179,"column":89}},{"start":{"line":179,"column":89},"end":{"line":179,"column":104}}],"line":179},"7":{"loc":{"start":{"line":194,"column":18},"end":{"line":194,"column":36}},"type":"default-arg","locations":[{"start":{"line":194,"column":30},"end":{"line":194,"column":36}}],"line":194},"8":{"loc":{"start":{"line":194,"column":36},"end":{"line":194,"column":56}},"type":"default-arg","locations":[{"start":{"line":194,"column":51},"end":{"line":194,"column":56}}],"line":194},"9":{"loc":{"start":{"line":231,"column":4},"end":{"line":233,"column":null}},"type":"if","locations":[{"start":{"line":231,"column":4},"end":{"line":233,"column":null}},{"start":{},"end":{}}],"line":231},"10":{"loc":{"start":{"line":248,"column":4},"end":{"line":250,"column":null}},"type":"if","locations":[{"start":{"line":248,"column":4},"end":{"line":250,"column":null}},{"start":{},"end":{}}],"line":248},"11":{"loc":{"start":{"line":248,"column":8},"end":{"line":248,"column":46}},"type":"binary-expr","locations":[{"start":{"line":248,"column":8},"end":{"line":248,"column":28}},{"start":{"line":248,"column":28},"end":{"line":248,"column":46}}],"line":248},"12":{"loc":{"start":{"line":270,"column":30},"end":{"line":270,"column":39}},"type":"default-arg","locations":[{"start":{"line":270,"column":37},"end":{"line":270,"column":39}}],"line":270},"13":{"loc":{"start":{"line":323,"column":6},"end":{"line":323,"column":null}},"type":"if","locations":[{"start":{"line":323,"column":6},"end":{"line":323,"column":null}},{"start":{},"end":{}}],"line":323}},"s":{"0":1,"1":1,"2":1,"3":22,"4":22,"5":22,"6":22,"7":0,"8":0,"9":0,"10":0,"11":0,"12":0,"13":0,"14":0,"15":0,"16":0,"17":0,"18":0,"19":0,"20":0,"21":0,"22":0,"23":0,"24":0,"25":0,"26":0,"27":0,"28":0,"29":0,"30":0,"31":0,"32":0,"33":0,"34":0,"35":0,"36":0,"37":0,"38":0,"39":0,"40":0,"41":5,"42":1,"43":4,"44":4,"45":4,"46":4,"47":4,"48":12,"49":12,"50":12,"51":4,"52":4,"53":4,"54":0,"55":4,"56":0,"57":0,"58":0,"59":0,"60":0,"61":0,"62":0,"63":0,"64":0,"65":0,"66":0,"67":3,"68":3,"69":3,"70":10,"71":10,"72":10,"73":10,"74":3,"75":3,"76":1,"77":5,"78":5,"79":5,"80":19,"81":1},"f":{"0":22,"1":0,"2":0,"3":0,"4":0,"5":0,"6":0,"7":0,"8":5,"9":0,"10":0,"11":0,"12":0,"13":3,"14":1,"15":5,"16":5,"17":19},"b":{"0":[1,1],"1":[22,1],"2":[22,1],"3":[0,0],"4":[0,0],"5":[0,0],"6":[0,0],"7":[0],"8":[0],"9":[1,4],"10":[0,4],"11":[4,4],"12":[0],"13":[3,7]},"meta":{"lastBranch":14,"lastFunction":18,"lastStatement":82,"seen":{"s:6:6:9:Infinity":0,"b:8:9:8:34:8:34:8:Infinity":0,"s:14:36:17:Infinity":1,"s:24:37:30:Infinity":2,"f:53:2:53:16":0,"s:56:4:56:Infinity":3,"b:56:21:56:52:56:52:56:Infinity":1,"s:57:4:57:Infinity":4,"b:57:31:57:67:57:67:57:75":2,"s:59:4:64:Infinity":5,"s:66:4:72:Infinity":6,"f:78:8:78:26":1,"s:79:22:79:Infinity":7,"s:81:4:122:Infinity":8,"s:82:6:82:Infinity":9,"s:85:6:85:Infinity":10,"s:88:21:88:Infinity":11,"s:90:38:96:Infinity":12,"s:98:23:98:Infinity":13,"s:100:6:107:Infinity":14,"s:109:6:109:Infinity":15,"s:111:6:117:Infinity":16,"b:114:42:114:58:114:58:114:Infinity":3,"s:119:6:121:Infinity":17,"b:120:66:120:82:120:82:120:97":4,"f:129:8:129:32":2,"s:130:22:130:Infinity":18,"s:132:4:181:Infinity":19,"s:133:6:133:Infinity":20,"s:136:6:136:Infinity":21,"f:136:21:136:22":3,"s:136:32:136:65":22,"s:139:20:139:Infinity":23,"f:139:31:139:32":4,"s:139:42:139:52":24,"s:142:22:142:Infinity":25,"s:145:44:151:Infinity":26,"f:145:55:145:56":5,"s:145:74:151:8":27,"s:153:23:153:Infinity":28,"s:155:6:162:Infinity":29,"s:164:6:168:Infinity":30,"s:170:6:176:Infinity":31,"b:173:42:173:58:173:58:173:Infinity":5,"s:178:6:180:Infinity":32,"b:179:73:179:89:179:89:179:104":6,"f:188:8:188:22":6,"s:194:69:194:Infinity":33,"b:194:30:194:36":7,"b:194:51:194:56":8,"s:196:4:203:Infinity":34,"s:206:19:206:Infinity":35,"s:208:4:208:Infinity":36,"s:211:37:218:Infinity":37,"f:211:48:211:49":7,"s:211:67:218:6":38,"s:220:24:220:Infinity":39,"s:222:4:222:Infinity":40,"f:230:2:230:22":8,"b:231:4:233:Infinity:undefined:undefined:undefined:undefined":9,"s:231:4:233:Infinity":41,"s:232:6:232:Infinity":42,"s:235:21:235:Infinity":43,"s:236:21:236:Infinity":44,"s:237:21:237:Infinity":45,"s:239:4:243:Infinity":46,"s:239:17:239:20":47,"s:240:6:240:Infinity":48,"s:241:6:241:Infinity":49,"s:242:6:242:Infinity":50,"s:245:4:245:Infinity":51,"s:246:4:246:Infinity":52,"b:248:4:250:Infinity:undefined:undefined:undefined:undefined":10,"s:248:4:250:Infinity":53,"b:248:8:248:28:248:28:248:46":11,"s:249:6:249:Infinity":54,"s:252:4:252:Infinity":55,"f:259:8:259:24":9,"s:270:43:270:Infinity":56,"b:270:37:270:39":12,"s:272:4:278:Infinity":57,"s:281:27:281:Infinity":58,"s:284:26:286:Infinity":59,"f:285:20:285:21":10,"s:285:30:285:73":60,"s:289:25:293:Infinity":61,"f:289:54:289:55":11,"s:289:74:293:6":62,"s:296:23:296:Infinity":63,"f:296:41:296:42":12,"s:296:51:296:78":64,"s:298:4:305:Infinity":65,"s:307:4:307:Infinity":66,"f:314:10:314:20":13,"s:315:29:315:Infinity":67,"s:316:16:316:Infinity":68,"s:318:4:324:Infinity":69,"s:319:18:319:Infinity":70,"s:320:6:320:Infinity":71,"s:321:6:321:Infinity":72,"b:323:6:323:Infinity:undefined:undefined:undefined:undefined":13,"s:323:6:323:Infinity":73,"s:323:32:323:Infinity":74,"s:326:4:326:Infinity":75,"f:332:2:332:Infinity":14,"s:336:4:339:Infinity":76,"f:346:2:346:20":15,"s:347:4:347:Infinity":77,"f:353:2:353:20":16,"s:355:20:355:Infinity":78,"s:356:4:356:Infinity":79,"f:356:34:356:35":17,"s:356:43:356:65":80,"s:363:30:363:Infinity":81}}}
,"C:\\taly\\intelliFlow-CRM\\apps\\ai-worker\\src\\chains\\scoring.chain.ts": {"path":"C:\\taly\\intelliFlow-CRM\\apps\\ai-worker\\src\\chains\\scoring.chain.ts","statementMap":{"0":{"start":{"line":10,"column":6},"end":{"line":13,"column":null}},"1":{"start":{"line":18,"column":31},"end":{"line":27,"column":null}},"2":{"start":{"line":49,"column":4},"end":{"line":80,"column":null}},"3":{"start":{"line":50,"column":6},"end":{"line":74,"column":null}},"4":{"start":{"line":61,"column":32},"end":{"line":61,"column":null}},"5":{"start":{"line":62,"column":18},"end":{"line":69,"column":null}},"6":{"start":{"line":63,"column":20},"end":{"line":68,"column":null}},"7":{"start":{"line":79,"column":6},"end":{"line":79,"column":null}},"8":{"start":{"line":83,"column":4},"end":{"line":83,"column":null}},"9":{"start":{"line":86,"column":4},"end":{"line":121,"column":null}},"10":{"start":{"line":128,"column":22},"end":{"line":128,"column":null}},"11":{"start":{"line":130,"column":4},"end":{"line":191,"column":null}},"12":{"start":{"line":131,"column":6},"end":{"line":131,"column":null}},"13":{"start":{"line":134,"column":23},"end":{"line":134,"column":null}},"14":{"start":{"line":137,"column":30},"end":{"line":139,"column":null}},"15":{"start":{"line":142,"column":23},"end":{"line":142,"column":null}},"16":{"start":{"line":145,"column":22},"end":{"line":145,"column":null}},"17":{"start":{"line":151,"column":43},"end":{"line":154,"column":null}},"18":{"start":{"line":156,"column":23},"end":{"line":156,"column":null}},"19":{"start":{"line":158,"column":6},"end":{"line":166,"column":null}},"20":{"start":{"line":168,"column":6},"end":{"line":168,"column":null}},"21":{"start":{"line":170,"column":6},"end":{"line":176,"column":null}},"22":{"start":{"line":179,"column":6},"end":{"line":190,"column":null}},"23":{"start":{"line":198,"column":4},"end":{"line":198,"column":null}},"24":{"start":{"line":202,"column":37},"end":{"line":202,"column":null}},"25":{"start":{"line":204,"column":4},"end":{"line":213,"column":null}},"26":{"start":{"line":205,"column":21},"end":{"line":205,"column":null}},"27":{"start":{"line":206,"column":6},"end":{"line":206,"column":null}},"28":{"start":{"line":209,"column":6},"end":{"line":212,"column":null}},"29":{"start":{"line":210,"column":25},"end":{"line":210,"column":null}},"30":{"start":{"line":211,"column":8},"end":{"line":211,"column":null}},"31":{"start":{"line":211,"column":39},"end":{"line":211,"column":67}},"32":{"start":{"line":215,"column":4},"end":{"line":215,"column":null}},"33":{"start":{"line":222,"column":28},"end":{"line":222,"column":null}},"34":{"start":{"line":224,"column":4},"end":{"line":228,"column":null}},"35":{"start":{"line":225,"column":6},"end":{"line":225,"column":null}},"36":{"start":{"line":226,"column":21},"end":{"line":226,"column":null}},"37":{"start":{"line":227,"column":6},"end":{"line":227,"column":null}},"38":{"start":{"line":230,"column":4},"end":{"line":233,"column":null}},"39":{"start":{"line":231,"column":19},"end":{"line":231,"column":null}},"40":{"start":{"line":232,"column":6},"end":{"line":232,"column":null}},"41":{"start":{"line":235,"column":4},"end":{"line":237,"column":null}},"42":{"start":{"line":236,"column":6},"end":{"line":236,"column":null}},"43":{"start":{"line":239,"column":4},"end":{"line":241,"column":null}},"44":{"start":{"line":240,"column":6},"end":{"line":240,"column":null}},"45":{"start":{"line":243,"column":4},"end":{"line":245,"column":null}},"46":{"start":{"line":244,"column":6},"end":{"line":244,"column":null}},"47":{"start":{"line":247,"column":4},"end":{"line":247,"column":null}},"48":{"start":{"line":249,"column":4},"end":{"line":251,"column":null}},"49":{"start":{"line":250,"column":6},"end":{"line":250,"column":null}},"50":{"start":{"line":253,"column":4},"end":{"line":253,"column":null}},"51":{"start":{"line":263,"column":29},"end":{"line":263,"column":null}},"52":{"start":{"line":266,"column":4},"end":{"line":268,"column":null}},"53":{"start":{"line":267,"column":6},"end":{"line":267,"column":null}},"54":{"start":{"line":271,"column":4},"end":{"line":273,"column":null}},"55":{"start":{"line":272,"column":6},"end":{"line":272,"column":null}},"56":{"start":{"line":276,"column":36},"end":{"line":278,"column":null}},"57":{"start":{"line":277,"column":13},"end":{"line":277,"column":null}},"58":{"start":{"line":279,"column":4},"end":{"line":281,"column":null}},"59":{"start":{"line":280,"column":6},"end":{"line":280,"column":null}},"60":{"start":{"line":283,"column":4},"end":{"line":286,"column":null}},"61":{"start":{"line":293,"column":32},"end":{"line":293,"column":null}}},"fnMap":{"0":{"name":"(anonymous_0)","decl":{"start":{"line":47,"column":2},"end":{"line":47,"column":16}},"loc":{"start":{"line":47,"column":16},"end":{"line":122,"column":null}},"line":47},"1":{"name":"(anonymous_1)","decl":{"start":{"line":59,"column":30},"end":{"line":59,"column":37}},"loc":{"start":{"line":59,"column":48},"end":{"line":70,"column":null}},"line":59},"2":{"name":"(anonymous_2)","decl":{"start":{"line":127,"column":8},"end":{"line":127,"column":18}},"loc":{"start":{"line":127,"column":59},"end":{"line":192,"column":null}},"line":127},"3":{"name":"(anonymous_3)","decl":{"start":{"line":197,"column":8},"end":{"line":197,"column":19}},"loc":{"start":{"line":197,"column":65},"end":{"line":216,"column":null}},"line":197},"4":{"name":"(anonymous_4)","decl":{"start":{"line":211,"column":26},"end":{"line":211,"column":27}},"loc":{"start":{"line":211,"column":39},"end":{"line":211,"column":67}},"line":211},"5":{"name":"(anonymous_5)","decl":{"start":{"line":221,"column":10},"end":{"line":221,"column":25}},"loc":{"start":{"line":221,"column":50},"end":{"line":254,"column":null}},"line":221},"6":{"name":"(anonymous_6)","decl":{"start":{"line":259,"column":2},"end":{"line":259,"column":24}},"loc":{"start":{"line":262,"column":4},"end":{"line":287,"column":null}},"line":262},"7":{"name":"(anonymous_7)","decl":{"start":{"line":277,"column":6},"end":{"line":277,"column":7}},"loc":{"start":{"line":277,"column":13},"end":{"line":277,"column":null}},"line":277}},"branchMap":{"0":{"loc":{"start":{"line":12,"column":9},"end":{"line":12,"column":null}},"type":"binary-expr","locations":[{"start":{"line":12,"column":9},"end":{"line":12,"column":34}},{"start":{"line":12,"column":34},"end":{"line":12,"column":null}}],"line":12},"1":{"loc":{"start":{"line":49,"column":4},"end":{"line":80,"column":null}},"type":"if","locations":[{"start":{"line":49,"column":4},"end":{"line":80,"column":null}},{"start":{"line":75,"column":11},"end":{"line":80,"column":null}}],"line":49},"2":{"loc":{"start":{"line":56,"column":19},"end":{"line":73,"column":null}},"type":"cond-expr","locations":[{"start":{"line":57,"column":12},"end":{"line":72,"column":null}},{"start":{"line":73,"column":12},"end":{"line":73,"column":null}}],"line":56},"3":{"loc":{"start":{"line":62,"column":18},"end":{"line":69,"column":null}},"type":"if","locations":[{"start":{"line":62,"column":18},"end":{"line":69,"column":null}},{"start":{},"end":{}}],"line":62},"4":{"loc":{"start":{"line":62,"column":22},"end":{"line":62,"column":62}},"type":"binary-expr","locations":[{"start":{"line":62,"column":22},"end":{"line":62,"column":31}},{"start":{"line":62,"column":31},"end":{"line":62,"column":62}}],"line":62},"5":{"loc":{"start":{"line":65,"column":35},"end":{"line":65,"column":null}},"type":"binary-expr","locations":[{"start":{"line":65,"column":35},"end":{"line":65,"column":57}},{"start":{"line":65,"column":57},"end":{"line":65,"column":null}}],"line":65},"6":{"loc":{"start":{"line":66,"column":36},"end":{"line":66,"column":null}},"type":"binary-expr","locations":[{"start":{"line":66,"column":36},"end":{"line":66,"column":62}},{"start":{"line":66,"column":62},"end":{"line":66,"column":null}}],"line":66},"7":{"loc":{"start":{"line":153,"column":46},"end":{"line":153,"column":124}},"type":"cond-expr","locations":[{"start":{"line":153,"column":79},"end":{"line":153,"column":103}},{"start":{"line":153,"column":103},"end":{"line":153,"column":124}}],"line":153},"8":{"loc":{"start":{"line":173,"column":17},"end":{"line":173,"column":null}},"type":"cond-expr","locations":[{"start":{"line":173,"column":42},"end":{"line":173,"column":58}},{"start":{"line":173,"column":58},"end":{"line":173,"column":null}}],"line":173},"9":{"loc":{"start":{"line":186,"column":42},"end":{"line":186,"column":98}},"type":"cond-expr","locations":[{"start":{"line":186,"column":67},"end":{"line":186,"column":83}},{"start":{"line":186,"column":83},"end":{"line":186,"column":98}}],"line":186},"10":{"loc":{"start":{"line":209,"column":6},"end":{"line":212,"column":null}},"type":"if","locations":[{"start":{"line":209,"column":6},"end":{"line":212,"column":null}},{"start":{},"end":{}}],"line":209},"11":{"loc":{"start":{"line":224,"column":4},"end":{"line":228,"column":null}},"type":"if","locations":[{"start":{"line":224,"column":4},"end":{"line":228,"column":null}},{"start":{},"end":{}}],"line":224},"12":{"loc":{"start":{"line":230,"column":4},"end":{"line":233,"column":null}},"type":"if","locations":[{"start":{"line":230,"column":4},"end":{"line":233,"column":null}},{"start":{},"end":{}}],"line":230},"13":{"loc":{"start":{"line":230,"column":8},"end":{"line":230,"column":41}},"type":"binary-expr","locations":[{"start":{"line":230,"column":8},"end":{"line":230,"column":26}},{"start":{"line":230,"column":26},"end":{"line":230,"column":41}}],"line":230},"14":{"loc":{"start":{"line":235,"column":4},"end":{"line":237,"column":null}},"type":"if","locations":[{"start":{"line":235,"column":4},"end":{"line":237,"column":null}},{"start":{},"end":{}}],"line":235},"15":{"loc":{"start":{"line":239,"column":4},"end":{"line":241,"column":null}},"type":"if","locations":[{"start":{"line":239,"column":4},"end":{"line":241,"column":null}},{"start":{},"end":{}}],"line":239},"16":{"loc":{"start":{"line":243,"column":4},"end":{"line":245,"column":null}},"type":"if","locations":[{"start":{"line":243,"column":4},"end":{"line":245,"column":null}},{"start":{},"end":{}}],"line":243},"17":{"loc":{"start":{"line":249,"column":4},"end":{"line":251,"column":null}},"type":"if","locations":[{"start":{"line":249,"column":4},"end":{"line":251,"column":null}},{"start":{},"end":{}}],"line":249},"18":{"loc":{"start":{"line":266,"column":4},"end":{"line":268,"column":null}},"type":"if","locations":[{"start":{"line":266,"column":4},"end":{"line":268,"column":null}},{"start":{},"end":{}}],"line":266},"19":{"loc":{"start":{"line":271,"column":4},"end":{"line":273,"column":null}},"type":"if","locations":[{"start":{"line":271,"column":4},"end":{"line":273,"column":null}},{"start":{},"end":{}}],"line":271},"20":{"loc":{"start":{"line":277,"column":13},"end":{"line":277,"column":null}},"type":"binary-expr","locations":[{"start":{"line":277,"column":13},"end":{"line":277,"column":29}},{"start":{"line":277,"column":29},"end":{"line":277,"column":null}}],"line":277},"21":{"loc":{"start":{"line":279,"column":4},"end":{"line":281,"column":null}},"type":"if","locations":[{"start":{"line":279,"column":4},"end":{"line":281,"column":null}},{"start":{},"end":{}}],"line":279}},"s":{"0":1,"1":1,"2":8,"3":8,"4":0,"5":0,"6":0,"7":0,"8":8,"9":8,"10":3,"11":3,"12":3,"13":3,"14":3,"15":3,"16":0,"17":0,"18":3,"19":3,"20":3,"21":3,"22":3,"23":0,"24":0,"25":0,"26":0,"27":0,"28":0,"29":0,"30":0,"31":0,"32":0,"33":4,"34":4,"35":4,"36":4,"37":4,"38":4,"39":3,"40":3,"41":4,"42":3,"43":4,"44":2,"45":4,"46":2,"47":4,"48":4,"49":1,"50":4,"51":3,"52":3,"53":1,"54":3,"55":1,"56":3,"57":2,"58":3,"59":0,"60":3,"61":1},"f":{"0":8,"1":0,"2":3,"3":0,"4":0,"5":4,"6":3,"7":2},"b":{"0":[1,1],"1":[8,0],"2":[8,0],"3":[0,0],"4":[0,0],"5":[0,0],"6":[0,0],"7":[0,0],"8":[3,0],"9":[3,0],"10":[0,0],"11":[4,0],"12":[3,1],"13":[4,1],"14":[3,1],"15":[2,2],"16":[2,2],"17":[1,3],"18":[1,2],"19":[1,2],"20":[2,2],"21":[0,3]},"meta":{"lastBranch":22,"lastFunction":8,"lastStatement":62,"seen":{"s:10:6:13:Infinity":0,"b:12:9:12:34:12:34:12:Infinity":0,"s:18:31:27:Infinity":1,"f:47:2:47:16":0,"b:49:4:80:Infinity:75:11:80:Infinity":1,"s:49:4:80:Infinity":2,"s:50:6:74:Infinity":3,"b:57:12:72:Infinity:73:12:73:Infinity":2,"f:59:30:59:37":1,"s:61:32:61:Infinity":4,"b:62:18:69:Infinity:undefined:undefined:undefined:undefined":3,"s:62:18:69:Infinity":5,"b:62:22:62:31:62:31:62:62":4,"s:63:20:68:Infinity":6,"b:65:35:65:57:65:57:65:Infinity":5,"b:66:36:66:62:66:62:66:Infinity":6,"s:79:6:79:Infinity":7,"s:83:4:83:Infinity":8,"s:86:4:121:Infinity":9,"f:127:8:127:18":2,"s:128:22:128:Infinity":10,"s:130:4:191:Infinity":11,"s:131:6:131:Infinity":12,"s:134:23:134:Infinity":13,"s:137:30:139:Infinity":14,"s:142:23:142:Infinity":15,"s:145:22:145:Infinity":16,"s:151:43:154:Infinity":17,"b:153:79:153:103:153:103:153:124":7,"s:156:23:156:Infinity":18,"s:158:6:166:Infinity":19,"s:168:6:168:Infinity":20,"s:170:6:176:Infinity":21,"b:173:42:173:58:173:58:173:Infinity":8,"s:179:6:190:Infinity":22,"b:186:67:186:83:186:83:186:98":9,"f:197:8:197:19":3,"s:198:4:198:Infinity":23,"s:202:37:202:Infinity":24,"s:204:4:213:Infinity":25,"s:205:21:205:Infinity":26,"s:206:6:206:Infinity":27,"b:209:6:212:Infinity:undefined:undefined:undefined:undefined":10,"s:209:6:212:Infinity":28,"s:210:25:210:Infinity":29,"s:211:8:211:Infinity":30,"f:211:26:211:27":4,"s:211:39:211:67":31,"s:215:4:215:Infinity":32,"f:221:10:221:25":5,"s:222:28:222:Infinity":33,"b:224:4:228:Infinity:undefined:undefined:undefined:undefined":11,"s:224:4:228:Infinity":34,"s:225:6:225:Infinity":35,"s:226:21:226:Infinity":36,"s:227:6:227:Infinity":37,"b:230:4:233:Infinity:undefined:undefined:undefined:undefined":12,"s:230:4:233:Infinity":38,"b:230:8:230:26:230:26:230:41":13,"s:231:19:231:Infinity":39,"s:232:6:232:Infinity":40,"b:235:4:237:Infinity:undefined:undefined:undefined:undefined":14,"s:235:4:237:Infinity":41,"s:236:6:236:Infinity":42,"b:239:4:241:Infinity:undefined:undefined:undefined:undefined":15,"s:239:4:241:Infinity":43,"s:240:6:240:Infinity":44,"b:243:4:245:Infinity:undefined:undefined:undefined:undefined":16,"s:243:4:245:Infinity":45,"s:244:6:244:Infinity":46,"s:247:4:247:Infinity":47,"b:249:4:251:Infinity:undefined:undefined:undefined:undefined":17,"s:249:4:251:Infinity":48,"s:250:6:250:Infinity":49,"s:253:4:253:Infinity":50,"f:259:2:259:24":6,"s:263:29:263:Infinity":51,"b:266:4:268:Infinity:undefined:undefined:undefined:undefined":18,"s:266:4:268:Infinity":52,"s:267:6:267:Infinity":53,"b:271:4:273:Infinity:undefined:undefined:undefined:undefined":19,"s:271:4:273:Infinity":54,"s:272:6:272:Infinity":55,"s:276:36:278:Infinity":56,"f:277:6:277:7":7,"s:277:13:277:Infinity":57,"b:277:13:277:29:277:29:277:Infinity":20,"b:279:4:281:Infinity:undefined:undefined:undefined:undefined":21,"s:279:4:281:Infinity":58,"s:280:6:280:Infinity":59,"s:283:4:286:Infinity":60,"s:293:32:293:Infinity":61}}}
,"C:\\taly\\intelliFlow-CRM\\apps\\ai-worker\\src\\examples\\usage.ts": {"path":"C:\\taly\\intelliFlow-CRM\\apps\\ai-worker\\src\\examples\\usage.ts","statementMap":{"0":{"start":{"line":18,"column":2},"end":{"line":18,"column":null}},"1":{"start":{"line":20,"column":15},"end":{"line":28,"column":null}},"2":{"start":{"line":30,"column":2},"end":{"line":51,"column":null}},"3":{"start":{"line":31,"column":19},"end":{"line":31,"column":null}},"4":{"start":{"line":33,"column":4},"end":{"line":33,"column":null}},"5":{"start":{"line":34,"column":4},"end":{"line":34,"column":null}},"6":{"start":{"line":35,"column":4},"end":{"line":35,"column":null}},"7":{"start":{"line":37,"column":4},"end":{"line":37,"column":null}},"8":{"start":{"line":38,"column":4},"end":{"line":41,"column":null}},"9":{"start":{"line":39,"column":6},"end":{"line":39,"column":null}},"10":{"start":{"line":40,"column":6},"end":{"line":40,"column":null}},"11":{"start":{"line":44,"column":23},"end":{"line":44,"column":null}},"12":{"start":{"line":45,"column":4},"end":{"line":45,"column":null}},"13":{"start":{"line":46,"column":4},"end":{"line":48,"column":null}},"14":{"start":{"line":47,"column":6},"end":{"line":47,"column":null}},"15":{"start":{"line":50,"column":4},"end":{"line":50,"column":null}},"16":{"start":{"line":58,"column":2},"end":{"line":58,"column":null}},"17":{"start":{"line":60,"column":16},"end":{"line":79,"column":null}},"18":{"start":{"line":81,"column":2},"end":{"line":97,"column":null}},"19":{"start":{"line":82,"column":4},"end":{"line":82,"column":null}},"20":{"start":{"line":84,"column":20},"end":{"line":84,"column":null}},"21":{"start":{"line":86,"column":4},"end":{"line":90,"column":null}},"22":{"start":{"line":87,"column":6},"end":{"line":87,"column":null}},"23":{"start":{"line":88,"column":6},"end":{"line":88,"column":null}},"24":{"start":{"line":89,"column":6},"end":{"line":89,"column":null}},"25":{"start":{"line":93,"column":18},"end":{"line":93,"column":null}},"26":{"start":{"line":94,"column":4},"end":{"line":94,"column":null}},"27":{"start":{"line":96,"column":4},"end":{"line":96,"column":null}},"28":{"start":{"line":104,"column":2},"end":{"line":104,"column":null}},"29":{"start":{"line":106,"column":29},"end":{"line":123,"column":null}},"30":{"start":{"line":125,"column":2},"end":{"line":174,"column":null}},"31":{"start":{"line":126,"column":10},"end":{"line":129,"column":null}},"32":{"start":{"line":131,"column":4},"end":{"line":131,"column":null}},"33":{"start":{"line":133,"column":19},"end":{"line":133,"column":null}},"34":{"start":{"line":135,"column":4},"end":{"line":171,"column":null}},"35":{"start":{"line":136,"column":6},"end":{"line":136,"column":null}},"36":{"start":{"line":137,"column":6},"end":{"line":137,"column":null}},"37":{"start":{"line":138,"column":6},"end":{"line":138,"column":null}},"38":{"start":{"line":139,"column":6},"end":{"line":141,"column":null}},"39":{"start":{"line":143,"column":6},"end":{"line":143,"column":null}},"40":{"start":{"line":144,"column":6},"end":{"line":144,"column":null}},"41":{"start":{"line":146,"column":6},"end":{"line":146,"column":null}},"42":{"start":{"line":147,"column":6},"end":{"line":149,"column":null}},"43":{"start":{"line":148,"column":8},"end":{"line":148,"column":null}},"44":{"start":{"line":151,"column":6},"end":{"line":151,"column":null}},"45":{"start":{"line":152,"column":6},"end":{"line":154,"column":null}},"46":{"start":{"line":153,"column":8},"end":{"line":153,"column":null}},"47":{"start":{"line":156,"column":6},"end":{"line":156,"column":null}},"48":{"start":{"line":157,"column":6},"end":{"line":160,"column":null}},"49":{"start":{"line":158,"column":8},"end":{"line":158,"column":null}},"50":{"start":{"line":159,"column":8},"end":{"line":159,"column":null}},"51":{"start":{"line":162,"column":6},"end":{"line":162,"column":null}},"52":{"start":{"line":163,"column":6},"end":{"line":165,"column":null}},"53":{"start":{"line":164,"column":8},"end":{"line":164,"column":null}},"54":{"start":{"line":167,"column":6},"end":{"line":167,"column":null}},"55":{"start":{"line":168,"column":6},"end":{"line":168,"column":null}},"56":{"start":{"line":170,"column":6},"end":{"line":170,"column":null}},"57":{"start":{"line":173,"column":4},"end":{"line":173,"column":null}},"58":{"start":{"line":181,"column":2},"end":{"line":181,"column":null}},"59":{"start":{"line":184,"column":20},"end":{"line":184,"column":null}},"60":{"start":{"line":185,"column":2},"end":{"line":185,"column":null}},"61":{"start":{"line":188,"column":16},"end":{"line":188,"column":null}},"62":{"start":{"line":190,"column":2},"end":{"line":190,"column":null}},"63":{"start":{"line":191,"column":2},"end":{"line":191,"column":null}},"64":{"start":{"line":192,"column":2},"end":{"line":192,"column":null}},"65":{"start":{"line":193,"column":2},"end":{"line":193,"column":null}},"66":{"start":{"line":194,"column":2},"end":{"line":194,"column":null}},"67":{"start":{"line":195,"column":2},"end":{"line":195,"column":null}},"68":{"start":{"line":197,"column":2},"end":{"line":197,"column":null}},"69":{"start":{"line":198,"column":2},"end":{"line":200,"column":null}},"70":{"start":{"line":199,"column":4},"end":{"line":199,"column":null}},"71":{"start":{"line":202,"column":2},"end":{"line":202,"column":null}},"72":{"start":{"line":203,"column":2},"end":{"line":205,"column":null}},"73":{"start":{"line":204,"column":4},"end":{"line":204,"column":null}},"74":{"start":{"line":208,"column":2},"end":{"line":208,"column":null}},"75":{"start":{"line":215,"column":2},"end":{"line":215,"column":null}},"76":{"start":{"line":217,"column":31},"end":{"line":217,"column":null}},"77":{"start":{"line":219,"column":15},"end":{"line":222,"column":null}},"78":{"start":{"line":224,"column":2},"end":{"line":259,"column":null}},"79":{"start":{"line":225,"column":19},"end":{"line":225,"column":null}},"80":{"start":{"line":227,"column":4},"end":{"line":227,"column":null}},"81":{"start":{"line":228,"column":4},"end":{"line":228,"column":null}},"82":{"start":{"line":231,"column":4},"end":{"line":243,"column":null}},"83":{"start":{"line":232,"column":6},"end":{"line":232,"column":null}},"84":{"start":{"line":233,"column":6},"end":{"line":235,"column":null}},"85":{"start":{"line":242,"column":6},"end":{"line":242,"column":null}},"86":{"start":{"line":246,"column":23},"end":{"line":246,"column":null}},"87":{"start":{"line":247,"column":4},"end":{"line":252,"column":null}},"88":{"start":{"line":248,"column":6},"end":{"line":248,"column":null}},"89":{"start":{"line":249,"column":6},"end":{"line":251,"column":null}},"90":{"start":{"line":250,"column":8},"end":{"line":250,"column":null}},"91":{"start":{"line":254,"column":4},"end":{"line":254,"column":null}},"92":{"start":{"line":255,"column":4},"end":{"line":255,"column":null}},"93":{"start":{"line":256,"column":4},"end":{"line":256,"column":null}},"94":{"start":{"line":257,"column":4},"end":{"line":257,"column":null}},"95":{"start":{"line":258,"column":4},"end":{"line":258,"column":null}},"96":{"start":{"line":266,"column":2},"end":{"line":266,"column":null}},"97":{"start":{"line":267,"column":2},"end":{"line":267,"column":null}},"98":{"start":{"line":269,"column":2},"end":{"line":289,"column":null}},"99":{"start":{"line":270,"column":4},"end":{"line":270,"column":null}},"100":{"start":{"line":271,"column":4},"end":{"line":271,"column":null}},"101":{"start":{"line":271,"column":35},"end":{"line":271,"column":60}},"102":{"start":{"line":273,"column":4},"end":{"line":273,"column":null}},"103":{"start":{"line":274,"column":4},"end":{"line":274,"column":null}},"104":{"start":{"line":274,"column":35},"end":{"line":274,"column":60}},"105":{"start":{"line":276,"column":4},"end":{"line":276,"column":null}},"106":{"start":{"line":277,"column":4},"end":{"line":277,"column":null}},"107":{"start":{"line":277,"column":35},"end":{"line":277,"column":60}},"108":{"start":{"line":279,"column":4},"end":{"line":279,"column":null}},"109":{"start":{"line":281,"column":4},"end":{"line":281,"column":null}},"110":{"start":{"line":283,"column":4},"end":{"line":283,"column":null}},"111":{"start":{"line":284,"column":4},"end":{"line":284,"column":null}},"112":{"start":{"line":285,"column":4},"end":{"line":285,"column":null}},"113":{"start":{"line":287,"column":4},"end":{"line":287,"column":null}},"114":{"start":{"line":288,"column":4},"end":{"line":288,"column":null}},"115":{"start":{"line":293,"column":0},"end":{"line":298,"column":null}},"116":{"start":{"line":294,"column":2},"end":{"line":297,"column":null}},"117":{"start":{"line":295,"column":4},"end":{"line":295,"column":null}},"118":{"start":{"line":296,"column":4},"end":{"line":296,"column":null}}},"fnMap":{"0":{"name":"example1_SimpleLeadScoring","decl":{"start":{"line":17,"column":15},"end":{"line":17,"column":44}},"loc":{"start":{"line":17,"column":44},"end":{"line":52,"column":null}},"line":17},"1":{"name":"(anonymous_1)","decl":{"start":{"line":38,"column":27},"end":{"line":38,"column":28}},"loc":{"start":{"line":38,"column":46},"end":{"line":41,"column":5}},"line":38},"2":{"name":"example2_BatchLeadScoring","decl":{"start":{"line":57,"column":15},"end":{"line":57,"column":43}},"loc":{"start":{"line":57,"column":43},"end":{"line":98,"column":null}},"line":57},"3":{"name":"(anonymous_3)","decl":{"start":{"line":86,"column":20},"end":{"line":86,"column":21}},"loc":{"start":{"line":86,"column":39},"end":{"line":90,"column":5}},"line":86},"4":{"name":"example3_LeadQualification","decl":{"start":{"line":103,"column":15},"end":{"line":103,"column":44}},"loc":{"start":{"line":103,"column":44},"end":{"line":175,"column":null}},"line":103},"5":{"name":"(anonymous_5)","decl":{"start":{"line":147,"column":38},"end":{"line":147,"column":39}},"loc":{"start":{"line":147,"column":52},"end":{"line":149,"c
[...]
line":96,"column":null}},"25":{"start":{"line":99,"column":0},"end":{"line":99,"column":null}},"26":{"start":{"line":101,"column":20},"end":{"line":118,"column":null}},"27":{"start":{"line":105,"column":66},"end":{"line":105,"column":null}},"28":{"start":{"line":107,"column":26},"end":{"line":107,"column":null}},"29":{"start":{"line":109,"column":2},"end":{"line":116,"column":null}},"30":{"start":{"line":119,"column":0},"end":{"line":119,"column":null}},"31":{"start":{"line":121,"column":24},"end":{"line":135,"column":null}},"32":{"start":{"line":125,"column":32},"end":{"line":125,"column":null}},"33":{"start":{"line":127,"column":2},"end":{"line":133,"column":null}},"34":{"start":{"line":136,"column":0},"end":{"line":136,"column":null}},"35":{"start":{"line":138,"column":20},"end":{"line":159,"column":null}},"36":{"start":{"line":142,"column":35},"end":{"line":142,"column":null}},"37":{"start":{"line":143,"column":15},"end":{"line":143,"column":null}},"38":{"start":{"line":145,"column":2},"end":{"line":147,"column":null}},"39":{"start":{"line":146,"column":4},"end":{"line":146,"column":null}},"40":{"start":{"line":149,"column":2},"end":{"line":157,"column":null}},"41":{"start":{"line":160,"column":0},"end":{"line":160,"column":null}}},"fnMap":{"0":{"name":"(anonymous_0)","decl":{"start":{"line":26,"column":18},"end":{"line":26,"column":null}},"loc":{"start":{"line":31,"column":44},"end":{"line":39,"column":null}},"line":31},"1":{"name":"(anonymous_1)","decl":{"start":{"line":32,"column":37},"end":{"line":32,"column":44}},"loc":{"start":{"line":32,"column":44},"end":{"line":32,"column":67}},"line":32},"2":{"name":"(anonymous_2)","decl":{"start":{"line":41,"column":21},"end":{"line":41,"column":27}},"loc":{"start":{"line":41,"column":27},"end":{"line":62,"column":null}},"line":41},"3":{"name":"(anonymous_3)","decl":{"start":{"line":71,"column":2},"end":{"line":71,"column":3}},"loc":{"start":{"line":71,"column":36},"end":{"line":80,"column":null}},"line":71},"4":{"name":"(anonymous_4)","decl":{"start":{"line":73,"column":39},"end":{"line":73,"column":46}},"loc":{"start":{"line":73,"column":46},"end":{"line":73,"column":55}},"line":73},"5":{"name":"(anonymous_5)","decl":{"start":{"line":87,"column":2},"end":{"line":87,"column":3}},"loc":{"start":{"line":87,"column":36},"end":{"line":98,"column":1}},"line":87},"6":{"name":"(anonymous_6)","decl":{"start":{"line":104,"column":2},"end":{"line":104,"column":3}},"loc":{"start":{"line":104,"column":25},"end":{"line":118,"column":1}},"line":104},"7":{"name":"(anonymous_7)","decl":{"start":{"line":124,"column":2},"end":{"line":124,"column":3}},"loc":{"start":{"line":124,"column":36},"end":{"line":135,"column":1}},"line":124},"8":{"name":"(anonymous_8)","decl":{"start":{"line":141,"column":2},"end":{"line":141,"column":3}},"loc":{"start":{"line":141,"column":46},"end":{"line":159,"column":1}},"line":141}},"branchMap":{"0":{"loc":{"start":{"line":48,"column":2},"end":{"line":50,"column":null}},"type":"if","locations":[{"start":{"line":48,"column":2},"end":{"line":50,"column":null}},{"start":{},"end":{}}],"line":48},"1":{"loc":{"start":{"line":93,"column":20},"end":{"line":93,"column":49}},"type":"binary-expr","locations":[{"start":{"line":93,"column":20},"end":{"line":93,"column":29}},{"start":{"line":93,"column":29},"end":{"line":93,"column":49}}],"line":93},"2":{"loc":{"start":{"line":107,"column":26},"end":{"line":107,"column":null}},"type":"cond-expr","locations":[{"start":{"line":107,"column":34},"end":{"line":107,"column":76}},{"start":{"line":107,"column":76},"end":{"line":107,"column":null}}],"line":107},"3":{"loc":{"start":{"line":143,"column":15},"end":{"line":143,"column":null}},"type":"cond-expr","locations":[{"start":{"line":143,"column":23},"end":{"line":143,"column":48}},{"start":{"line":143,"column":48},"end":{"line":143,"column":null}}],"line":143},"4":{"loc":{"start":{"line":145,"column":2},"end":{"line":147,"column":null}},"type":"if","locations":[{"start":{"line":145,"column":2},"end":{"line":147,"column":null}},{"start":{},"end":{}}],"line":145}},"s":{"0":0,"1":0,"2":0,"3":0,"4":0,"5":0,"6":0,"7":0,"8":0,"9":0,"10":0,"11":0,"12":0,"13":0,"14":0,"15":0,"16":0,"17":0,"18":0,"19":0,"20":0,"21":0,"22":0,"23":0,"24":0,"25":0,"26":0,"27":0,"28":0,"29":0,"30":0,"31":0,"32":0,"33":0,"34":0,"35":0,"36":0,"37":0,"38":0,"39":0,"40":0,"41":0},"f":{"0":0,"1":0,"2":0,"3":0,"4":0,"5":0,"6":0,"7":0,"8":0},"b":{"0":[0,0],"1":[0,0],"2":[0,0],"3":[0,0],"4":[0,0]},"meta":{"lastBranch":5,"lastFunction":9,"lastStatement":42,"seen":{"s:15:34:15:Infinity":0,"s:24:25:24:Infinity":1,"s:26:18:39:Infinity":2,"f:26:18:26:Infinity":0,"s:32:23:32:Infinity":3,"f:32:37:32:44":1,"s:32:44:32:67":4,"s:34:2:37:Infinity":5,"s:41:21:62:Infinity":6,"f:41:21:41:27":2,"s:42:23:42:Infinity":7,"s:43:22:43:Infinity":8,"s:44:35:44:Infinity":9,"s:46:21:46:Infinity":10,"b:48:2:50:Infinity:undefined:undefined:undefined:undefined":0,"s:48:2:50:Infinity":11,"s:49:4:49:Infinity":12,"s:52:17:52:Infinity":13,"s:54:2:61:Infinity":14,"s:68:24:68:Infinity":15,"s:70:17:81:Infinity":16,"f:71:2:71:3":3,"s:72:15:72:Infinity":17,"s:73:25:73:Infinity":18,"f:73:39:73:46":4,"s:73:46:73:55":19,"s:75:4:78:Infinity":20,"s:82:0:82:Infinity":21,"s:84:18:98:Infinity":22,"f:87:2:87:3":5,"s:88:32:88:Infinity":23,"s:90:2:96:Infinity":24,"b:93:20:93:29:93:29:93:49":1,"s:99:0:99:Infinity":25,"s:101:20:118:Infinity":26,"f:104:2:104:3":6,"s:105:66:105:Infinity":27,"s:107:26:107:Infinity":28,"b:107:34:107:76:107:76:107:Infinity":2,"s:109:2:116:Infinity":29,"s:119:0:119:Infinity":30,"s:121:24:135:Infinity":31,"f:124:2:124:3":7,"s:125:32:125:Infinity":32,"s:127:2:133:Infinity":33,"s:136:0:136:Infinity":34,"s:138:20:159:Infinity":35,"f:141:2:141:3":8,"s:142:35:142:Infinity":36,"s:143:15:143:Infinity":37,"b:143:23:143:48:143:48:143:Infinity":3,"b:145:2:147:Infinity:undefined:undefined:undefined:undefined":4,"s:145:2:147:Infinity":38,"s:146:4:146:Infinity":39,"s:149:2:157:Infinity":40,"s:160:0:160:Infinity":41}}}
,"C:\\taly\\intelliFlow-CRM\\packages\\ui\\src\\components\\input.tsx": {"path":"C:\\taly\\intelliFlow-CRM\\packages\\ui\\src\\components\\input.tsx","statementMap":{"0":{"start":{"line":6,"column":14},"end":{"line":20,"column":null}},"1":{"start":{"line":8,"column":4},"end":{"line":17,"column":null}},"2":{"start":{"line":21,"column":0},"end":{"line":21,"column":null}}},"fnMap":{"0":{"name":"(anonymous_0)","decl":{"start":{"line":7,"column":2},"end":{"line":7,"column":3}},"loc":{"start":{"line":7,"column":42},"end":{"line":19,"column":null}},"line":7}},"branchMap":{},"s":{"0":0,"1":0,"2":0},"f":{"0":0},"b":{},"meta":{"lastBranch":0,"lastFunction":1,"lastStatement":3,"seen":{"s:6:14:20:Infinity":0,"f:7:2:7:3":0,"s:8:4:17:Infinity":1,"s:21:0:21:Infinity":2}}}
,"C:\\taly\\intelliFlow-CRM\\packages\\ui\\src\\components\\label.tsx": {"path":"C:\\taly\\intelliFlow-CRM\\packages\\ui\\src\\components\\label.tsx","statementMap":{"0":{"start":{"line":6,"column":6},"end":{"line":8,"column":null}},"1":{"start":{"line":10,"column":14},"end":{"line":15,"column":null}},"2":{"start":{"line":14,"column":2},"end":{"line":14,"column":null}},"3":{"start":{"line":16,"column":0},"end":{"line":16,"column":null}}},"fnMap":{"0":{"name":"(anonymous_0)","decl":{"start":{"line":13,"column":2},"end":{"line":13,"column":3}},"loc":{"start":{"line":14,"column":2},"end":{"line":14,"column":null}},"line":14}},"branchMap":{},"s":{"0":0,"1":0,"2":0,"3":0},"f":{"0":0},"b":{},"meta":{"lastBranch":0,"lastFunction":1,"lastStatement":4,"seen":{"s:6:6:8:Infinity":0,"s:10:14:15:Infinity":1,"f:13:2:13:3":0,"s:14:2:14:Infinity":2,"s:16:0:16:Infinity":3}}}
,"C:\\taly\\intelliFlow-CRM\\packages\\ui\\src\\components\\table.tsx": {"path":"C:\\taly\\intelliFlow-CRM\\packages\\ui\\src\\components\\table.tsx","statementMap":{"0":{"start":{"line":4,"column":14},"end":{"line":10,"column":null}},"1":{"start":{"line":6,"column":4},"end":{"line":8,"column":null}},"2":{"start":{"line":11,"column":0},"end":{"line":11,"column":null}},"3":{"start":{"line":13,"column":20},"end":{"line":18,"column":null}},"4":{"start":{"line":17,"column":2},"end":{"line":17,"column":null}},"5":{"start":{"line":19,"column":0},"end":{"line":19,"column":null}},"6":{"start":{"line":21,"column":18},"end":{"line":26,"column":null}},"7":{"start":{"line":25,"column":2},"end":{"line":25,"column":null}},"8":{"start":{"line":27,"column":0},"end":{"line":27,"column":null}},"9":{"start":{"line":29,"column":20},"end":{"line":38,"column":null}},"10":{"start":{"line":33,"column":2},"end":{"line":37,"column":null}},"11":{"start":{"line":39,"column":0},"end":{"line":39,"column":null}},"12":{"start":{"line":41,"column":17},"end":{"line":52,"column":null}},"13":{"start":{"line":43,"column":4},"end":{"line":50,"column":null}},"14":{"start":{"line":53,"column":0},"end":{"line":53,"column":null}},"15":{"start":{"line":55,"column":18},"end":{"line":67,"column":null}},"16":{"start":{"line":59,"column":2},"end":{"line":66,"column":null}},"17":{"start":{"line":68,"column":0},"end":{"line":68,"column":null}},"18":{"start":{"line":70,"column":18},"end":{"line":79,"column":null}},"19":{"start":{"line":74,"column":2},"end":{"line":78,"column":null}},"20":{"start":{"line":80,"column":0},"end":{"line":80,"column":null}},"21":{"start":{"line":82,"column":21},"end":{"line":87,"column":null}},"22":{"start":{"line":86,"column":2},"end":{"line":86,"column":null}},"23":{"start":{"line":88,"column":0},"end":{"line":88,"column":null}}},"fnMap":{"0":{"name":"(anonymous_0)","decl":{"start":{"line":5,"column":2},"end":{"line":5,"column":3}},"loc":{"start":{"line":6,"column":4},"end":{"line":8,"column":null}},"line":6},"1":{"name":"(anonymous_1)","decl":{"start":{"line":16,"column":2},"end":{"line":16,"column":3}},"loc":{"start":{"line":17,"column":2},"end":{"line":17,"column":null}},"line":17},"2":{"name":"(anonymous_2)","decl":{"start":{"line":24,"column":2},"end":{"line":24,"column":3}},"loc":{"start":{"line":25,"column":2},"end":{"line":25,"column":null}},"line":25},"3":{"name":"(anonymous_3)","decl":{"start":{"line":32,"column":2},"end":{"line":32,"column":3}},"loc":{"start":{"line":33,"column":2},"end":{"line":37,"column":null}},"line":33},"4":{"name":"(anonymous_4)","decl":{"start":{"line":42,"column":2},"end":{"line":42,"column":3}},"loc":{"start":{"line":43,"column":4},"end":{"line":50,"column":null}},"line":43},"5":{"name":"(anonymous_5)","decl":{"start":{"line":58,"column":2},"end":{"line":58,"column":3}},"loc":{"start":{"line":59,"column":2},"end":{"line":66,"column":null}},"line":59},"6":{"name":"(anonymous_6)","decl":{"start":{"line":73,"column":2},"end":{"line":73,"column":3}},"loc":{"start":{"line":74,"column":2},"end":{"line":78,"column":null}},"line":74},"7":{"name":"(anonymous_7)","decl":{"start":{"line":85,"column":2},"end":{"line":85,"column":3}},"loc":{"start":{"line":86,"column":2},"end":{"line":86,"column":null}},"line":86}},"branchMap":{},"s":{"0":0,"1":0,"2":0,"3":0,"4":0,"5":0,"6":0,"7":0,"8":0,"9":0,"10":0,"11":0,"12":0,"13":0,"14":0,"15":0,"16":0,"17":0,"18":0,"19":0,"20":0,"21":0,"22":0,"23":0},"f":{"0":0,"1":0,"2":0,"3":0,"4":0,"5":0,"6":0,"7":0},"b":{},"meta":{"lastBranch":0,"lastFunction":8,"lastStatement":24,"seen":{"s:4:14:10:Infinity":0,"f:5:2:5:3":0,"s:6:4:8:Infinity":1,"s:11:0:11:Infinity":2,"s:13:20:18:Infinity":3,"f:16:2:16:3":1,"s:17:2:17:Infinity":4,"s:19:0:19:Infinity":5,"s:21:18:26:Infinity":6,"f:24:2:24:3":2,"s:25:2:25:Infinity":7,"s:27:0:27:Infinity":8,"s:29:20:38:Infinity":9,"f:32:2:32:3":3,"s:33:2:37:Infinity":10,"s:39:0:39:Infinity":11,"s:41:17:52:Infinity":12,"f:42:2:42:3":4,"s:43:4:50:Infinity":13,"s:53:0:53:Infinity":14,"s:55:18:67:Infinity":15,"f:58:2:58:3":5,"s:59:2:66:Infinity":16,"s:68:0:68:Infinity":17,"s:70:18:79:Infinity":18,"f:73:2:73:3":6,"s:74:2:78:Infinity":19,"s:80:0:80:Infinity":20,"s:82:21:87:Infinity":21,"f:85:2:85:3":7,"s:86:2:86:Infinity":22,"s:88:0:88:Infinity":23}}}
,"C:\\taly\\intelliFlow-CRM\\packages\\ui\\src\\lib\\utils.ts": {"path":"C:\\taly\\intelliFlow-CRM\\packages\\ui\\src\\lib\\utils.ts","statementMap":{"0":{"start":{"line":5,"column":2},"end":{"line":5,"column":null}}},"fnMap":{"0":{"name":"cn","decl":{"start":{"line":4,"column":16},"end":{"line":4,"column":22}},"loc":{"start":{"line":4,"column":44},"end":{"line":6,"column":null}},"line":4}},"branchMap":{},"s":{"0":0},"f":{"0":0},"b":{},"meta":{"lastBranch":0,"lastFunction":1,"lastStatement":1,"seen":{"f:4:16:4:22":0,"s:5:2:5:Infinity":0}}}
,"C:\\taly\\intelliFlow-CRM\\packages\\validators\\src\\account.ts": {"path":"C:\\taly\\intelliFlow-CRM\\packages\\validators\\src\\account.ts","statementMap":{"0":{"start":{"line":8,"column":35},"end":{"line":15,"column":null}},"1":{"start":{"line":20,"column":35},"end":{"line":28,"column":null}},"2":{"start":{"line":33,"column":34},"end":{"line":41,"column":null}},"3":{"start":{"line":46,"column":37},"end":{"line":57,"column":null}},"4":{"start":{"line":62,"column":41},"end":{"line":68,"column":null}}},"fnMap":{},"branchMap":{},"s":{"0":0,"1":0,"2":0,"3":0,"4":0},"f":{},"b":{},"meta":{"lastBranch":0,"lastFunction":0,"lastStatement":5,"seen":{"s:8:35:15:Infinity":0,"s:20:35:28:Infinity":1,"s:33:34:41:Infinity":2,"s:46:37:57:Infinity":3,"s:62:41:68:Infinity":4}}}
,"C:\\taly\\intelliFlow-CRM\\packages\\validators\\src\\common.ts": {"path":"C:\\taly\\intelliFlow-CRM\\packages\\validators\\src\\common.ts","statementMap":{"0":{"start":{"line":5,"column":24},"end":{"line":5,"column":null}},"1":{"start":{"line":8,"column":26},"end":{"line":8,"column":null}},"2":{"start":{"line":11,"column":26},"end":{"line":11,"column":null}},"3":{"start":{"line":14,"column":27},"end":{"line":14,"column":null}},"4":{"start":{"line":17,"column":27},"end":{"line":21,"column":null}},"5":{"start":{"line":20,"column":22},"end":{"line":20,"column":50}},"6":{"start":{"line":23,"column":25},"end":{"line":23,"column":null}},"7":{"start":{"line":26,"column":32},"end":{"line":31,"column":null}},"8":{"start":{"line":36,"column":31},"end":{"line":41,"column":null}},"9":{"start":{"line":41,"column":20},"end":{"line":41,"column":44}},"10":{"start":{"line":46,"column":28},"end":{"line":49,"column":null}},"11":{"start":{"line":54,"column":33},"end":{"line":60,"column":null}},"12":{"start":{"line":55,"column":2},"end":{"line":60,"column":null}},"13":{"start":{"line":62,"column":30},"end":{"line":70,"column":null}},"14":{"start":{"line":75,"column":30},"end":{"line":81,"column":null}}},"fnMap":{"0":{"name":"(anonymous_0)","decl":{"start":{"line":20,"column":13},"end":{"line":20,"column":14}},"loc":{"start":{"line":20,"column":22},"end":{"line":20,"column":50}},"line":20},"1":{"name":"(anonymous_1)","decl":{"start":{"line":41,"column":10},"end":{"line":41,"column":11}},"loc":{"start":{"line":41,"column":20},"end":{"line":41,"column":44}},"line":41},"2":{"name":"(anonymous_2)","decl":{"start":{"line":54,"column":33},"end":{"line":54,"column":58}},"loc":{"start":{"line":55,"column":2},"end":{"line":60,"column":null}},"line":55}},"branchMap":{},"s":{"0":1,"1":1,"2":1,"3":1,"4":1,"5":2,"6":1,"7":1,"8":1,"9":0,"10":1,"11":1,"12":0,"13":1,"14":1},"f":{"0":2,"1":0,"2":0},"b":{},"meta":{"lastBranch":0,"lastFunction":3,"lastStatement":15,"seen":{"s:5:24:5:Infinity":0,"s:8:26:8:Infinity":1,"s:11:26:11:Infinity":2,"s:14:27:14:Infinity":3,"s:17:27:21:Infinity":4,"f:20:13:20:14":0,"s:20:22:20:50":5,"s:23:25:23:Infinity":6,"s:26:32:31:Infinity":7,"s:36:31:41:Infinity":8,"f:41:10:41:11":1,"s:41:20:41:44":9,"s:46:28:49:Infinity":10,"s:54:33:60:Infinity":11,"f:54:33:54:58":2,"s:55:2:60:Infinity":12,"s:62:30:70:Infinity":13,"s:75:30:81:Infinity":14}}}
,"C:\\taly\\intelliFlow-CRM\\packages\\validators\\src\\contact.ts": {"path":"C:\\taly\\intelliFlow-CRM\\packages\\validators\\src\\contact.ts","statementMap":{"0":{"start":{"line":8,"column":35},"end":{"line":16,"column":null}},"1":{"start":{"line":21,"column":35},"end":{"line":30,"column":null}},"2":{"start":{"line":35,"column":34},"end":{"line":40,"column":null}},"3":{"start":{"line":45,"column":37},"end":{"line":58,"column":null}},"4":{"start":{"line":63,"column":41},"end":{"line":69,"column":null}}},"fnMap":{},"branchMap":{},"s":{"0":0,"1":0,"2":0,"3":0,"4":0},"f":{},"b":{},"meta":{"lastBranch":0,"lastFunction":0,"lastStatement":5,"seen":{"s:8:35:16:Infinity":0,"s:21:35:30:Infinity":1,"s:35:34:40:Infinity":2,"s:45:37:58:Infinity":3,"s:63:41:69:Infinity":4}}}
,"C:\\taly\\intelliFlow-CRM\\packages\\validators\\src\\index.ts": {"path":"C:\\taly\\intelliFlow-CRM\\packages\\validators\\src\\index.ts","statementMap":{},"fnMap":{},"branchMap":{},"s":{},"f":{},"b":{},"meta":{"lastBranch":0,"lastFunction":0,"lastStatement":0,"seen":{}}}
,"C:\\taly\\intelliFlow-CRM\\packages\\validators\\src\\lead.ts": {"path":"C:\\taly\\intelliFlow-CRM\\packages\\validators\\src\\lead.ts","statementMap":{"0":{"start":{"line":8,"column":32},"end":{"line":16,"column":null}},"1":{"start":{"line":18,"column":32},"end":{"line":25,"column":null}},"2":{"start":{"line":31,"column":32},"end":{"line":39,"column":null}},"3":{"start":{"line":44,"column":32},"end":{"line":54,"column":null}},"4":{"start":{"line":59,"column":31},"end":{"line":70,"column":null}},"5":{"start":{"line":75,"column":37},"end":{"line":80,"column":null}},"6":{"start":{"line":85,"column":33},"end":{"line":88,"column":null}},"7":{"start":{"line":93,"column":33},"end":{"line":98,"column":null}},"8":{"start":{"line":103,"column":31},"end":{"line":112,"column":null}},"9":{"start":{"line":117,"column":34},"end":{"line":131,"column":null}},"10":{"start":{"line":136,"column":38},"end":{"line":142,"column":null}}},"fnMap":{},"branchMap":{},"s":{"0":1,"1":1,"2":1,"3":1,"4":1,"5":1,"6":1,"7":1,"8":1,"9":1,"10":1},"f":{},"b":{},"meta":{"lastBranch":0,"lastFunction":0,"lastStatement":11,"seen":{"s:8:32:16:Infinity":0,"s:18:32:25:Infinity":1,"s:31:32:39:Infinity":2,"s:44:32:54:Infinity":3,"s:59:31:70:Infinity":4,"s:75:37:80:Infinity":5,"s:85:33:88:Infinity":6,"s:93:33:98:Infinity":7,"s:103:31:112:Infinity":8,"s:117:34:131:Infinity":9,"s:136:38:142:Infinity":10}}}
,"C:\\taly\\intelliFlow-CRM\\packages\\validators\\src\\opportunity.ts": {"path":"C:\\taly\\intelliFlow-CRM\\packages\\validators\\src\\opportunity.ts","statementMap":{"0":{"start":{"line":8,"column":38},"end":{"line":16,"column":null}},"1":{"start":{"line":21,"column":39},"end":{"line":30,"column":null}},"2":{"start":{"line":35,"column":39},"end":{"line":45,"column":null}},"3":{"start":{"line":50,"column":38},"end":{"line":62,"column":null}},"4":{"start":{"line":67,"column":41},"end":{"line":81,"column":null}},"5":{"start":{"line":86,"column":45},"end":{"line":92,"column":null}}},"fnMap":{},"branchMap":{},"s":{"0":0,"1":0,"2":0,"3":0,"4":0,"5":0},"f":{},"b":{},"meta":{"lastBranch":0,"lastFunction":0,"lastStatement":6,"seen":{"s:8:38:16:Infinity":0,"s:21:39:30:Infinity":1,"s:35:39:45:Infinity":2,"s:50:38:62:Infinity":3,"s:67:41:81:Infinity":4,"s:86:45:92:Infinity":5}}}
,"C:\\taly\\intelliFlow-CRM\\packages\\validators\\src\\task.ts": {"path":"C:\\taly\\intelliFlow-CRM\\packages\\validators\\src\\task.ts","statementMap":{"0":{"start":{"line":8,"column":34},"end":{"line":8,"column":null}},"1":{"start":{"line":9,"column":32},"end":{"line":9,"column":null}},"2":{"start":{"line":15,"column":32},"end":{"line":24,"column":null}},"3":{"start":{"line":29,"column":32},"end":{"line":39,"column":null}},"4":{"start":{"line":44,"column":31},"end":{"line":55,"column":null}},"5":{"start":{"line":60,"column":34},"end":{"line":74,"column":null}},"6":{"start":{"line":79,"column":38},"end":{"line":85,"column":null}},"7":{"start":{"line":90,"column":34},"end":{"line":93,"column":null}}},"fnMap":{},"branchMap":{},"s":{"0":0,"1":0,"2":0,"3":0,"4":0,"5":0,"6":0,"7":0},"f":{},"b":{},"meta":{"lastBranch":0,"lastFunction":0,"lastStatement":8,"seen":{"s:8:34:8:Infinity":0,"s:9:32:9:Infinity":1,"s:15:32:24:Infinity":2,"s:29:32:39:Infinity":3,"s:44:31:55:Infinity":4,"s:60:34:74:Infinity":5,"s:79:38:85:Infinity":6,"s:90:34:93:Infinity":7}}}
}
