{"total": {"lines":{"total":451,"covered":270,"skipped":0,"pct":59.86},"statements":{"total":500,"covered":289,"skipped":0,"pct":57.8},"functions":{"total":161,"covered":92,"skipped":0,"pct":57.14},"branches":{"total":503,"covered":313,"skipped":0,"pct":62.22},"branchesTrue":{"total":0,"covered":0,"skipped":0,"pct":100}}
,"C:\\Users\\talys\\projects\\intelliFlow-CRM\\apps\\web\\src\\components\\cases\\CaseDetail.tsx": {"lines":{"total":60,"covered":60,"skipped":0,"pct":100},"functions":{"total":20,"covered":20,"skipped":0,"pct":100},"statements":{"total":61,"covered":61,"skipped":0,"pct":100},"branches":{"total":103,"covered":92,"skipped":0,"pct":89.32}}
,"C:\\Users\\talys\\projects\\intelliFlow-CRM\\apps\\web\\src\\components\\cases\\CaseForm.tsx": {"lines":{"total":73,"covered":0,"skipped":0,"pct":0},"functions":{"total":33,"covered":0,"skipped":0,"pct":0},"statements":{"total":86,"covered":0,"skipped":0,"pct":0},"branches":{"total":97,"covered":0,"skipped":0,"pct":0}}
,"C:\\Users\\talys\\projects\\intelliFlow-CRM\\apps\\web\\src\\components\\cases\\CaseList.tsx": {"lines":{"total":62,"covered":56,"skipped":0,"pct":90.32},"functions":{"total":39,"covered":27,"skipped":0,"pct":69.23},"statements":{"total":66,"covered":57,"skipped":0,"pct":86.36},"branches":{"total":68,"covered":67,"skipped":0,"pct":98.52}}
,"C:\\Users\\talys\\projects\\intelliFlow-CRM\\apps\\web\\src\\components\\cases\\DeadlineTracker.tsx": {"lines":{"total":31,"covered":30,"skipped":0,"pct":96.77},"functions":{"total":11,"covered":11,"skipped":0,"pct":100},"statements":{"total":37,"covered":35,"skipped":0,"pct":94.59},"branches":{"total":45,"covered":42,"skipped":0,"pct":93.33}}
,"C:\\Users\\talys\\projects\\intelliFlow-CRM\\apps\\web\\src\\components\\cases\\DocumentLinks.tsx": {"lines":{"total":25,"covered":25,"skipped":0,"pct":100},"functions":{"total":5,"covered":5,"skipped":0,"pct":100},"statements":{"total":27,"covered":27,"skipped":0,"pct":100},"branches":{"total":33,"covered":29,"skipped":0,"pct":87.87}}
,"C:\\Users\\talys\\projects\\intelliFlow-CRM\\apps\\web\\src\\components\\cases\\PartyManager.tsx": {"lines":{"total":58,"covered":58,"skipped":0,"pct":100},"functions":{"total":20,"covered":20,"skipped":0,"pct":100},"statements":{"total":61,"covered":60,"skipped":0,"pct":98.36},"branches":{"total":50,"covered":46,"skipped":0,"pct":92}}
,"C:\\Users\\talys\\projects\\intelliFlow-CRM\\apps\\web\\src\\lib\\cases\\case-utils.ts": {"lines":{"total":41,"covered":41,"skipped":0,"pct":100},"functions":{"total":9,"covered":9,"skipped":0,"pct":100},"statements":{"total":49,"covered":49,"skipped":0,"pct":100},"branches":{"total":37,"covered":37,"skipped":0,"pct":100}}
,"C:\\Users\\talys\\projects\\intelliFlow-CRM\\apps\\web\\src\\lib\\cases\\reminders-service.ts": {"lines":{"total":101,"covered":0,"skipped":0,"pct":0},"functions":{"total":24,"covered":0,"skipped":0,"pct":0},"statements":{"total":113,"covered":0,"skipped":0,"pct":0},"branches":{"total":70,"covered":0,"skipped":0,"pct":0}}
}
