{"C:\\Users\\talys\\projects\\intelliFlow-CRM\\apps\\web\\src\\components\\notifications\\NotificationBell.tsx": {"path":"C:\\Users\\talys\\projects\\intelliFlow-CRM\\apps\\web\\src\\components\\notifications\\NotificationBell.tsx","statementMap":{"0":{"start":{"line":9,"column":0},"end":{"line":9,"column":null}},"1":{"start":{"line":19,"column":26},"end":{"line":19,"column":null}},"2":{"start":{"line":20,"column":16},"end":{"line":20,"column":null}},"3":{"start":{"line":21,"column":26},"end":{"line":21,"column":null}},"4":{"start":{"line":24,"column":31},"end":{"line":27,"column":null}},"5":{"start":{"line":30,"column":31},"end":{"line":33,"column":null}},"6":{"start":{"line":36,"column":8},"end":{"line":39,"column":null}},"7":{"start":{"line":37,"column":4},"end":{"line":37,"column":null}},"8":{"start":{"line":38,"column":4},"end":{"line":38,"column":null}},"9":{"start":{"line":41,"column":2},"end":{"line":44,"column":null}},"10":{"start":{"line":46,"column":22},"end":{"line":46,"column":null}},"11":{"start":{"line":47,"column":30},"end":{"line":47,"column":null}},"12":{"start":{"line":49,"column":2},"end":{"line":114,"column":null}},"13":{"start":{"line":79,"column":22},"end":{"line":79,"column":null}},"14":{"start":{"line":80,"column":16},"end":{"line":98,"column":null}},"15":{"start":{"line":108,"column":27},"end":{"line":108,"column":null}}},"fnMap":{"0":{"name":"NotificationBell","decl":{"start":{"line":18,"column":16},"end":{"line":18,"column":35}},"loc":{"start":{"line":18,"column":35},"end":{"line":116,"column":null}},"line":18},"1":{"name":"(anonymous_1)","decl":{"start":{"line":36,"column":44},"end":{"line":36,"column":50}},"loc":{"start":{"line":36,"column":50},"end":{"line":39,"column":5}},"line":36},"2":{"name":"(anonymous_2)","decl":{"start":{"line":78,"column":39},"end":{"line":78,"column":40}},"loc":{"start":{"line":78,"column":46},"end":{"line":100,"column":15}},"line":78},"3":{"name":"(anonymous_3)","decl":{"start":{"line":108,"column":21},"end":{"line":108,"column":27}},"loc":{"start":{"line":108,"column":27},"end":{"line":108,"column":null}},"line":108}},"branchMap":{"0":{"loc":{"start":{"line":32,"column":15},"end":{"line":32,"column":41}},"type":"binary-expr","locations":[{"start":{"line":32,"column":15},"end":{"line":32,"column":34}},{"start":{"line":32,"column":34},"end":{"line":32,"column":41}}],"line":32},"1":{"loc":{"start":{"line":46,"column":22},"end":{"line":46,"column":null}},"type":"binary-expr","locations":[{"start":{"line":46,"column":22},"end":{"line":46,"column":43}},{"start":{"line":46,"column":43},"end":{"line":46,"column":null}}],"line":46},"2":{"loc":{"start":{"line":47,"column":30},"end":{"line":47,"column":null}},"type":"binary-expr","locations":[{"start":{"line":47,"column":30},"end":{"line":47,"column":59}},{"start":{"line":47,"column":59},"end":{"line":47,"column":null}}],"line":47},"3":{"loc":{"start":{"line":59,"column":11},"end":{"line":62,"column":null}},"type":"binary-expr","locations":[{"start":{"line":59,"column":11},"end":{"line":59,"column":null}},{"start":{"line":60,"column":12},"end":{"line":62,"column":null}}],"line":59},"4":{"loc":{"start":{"line":61,"column":15},"end":{"line":61,"column":null}},"type":"cond-expr","locations":[{"start":{"line":61,"column":33},"end":{"line":61,"column":40}},{"start":{"line":61,"column":40},"end":{"line":61,"column":null}}],"line":61},"5":{"loc":{"start":{"line":69,"column":11},"end":{"line":70,"column":null}},"type":"binary-expr","locations":[{"start":{"line":69,"column":11},"end":{"line":69,"column":null}},{"start":{"line":70,"column":12},"end":{"line":70,"column":null}}],"line":69},"6":{"loc":{"start":{"line":74,"column":11},"end":{"line":101,"column":null}},"type":"cond-expr","locations":[{"start":{"line":75,"column":12},"end":{"line":75,"column":null}},{"start":{"line":77,"column":12},"end":{"line":101,"column":null}}],"line":74},"7":{"loc":{"start":{"line":83,"column":67},"end":{"line":83,"column":121}},"type":"cond-expr","locations":[{"start":{"line":83,"column":79},"end":{"line":83,"column":119}},{"start":{"line":83,"column":119},"end":{"line":83,"column":121}}],"line":83}},"s":{"0":1,"1":15,"2":15,"3":15,"4":15,"5":15,"6":15,"7":1,"8":1,"9":15,"10":15,"11":15,"12":15,"13":2,"14":2,"15":0},"f":{"0":15,"1":1,"2":2,"3":0},"b":{"0":[15,15],"1":[15,0],"2":[15,13],"3":[15,14],"4":[1,13],"5":[15,14],"6":[14,1],"7":[1,1]},"meta":{"lastBranch":8,"lastFunction":4,"lastStatement":16,"seen":{"s:9:0:9:Infinity":0,"f:18:16:18:35":0,"s:19:26:19:Infinity":1,"s:20:16:20:Infinity":2,"s:21:26:21:Infinity":3,"s:24:31:27:Infinity":4,"s:30:31:33:Infinity":5,"b:32:15:32:34:32:34:32:41":0,"s:36:8:39:Infinity":6,"f:36:44:36:50":1,"s:37:4:37:Infinity":7,"s:38:4:38:Infinity":8,"s:41:2:44:Infinity":9,"s:46:22:46:Infinity":10,"b:46:22:46:43:46:43:46:Infinity":1,"s:47:30:47:Infinity":11,"b:47:30:47:59:47:59:47:Infinity":2,"s:49:2:114:Infinity":12,"b:59:11:59:Infinity:60:12:62:Infinity":3,"b:61:33:61:40:61:40:61:Infinity":4,"b:69:11:69:Infinity:70:12:70:Infinity":5,"b:75:12:75:Infinity:77:12:101:Infinity":6,"f:78:39:78:40":2,"s:79:22:79:Infinity":13,"s:80:16:98:Infinity":14,"b:83:79:83:119:83:119:83:121":7,"f:108:21:108:27":3,"s:108:27:108:Infinity":15}}}
,"C:\\Users\\talys\\projects\\intelliFlow-CRM\\apps\\web\\src\\components\\notifications\\NotificationFilters.tsx": {"path":"C:\\Users\\talys\\projects\\intelliFlow-CRM\\apps\\web\\src\\components\\notifications\\NotificationFilters.tsx","statementMap":{"0":{"start":{"line":29,"column":49},"end":{"line":33,"column":null}},"1":{"start":{"line":48,"column":8},"end":{"line":48,"column":null}},"2":{"start":{"line":50,"column":4},"end":{"line":50,"column":null}},"3":{"start":{"line":52,"column":2},"end":{"line":147,"column":null}},"4":{"start":{"line":63,"column":29},"end":{"line":63,"column":null}},"5":{"start":{"line":78,"column":16},"end":{"line":88,"column":null}},"6":{"start":{"line":81,"column":20},"end":{"line":86,"column":null}},"7":{"start":{"line":84,"column":36},"end":{"line":84,"column":74}},"8":{"start":{"line":111,"column":27},"end":{"line":111,"column":null}},"9":{"start":{"line":113,"column":12},"end":{"line":113,"column":null}},"10":{"start":{"line":115,"column":10},"end":{"line":134,"column":null}},"11":{"start":{"line":121,"column":29},"end":{"line":121,"column":null}}},"fnMap":{"0":{"name":"NotificationFilters","decl":{"start":{"line":35,"column":16},"end":{"line":35,"column":36}},"loc":{"start":{"line":47,"column":29},"end":{"line":149,"column":null}},"line":47},"1":{"name":"(anonymous_1)","decl":{"start":{"line":63,"column":22},"end":{"line":63,"column":23}},"loc":{"start":{"line":63,"column":29},"end":{"line":63,"column":null}},"line":63},"2":{"name":"(anonymous_2)","decl":{"start":{"line":77,"column":46},"end":{"line":77,"column":47}},"loc":{"start":{"line":78,"column":16},"end":{"line":88,"column":null}},"line":78},"3":{"name":"(anonymous_3)","decl":{"start":{"line":80,"column":29},"end":{"line":80,"column":30}},"loc":{"start":{"line":81,"column":20},"end":{"line":86,"column":null}},"line":81},"4":{"name":"(anonymous_4)","decl":{"start":{"line":84,"column":29},"end":{"line":84,"column":30}},"loc":{"start":{"line":84,"column":36},"end":{"line":84,"column":74}},"line":84},"5":{"name":"(anonymous_5)","decl":{"start":{"line":110,"column":18},"end":{"line":110,"column":19}},"loc":{"start":{"line":110,"column":27},"end":{"line":136,"column":9}},"line":110},"6":{"name":"(anonymous_6)","decl":{"start":{"line":121,"column":23},"end":{"line":121,"column":29}},"loc":{"start":{"line":121,"column":29},"end":{"line":121,"column":null}},"line":121}},"branchMap":{"0":{"loc":{"start":{"line":50,"column":4},"end":{"line":50,"column":null}},"type":"binary-expr","locations":[{"start":{"line":50,"column":4},"end":{"line":50,"column":26}},{"start":{"line":50,"column":26},"end":{"line":50,"column":47}},{"start":{"line":50,"column":47},"end":{"line":50,"column":72}},{"start":{"line":50,"column":72},"end":{"line":50,"column":null}}],"line":50},"1":{"loc":{"start":{"line":113,"column":12},"end":{"line":113,"column":null}},"type":"cond-expr","locations":[{"start":{"line":113,"column":34},"end":{"line":113,"column":48}},{"start":{"line":113,"column":48},"end":{"line":113,"column":null}}],"line":113},"2":{"loc":{"start":{"line":113,"column":48},"end":{"line":113,"column":null}},"type":"cond-expr","locations":[{"start":{"line":113,"column":68},"end":{"line":113,"column":88}},{"start":{"line":113,"column":88},"end":{"line":113,"column":null}}],"line":113},"3":{"loc":{"start":{"line":123,"column":16},"end":{"line":125,"column":null}},"type":"cond-expr","locations":[{"start":{"line":124,"column":20},"end":{"line":124,"column":null}},{"start":{"line":125,"column":20},"end":{"line":125,"column":null}}],"line":123},"4":{"loc":{"start":{"line":129,"column":15},"end":{"line":132,"column":null}},"type":"binary-expr","locations":[{"start":{"line":129,"column":15},"end":{"line":129,"column":38}},{"start":{"line":129,"column":38},"end":{"line":129,"column":null}},{"start":{"line":130,"column":16},"end":{"line":132,"column":null}}],"line":129},"5":{"loc":{"start":{"line":138,"column":9},"end":{"line":144,"column":null}},"type":"binary-expr","locations":[{"start":{"line":138,"column":9},"end":{"line":138,"column":null}},{"start":{"line":139,"column":10},"end":{"line":144,"column":null}}],"line":138}},"s":{"0":1,"1":19,"2":19,"3":19,"4":1,"5":171,"6":665,"7":1463,"8":57,"9":57,"10":57,"11":2},"f":{"0":19,"1":1,"2":171,"3":665,"4":1463,"5":57,"6":2},"b":{"0":[19,17,17,17],"1":[19,38],"2":[19,19],"3":[19,38],"4":[57,38,38],"5":[19,3]},"meta":{"lastBranch":6,"lastFunction":7,"lastStatement":12,"seen":{"s:29:49:33:Infinity":0,"f:35:16:35:36":0,"s:48:8:48:Infinity":1,"s:50:4:50:Infinity":2,"b:50:4:50:26:50:26:50:47:50:47:50:72:50:72:50:Infinity":0,"s:52:2:147:Infinity":3,"f:63:22:63:23":1,"s:63:29:63:Infinity":4,"f:77:46:77:47":2,"s:78:16:88:Infinity":5,"f:80:29:80:30":3,"s:81:20:86:Infinity":6,"f:84:29:84:30":4,"s:84:36:84:74":7,"f:110:18:110:19":5,"s:111:27:111:Infinity":8,"s:113:12:113:Infinity":9,"b:113:34:113:48:113:48:113:Infinity":1,"b:113:68:113:88:113:88:113:Infinity":2,"s:115:10:134:Infinity":10,"f:121:23:121:29":6,"s:121:29:121:Infinity":11,"b:124:20:124:Infinity:125:20:125:Infinity":3,"b:129:15:129:38:129:38:129:Infinity:130:16:132:Infinity":4,"b:138:9:138:Infinity:139:10:144:Infinity":5}}}
,"C:\\Users\\talys\\projects\\intelliFlow-CRM\\apps\\web\\src\\components\\notifications\\NotificationItem.tsx": {"path":"C:\\Users\\talys\\projects\\intelliFlow-CRM\\apps\\web\\src\\components\\notifications\\NotificationItem.tsx","statementMap":{"0":{"start":{"line":24,"column":32},"end":{"line":140,"column":null}},"1":{"start":{"line":29,"column":8},"end":{"line":29,"column":null}},"2":{"start":{"line":30,"column":8},"end":{"line":30,"column":null}},"3":{"start":{"line":32,"column":19},"end":{"line":32,"column":null}},"4":{"start":{"line":33,"column":19},"end":{"line":33,"column":null}},"5":{"start":{"line":34,"column":21},"end":{"line":34,"column":null}},"6":{"start":{"line":36,"column":2},"end":{"line":138,"column":null}},"7":{"start":{"line":114,"column":33},"end":{"line":114,"column":null}},"8":{"start":{"line":127,"column":31},"end":{"line":127,"column":null}}},"fnMap":{"0":{"name":"NotificationItem2","decl":{"start":{"line":24,"column":52},"end":{"line":24,"column":69}},"loc":{"start":{"line":28,"column":26},"end":{"line":140,"column":1}},"line":28},"1":{"name":"(anonymous_1)","decl":{"start":{"line":114,"column":27},"end":{"line":114,"column":33}},"loc":{"start":{"line":114,"column":33},"end":{"line":114,"column":null}},"line":114},"2":{"name":"(anonymous_2)","decl":{"start":{"line":127,"column":25},"end":{"line":127,"column":31}},"loc":{"start":{"line":127,"column":31},"end":{"line":127,"column":null}},"line":127}},"branchMap":{"0":{"loc":{"start":{"line":39,"column":8},"end":{"line":43,"column":null}},"type":"cond-expr","locations":[{"start":{"line":40,"column":12},"end":{"line":40,"column":null}},{"start":{"line":41,"column":12},"end":{"line":43,"column":null}}],"line":39},"1":{"loc":{"start":{"line":41,"column":12},"end":{"line":43,"column":null}},"type":"cond-expr","locations":[{"start":{"line":42,"column":14},"end":{"line":42,"column":null}},{"start":{"line":43,"column":14},"end":{"line":43,"column":null}}],"line":41},"2":{"loc":{"start":{"line":47,"column":7},"end":{"line":50,"column":null}},"type":"binary-expr","locations":[{"start":{"line":47,"column":7},"end":{"line":47,"column":null}},{"start":{"line":48,"column":8},"end":{"line":50,"column":null}}],"line":47},"3":{"loc":{"start":{"line":65,"column":36},"end":{"line":65,"column":74}},"type":"cond-expr","locations":[{"start":{"line":65,"column":47},"end":{"line":65,"column":61}},{"start":{"line":65,"column":61},"end":{"line":65,"column":74}}],"line":65},"4":{"loc":{"start":{"line":69,"column":13},"end":{"line":74,"column":null}},"type":"binary-expr","locations":[{"start":{"line":69,"column":13},"end":{"line":69,"column":49}},{"start":{"line":69,"column":49},"end":{"line":69,"column":null}},{"start":{"line":70,"column":14},"end":{"line":74,"column":null}}],"line":69},"5":{"loc":{"start":{"line":76,"column":13},"end":{"line":76,"column":null}},"type":"binary-expr","locations":[{"start":{"line":76,"column":13},"end":{"line":76,"column":25}},{"start":{"line":76,"column":25},"end":{"line":76,"column":null}}],"line":76},"6":{"loc":{"start":{"line":83,"column":32},"end":{"line":83,"column":118}},"type":"cond-expr","locations":[{"start":{"line":83,"column":43},"end":{"line":83,"column":82}},{"start":{"line":83,"column":82},"end":{"line":83,"column":118}}],"line":83},"7":{"loc":{"start":{"line":93,"column":11},"end":{"line":100,"column":null}},"type":"binary-expr","locations":[{"start":{"line":93,"column":11},"end":{"line":93,"column":null}},{"start":{"line":94,"column":12},"end":{"line":100,"column":null}}],"line":93},"8":{"loc":{"start":{"line":107,"column":153},"end":{"line":107,"column":234}},"type":"cond-expr","locations":[{"start":{"line":107,"column":164},"end":{"line":107,"column":206}},{"start":{"line":107,"column":206},"end":{"line":107,"column":234}}],"line":107},"9":{"loc":{"start":{"line":110,"column":11},"end":{"line":122,"column":null}},"type":"binary-expr","locations":[{"start":{"line":110,"column":11},"end":{"line":110,"column":null}},{"start":{"line":111,"column":12},"end":{"line":122,"column":null}}],"line":110}},"s":{"0":1,"1":20,"2":20,"3":20,"4":20,"5":20,"6":20,"7":1,"8":1},"f":{"0":20,"1":1,"2":1},"b":{"0":[1,19],"1":[16,3],"2":[20,20],"3":[17,3],"4":[20,1,1],"5":[20,17],"6":[17,3],"7":[20,19],"8":[1,19],"9":[20,17]},"meta":{"lastBranch":10,"lastFunction":3,"lastStatement":9,"seen":{"s:24:32:140:Infinity":0,"f:24:52:24:69":0,"s:29:8:29:Infinity":1,"s:30:8:30:Infinity":2,"s:32:19:32:Infinity":3,"s:33:19:33:Infinity":4,"s:34:21:34:Infinity":5,"s:36:2:138:Infinity":6,"b:40:12:40:Infinity:41:12:43:Infinity":0,"b:42:14:42:Infinity:43:14:43:Infinity":1,"b:47:7:47:Infinity:48:8:50:Infinity":2,"b:65:47:65:61:65:61:65:74":3,"b:69:13:69:49:69:49:69:Infinity:70:14:74:Infinity":4,"b:76:13:76:25:76:25:76:Infinity":5,"b:83:43:83:82:83:82:83:118":6,"b:93:11:93:Infinity:94:12:100:Infinity":7,"b:107:164:107:206:107:206:107:234":8,"b:110:11:110:Infinity:111:12:122:Infinity":9,"f:114:27:114:33":1,"s:114:33:114:Infinity":7,"f:127:25:127:31":2,"s:127:31:127:Infinity":8}}}
,"C:\\Users\\talys\\projects\\intelliFlow-CRM\\apps\\web\\src\\components\\notifications\\NotificationItemSkeleton.tsx": {"path":"C:\\Users\\talys\\projects\\intelliFlow-CRM\\apps\\web\\src\\components\\notifications\\NotificationItemSkeleton.tsx","statementMap":{"0":{"start":{"line":5,"column":2},"end":{"line":16,"column":null}}},"fnMap":{"0":{"name":"NotificationItemSkeleton","decl":{"start":{"line":4,"column":16},"end":{"line":4,"column":43}},"loc":{"start":{"line":4,"column":43},"end":{"line":18,"column":null}},"line":4}},"branchMap":{},"s":{"0":0},"f":{"0":0},"b":{},"meta":{"lastBranch":0,"lastFunction":1,"lastStatement":1,"seen":{"f:4:16:4:43":0,"s:5:2:16:Infinity":0}}}
,"C:\\Users\\talys\\projects\\intelliFlow-CRM\\apps\\web\\src\\components\\notifications\\NotificationList.tsx": {"path":"C:\\Users\\talys\\projects\\intelliFlow-CRM\\apps\\web\\src\\components\\notifications\\NotificationList.tsx","statementMap":{"0":{"start":{"line":15,"column":100},"end":{"line":16,"column":null}},"1":{"start":{"line":19,"column":8},"end":{"line":19,"column":null}},"2":{"start":{"line":21,"column":2},"end":{"line":36,"column":null}},"3":{"start":{"line":22,"column":21},"end":{"line":22,"column":null}},"4":{"start":{"line":23,"column":4},"end":{"line":23,"column":null}},"5":{"start":{"line":23,"column":66},"end":{"line":23,"column":null}},"6":{"start":{"line":25,"column":21},"end":{"line":32,"column":null}},"7":{"start":{"line":27,"column":8},"end":{"line":29,"column":null}},"8":{"start":{"line":28,"column":10},"end":{"line":28,"column":null}},"9":{"start":{"line":34,"column":4},"end":{"line":34,"column":null}},"10":{"start":{"line":35,"column":4},"end":{"line":35,"column":null}},"11":{"start":{"line":35,"column":17},"end":{"line":35,"column":null}},"12":{"start":{"line":39,"column":4},"end":{"line":42,"column":null}},"13":{"start":{"line":45,"column":2},"end":{"line":53,"column":null}},"14":{"start":{"line":46,"column":4},"end":{"line":51,"column":null}},"15":{"start":{"line":49,"column":10},"end":{"line":49,"column":null}},"16":{"start":{"line":56,"column":2},"end":{"line":72,"column":null}},"17":{"start":{"line":57,"column":4},"end":{"line":70,"column":null}},"18":{"start":{"line":65,"column":25},"end":{"line":65,"column":null}},"19":{"start":{"line":75,"column":2},"end":{"line":92,"column":null}},"20":{"start":{"line":76,"column":4},"end":{"line":90,"column":null}},"21":{"start":{"line":94,"column":2},"end":{"line":115,"column":null}},"22":{"start":{"line":97,"column":8},"end":{"line":102,"column":null}}},"fnMap":{"0":{"name":"NotificationList","decl":{"start":{"line":14,"column":16},"end":{"line":14,"column":33}},"loc":{"start":{"line":14,"column":94},"end":{"line":117,"column":null}},"line":14},"1":{"name":"(anonymous_1)","decl":{"start":{"line":21,"column":12},"end":{"line":21,"column":18}},"loc":{"start":{"line":21,"column":18},"end":{"line":36,"column":5}},"line":21},"2":{"name":"(anonymous_2)","decl":{"start":{"line":26,"column":6},"end":{"line":26,"column":7}},"loc":{"start":{"line":26,"column":19},"end":{"line":30,"column":null}},"line":26},"3":{"name":"(anonymous_3)","decl":{"start":{"line":35,"column":11},"end":{"line":35,"column":17}},"loc":{"start":{"line":35,"column":17},"end":{"line":35,"column":null}},"line":35},"4":{"name":"(anonymous_4)","decl":{"start":{"line":48,"column":29},"end":{"line":48,"column":30}},"loc":{"start":{"line":49,"column":10},"end":{"line":49,"column":null}},"line":49},"5":{"name":"(anonymous_5)","decl":{"start":{"line":65,"column":19},"end":{"line":65,"column":25}},"loc":{"start":{"line":65,"column":25},"end":{"line":65,"column":null}},"line":65},"6":{"name":"(anonymous_6)","decl":{"start":{"line":96,"column":17},"end":{"line":96,"column":18}},"loc":{"start":{"line":97,"column":8},"end":{"line":102,"column":null}},"line":97}},"branchMap":{"0":{"loc":{"start":{"line":23,"column":4},"end":{"line":23,"column":null}},"type":"if","locations":[{"start":{"line":23,"column":4},"end":{"line":23,"column":null}},{"start":{},"end":{}}],"line":23},"1":{"loc":{"start":{"line":23,"column":8},"end":{"line":23,"column":66}},"type":"binary-expr","locations":[{"start":{"line":23,"column":8},"end":{"line":23,"column":21}},{"start":{"line":23,"column":21},"end":{"line":23,"column":66}}],"line":23},"2":{"loc":{"start":{"line":27,"column":8},"end":{"line":29,"column":null}},"type":"if","locations":[{"start":{"line":27,"column":8},"end":{"line":29,"column":null}},{"start":{},"end":{}}],"line":27},"3":{"loc":{"start":{"line":27,"column":12},"end":{"line":27,"column":78}},"type":"binary-expr","locations":[{"start":{"line":27,"column":12},"end":{"line":27,"column":42}},{"start":{"line":27,"column":42},"end":{"line":27,"column":57}},{"start":{"line":27,"column":57},"end":{"line":27,"column":78}}],"line":27},"4":{"loc":{"start":{"line":39,"column":4},"end":{"line":42,"column":null}},"type":"binary-expr","locations":[{"start":{"line":39,"column":4},"end":{"line":39,"column":null}},{"start":{"line":40,"column":4},"end":{"line":40,"column":null}},{"start":{"line":41,"column":4},"end":{"line":41,"column":null}},{"start":{"line":42,"column":4},"end":{"line":42,"column":null}}],"line":39},"5":{"loc":{"start":{"line":45,"column":2},"end":{"line":53,"column":null}},"type":"if","locations":[{"start":{"line":45,"column":2},"end":{"line":53,"column":null}},{"start":{},"end":{}}],"line":45},"6":{"loc":{"start":{"line":56,"column":2},"end":{"line":72,"column":null}},"type":"if","locations":[{"start":{"line":56,"column":2},"end":{"line":72,"column":null}},{"start":{},"end":{}}],"line":56},"7":{"loc":{"start":{"line":75,"column":2},"end":{"line":92,"column":null}},"type":"if","locations":[{"start":{"line":75,"column":2},"end":{"line":92,"column":null}},{"start":{},"end":{}}],"line":75},"8":{"loc":{"start":{"line":88,"column":11},"end":{"line":88,"column":null}},"type":"cond-expr","locations":[{"start":{"line":88,"column":30},"end":{"line":88,"column":71}},{"start":{"line":88,"column":71},"end":{"line":88,"column":null}}],"line":88},"9":{"loc":{"start":{"line":109,"column":7},"end":{"line":113,"column":null}},"type":"binary-expr","locations":[{"start":{"line":109,"column":7},"end":{"line":109,"column":null}},{"start":{"line":110,"column":8},"end":{"line":113,"column":null}}],"line":109}},"s":{"0":10,"1":10,"2":10,"3":10,"4":10,"5":5,"6":5,"7":2,"8":1,"9":5,"10":5,"11":5,"12":10,"13":10,"14":1,"15":5,"16":9,"17":1,"18":1,"19":8,"20":3,"21":5,"22":10},"f":{"0":10,"1":10,"2":2,"3":5,"4":5,"5":1,"6":10},"b":{"0":[5,5],"1":[10,5],"2":[1,1],"3":[2,2,1],"4":[10,8,8,8],"5":[1,9],"6":[1,8],"7":[3,5],"8":[2,1],"9":[5,1]},"meta":{"lastBranch":10,"lastFunction":7,"lastStatement":23,"seen":{"f:14:16:14:33":0,"s:15:100:16:Infinity":0,"s:19:8:19:Infinity":1,"s:21:2:36:Infinity":2,"f:21:12:21:18":1,"s:22:21:22:Infinity":3,"b:23:4:23:Infinity:undefined:undefined:undefined:undefined":0,"s:23:4:23:Infinity":4,"b:23:8:23:21:23:21:23:66":1,"s:23:66:23:Infinity":5,"s:25:21:32:Infinity":6,"f:26:6:26:7":2,"b:27:8:29:Infinity:undefined:undefined:undefined:undefined":2,"s:27:8:29:Infinity":7,"b:27:12:27:42:27:42:27:57:27:57:27:78":3,"s:28:10:28:Infinity":8,"s:34:4:34:Infinity":9,"s:35:4:35:Infinity":10,"f:35:11:35:17":3,"s:35:17:35:Infinity":11,"s:39:4:42:Infinity":12,"b:39:4:39:Infinity:40:4:40:Infinity:41:4:41:Infinity:42:4:42:Infinity":4,"b:45:2:53:Infinity:undefined:undefined:undefined:undefined":5,"s:45:2:53:Infinity":13,"s:46:4:51:Infinity":14,"f:48:29:48:30":4,"s:49:10:49:Infinity":15,"b:56:2:72:Infinity:undefined:undefined:undefined:undefined":6,"s:56:2:72:Infinity":16,"s:57:4:70:Infinity":17,"f:65:19:65:25":5,"s:65:25:65:Infinity":18,"b:75:2:92:Infinity:undefined:undefined:undefined:undefined":7,"s:75:2:92:Infinity":19,"s:76:4:90:Infinity":20,"b:88:30:88:71:88:71:88:Infinity":8,"s:94:2:115:Infinity":21,"f:96:17:96:18":6,"s:97:8:102:Infinity":22,"b:109:7:109:Infinity:110:8:113:Infinity":9}}}
,"C:\\Users\\talys\\projects\\intelliFlow-CRM\\apps\\web\\src\\components\\notifications\\notification-utils.ts": {"path":"C:\\Users\\talys\\projects\\intelliFlow-CRM\\apps\\web\\src\\components\\notifications\\notification-utils.ts","statementMap":{"0":{"start":{"line":12,"column":49},"end":{"line":302,"column":null}},"1":{"start":{"line":304,"column":35},"end":{"line":311,"column":null}},"2":{"start":{"line":313,"column":71},"end":{"line":335,"column":null}},"3":{"start":{"line":339,"column":2},"end":{"line":339,"column":null}},"4":{"start":{"line":344,"column":2},"end":{"line":344,"column":null}},"5":{"start":{"line":349,"column":15},"end":{"line":349,"column":null}},"6":{"start":{"line":350,"column":2},"end":{"line":350,"column":null}},"7":{"start":{"line":350,"column":29},"end":{"line":350,"column":null}},"8":{"start":{"line":352,"column":14},"end":{"line":352,"column":null}},"9":{"start":{"line":353,"column":17},"end":{"line":353,"column":null}},"10":{"start":{"line":356,"column":2},"end":{"line":356,"column":null}},"11":{"start":{"line":356,"column":22},"end":{"line":356,"column":null}},"12":{"start":{"line":358,"column":19},"end":{"line":358,"column":null}},"13":{"start":{"line":359,"column":2},"end":{"line":359,"column":null}},"14":{"start":{"line":359,"column":21},"end":{"line":359,"column":null}},"15":{"start":{"line":361,"column":20},"end":{"line":361,"column":null}},"16":{"start":{"line":362,"column":2},"end":{"line":362,"column":null}},"17":{"start":{"line":362,"column":22},"end":{"line":362,"column":null}},"18":{"start":{"line":364,"column":19},"end":{"line":364,"column":null}},"19":{"start":{"line":365,"column":2},"end":{"line":365,"column":null}},"20":{"start":{"line":365,"column":20},"end":{"line":365,"column":null}},"21":{"start":{"line":367,"column":2},"end":{"line":367,"column":null}},"22":{"start":{"line":372,"column":53},"end":{"line":372,"column":null}},"23":{"start":{"line":373,"column":2},"end":{"line":378,"column":null}},"24":{"start":{"line":374,"column":4},"end":{"line":376,"column":null}},"25":{"start":{"line":375,"column":6},"end":{"line":375,"column":null}},"26":{"start":{"line":377,"column":4},"end":{"line":377,"column":null}},"27":{"start":{"line":379,"column":2},"end":{"line":379,"column":null}}},"fnMap":{"0":{"name":"getTypeConfig","decl":{"start":{"line":338,"column":16},"end":{"line":338,"column":30}},"loc":{"start":{"line":338,"column":56},"end":{"line":340,"column":null}},"line":338},"1":{"name":"getPriorityConfig","decl":{"start":{"line":343,"column":16},"end":{"line":343,"column":34}},"loc":{"start":{"line":343,"column":80},"end":{"line":345,"column":null}},"line":343},"2":{"name":"formatRelativeTime","decl":{"start":{"line":348,"column":16},"end":{"line":348,"column":35}},"loc":{"start":{"line":348,"column":69},"end":{"line":368,"column":null}},"line":348},"3":{"name":"getTypesByGroup","decl":{"start":{"line":371,"column":16},"end":{"line":371,"column":70}},"loc":{"start":{"line":371,"column":70},"end":{"line":380,"column":null}},"line":371}},"branchMap":{"0":{"loc":{"start":{"line":339,"column":9},"end":{"line":339,"column":null}},"type":"binary-expr","locations":[{"start":{"line":339,"column":9},"end":{"line":339,"column":31}},{"start":{"line":339,"column":31},"end":{"line":339,"column":null}}],"line":339},"1":{"loc":{"start":{"line":349,"column":15},"end":{"line":349,"column":null}},"type":"cond-expr","locations":[{"start":{"line":349,"column":43},"end":{"line":349,"column":55}},{"start":{"line":349,"column":55},"end":{"line":349,"column":null}}],"line":349},"2":{"loc":{"start":{"line":350,"column":2},"end":{"line":350,"column":null}},"type":"if","locations":[{"start":{"line":350,"column":2},"end":{"line":350,"column":null}},{"start":{},"end":{}}],"line":350},"3":{"loc":{"start":{"line":356,"column":2},"end":{"line":356,"column":null}},"type":"if","locations":[{"start":{"line":356,"column":2},"end":{"line":356,"column":null}},{"start":{},"end":{}}],"line":356},"4":{"loc":{"start":{"line":359,"column":2},"end":{"line":359,"column":null}},"type":"if","locations":[{"start":{"line":359,"column":2},"end":{"line":359,"column":null}},{"start":{},"end":{}}],"line":359},"5":{"loc":{"start":{"line":362,"column":2},"end":{"line":362,"column":null}},"type":"if","locations":[{"start":{"line":362,"column":2},"end":{"line":362,"column":null}},{"start":{},"end":{}}],"line":362},"6":{"loc":{"start":{"line":362,"column":49},"end":{"line":362,"column":73}},"type":"cond-expr","locations":[{"start":{"line":362,"column":65},"end":{"line":362,"column":71}},{"start":{"line":362,"column":71},"end":{"line":362,"column":73}}],"line":362},"7":{"loc":{"start":{"line":365,"column":2},"end":{"line":365,"column":null}},"type":"if","locations":[{"start":{"line":365,"column":2},"end":{"line":365,"column":null}},{"start":{},"end":{}}],"line":365},"8":{"loc":{"start":{"line":365,"column":45},"end":{"line":365,"column":68}},"type":"cond-expr","locations":[{"start":{"line":365,"column":60},"end":{"line":365,"column":66}},{"start":{"line":365,"column":66},"end":{"line":365,"column":68}}],"line":365},"9":{"loc":{"start":{"line":374,"column":4},"end":{"line":376,"column":null}},"type":"if","locations":[{"start":{"line":374,"column":4},"end":{"line":376,"column":null}},{"start":{},"end":{}}],"line":374}},"s":{"0":4,"1":4,"2":4,"3":67,"4":26,"5":30,"6":30,"7":1,"8":29,"9":29,"10":29,"11":4,"12":25,"13":25,"14":21,"15":4,"16":4,"17":4,"18":2,"19":2,"20":1,"21":1,"22":22,"23":22,"24":770,"25":198,"26":770,"27":22},"f":{"0":67,"1":26,"2":30,"3":22},"b":{"0":[67,1],"1":[22,8],"2":[1,29],"3":[4,25],"4":[21,4],"5":[2,2],"6":[1,1],"7":[1,1],"8":[1,0],"9":[198,572]},"meta":{"lastBranch":10,"lastFunction":4,"lastStatement":28,"seen":{"s:12:49:302:Infinity":0,"s:304:35:311:Infinity":1,"s:313:71:335:Infinity":2,"f:338:16:338:30":0,"s:339:2:339:Infinity":3,"b:339:9:339:31:339:31:339:Infinity":0,"f:343:16:343:34":1,"s:344:2:344:Infinity":4,"f:348:16:348:35":2,"s:349:15:349:Infinity":5,"b:349:43:349:55:349:55:349:Infinity":1,"b:350:2:350:Infinity:undefined:undefined:undefined:undefined":2,"s:350:2:350:Infinity":6,"s:350:29:350:Infinity":7,"s:352:14:352:Infinity":8,"s:353:17:353:Infinity":9,"b:356:2:356:Infinity:undefined:undefined:undefined:undefined":3,"s:356:2:356:Infinity":10,"s:356:22:356:Infinity":11,"s:358:19:358:Infinity":12,"b:359:2:359:Infinity:undefined:undefined:undefined:undefined":4,"s:359:2:359:Infinity":13,"s:359:21:359:Infinity":14,"s:361:20:361:Infinity":15,"b:362:2:362:Infinity:undefined:undefined:undefined:undefined":5,"s:362:2:362:Infinity":16,"s:362:22:362:Infinity":17,"b:362:65:362:71:362:71:362:73":6,"s:364:19:364:Infinity":18,"b:365:2:365:Infinity:undefined:undefined:undefined:undefined":7,"s:365:2:365:Infinity":19,"s:365:20:365:Infinity":20,"b:365:60:365:66:365:66:365:68":8,"s:367:2:367:Infinity":21,"f:371:16:371:70":3,"s:372:53:372:Infinity":22,"s:373:2:378:Infinity":23,"b:374:4:376:Infinity:undefined:undefined:undefined:undefined":9,"s:374:4:376:Infinity":24,"s:375:6:375:Infinity":25,"s:377:4:377:Infinity":26,"s:379:2:379:Infinity":27}}}
}
