TN:
SF:apps\api\src\modules\account\account-settings.router.ts
FN:31,generateFieldKey
FN:47,(anonymous_1)
FN:59,(anonymous_2)
FN:68,(anonymous_3)
FN:81,(anonymous_4)
FN:90,(anonymous_5)
FN:132,(anonymous_6)
FN:150,(anonymous_7)
FN:175,(anonymous_8)
FN:178,(anonymous_9)
FN:200,(anonymous_10)
FN:217,(anonymous_11)
FN:224,(anonymous_12)
FN:262,(anonymous_13)
FN:283,(anonymous_14)
FN:334,(anonymous_15)
FN:343,(anonymous_16)
FN:354,(anonymous_17)
FN:356,(anonymous_18)
FN:359,(anonymous_19)
FN:368,(anonymous_20)
FN:370,(anonymous_21)
FN:373,(anonymous_22)
FN:386,(anonymous_23)
FN:394,(anonymous_24)
FN:402,(anonymous_25)
FN:404,(anonymous_26)
FN:416,(anonymous_27)
FN:418,(anonymous_28)
FN:421,(anonymous_29)
FN:431,(anonymous_30)
FN:438,(anonymous_31)
FN:465,(anonymous_32)
FN:477,(anonymous_33)
FN:495,(anonymous_34)
FN:508,(anonymous_35)
FNF:36
FNH:36
FNDA:3,generateFieldKey
FNDA:2,(anonymous_1)
FNDA:1,(anonymous_2)
FNDA:1,(anonymous_3)
FNDA:1,(anonymous_4)
FNDA:3,(anonymous_5)
FNDA:2,(anonymous_6)
FNDA:3,(anonymous_7)
FNDA:1,(anonymous_8)
FNDA:1,(anonymous_9)
FNDA:12,(anonymous_10)
FNDA:1,(anonymous_11)
FNDA:3,(anonymous_12)
FNDA:2,(anonymous_13)
FNDA:2,(anonymous_14)
FNDA:2,(anonymous_15)
FNDA:3,(anonymous_16)
FNDA:1,(anonymous_17)
FNDA:1,(anonymous_18)
FNDA:1,(anonymous_19)
FNDA:1,(anonymous_20)
FNDA:1,(anonymous_21)
FNDA:3,(anonymous_22)
FNDA:2,(anonymous_23)
FNDA:6,(anonymous_24)
FNDA:1,(anonymous_25)
FNDA:1,(anonymous_26)
FNDA:1,(anonymous_27)
FNDA:1,(anonymous_28)
FNDA:6,(anonymous_29)
FNDA:1,(anonymous_30)
FNDA:2,(anonymous_31)
FNDA:2,(anonymous_32)
FNDA:2,(anonymous_33)
FNDA:2,(anonymous_34)
FNDA:1,(anonymous_35)
DA:32,3
DA:38,1
DA:46,1
DA:48,2
DA:49,2
DA:52,2
DA:54,1
DA:60,1
DA:61,1
DA:69,1
DA:70,1
DA:80,1
DA:82,1
DA:91,3
DA:92,3
DA:93,3
DA:94,1
DA:100,2
DA:103,2
DA:104,1
DA:110,1
DA:111,1
DA:112,1
DA:116,1
DA:119,1
DA:133,2
DA:134,2
DA:135,2
DA:138,2
DA:139,1
DA:142,1
DA:151,3
DA:152,3
DA:155,3
DA:156,1
DA:159,2
DA:163,2
DA:164,1
DA:168,1
DA:171,1
DA:172,1
DA:176,1
DA:178,1
DA:180,1
DA:181,12
DA:182,12
DA:200,12
DA:201,1
DA:206,1
DA:216,1
DA:218,1
DA:225,3
DA:226,3
DA:227,3
DA:228,1
DA:234,2
DA:237,2
DA:238,1
DA:244,1
DA:249,1
DA:263,2
DA:264,2
DA:265,2
DA:268,2
DA:269,1
DA:272,1
DA:284,2
DA:285,2
DA:288,2
DA:289,1
DA:291,1
DA:300,1
DA:306,1
DA:315,1
DA:333,1
DA:335,2
DA:336,2
DA:340,2
DA:342,1
DA:343,3
DA:346,1
DA:355,1
DA:356,1
DA:357,1
DA:358,1
DA:359,1
DA:361,1
DA:369,1
DA:370,1
DA:371,1
DA:372,1
DA:373,3
DA:375,1
DA:385,1
DA:387,2
DA:388,2
DA:391,2
DA:393,1
DA:394,6
DA:397,1
DA:403,1
DA:404,1
DA:405,1
DA:406,6
DA:412,1
DA:417,1
DA:418,1
DA:419,1
DA:420,1
DA:421,6
DA:423,1
DA:430,1
DA:432,1
DA:439,2
DA:440,2
DA:443,2
DA:444,1
DA:446,1
DA:447,1
DA:448,1
DA:452,1
DA:454,1
DA:466,2
DA:467,2
DA:468,2
DA:471,2
DA:472,1
DA:474,1
DA:478,2
DA:479,2
DA:482,2
DA:483,1
DA:485,1
DA:494,1
DA:496,2
DA:497,2
DA:500,2
DA:501,1
DA:509,1
DA:510,1
DA:520,1
LF:141
LH:141
BRDA:52,0,0,1
BRDA:52,0,1,1
BRDA:93,1,0,1
BRDA:93,1,1,2
BRDA:103,2,0,1
BRDA:103,2,1,1
BRDA:111,3,0,1
BRDA:111,3,1,0
BRDA:116,4,0,1
BRDA:116,4,1,0
BRDA:125,5,0,1
BRDA:125,5,1,1
BRDA:138,6,0,1
BRDA:138,6,1,1
BRDA:155,7,0,1
BRDA:155,7,1,2
BRDA:163,8,0,1
BRDA:163,8,1,1
BRDA:227,9,0,1
BRDA:227,9,1,2
BRDA:237,10,0,1
BRDA:237,10,1,1
BRDA:255,11,0,1
BRDA:255,11,1,1
BRDA:256,12,0,1
BRDA:256,12,1,1
BRDA:257,13,0,1
BRDA:257,13,1,0
BRDA:268,14,0,1
BRDA:268,14,1,1
BRDA:277,15,0,1
BRDA:277,15,1,1
BRDA:278,16,0,1
BRDA:278,16,1,1
BRDA:288,17,0,1
BRDA:288,17,1,1
BRDA:340,18,0,1
BRDA:340,18,1,1
BRDA:391,19,0,1
BRDA:391,19,1,1
BRDA:443,20,0,1
BRDA:443,20,1,1
BRDA:447,21,0,1
BRDA:447,21,1,0
BRDA:452,22,0,1
BRDA:452,22,1,0
BRDA:471,23,0,1
BRDA:471,23,1,1
BRDA:482,24,0,1
BRDA:482,24,1,1
BRDA:500,25,0,1
BRDA:500,25,1,1
BRF:52
BRH:47
end_of_record
TN:
SF:packages\validators\src\account-settings.ts
FN:16,generateIndustryKey
FN:162,(anonymous_1)
FN:162,(anonymous_2)
FNF:3
FNH:1
FNDA:16,generateIndustryKey
FNDA:0,(anonymous_1)
FNDA:0,(anonymous_2)
DA:17,16
DA:25,1
DA:42,1
DA:51,1
DA:63,1
DA:70,1
DA:78,1
DA:85,1
DA:95,1
DA:103,1
DA:108,1
DA:115,1
DA:123,1
DA:126,1
DA:135,1
DA:142,1
DA:152,1
DA:158,1
DA:162,0
DA:171,1
DA:192,1
DA:195,1
DA:203,1
DA:213,1
DA:220,1
LF:25
LH:24
BRF:0
BRH:0
end_of_record
