TN:
SF:apps\ai-worker\src\agents\base.agent.ts
FN:71,(anonymous_0)
FN:108,(anonymous_1)
FN:201,(anonymous_2)
FN:213,(anonymous_3)
FN:237,(anonymous_4)
FN:275,(anonymous_5)
FN:282,(anonymous_6)
FN:289,(anonymous_7)
FN:306,(anonymous_8)
FNF:9
FNH:9
FNDA:100,(anonymous_0)
FNDA:14,(anonymous_1)
FNDA:9,(anonymous_2)
FNDA:15,(anonymous_3)
FNDA:15,(anonymous_4)
FNDA:16,(anonymous_5)
FNDA:15,(anonymous_6)
FNDA:11,(anonymous_7)
FNDA:1,(anonymous_8)
DA:8,4
DA:69,100
DA:72,100
DA:80,100
DA:81,99
DA:92,1
DA:95,99
DA:109,14
DA:110,14
DA:112,14
DA:121,14
DA:123,14
DA:128,14
DA:131,13
DA:132,6
DA:135,13
DA:138,13
DA:140,13
DA:153,13
DA:163,13
DA:165,1
DA:167,1
DA:176,1
DA:207,9
DA:214,15
DA:238,15
DA:240,15
DA:241,15
DA:242,14
DA:245,14
DA:248,14
DA:259,14
DA:261,1
DA:268,1
DA:276,16
DA:283,15
DA:295,11
DA:307,1
DA:308,1
LF:39
LH:39
BRDA:10,0,0,4
BRDA:10,0,1,4
BRDA:80,1,0,99
BRDA:80,1,1,1
BRDA:123,2,0,6
BRDA:123,2,1,8
BRDA:131,3,0,6
BRDA:131,3,1,7
BRDA:171,4,0,1
BRDA:171,4,1,0
BRDA:179,5,0,1
BRDA:179,5,1,0
BRDA:245,6,0,14
BRDA:245,6,1,0
BRDA:245,7,0,14
BRDA:245,7,1,14
BRDA:264,8,0,1
BRDA:264,8,1,0
BRF:18
BRH:14
end_of_record
TN:
SF:apps\ai-worker\src\agents\crew.ts
FN:62,(anonymous_0)
FN:89,(anonymous_1)
FN:162,(anonymous_2)
FN:177,(anonymous_3)
FN:191,(anonymous_4)
FN:204,(anonymous_5)
FN:229,createLeadProcessingCrew
FN:248,createResearchCrew
FNF:8
FNH:8
FNDA:18,(anonymous_0)
FNDA:8,(anonymous_1)
FNDA:6,(anonymous_2)
FNDA:1,(anonymous_3)
FNDA:1,(anonymous_4)
FNDA:13,(anonymous_5)
FNDA:2,createLeadProcessingCrew
FNDA:2,createResearchCrew
DA:15,1
DA:60,18
DA:63,18
DA:68,18
DA:90,8
DA:91,8
DA:93,8
DA:102,8
DA:103,8
DA:105,8
DA:106,8
DA:108,6
DA:109,0
DA:111,1
DA:112,0
DA:114,1
DA:115,0
DA:118,0
DA:120,0
DA:130,0
DA:136,8
DA:138,8
DA:147,8
DA:149,8
DA:166,6
DA:170,6
DA:181,1
DA:184,1
DA:195,1
DA:198,1
DA:210,13
DA:230,2
DA:249,2
LF:33
LH:27
BRDA:17,0,0,1
BRDA:17,0,1,1
BRDA:106,1,0,6
BRDA:106,1,1,1
BRDA:106,1,2,1
BRDA:142,2,0,8
BRDA:142,2,1,0
BRDA:147,3,0,8
BRDA:147,3,1,0
BRF:9
BRH:7
end_of_record
TN:
SF:apps\ai-worker\src\agents\qualification.agent.ts
FN:68,(anonymous_0)
FN:89,(anonymous_1)
FN:163,(anonymous_2)
FN:177,(anonymous_3)
FN:188,(anonymous_4)
FN:255,(anonymous_5)
FN:287,createQualificationTask
FNF:7
FNH:7
FNDA:24,(anonymous_0)
FNDA:5,(anonymous_1)
FNDA:2,(anonymous_2)
FNDA:2,(anonymous_3)
FNDA:7,(anonymous_4)
FNDA:7,(anonymous_5)
FNDA:9,createQualificationTask
DA:6,1
DA:14,1
DA:40,1
DA:69,24
DA:83,24
DA:92,5
DA:94,5
DA:104,5
DA:107,5
DA:110,5
DA:112,5
DA:115,5
DA:116,5
DA:118,4
DA:128,4
DA:130,1
DA:140,1
DA:166,2
DA:167,2
DA:168,2
DA:169,2
DA:170,2
DA:171,2
DA:178,2
DA:179,2
DA:180,6
DA:182,2
DA:189,7
DA:192,7
DA:200,7
DA:201,4
DA:202,4
DA:204,7
DA:205,7
DA:206,7
DA:207,7
DA:208,7
DA:211,7
DA:212,2
DA:216,7
DA:217,2
DA:221,7
DA:249,7
DA:261,7
DA:263,7
DA:264,7
DA:272,7
DA:276,7
DA:277,2
DA:280,5
DA:294,9
DA:306,1
LF:52
LH:52
BRDA:8,0,0,1
BRDA:8,0,1,1
BRDA:133,1,0,1
BRDA:133,1,1,0
BRDA:167,2,0,2
BRDA:167,2,1,0
BRDA:168,3,0,2
BRDA:168,3,1,0
BRDA:169,4,0,1
BRDA:169,4,1,1
BRDA:170,5,0,1
BRDA:170,5,1,1
BRDA:200,6,0,4
BRDA:200,6,1,3
BRDA:200,7,0,7
BRDA:200,7,1,3
BRDA:204,8,0,4
BRDA:204,8,1,3
BRDA:205,9,0,3
BRDA:205,9,1,4
BRDA:207,10,0,2
BRDA:207,10,1,5
BRDA:208,11,0,2
BRDA:208,11,1,5
BRDA:211,12,0,2
BRDA:211,12,1,5
BRDA:216,13,0,2
BRDA:216,13,1,5
BRDA:216,14,0,7
BRDA:216,14,1,2
BRDA:276,15,0,2
BRDA:276,15,1,5
BRDA:276,16,0,7
BRDA:276,16,1,3
BRF:34
BRH:31
end_of_record
TN:
SF:apps\ai-worker\src\utils\cost-tracker.ts
FN:46,(anonymous_0)
FN:56,(anonymous_1)
FN:102,(anonymous_2)
FN:107,(anonymous_3)
FN:110,(anonymous_4)
FN:111,(anonymous_5)
FN:112,(anonymous_6)
FN:142,(anonymous_7)
FN:150,(anonymous_8)
FN:181,(anonymous_9)
FN:194,(anonymous_10)
FN:214,(anonymous_11)
FN:221,(anonymous_12)
FN:230,(anonymous_13)
FNF:14
FNH:14
FNDA:33,(anonymous_0)
FNDA:42,(anonymous_1)
FNDA:10,(anonymous_2)
FNDA:23,(anonymous_3)
FNDA:23,(anonymous_4)
FNDA:23,(anonymous_5)
FNDA:23,(anonymous_6)
FNDA:11,(anonymous_7)
FNDA:42,(anonymous_8)
FNDA:53,(anonymous_9)
FNDA:34,(anonymous_10)
FNDA:5,(anonymous_11)
FNDA:1,(anonymous_12)
FNDA:3,(anonymous_13)
DA:4,3
DA:42,33
DA:43,33
DA:44,33
DA:47,33
DA:48,33
DA:50,33
DA:63,42
DA:65,42
DA:67,42
DA:77,42
DA:78,42
DA:81,42
DA:94,42
DA:96,42
DA:103,10
DA:104,10
DA:106,10
DA:107,23
DA:110,23
DA:111,23
DA:112,23
DA:115,10
DA:116,10
DA:117,23
DA:121,10
DA:122,10
DA:123,23
DA:126,10
DA:143,11
DA:144,11
DA:152,42
DA:153,1
DA:163,42
DA:164,1
DA:172,1
DA:182,53
DA:183,53
DA:184,53
DA:186,53
DA:187,1
DA:195,34
DA:197,34
DA:198,1
DA:207,34
DA:208,34
DA:215,5
DA:222,1
DA:223,1
DA:224,1
DA:231,3
DA:233,3
DA:234,3
DA:235,3
DA:236,3
DA:237,3
DA:238,3
DA:239,3
DA:241,3
DA:242,3
DA:243,6
DA:246,3
DA:247,3
DA:248,6
DA:251,3
DA:258,3
LF:66
LH:66
BRDA:6,0,0,3
BRDA:6,0,1,3
BRDA:47,1,0,33
BRDA:103,2,0,10
BRDA:103,2,1,9
BRDA:104,3,0,10
BRDA:104,3,1,9
BRDA:107,4,0,23
BRDA:107,4,1,23
BRDA:117,5,0,23
BRDA:117,5,1,18
BRDA:123,6,0,23
BRDA:123,6,1,18
BRDA:133,7,0,9
BRDA:133,7,1,1
BRDA:152,8,0,1
BRDA:152,8,1,41
BRDA:163,9,0,1
BRDA:163,9,1,41
BRDA:163,10,0,42
BRDA:163,10,1,40
BRDA:186,11,0,1
BRDA:186,11,1,52
BRDA:197,12,0,1
BRDA:197,12,1,33
BRF:25
BRH:25
end_of_record
TN:
SF:apps\ai-worker\src\utils\logger.ts
FN:20,createLogger
FN:25,(anonymous_1)
FN:59,withTiming
FN:63,(anonymous_3)
FN:94,withContext
FNF:5
FNH:5
FNDA:17,createLogger
FNDA:102,(anonymous_1)
FNDA:7,withTiming
FNDA:7,(anonymous_3)
FNDA:3,withContext
DA:21,17
DA:26,102
DA:44,17
DA:45,8
DA:48,9
DA:54,2
DA:63,7
DA:64,7
DA:65,7
DA:67,7
DA:68,7
DA:69,7
DA:70,4
DA:72,4
DA:74,4
DA:76,3
DA:78,3
DA:86,3
DA:95,3
DA:101,2
LF:20
LH:20
BRDA:23,0,0,17
BRDA:23,0,1,4
BRDA:30,1,0,1
BRDA:30,1,1,16
BRDA:44,2,0,8
BRDA:44,2,1,9
BRDA:81,3,0,2
BRDA:81,3,1,1
BRF:8
BRH:8
end_of_record
TN:
SF:apps\ai-worker\src\utils\retry.ts
FN:32,(anonymous_0)
FN:39,(anonymous_1)
FN:46,(anonymous_2)
FN:53,(anonymous_3)
FN:62,isRetryableError
FN:65,(anonymous_5)
FN:84,calculateDelay
FN:100,withRetry
FN:160,Retry
FN:161,(anonymous_9)
FN:164,(anonymous_10)
FN:165,(anonymous_11)
FN:175,sleep
FN:176,(anonymous_13)
FN:182,withTimeout
FN:189,(anonymous_15)
FN:190,(anonymous_16)
FN:198,withRetryAndTimeout
FN:203,(anonymous_18)
FN:214,(anonymous_19)
FN:219,(anonymous_20)
FN:262,(anonymous_21)
FN:270,(anonymous_22)
FNF:23
FNH:18
FNDA:15,(anonymous_0)
FNDA:3,(anonymous_1)
FNDA:4,(anonymous_2)
FNDA:1,(anonymous_3)
FNDA:16,isRetryableError
FNDA:0,(anonymous_5)
FNDA:15,calculateDelay
FNDA:13,withRetry
FNDA:0,Retry
FNDA:0,(anonymous_9)
FNDA:0,(anonymous_10)
FNDA:0,(anonymous_11)
FNDA:15,sleep
FNDA:15,(anonymous_13)
FNDA:6,withTimeout
FNDA:6,(anonymous_15)
FNDA:3,(anonymous_16)
FNDA:2,withRetryAndTimeout
FNDA:3,(anonymous_18)
FNDA:9,(anonymous_19)
FNDA:19,(anonymous_20)
FNDA:9,(anonymous_21)
FNDA:1,(anonymous_22)
DA:4,1
DA:21,1
DA:33,15
DA:34,15
DA:40,3
DA:41,3
DA:47,4
DA:48,4
DA:54,1
DA:55,1
DA:64,16
DA:65,0
DA:69,16
DA:85,15
DA:87,15
DA:92,15
DA:94,15
DA:104,13
DA:111,13
DA:112,28
DA:113,28
DA:115,28
DA:117,19
DA:120,19
DA:121,3
DA:122,3
DA:125,16
DA:126,1
DA:127,1
DA:131,15
DA:133,15
DA:144,15
DA:145,3
DA:149,15
DA:154,3
DA:161,0
DA:162,0
DA:164,0
DA:165,0
DA:168,0
DA:176,15
DA:187,6
DA:190,6
DA:203,3
DA:210,9
DA:211,9
DA:212,9
DA:215,9
DA:216,9
DA:221,19
DA:222,2
DA:223,2
DA:224,2
DA:228,19
DA:229,1
DA:232,18
DA:233,18
DA:236,3
DA:237,2
DA:238,2
DA:239,2
DA:242,3
DA:244,15
DA:245,15
DA:247,15
DA:248,5
DA:255,5
DA:258,15
DA:263,9
DA:271,1
DA:272,1
DA:273,1
LF:72
LH:66
BRDA:39,0,0,3
BRDA:46,1,0,4
BRDA:53,2,0,1
BRDA:64,3,0,0
BRDA:64,3,1,16
BRDA:70,4,0,16
BRDA:70,4,1,3
BRDA:70,4,2,3
BRDA:70,4,3,3
BRDA:70,4,4,3
BRDA:70,4,5,2
BRDA:70,4,6,2
BRDA:70,4,7,2
BRDA:85,5,0,15
BRDA:85,6,0,15
BRDA:102,7,0,13
BRDA:117,8,0,19
BRDA:117,8,1,0
BRDA:120,9,0,3
BRDA:120,9,1,16
BRDA:125,10,0,1
BRDA:125,10,1,15
BRDA:144,11,0,3
BRDA:144,11,1,12
BRDA:160,12,0,0
BRDA:185,13,0,6
BRDA:200,14,0,2
BRDA:201,15,0,2
BRDA:215,16,0,9
BRDA:216,17,0,9
BRDA:221,18,0,2
BRDA:221,18,1,17
BRDA:221,19,0,19
BRDA:221,19,1,3
BRDA:228,20,0,1
BRDA:228,20,1,18
BRDA:236,21,0,2
BRDA:236,21,1,1
BRDA:247,22,0,5
BRDA:247,22,1,10
BRF:40
BRH:37
end_of_record
TN:
SF:apps\api\src\trpc.ts
FN:27,(anonymous_0)
FN:74,(anonymous_1)
FN:117,(anonymous_2)
FN:146,(anonymous_3)
FNF:4
FNH:3
FNDA:0,(anonymous_0)
FNDA:366,(anonymous_1)
FNDA:2,(anonymous_2)
FNDA:20,(anonymous_3)
DA:26,28
DA:28,0
DA:50,28
DA:63,28
DA:74,28
DA:75,366
DA:76,5
DA:81,361
DA:105,28
DA:117,28
DA:118,2
DA:119,2
DA:120,2
DA:123,2
DA:126,2
DA:127,1
DA:130,2
DA:139,28
DA:146,28
DA:147,20
DA:148,6
DA:153,14
DA:172,28
DA:179,28
LF:24
LH:23
BRDA:32,0,0,0
BRDA:32,0,1,0
BRDA:75,1,0,5
BRDA:75,1,1,361
BRDA:126,2,0,1
BRDA:126,2,1,1
BRDA:147,3,0,6
BRDA:147,3,1,14
BRDA:147,4,0,20
BRDA:147,4,1,20
BRF:10
BRH:8
end_of_record
TN:
SF:apps\api\src\agent\approval-workflow.ts
FN:36,(anonymous_0)
FN:40,(anonymous_1)
FN:51,(anonymous_2)
FN:55,(anonymous_3)
FN:59,(anonymous_4)
FN:62,(anonymous_5)
FN:69,(anonymous_6)
FN:72,(anonymous_7)
FN:79,(anonymous_8)
FN:82,(anonymous_9)
FN:86,(anonymous_10)
FN:108,(anonymous_11)
FN:112,(anonymous_12)
FN:116,(anonymous_13)
FN:118,(anonymous_14)
FN:122,(anonymous_15)
FN:146,(anonymous_16)
FN:150,(anonymous_17)
FN:175,(anonymous_18)
FN:184,(anonymous_19)
FN:192,(anonymous_20)
FN:199,(anonymous_21)
FN:294,(anonymous_22)
FN:336,(anonymous_23)
FN:426,(anonymous_24)
FN:439,(anonymous_25)
FN:453,(anonymous_26)
FNF:27
FNH:18
FNDA:13,(anonymous_0)
FNDA:8,(anonymous_1)
FNDA:6,(anonymous_2)
FNDA:0,(anonymous_3)
FNDA:3,(anonymous_4)
FNDA:23,(anonymous_5)
FNDA:1,(anonymous_6)
FNDA:6,(anonymous_7)
FNDA:0,(anonymous_8)
FNDA:0,(anonymous_9)
FNDA:2,(anonymous_10)
FNDA:3,(anonymous_11)
FNDA:0,(anonymous_12)
FNDA:1,(anonymous_13)
FNDA:2,(anonymous_14)
FNDA:0,(anonymous_15)
FNDA:0,(anonymous_16)
FNDA:0,(anonymous_17)
FNDA:1,(anonymous_18)
FNDA:0,(anonymous_19)
FNDA:0,(anonymous_20)
FNDA:4,(anonymous_21)
FNDA:2,(anonymous_22)
FNDA:1,(anonymous_23)
FNDA:2,(anonymous_24)
FNDA:2,(anonymous_25)
FNDA:1,(anonymous_26)
DA:34,3
DA:37,13
DA:41,8
DA:42,8
DA:44,2
DA:45,2
DA:46,2
DA:48,6
DA:52,6
DA:56,0
DA:60,3
DA:61,3
DA:63,23
DA:70,1
DA:71,1
DA:73,6
DA:80,0
DA:81,0
DA:82,0
DA:87,2
DA:88,2
DA:90,2
DA:91,18
DA:92,0
DA:93,0
DA:94,0
DA:98,2
DA:106,3
DA:109,3
DA:113,0
DA:117,1
DA:118,2
DA:123,0
DA:124,0
DA:125,0
DA:126,0
DA:144,3
DA:147,0
DA:151,0
DA:156,3
DA:157,3
DA:158,3
DA:170,3
DA:177,1
DA:178,1
DA:185,0
DA:186,0
DA:193,0
DA:203,4
DA:205,4
DA:206,0
DA:209,4
DA:210,1
DA:213,3
DA:214,0
DA:215,0
DA:216,0
DA:220,3
DA:221,3
DA:224,3
DA:225,3
DA:226,0
DA:230,3
DA:236,4
DA:239,4
DA:246,0
DA:250,3
DA:253,4
DA:264,4
DA:267,3
DA:288,3
DA:298,2
DA:300,2
DA:301,1
DA:304,1
DA:305,0
DA:309,1
DA:310,1
DA:313,1
DA:330,1
DA:341,1
DA:343,1
DA:344,1
DA:351,0
DA:352,0
DA:360,0
DA:361,0
DA:362,0
DA:363,0
DA:371,0
DA:372,0
DA:373,0
DA:380,0
DA:382,0
DA:388,0
DA:390,0
DA:394,0
DA:412,0
DA:414,0
DA:437,2
DA:439,2
DA:462,1
DA:464,1
DA:470,0
DA:481,3
LF:105
LH:64
BRDA:42,0,0,2
BRDA:42,0,1,6
BRDA:42,1,0,8
BRDA:42,1,1,7
BRDA:63,2,0,23
BRDA:63,2,1,10
BRDA:63,2,2,5
BRDA:73,3,0,6
BRDA:73,3,1,1
BRDA:73,3,2,1
BRDA:82,4,0,0
BRDA:82,4,1,0
BRDA:91,5,0,0
BRDA:91,5,1,18
BRDA:91,6,0,18
BRDA:91,6,1,12
BRDA:118,7,0,2
BRDA:118,7,1,0
BRDA:124,8,0,0
BRDA:124,8,1,0
BRDA:205,9,0,0
BRDA:205,9,1,4
BRDA:209,10,0,1
BRDA:209,10,1,3
BRDA:213,11,0,0
BRDA:213,11,1,3
BRDA:225,12,0,0
BRDA:225,12,1,3
BRDA:230,13,0,3
BRDA:230,13,1,2
BRDA:246,14,0,0
BRDA:246,14,1,0
BRDA:250,15,0,3
BRDA:250,15,1,0
BRDA:259,16,0,4
BRDA:259,16,1,3
BRDA:300,17,0,1
BRDA:300,17,1,1
BRDA:304,18,0,0
BRDA:304,18,1,1
BRDA:343,19,0,1
BRDA:343,19,1,0
BRDA:351,20,0,0
BRDA:351,20,1,0
BRDA:361,21,0,0
BRDA:361,21,1,0
BRDA:361,22,0,0
BRDA:361,22,1,0
BRDA:372,23,0,0
BRDA:372,23,1,0
BRDA:372,24,0,0
BRDA:372,24,1,0
BRDA:388,25,0,0
BRDA:388,25,1,0
BRDA:417,26,0,0
BRDA:417,26,1,0
BRDA:445,27,0,2
BRDA:445,27,1,1
BRDA:446,28,0,2
BRDA:446,28,1,0
BRDA:464,29,0,1
BRDA:464,29,1,0
BRF:62
BRH:32
end_of_record
TN:
SF:apps\api\src\agent\authorization.ts
FN:96,getSessionActionCount
FN:103,incrementSessionActionCount
FN:113,resetSessionActionCount
FN:141,buildAuthContext
FN:174,(anonymous_4)
FN:193,(anonymous_5)
FN:255,(anonymous_6)
FN:263,(anonymous_7)
FN:290,(anonymous_8)
FN:317,(anonymous_9)
FN:325,(anonymous_10)
FN:335,(anonymous_11)
FN:371,authorizeAgentAction
FNF:13
FNH:11
FNDA:32,getSessionActionCount
FNDA:5,incrementSessionActionCount
FNDA:69,resetSessionActionCount
FNDA:22,buildAuthContext
FNDA:9,(anonymous_4)
FNDA:7,(anonymous_5)
FNDA:0,(anonymous_6)
FNDA:0,(anonymous_7)
FNDA:4,(anonymous_8)
FNDA:5,(anonymous_9)
FNDA:3,(anonymous_10)
FNDA:1,(anonymous_11)
FNDA:1,authorizeAgentAction
DA:32,2
DA:91,2
DA:97,32
DA:104,5
DA:105,5
DA:106,5
DA:107,5
DA:114,69
DA:145,22
DA:147,22
DA:180,9
DA:181,2
DA:186,2
DA:193,7
DA:194,7
DA:196,7
DA:197,1
DA:202,1
DA:209,6
DA:210,1
DA:215,1
DA:222,5
DA:223,0
DA:228,0
DA:235,5
DA:236,0
DA:237,0
DA:238,0
DA:243,5
DA:244,5
DA:246,5
DA:257,0
DA:269,0
DA:270,0
DA:275,0
DA:276,0
DA:278,0
DA:279,0
DA:284,0
DA:295,4
DA:318,5
DA:329,3
DA:343,1
DA:355,2
DA:377,1
DA:378,1
LF:46
LH:33
BRDA:97,0,0,32
BRDA:97,0,1,23
BRDA:145,1,0,22
BRDA:145,1,1,0
BRDA:150,2,0,22
BRDA:150,2,1,22
BRDA:152,3,0,22
BRDA:152,3,1,20
BRDA:153,4,0,22
BRDA:153,4,1,20
BRDA:154,5,0,22
BRDA:154,5,1,18
BRDA:180,6,0,2
BRDA:180,6,1,7
BRDA:196,7,0,1
BRDA:196,7,1,6
BRDA:209,8,0,1
BRDA:209,8,1,5
BRDA:222,9,0,0
BRDA:222,9,1,5
BRDA:222,10,0,5
BRDA:222,10,1,0
BRDA:235,11,0,0
BRDA:235,11,1,5
BRDA:235,12,0,5
BRDA:235,12,1,5
BRDA:237,13,0,0
BRDA:237,13,1,0
BRDA:269,14,0,0
BRDA:269,14,1,0
BRDA:278,15,0,0
BRDA:278,15,1,0
BRDA:318,16,0,5
BRDA:318,16,1,4
BRDA:329,17,0,3
BRDA:329,17,1,2
BRDA:349,18,0,1
BRDA:349,18,1,1
BRF:38
BRH:28
end_of_record
TN:
SF:apps\api\src\agent\index.ts
FNF:0
FNH:0
LF:0
LH:0
BRF:0
BRH:0
end_of_record
TN:
SF:apps\api\src\agent\logger.ts
FN:101,(anonymous_0)
FN:109,(anonymous_1)
FN:141,(anonymous_2)
FN:166,(anonymous_3)
FN:191,(anonymous_4)
FN:218,(anonymous_5)
FN:243,(anonymous_6)
FN:257,(anonymous_7)
FN:272,(anonymous_8)
FN:275,(anonymous_9)
FN:278,(anonymous_10)
FN:282,(anonymous_11)
FN:286,(anonymous_12)
FN:295,(anonymous_13)
FN:312,(anonymous_14)
FN:317,(anonymous_15)
FN:318,(anonymous_16)
FN:319,(anonymous_17)
FN:320,(anonymous_18)
FN:321,(anonymous_19)
FN:322,(anonymous_20)
FN:325,(anonymous_21)
FN:343,(anonymous_22)
FN:353,(anonymous_23)
FN:357,(anonymous_24)
FN:373,(anonymous_25)
FN:380,(anonymous_26)
FN:387,(anonymous_27)
FN:391,(anonymous_28)
FN:403,(anonymous_29)
FN:404,(anonymous_30)
FN:405,(anonymous_31)
FN:419,createLogEntry
FNF:33
FNH:27
FNDA:24,(anonymous_0)
FNDA:53,(anonymous_1)
FNDA:0,(anonymous_2)
FNDA:1,(anonymous_3)
FNDA:1,(anonymous_4)
FNDA:1,(anonymous_5)
FNDA:20,(anonymous_6)
FNDA:12,(anonymous_7)
FNDA:11,(anonymous_8)
FNDA:3,(anonymous_9)
FNDA:3,(anonymous_10)
FNDA:0,(anonymous_11)
FNDA:6,(anonymous_12)
FNDA:5,(anonymous_13)
FNDA:15,(anonymous_14)
FNDA:15,(anonymous_15)
FNDA:15,(anonymous_16)
FNDA:15,(anonymous_17)
FNDA:15,(anonymous_18)
FNDA:15,(anonymous_19)
FNDA:15,(anonymous_20)
FNDA:15,(anonymous_21)
FNDA:20,(anonymous_22)
FNDA:15,(anonymous_23)
FNDA:15,(anonymous_24)
FNDA:0,(anonymous_25)
FNDA:0,(anonymous_26)
FNDA:61,(anonymous_27)
FNDA:253,(anonymous_28)
FNDA:24,(anonymous_29)
FNDA:0,(anonymous_30)
FNDA:0,(anonymous_31)
FNDA:1,createLogEntry
DA:66,4
DA:78,4
DA:96,24
DA:97,24
DA:98,24
DA:99,24
DA:102,24
DA:103,24
DA:110,53
DA:117,53
DA:118,53
DA:119,53
DA:120,3
DA:125,53
DA:128,53
DA:129,15
DA:133,53
DA:134,0
DA:147,0
DA:149,0
DA:173,1
DA:199,1
DA:225,1
DA:244,20
DA:246,17
DA:247,17
DA:249,17
DA:250,0
DA:266,12
DA:268,12
DA:271,12
DA:272,11
DA:274,12
DA:275,3
DA:277,12
DA:278,3
DA:280,12
DA:281,0
DA:282,0
DA:286,12
DA:289,12
DA:309,5
DA:311,5
DA:312,15
DA:315,5
DA:317,15
DA:318,15
DA:319,15
DA:320,15
DA:321,15
DA:322,15
DA:325,15
DA:332,5
DA:333,15
DA:334,15
DA:337,5
DA:344,20
DA:345,20
DA:346,20
DA:348,20
DA:354,15
DA:358,15
DA:359,15
DA:363,15
DA:368,15
DA:369,4
DA:374,0
DA:376,0
DA:377,0
DA:380,0
DA:381,0
DA:383,0
DA:388,61
DA:390,61
DA:391,253
DA:392,4
DA:393,51
DA:394,5
DA:396,46
DA:400,61
DA:404,24
DA:405,0
DA:406,0
DA:413,4
DA:420,1
LF:85
LH:71
BRDA:101,0,0,24
BRDA:113,1,0,42
BRDA:113,1,1,11
BRDA:117,2,0,53
BRDA:117,2,1,0
BRDA:119,3,0,3
BRDA:119,3,1,50
BRDA:119,4,0,53
BRDA:119,4,1,3
BRDA:128,5,0,15
BRDA:128,5,1,38
BRDA:128,6,0,53
BRDA:128,6,1,15
BRDA:133,7,0,0
BRDA:133,7,1,53
BRDA:147,8,0,0
BRDA:147,8,1,0
BRDA:181,9,0,0
BRDA:181,9,1,1
BRDA:209,10,0,1
BRDA:209,10,1,0
BRDA:244,11,0,3
BRDA:244,11,1,17
BRDA:249,12,0,0
BRDA:249,12,1,17
BRDA:258,13,0,12
BRDA:266,14,0,12
BRDA:271,15,0,8
BRDA:271,15,1,4
BRDA:274,16,0,1
BRDA:274,16,1,11
BRDA:277,17,0,1
BRDA:277,17,1,11
BRDA:280,18,0,0
BRDA:280,18,1,12
BRDA:311,19,0,5
BRDA:311,19,1,0
BRDA:324,20,0,5
BRDA:324,20,1,0
BRDA:333,21,0,15
BRDA:333,21,1,15
BRDA:334,22,0,15
BRDA:334,22,1,15
BRDA:344,23,0,20
BRDA:344,23,1,0
BRDA:358,24,0,11
BRDA:358,24,1,4
BRDA:359,25,0,5
BRDA:359,25,1,10
BRDA:360,26,0,5
BRDA:360,26,1,0
BRDA:368,27,0,4
BRDA:368,27,1,11
BRDA:391,28,0,4
BRDA:391,28,1,51
BRDA:393,29,0,5
BRDA:393,29,1,46
BRDA:393,30,0,51
BRDA:393,30,1,50
BRDA:393,30,2,6
BRDA:422,31,0,1
BRDA:422,31,1,0
BRF:62
BRH:49
end_of_record
TN:
SF:apps\api\src\agent\types.ts
FNF:0
FNH:0
DA:202,3
DA:218,3
DA:233,3
DA:251,3
DA:265,3
DA:282,3
DA:297,3
DA:313,3
LF:8
LH:8
BRF:0
BRH:0
end_of_record
TN:
SF:apps\api\src\middleware\auth.ts
FN:30,createAuthMiddleware
FN:31,(anonymous_1)
FN:52,createAdminMiddleware
FN:53,(anonymous_3)
FN:72,createManagerMiddleware
FN:73,(anonymous_5)
FN:97,verifyToken
FN:122,extractTokenFromHeader
FNF:8
FNH:8
FNDA:13,createAuthMiddleware
FNDA:15,(anonymous_1)
FNDA:8,createAdminMiddleware
FNDA:9,(anonymous_3)
FNDA:5,createManagerMiddleware
FNDA:6,(anonymous_5)
FNDA:5,verifyToken
FNDA:11,extractTokenFromHeader
DA:31,13
DA:32,15
DA:33,4
DA:39,11
DA:53,8
DA:57,9
DA:58,7
DA:64,2
DA:73,5
DA:77,6
DA:78,4
DA:84,2
DA:102,5
DA:103,5
DA:105,5
DA:106,5
DA:109,0
DA:115,0
DA:123,11
DA:124,2
DA:128,9
DA:129,9
DA:130,4
DA:133,5
LF:24
LH:22
BRDA:32,0,0,4
BRDA:32,0,1,11
BRDA:57,1,0,7
BRDA:57,1,1,2
BRDA:77,2,0,4
BRDA:77,2,1,2
BRDA:105,3,0,5
BRDA:105,3,1,0
BRDA:105,4,0,5
BRDA:105,4,1,0
BRDA:111,5,0,0
BRDA:111,5,1,0
BRDA:112,6,0,5
BRDA:112,6,1,0
BRDA:123,7,0,2
BRDA:123,7,1,9
BRDA:129,8,0,4
BRDA:129,8,1,5
BRDA:129,9,0,9
BRDA:129,9,1,6
BRF:20
BRH:15
end_of_record
TN:
SF:apps\api\src\middleware\logging.ts
FN:30,generateCorrelationId
FN:38,createLoggingMiddleware
FN:39,(anonymous_2)
FN:97,createPerformanceMiddleware
FN:98,(anonymous_4)
FN:127,createErrorTrackingMiddleware
FN:128,(anonymous_6)
FNF:7
FNH:7
FNDA:17,generateCorrelationId
FNDA:13,createLoggingMiddleware
FNDA:17,(anonymous_2)
FNDA:13,createPerformanceMiddleware
FNDA:13,(anonymous_4)
FNDA:9,createErrorTrackingMiddleware
FNDA:9,(anonymous_6)
DA:31,17
DA:39,13
DA:40,17
DA:41,17
DA:44,17
DA:53,17
DA:54,17
DA:62,13
DA:63,13
DA:73,13
DA:76,4
DA:77,4
DA:87,4
DA:98,13
DA:99,13
DA:101,13
DA:103,11
DA:106,11
DA:107,7
DA:118,11
DA:128,9
DA:129,9
DA:130,9
DA:133,8
DA:149,8
LF:25
LH:25
BRDA:83,0,0,3
BRDA:83,0,1,1
BRDA:97,1,0,13
BRDA:106,2,0,7
BRDA:106,2,1,4
BRDA:138,3,0,5
BRDA:138,3,1,3
BRF:7
BRH:7
end_of_record
TN:
SF:apps\api\src\middleware\rate-limit.ts
FN:105,(anonymous_0)
FN:189,(anonymous_1)
FN:225,(anonymous_2)
FN:237,(anonymous_3)
FN:249,(anonymous_4)
FN:261,(anonymous_5)
FN:283,(anonymous_6)
FN:294,(anonymous_7)
FN:322,(anonymous_8)
FN:338,(anonymous_9)
FN:347,getClientKey
FN:369,createRateLimitMiddleware
FN:373,(anonymous_12)
FN:396,createTieredRateLimitMiddleware
FN:399,(anonymous_14)
FN:424,createPublicRateLimitMiddleware
FN:432,createAuthenticatedRateLimitMiddleware
FN:440,createAIRateLimitMiddleware
FN:448,createAuthEndpointRateLimitMiddleware
FN:457,createStrictRateLimitMiddleware
FN:465,createLenientRateLimitMiddleware
FN:480,(anonymous_21)
FN:488,(anonymous_22)
FN:513,(anonymous_23)
FN:525,(anonymous_24)
FN:532,(anonymous_25)
FN:541,getRateLimiter
FNF:27
FNH:22
FNDA:220,(anonymous_0)
FNDA:2426,(anonymous_1)
FNDA:0,(anonymous_2)
FNDA:23,(anonymous_3)
FNDA:3,(anonymous_4)
FNDA:1,(anonymous_5)
FNDA:1,(anonymous_6)
FNDA:1,(anonymous_7)
FNDA:5,(anonymous_8)
FNDA:5,(anonymous_9)
FNDA:219,getClientKey
FNDA:28,createRateLimitMiddleware
FNDA:2416,(anonymous_12)
FNDA:4,createTieredRateLimitMiddleware
FNDA:219,(anonymous_14)
FNDA:1,createPublicRateLimitMiddleware
FNDA:0,createAuthenticatedRateLimitMiddleware
FNDA:1,createAIRateLimitMiddleware
FNDA:1,createAuthEndpointRateLimitMiddleware
FNDA:4,createStrictRateLimitMiddleware
FNDA:4,createLenientRateLimitMiddleware
FNDA:6,(anonymous_21)
FNDA:10,(anonymous_22)
FNDA:0,(anonymous_23)
FNDA:0,(anonymous_24)
FNDA:0,(anonymous_25)
FNDA:4,getRateLimiter
DA:32,44
DA:48,44
DA:96,44
DA:110,220
DA:111,220
DA:114,220
DA:115,0
DA:116,0
DA:127,220
DA:128,5
DA:136,5
DA:140,220
DA:141,0
DA:142,0
DA:146,220
DA:147,220
DA:150,220
DA:151,0
DA:152,0
DA:153,0
DA:164,220
DA:165,4
DA:166,4
DA:175,216
DA:190,2426
DA:191,2426
DA:194,2426
DA:195,46
DA:203,46
DA:207,2380
DA:208,0
DA:212,2380
DA:215,2380
DA:216,23
DA:219,2357
DA:226,0
DA:227,0
DA:228,0
DA:231,0
DA:238,23
DA:239,23
DA:240,0
DA:243,23
DA:250,3
DA:251,3
DA:252,1
DA:255,2
DA:262,1
DA:263,1
DA:265,1
DA:266,0
DA:267,0
DA:269,1
DA:284,1
DA:285,1
DA:286,1
DA:287,1
DA:299,1
DA:300,1
DA:301,1
DA:303,1
DA:304,0
DA:305,0
DA:307,0
DA:308,0
DA:312,1
DA:323,5
DA:324,5
DA:326,5
DA:327,0
DA:334,44
DA:337,44
DA:338,44
DA:339,5
DA:348,219
DA:349,112
DA:353,107
DA:354,107
DA:355,0
DA:356,0
DA:357,0
DA:358,0
DA:361,107
DA:373,28
DA:374,2416
DA:376,2416
DA:378,2416
DA:379,23
DA:380,23
DA:382,23
DA:388,2393
DA:399,4
DA:400,219
DA:402,219
DA:404,219
DA:405,4
DA:416,215
DA:425,1
DA:433,0
DA:441,1
DA:449,1
DA:458,4
DA:466,4
DA:481,6
DA:500,10
DA:501,10
DA:502,10
DA:507,0
DA:519,0
DA:526,0
DA:533,0
DA:542,4
DA:548,44
LF:113
LH:84
BRDA:114,0,0,0
BRDA:114,0,1,220
BRDA:114,1,0,220
BRDA:114,1,1,0
BRDA:127,2,0,5
BRDA:127,2,1,215
BRDA:127,3,0,220
BRDA:127,3,1,215
BRDA:140,4,0,0
BRDA:140,4,1,220
BRDA:150,5,0,0
BRDA:150,5,1,220
BRDA:164,6,0,4
BRDA:164,6,1,216
BRDA:194,7,0,46
BRDA:194,7,1,2380
BRDA:194,8,0,2426
BRDA:194,8,1,2387
BRDA:207,9,0,0
BRDA:207,9,1,2380
BRDA:207,10,0,2380
BRDA:207,10,1,0
BRDA:215,11,0,23
BRDA:215,11,1,2357
BRDA:227,12,0,0
BRDA:227,12,1,0
BRDA:239,13,0,0
BRDA:239,13,1,23
BRDA:251,14,0,1
BRDA:251,14,1,2
BRDA:255,15,0,2
BRDA:255,15,1,1
BRDA:261,16,0,1
BRDA:265,17,0,0
BRDA:265,17,1,1
BRDA:285,18,0,1
BRDA:285,18,1,0
BRDA:304,19,0,0
BRDA:304,19,1,0
BRDA:304,20,0,0
BRDA:304,20,1,0
BRDA:307,21,0,0
BRDA:307,21,1,0
BRDA:326,22,0,0
BRDA:326,22,1,5
BRDA:326,23,0,5
BRDA:326,23,1,0
BRDA:326,23,2,0
BRDA:337,24,0,44
BRDA:337,24,1,0
BRDA:347,25,0,219
BRDA:348,26,0,112
BRDA:348,26,1,107
BRDA:354,27,0,0
BRDA:354,27,1,107
BRDA:357,28,0,0
BRDA:357,28,1,0
BRDA:357,28,2,0
BRDA:370,29,0,28
BRDA:371,30,0,28
BRDA:374,31,0,2416
BRDA:374,31,1,10
BRDA:378,32,0,23
BRDA:378,32,1,2393
BRDA:380,33,0,23
BRDA:380,33,1,0
BRDA:397,34,0,4
BRDA:404,35,0,4
BRDA:404,35,1,215
BRDA:407,36,0,4
BRDA:407,36,1,0
BRDA:481,37,0,6
BRDA:481,37,1,6
BRDA:500,38,0,10
BRDA:500,38,1,0
BRF:75
BRH:47
end_of_record
TN:
SF:apps\api\src\modules\account\account.router.ts
FN:24,(anonymous_0)
FN:38,(anonymous_1)
FN:95,(anonymous_2)
FN:182,(anonymous_3)
FN:209,(anonymous_4)
FN:249,(anonymous_5)
FN:274,(anonymous_6)
FNF:7
FNH:7
FNDA:2,(anonymous_0)
FNDA:2,(anonymous_1)
FNDA:5,(anonymous_2)
FNDA:2,(anonymous_3)
FNDA:4,(anonymous_4)
FNDA:2,(anonymous_5)
FNDA:2,(anonymous_6)
DA:20,1
DA:25,2
DA:32,2
DA:39,2
DA:82,2
DA:83,1
DA:89,1
DA:108,5
DA:110,5
DA:113,5
DA:115,5
DA:116,1
DA:124,5
DA:125,1
DA:128,5
DA:129,0
DA:132,5
DA:133,1
DA:134,1
DA:135,1
DA:138,5
DA:139,1
DA:140,1
DA:141,1
DA:145,5
DA:170,5
DA:183,2
DA:186,2
DA:190,2
DA:191,1
DA:198,1
DA:203,1
DA:211,4
DA:223,4
DA:224,1
DA:231,3
DA:232,2
DA:239,1
DA:243,1
DA:250,2
DA:271,2
DA:275,2
DA:276,2
DA:278,2
LF:44
LH:43
BRDA:82,0,0,1
BRDA:82,0,1,1
BRDA:97,1,0,5
BRDA:98,2,0,5
BRDA:106,3,0,5
BRDA:107,4,0,5
BRDA:115,5,0,1
BRDA:115,5,1,4
BRDA:124,6,0,1
BRDA:124,6,1,4
BRDA:128,7,0,0
BRDA:128,7,1,5
BRDA:132,8,0,1
BRDA:132,8,1,4
BRDA:132,9,0,5
BRDA:132,9,1,4
BRDA:134,10,0,1
BRDA:134,10,1,0
BRDA:135,11,0,1
BRDA:135,11,1,0
BRDA:138,12,0,1
BRDA:138,12,1,4
BRDA:138,13,0,5
BRDA:138,13,1,4
BRDA:140,14,0,1
BRDA:140,14,1,0
BRDA:141,15,0,1
BRDA:141,15,1,0
BRDA:190,16,0,1
BRDA:190,16,1,1
BRDA:223,17,0,1
BRDA:223,17,1,3
BRDA:231,18,0,2
BRDA:231,18,1,1
BRDA:231,19,0,3
BRDA:231,19,1,2
BRDA:275,20,0,2
BRDA:275,20,1,0
BRDA:284,21,0,2
BRDA:284,21,1,1
BRF:40
BRH:34
end_of_record
TN:
SF:apps\api\src\modules\contact\contact.router.ts
FN:37,(anonymous_0)
FN:77,(anonymous_1)
FN:131,(anonymous_2)
FN:159,(anonymous_3)
FN:243,(anonymous_4)
FN:287,(anonymous_5)
FN:333,(anonymous_6)
FN:372,(anonymous_7)
FN:403,(anonymous_8)
FN:421,(anonymous_9)
FN:446,(anonymous_10)
FNF:11
FNH:11
FNDA:11,(anonymous_0)
FNDA:4,(anonymous_1)
FNDA:4,(anonymous_2)
FNDA:6,(anonymous_3)
FNDA:5,(anonymous_4)
FNDA:5,(anonymous_5)
FNDA:4,(anonymous_6)
FNDA:5,(anonymous_7)
FNDA:3,(anonymous_8)
FNDA:3,(anonymous_9)
FNDA:9,(anonymous_10)
DA:27,2
DA:33,2
DA:39,11
DA:43,11
DA:44,2
DA:51,9
DA:52,4
DA:56,4
DA:57,2
DA:64,7
DA:71,7
DA:78,4
DA:116,4
DA:117,2
DA:123,2
DA:132,4
DA:146,4
DA:147,2
DA:153,2
DA:169,6
DA:171,6
DA:174,6
DA:176,6
DA:177,2
DA:186,6
DA:187,2
DA:190,6
DA:191,0
DA:194,6
DA:195,2
DA:199,6
DA:231,6
DA:244,5
DA:247,5
DA:251,5
DA:252,1
DA:259,4
DA:260,2
DA:264,2
DA:265,2
DA:273,2
DA:281,2
DA:289,5
DA:300,5
DA:301,1
DA:308,4
DA:309,2
DA:316,2
DA:320,2
DA:335,4
DA:339,4
DA:340,1
DA:347,3
DA:351,3
DA:352,1
DA:359,2
DA:364,2
DA:373,5
DA:377,5
DA:378,1
DA:384,4
DA:385,2
DA:392,2
DA:397,2
DA:404,3
DA:418,3
DA:422,3
DA:423,3
DA:425,3
DA:447,9
DA:448,9
DA:451,9
DA:460,9
DA:484,9
DA:487,9
DA:488,0
DA:493,9
LF:77
LH:75
BRDA:43,0,0,2
BRDA:43,0,1,9
BRDA:51,1,0,4
BRDA:51,1,1,5
BRDA:56,2,0,2
BRDA:56,2,1,2
BRDA:116,3,0,2
BRDA:116,3,1,2
BRDA:146,4,0,2
BRDA:146,4,1,2
BRDA:161,5,0,6
BRDA:162,6,0,6
BRDA:167,7,0,6
BRDA:168,8,0,6
BRDA:176,9,0,2
BRDA:176,9,1,4
BRDA:186,10,0,2
BRDA:186,10,1,4
BRDA:190,11,0,0
BRDA:190,11,1,6
BRDA:194,12,0,2
BRDA:194,12,1,4
BRDA:251,13,0,1
BRDA:251,13,1,4
BRDA:259,14,0,2
BRDA:259,14,1,2
BRDA:259,15,0,4
BRDA:259,15,1,2
BRDA:264,16,0,2
BRDA:264,16,1,0
BRDA:277,17,0,2
BRDA:277,17,1,0
BRDA:300,18,0,1
BRDA:300,18,1,4
BRDA:308,19,0,2
BRDA:308,19,1,2
BRDA:339,20,0,1
BRDA:339,20,1,3
BRDA:351,21,0,1
BRDA:351,21,1,2
BRDA:377,22,0,1
BRDA:377,22,1,4
BRDA:384,23,0,2
BRDA:384,23,1,2
BRDA:422,24,0,3
BRDA:422,24,1,0
BRDA:473,25,0,9
BRDA:473,25,1,2
BRDA:487,26,0,0
BRDA:487,26,1,9
BRF:50
BRH:45
end_of_record
TN:
SF:apps\api\src\modules\lead\lead.router.ts
FN:27,(anonymous_0)
FN:43,(anonymous_1)
FN:80,(anonymous_2)
FN:174,(anonymous_3)
FN:201,(anonymous_4)
FN:225,(anonymous_5)
FN:269,(anonymous_6)
FN:289,(anonymous_7)
FN:341,(anonymous_8)
FN:393,(anonymous_9)
FN:408,(anonymous_10)
FNF:11
FNH:11
FNDA:12,(anonymous_0)
FNDA:4,(anonymous_1)
FNDA:7,(anonymous_2)
FNDA:4,(anonymous_3)
FNDA:4,(anonymous_4)
FNDA:4,(anonymous_5)
FNDA:4,(anonymous_6)
FNDA:3,(anonymous_7)
FNDA:3,(anonymous_8)
FNDA:3,(anonymous_9)
FNDA:5,(anonymous_10)
DA:23,2
DA:28,12
DA:37,12
DA:44,4
DA:67,4
DA:68,2
DA:74,2
DA:94,7
DA:96,7
DA:99,7
DA:101,7
DA:102,2
DA:105,7
DA:106,0
DA:109,7
DA:110,2
DA:111,2
DA:112,2
DA:115,7
DA:116,2
DA:124,7
DA:125,0
DA:128,7
DA:129,0
DA:130,0
DA:131,0
DA:135,7
DA:162,7
DA:175,4
DA:178,4
DA:182,4
DA:183,1
DA:190,3
DA:195,3
DA:203,4
DA:207,4
DA:208,2
DA:215,2
DA:219,2
DA:226,4
DA:230,4
DA:231,1
DA:237,3
DA:238,1
DA:245,2
DA:251,2
DA:263,2
DA:270,4
DA:274,4
DA:275,0
DA:281,4
DA:282,1
DA:289,3
DA:293,3
DA:294,2
DA:300,2
DA:304,3
DA:318,3
DA:323,3
DA:326,3
DA:342,3
DA:346,3
DA:347,1
DA:356,2
DA:357,2
DA:360,2
DA:376,2
DA:381,2
DA:394,3
DA:405,3
DA:409,5
DA:410,5
LF:72
LH:66
BRDA:67,0,0,2
BRDA:67,0,1,2
BRDA:82,1,0,7
BRDA:83,2,0,7
BRDA:92,3,0,7
BRDA:93,4,0,7
BRDA:101,5,0,2
BRDA:101,5,1,5
BRDA:101,6,0,7
BRDA:101,6,1,2
BRDA:105,7,0,0
BRDA:105,7,1,7
BRDA:105,8,0,7
BRDA:105,8,1,0
BRDA:109,9,0,2
BRDA:109,9,1,5
BRDA:109,10,0,7
BRDA:109,10,1,5
BRDA:111,11,0,2
BRDA:111,11,1,0
BRDA:112,12,0,2
BRDA:112,12,1,0
BRDA:115,13,0,2
BRDA:115,13,1,5
BRDA:124,14,0,0
BRDA:124,14,1,7
BRDA:128,15,0,0
BRDA:128,15,1,7
BRDA:128,16,0,7
BRDA:128,16,1,7
BRDA:130,17,0,0
BRDA:130,17,1,0
BRDA:131,18,0,0
BRDA:131,18,1,0
BRDA:182,19,0,1
BRDA:182,19,1,3
BRDA:207,20,0,2
BRDA:207,20,1,2
BRDA:230,21,0,1
BRDA:230,21,1,3
BRDA:237,22,0,1
BRDA:237,22,1,2
BRDA:274,23,0,0
BRDA:274,23,1,4
BRDA:281,24,0,1
BRDA:281,24,1,3
BRDA:293,25,0,2
BRDA:293,25,1,1
BRDA:293,26,0,3
BRDA:293,26,1,2
BRDA:296,27,0,2
BRDA:296,27,1,0
BRDA:307,28,0,3
BRDA:307,28,1,0
BRDA:308,29,0,3
BRDA:308,29,1,0
BRDA:346,30,0,1
BRDA:346,30,1,2
BRDA:414,31,0,3
BRDA:414,31,1,1
BRF:60
BRH:46
end_of_record
TN:
SF:apps\api\src\modules\misc\health.router.ts
FN:33,(anonymous_0)
FN:52,(anonymous_1)
FN:79,(anonymous_2)
FN:101,(anonymous_3)
FN:132,(anonymous_4)
FN:150,(anonymous_5)
FNF:6
FNH:6
FNDA:2,(anonymous_0)
FNDA:5,(anonymous_1)
FNDA:5,(anonymous_2)
FNDA:2,(anonymous_3)
FNDA:2,(anonymous_4)
FNDA:3,(anonymous_5)
DA:24,1
DA:34,2
DA:53,5
DA:54,5
DA:57,5
DA:58,5
DA:59,5
DA:60,4
DA:62,4
DA:68,4
DA:69,1
DA:72,1
DA:79,5
DA:80,5
DA:82,5
DA:102,2
DA:104,2
DA:111,1
DA:116,1
DA:133,2
DA:151,3
DA:153,3
DA:155,3
DA:156,1
DA:164,2
DA:166,1
DA:172,1
LF:27
LH:27
BRDA:68,0,0,1
BRDA:68,0,1,3
BRDA:74,1,0,1
BRDA:74,1,1,0
BRDA:83,2,0,4
BRDA:83,2,1,1
BRDA:88,3,0,5
BRDA:88,3,1,5
BRDA:89,4,0,5
BRDA:89,4,1,0
BRDA:119,5,0,1
BRDA:119,5,1,0
BRDA:155,6,0,1
BRDA:155,6,1,2
BRDA:175,7,0,1
BRDA:175,7,1,0
BRF:16
BRH:12
end_of_record
TN:
SF:apps\api\src\modules\misc\system.router.ts
FN:41,(anonymous_0)
FN:55,(anonymous_1)
FN:85,(anonymous_2)
FN:125,(anonymous_3)
FN:162,(anonymous_4)
FN:199,(anonymous_5)
FNF:6
FNH:6
FNDA:2,(anonymous_0)
FNDA:2,(anonymous_1)
FNDA:3,(anonymous_2)
FNDA:3,(anonymous_3)
FNDA:3,(anonymous_4)
FNDA:5,(anonymous_5)
DA:25,1
DA:26,1
DA:28,1
DA:42,2
DA:56,2
DA:87,3
DA:111,3
DA:126,3
DA:165,3
DA:167,3
DA:200,5
LF:11
LH:11
BRDA:26,0,0,1
BRDA:26,0,1,1
BRDA:68,1,0,2
BRDA:68,1,1,0
BRDA:129,2,0,3
BRDA:129,2,1,3
BRDA:130,3,0,3
BRDA:130,3,1,3
BRDA:137,4,0,3
BRDA:137,4,1,3
BRDA:138,5,0,3
BRDA:138,5,1,3
BRDA:142,6,0,3
BRDA:142,6,1,3
BRDA:143,7,0,3
BRDA:143,7,1,3
BRDA:144,8,0,3
BRDA:144,8,1,3
BRDA:147,9,0,3
BRDA:147,9,1,3
BRDA:148,10,0,3
BRDA:148,10,1,3
BRF:22
BRH:21
end_of_record
TN:
SF:apps\api\src\modules\misc\timeline.router.ts
FN:250,(anonymous_0)
FN:284,(anonymous_1)
FN:293,(anonymous_2)
FN:338,(anonymous_3)
FN:619,(anonymous_4)
FN:665,(anonymous_5)
FN:748,(anonymous_6)
FN:830,(anonymous_7)
FN:855,(anonymous_8)
FN:875,(anonymous_9)
FNF:10
FNH:10
FNDA:13,(anonymous_0)
FNDA:83,(anonymous_1)
FNDA:23,(anonymous_2)
FNDA:2,(anonymous_3)
FNDA:16,(anonymous_4)
FNDA:2,(anonymous_5)
FNDA:4,(anonymous_6)
FNDA:20,(anonymous_7)
FNDA:3,(anonymous_8)
FNDA:21,(anonymous_9)
DA:27,1
DA:51,1
DA:64,1
DA:77,1
DA:96,1
DA:98,1
DA:109,1
DA:148,1
DA:243,1
DA:251,13
DA:270,13
DA:273,13
DA:275,13
DA:276,13
DA:279,13
DA:280,13
DA:281,13
DA:284,13
DA:285,83
DA:286,80
DA:287,15
DA:289,65
DA:293,13
DA:294,23
DA:295,23
DA:301,23
DA:307,13
DA:308,11
DA:310,11
DA:311,1
DA:313,11
DA:314,0
DA:317,11
DA:318,0
DA:325,11
DA:326,0
DA:332,11
DA:333,0
DA:336,11
DA:337,1
DA:338,2
DA:342,11
DA:352,11
DA:354,23
DA:359,23
DA:360,23
DA:361,1
DA:362,22
DA:363,17
DA:366,23
DA:367,23
DA:405,13
DA:406,11
DA:414,11
DA:415,1
DA:420,11
DA:421,0
DA:424,11
DA:425,0
DA:428,11
DA:433,11
DA:434,1
DA:465,13
DA:466,11
DA:468,11
DA:469,1
DA:476,11
DA:477,0
DA:480,11
DA:491,11
DA:492,0
DA:495,0
DA:496,0
DA:497,0
DA:498,0
DA:501,0
DA:502,0
DA:539,13
DA:540,12
DA:544,12
DA:545,1
DA:548,12
DA:549,0
DA:552,12
DA:554,0
DA:560,12
DA:565,12
DA:566,1
DA:569,1
DA:570,1
DA:571,1
DA:579,1
DA:582,1
DA:619,13
DA:620,16
DA:621,16
DA:622,16
DA:628,13
DA:629,13
DA:630,13
DA:632,13
DA:633,13
DA:636,13
DA:637,0
DA:640,13
DA:666,2
DA:668,2
DA:670,2
DA:673,2
DA:674,2
DA:675,1
DA:684,2
DA:714,2
DA:716,2
DA:749,4
DA:751,4
DA:752,4
DA:753,4
DA:754,4
DA:763,4
DA:766,4
DA:774,4
DA:775,0
DA:778,4
DA:784,4
DA:785,23
DA:786,23
DA:798,4
DA:806,4
DA:807,0
DA:812,4
DA:818,4
DA:819,1
DA:830,20
DA:832,4
DA:834,4
DA:856,3
DA:858,3
DA:860,3
DA:865,3
DA:866,1
DA:869,3
DA:875,3
DA:876,21
DA:878,21
DA:894,3
DA:896,3
LF:147
LH:128
BRDA:273,0,0,13
BRDA:273,0,1,13
BRDA:273,0,2,12
BRDA:280,1,0,0
BRDA:280,1,1,13
BRDA:281,2,0,0
BRDA:281,2,1,13
BRDA:285,3,0,3
BRDA:285,3,1,80
BRDA:286,4,0,15
BRDA:286,4,1,65
BRDA:286,5,0,80
BRDA:286,5,1,15
BRDA:294,6,0,0
BRDA:294,6,1,23
BRDA:301,7,0,23
BRDA:301,7,1,0
BRDA:307,8,0,11
BRDA:307,8,1,2
BRDA:307,9,0,13
BRDA:307,9,1,2
BRDA:307,9,2,2
BRDA:310,10,0,1
BRDA:310,10,1,10
BRDA:313,11,0,0
BRDA:313,11,1,11
BRDA:317,12,0,0
BRDA:317,12,1,11
BRDA:325,13,0,0
BRDA:325,13,1,11
BRDA:332,14,0,0
BRDA:332,14,1,11
BRDA:336,15,0,1
BRDA:336,15,1,10
BRDA:336,16,0,11
BRDA:336,16,1,1
BRDA:354,17,0,23
BRDA:354,17,1,23
BRDA:354,17,2,18
BRDA:354,17,3,17
BRDA:360,18,0,1
BRDA:360,18,1,22
BRDA:362,19,0,17
BRDA:362,19,1,5
BRDA:366,20,0,23
BRDA:366,20,1,0
BRDA:372,21,0,23
BRDA:372,21,1,22
BRDA:372,21,2,0
BRDA:382,22,0,23
BRDA:382,22,1,0
BRDA:405,23,0,11
BRDA:405,23,1,2
BRDA:414,24,0,1
BRDA:414,24,1,10
BRDA:420,25,0,0
BRDA:420,25,1,11
BRDA:424,26,0,0
BRDA:424,26,1,11
BRDA:452,27,0,1
BRDA:452,27,1,1
BRDA:465,28,0,11
BRDA:465,28,1,2
BRDA:465,29,0,13
BRDA:465,29,1,2
BRDA:465,29,2,2
BRDA:468,30,0,1
BRDA:468,30,1,10
BRDA:476,31,0,0
BRDA:476,31,1,11
BRDA:495,32,0,0
BRDA:495,32,1,0
BRDA:497,33,0,0
BRDA:497,33,1,0
BRDA:501,34,0,0
BRDA:501,34,1,0
BRDA:511,35,0,0
BRDA:511,35,1,0
BRDA:539,36,0,12
BRDA:539,36,1,1
BRDA:544,37,0,1
BRDA:544,37,1,11
BRDA:548,38,0,0
BRDA:548,38,1,12
BRDA:552,39,0,0
BRDA:552,39,1,12
BRDA:552,40,0,12
BRDA:552,40,1,0
BRDA:570,41,0,1
BRDA:570,41,1,0
BRDA:579,42,0,1
BRDA:579,42,1,0
BRDA:585,43,0,1
BRDA:585,43,1,0
BRDA:586,44,0,1
BRDA:586,44,1,1
BRDA:588,45,0,0
BRDA:588,45,1,1
BRDA:593,46,0,1
BRDA:593,46,1,0
BRDA:594,47,0,1
BRDA:594,47,1,0
BRDA:594,47,2,0
BRDA:595,48,0,1
BRDA:595,48,1,0
BRDA:597,49,0,0
BRDA:597,49,1,1
BRDA:601,50,0,1
BRDA:601,50,1,0
BRDA:622,51,0,16
BRDA:622,51,1,0
BRDA:636,52,0,0
BRDA:636,52,1,13
BRDA:668,53,0,2
BRDA:668,53,1,2
BRDA:668,53,2,1
BRDA:674,54,0,1
BRDA:674,54,1,1
BRDA:696,55,0,1
BRDA:696,55,1,1
BRDA:708,56,0,2
BRDA:708,56,1,1
BRDA:751,57,0,4
BRDA:751,57,1,4
BRDA:751,57,2,4
BRDA:774,58,0,0
BRDA:774,58,1,4
BRDA:785,59,0,23
BRDA:785,59,1,0
BRDA:791,60,0,23
BRDA:791,60,1,0
BRDA:806,61,0,0
BRDA:806,61,1,4
BRDA:858,62,0,3
BRDA:858,62,1,3
BRDA:858,62,2,2
BRDA:865,63,0,1
BRDA:865,63,1,2
BRDA:881,64,0,21
BRDA:881,64,1,20
BRDA:883,65,0,21
BRDA:883,65,1,0
BRDA:883,65,2,0
BRDA:884,66,0,21
BRDA:884,66,1,20
BRDA:885,67,0,21
BRDA:885,67,1,20
BRDA:885,67,2,20
BRDA:886,68,0,21
BRDA:886,68,1,20
BRDA:888,69,0,1
BRDA:888,69,1,20
BRF:152
BRH:109
end_of_record
TN:
SF:apps\api\src\modules\opportunity\opportunity.router.ts
FN:24,(anonymous_0)
FN:64,(anonymous_1)
FN:113,(anonymous_2)
FN:225,(anonymous_3)
FN:284,(anonymous_4)
FN:308,(anonymous_5)
FN:327,(anonymous_6)
FN:344,(anonymous_7)
FN:358,(anonymous_8)
FNF:9
FNH:9
FNDA:14,(anonymous_0)
FNDA:4,(anonymous_1)
FNDA:10,(anonymous_2)
FNDA:12,(anonymous_3)
FNDA:4,(anonymous_4)
FNDA:5,(anonymous_5)
FNDA:5,(anonymous_6)
FNDA:7,(anonymous_7)
FNDA:6,(anonymous_8)
DA:20,2
DA:26,14
DA:30,14
DA:31,2
DA:38,12
DA:39,3
DA:43,3
DA:44,2
DA:51,10
DA:58,10
DA:65,4
DA:100,4
DA:101,2
DA:107,2
DA:130,10
DA:132,10
DA:135,10
DA:137,10
DA:138,0
DA:144,10
DA:145,2
DA:148,10
DA:149,0
DA:152,10
DA:153,0
DA:156,10
DA:157,0
DA:160,10
DA:161,2
DA:162,2
DA:163,2
DA:166,10
DA:167,2
DA:168,2
DA:169,2
DA:172,10
DA:173,2
DA:174,2
DA:175,2
DA:179,10
DA:213,10
DA:226,12
DA:229,12
DA:233,12
DA:234,1
DA:241,11
DA:242,2
DA:246,2
DA:247,2
DA:255,9
DA:256,1
DA:260,1
DA:261,1
DA:269,8
DA:278,8
DA:286,4
DA:290,4
DA:291,2
DA:298,2
DA:302,2
DA:309,5
DA:324,5
DA:328,5
DA:332,5
DA:345,7
DA:358,7
DA:359,6
DA:360,6
DA:361,6
DA:364,7
LF:70
LH:66
BRDA:30,0,0,2
BRDA:30,0,1,12
BRDA:38,1,0,3
BRDA:38,1,1,9
BRDA:43,2,0,2
BRDA:43,2,1,1
BRDA:100,3,0,2
BRDA:100,3,1,2
BRDA:115,4,0,10
BRDA:116,5,0,10
BRDA:128,6,0,10
BRDA:129,7,0,10
BRDA:137,8,0,0
BRDA:137,8,1,10
BRDA:144,9,0,2
BRDA:144,9,1,8
BRDA:144,10,0,10
BRDA:144,10,1,2
BRDA:148,11,0,0
BRDA:148,11,1,10
BRDA:152,12,0,0
BRDA:152,12,1,10
BRDA:156,13,0,0
BRDA:156,13,1,10
BRDA:160,14,0,2
BRDA:160,14,1,8
BRDA:160,15,0,10
BRDA:160,15,1,8
BRDA:162,16,0,2
BRDA:162,16,1,0
BRDA:163,17,0,2
BRDA:163,17,1,0
BRDA:166,18,0,2
BRDA:166,18,1,8
BRDA:166,19,0,10
BRDA:166,19,1,8
BRDA:168,20,0,2
BRDA:168,20,1,0
BRDA:169,21,0,2
BRDA:169,21,1,0
BRDA:172,22,0,2
BRDA:172,22,1,8
BRDA:172,23,0,10
BRDA:172,23,1,8
BRDA:174,24,0,2
BRDA:174,24,1,0
BRDA:175,25,0,2
BRDA:175,25,1,0
BRDA:233,26,0,1
BRDA:233,26,1,11
BRDA:241,27,0,2
BRDA:241,27,1,9
BRDA:246,28,0,2
BRDA:246,28,1,0
BRDA:255,29,0,1
BRDA:255,29,1,8
BRDA:255,30,0,9
BRDA:255,30,1,1
BRDA:260,31,0,1
BRDA:260,31,1,0
BRDA:273,32,0,8
BRDA:273,32,1,0
BRDA:274,33,0,12
BRDA:274,33,1,0
BRDA:290,34,0,2
BRDA:290,34,1,2
BRDA:330,35,0,5
BRDA:330,35,1,0
BRDA:336,36,0,5
BRDA:336,36,1,2
BRDA:337,37,0,5
BRDA:337,37,1,2
BRF:72
BRH:57
end_of_record
TN:
SF:apps\api\src\modules\security\audit.router.ts
FN:51,(anonymous_0)
FN:115,(anonymous_1)
FN:147,(anonymous_2)
FN:172,(anonymous_3)
FN:225,(anonymous_4)
FN:266,(anonymous_5)
FN:273,(anonymous_6)
FN:279,(anonymous_7)
FNF:8
FNH:8
FNDA:12,(anonymous_0)
FNDA:4,(anonymous_1)
FNDA:4,(anonymous_2)
FNDA:4,(anonymous_3)
FNDA:3,(anonymous_4)
FNDA:3,(anonymous_5)
FNDA:3,(anonymous_6)
FNDA:2,(anonymous_7)
DA:20,1
DA:31,1
DA:37,1
DA:45,1
DA:53,12
DA:54,1
DA:60,11
DA:62,11
DA:63,1
DA:65,11
DA:66,1
DA:68,11
DA:69,1
DA:71,11
DA:72,1
DA:74,11
DA:75,1
DA:76,1
DA:77,1
DA:79,1
DA:80,1
DA:84,11
DA:103,11
DA:116,4
DA:134,4
DA:148,4
DA:162,4
DA:175,4
DA:183,4
DA:187,4
DA:188,1
DA:189,1
DA:190,1
DA:192,1
DA:193,1
DA:197,4
DA:212,4
DA:226,3
DA:228,3
DA:229,1
DA:230,1
DA:231,1
DA:233,1
DA:234,1
DA:238,3
DA:263,3
DA:267,3
DA:268,3
DA:274,3
DA:275,3
DA:279,2
LF:51
LH:51
BRDA:53,0,0,1
BRDA:53,0,1,11
BRDA:62,1,0,1
BRDA:62,1,1,10
BRDA:65,2,0,1
BRDA:65,2,1,10
BRDA:68,3,0,1
BRDA:68,3,1,10
BRDA:71,4,0,1
BRDA:71,4,1,10
BRDA:74,5,0,1
BRDA:74,5,1,10
BRDA:74,6,0,11
BRDA:74,6,1,10
BRDA:76,7,0,1
BRDA:76,7,1,0
BRDA:79,8,0,1
BRDA:79,8,1,0
BRDA:187,9,0,1
BRDA:187,9,1,3
BRDA:187,10,0,4
BRDA:187,10,1,3
BRDA:189,11,0,1
BRDA:189,11,1,0
BRDA:192,12,0,1
BRDA:192,12,1,0
BRDA:228,13,0,1
BRDA:228,13,1,2
BRDA:228,14,0,3
BRDA:228,14,1,2
BRDA:230,15,0,1
BRDA:230,15,1,0
BRDA:233,16,0,1
BRDA:233,16,1,0
BRF:34
BRH:28
end_of_record
TN:
SF:apps\api\src\modules\task\task.router.ts
FN:25,(anonymous_0)
FN:76,(anonymous_1)
FN:129,(anonymous_2)
FN:249,(anonymous_3)
FN:318,(anonymous_4)
FN:342,(anonymous_5)
FN:376,(anonymous_6)
FN:407,(anonymous_7)
FN:414,(anonymous_8)
FNF:9
FNH:9
FNDA:23,(anonymous_0)
FNDA:5,(anonymous_1)
FNDA:19,(anonymous_2)
FNDA:14,(anonymous_3)
FNDA:5,(anonymous_4)
FNDA:8,(anonymous_5)
FNDA:10,(anonymous_6)
FNDA:8,(anonymous_7)
FNDA:8,(anonymous_8)
DA:21,2
DA:27,23
DA:28,3
DA:31,3
DA:32,2
DA:39,21
DA:40,3
DA:43,3
DA:44,2
DA:51,19
DA:52,3
DA:55,3
DA:56,2
DA:63,17
DA:70,17
DA:77,5
DA:116,5
DA:117,3
DA:123,2
DA:145,19
DA:147,19
DA:150,19
DA:152,19
DA:153,2
DA:159,19
DA:160,2
DA:163,19
DA:164,2
DA:167,19
DA:168,2
DA:171,19
DA:172,2
DA:175,19
DA:176,0
DA:179,19
DA:180,0
DA:183,19
DA:184,2
DA:185,2
DA:186,2
DA:189,19
DA:190,2
DA:191,2
DA:195,19
DA:237,19
DA:250,14
DA:253,14
DA:257,14
DA:258,1
DA:265,13
DA:266,3
DA:269,3
DA:270,2
DA:277,11
DA:278,2
DA:281,2
DA:282,2
DA:289,9
DA:290,2
DA:293,2
DA:294,2
DA:302,7
DA:312,7
DA:320,5
DA:324,5
DA:325,3
DA:332,2
DA:336,2
DA:343,8
DA:347,8
DA:348,3
DA:354,5
DA:355,3
DA:362,2
DA:370,2
DA:377,10
DA:404,10
DA:408,8
DA:409,8
DA:415,8
DA:416,8
LF:81
LH:79
BRDA:27,0,0,3
BRDA:27,0,1,20
BRDA:31,1,0,2
BRDA:31,1,1,1
BRDA:39,2,0,3
BRDA:39,2,1,18
BRDA:43,3,0,2
BRDA:43,3,1,1
BRDA:51,4,0,3
BRDA:51,4,1,16
BRDA:55,5,0,2
BRDA:55,5,1,1
BRDA:116,6,0,3
BRDA:116,6,1,2
BRDA:131,7,0,19
BRDA:132,8,0,19
BRDA:143,9,0,19
BRDA:144,10,0,19
BRDA:152,11,0,2
BRDA:152,11,1,17
BRDA:159,12,0,2
BRDA:159,12,1,17
BRDA:159,13,0,19
BRDA:159,13,1,2
BRDA:163,14,0,2
BRDA:163,14,1,17
BRDA:163,15,0,19
BRDA:163,15,1,2
BRDA:167,16,0,2
BRDA:167,16,1,17
BRDA:171,17,0,2
BRDA:171,17,1,17
BRDA:175,18,0,0
BRDA:175,18,1,19
BRDA:179,19,0,0
BRDA:179,19,1,19
BRDA:183,20,0,2
BRDA:183,20,1,17
BRDA:183,21,0,19
BRDA:183,21,1,17
BRDA:185,22,0,2
BRDA:185,22,1,0
BRDA:186,23,0,2
BRDA:186,23,1,0
BRDA:189,24,0,2
BRDA:189,24,1,17
BRDA:257,25,0,1
BRDA:257,25,1,13
BRDA:265,26,0,3
BRDA:265,26,1,10
BRDA:265,27,0,13
BRDA:265,27,1,3
BRDA:269,28,0,2
BRDA:269,28,1,1
BRDA:277,29,0,2
BRDA:277,29,1,9
BRDA:277,30,0,11
BRDA:277,30,1,2
BRDA:281,31,0,2
BRDA:281,31,1,0
BRDA:289,32,0,2
BRDA:289,32,1,7
BRDA:289,33,0,9
BRDA:289,33,1,2
BRDA:293,34,0,2
BRDA:293,34,1,0
BRDA:306,35,0,7
BRDA:306,35,1,1
BRDA:307,36,0,14
BRDA:307,36,1,0
BRDA:308,37,0,14
BRDA:308,37,1,0
BRDA:324,38,0,3
BRDA:324,38,1,2
BRDA:347,39,0,3
BRDA:347,39,1,5
BRDA:354,40,0,3
BRDA:354,40,1,2
BRF:78
BRH:70
end_of_record
TN:
SF:apps\api\src\security\audit-coverage-test.ts
FN:38,(anonymous_0)
FN:41,(anonymous_1)
FN:47,(anonymous_2)
FN:51,(anonymous_3)
FN:52,(anonymous_4)
FN:70,(anonymous_5)
FN:79,(anonymous_6)
FN:101,(anonymous_7)
FN:112,(anonymous_8)
FN:113,(anonymous_9)
FN:123,(anonymous_10)
FN:133,(anonymous_11)
FN:144,(anonymous_12)
FN:145,(anonymous_13)
FN:157,(anonymous_14)
FN:158,(anonymous_15)
FN:177,(anonymous_16)
FN:196,(anonymous_17)
FN:197,(anonymous_18)
FN:213,(anonymous_19)
FN:229,(anonymous_20)
FN:230,(anonymous_21)
FN:254,(anonymous_22)
FN:257,(anonymous_23)
FN:262,(anonymous_24)
FN:266,(anonymous_25)
FN:267,(anonymous_26)
FN:268,(anonymous_27)
FN:280,(anonymous_28)
FN:293,(anonymous_29)
FN:294,(anonymous_30)
FN:302,(anonymous_31)
FN:314,(anonymous_32)
FN:315,(anonymous_33)
FN:325,(anonymous_34)
FN:330,(anonymous_35)
FN:352,(anonymous_36)
FN:353,(anonymous_37)
FN:366,(anonymous_38)
FN:367,(anonymous_39)
FN:377,(anonymous_40)
FN:391,(anonymous_41)
FN:392,(anonymous_42)
FN:399,(anonymous_43)
FN:406,(anonymous_44)
FN:413,(anonymous_45)
FN:414,(anonymous_46)
FN:425,(anonymous_47)
FN:426,(anonymous_48)
FN:433,(anonymous_49)
FN:443,(anonymous_50)
FN:444,(anonymous_51)
FN:452,(anonymous_52)
FN:460,(anonymous_53)
FN:468,(anonymous_54)
FN:478,(anonymous_55)
FN:479,(anonymous_56)
FN:492,(anonymous_57)
FN:504,(anonymous_58)
FN:523,(anonymous_59)
FN:534,(anonymous_60)
FNF:61
FNH:0
FNDA:0,(anonymous_0)
FNDA:0,(anonymous_1)
FNDA:0,(anonymous_2)
FNDA:0,(anonymous_3)
FNDA:0,(anonymous_4)
FNDA:0,(anonymous_5)
FNDA:0,(anonymous_6)
FNDA:0,(anonymous_7)
FNDA:0,(anonymous_8)
FNDA:0,(anonymous_9)
FNDA:0,(anonymous_10)
FNDA:0,(anonymous_11)
FNDA:0,(anonymous_12)
FNDA:0,(anonymous_13)
FNDA:0,(anonymous_14)
FNDA:0,(anonymous_15)
FNDA:0,(anonymous_16)
FNDA:0,(anonymous_17)
FNDA:0,(anonymous_18)
FNDA:0,(anonymous_19)
FNDA:0,(anonymous_20)
FNDA:0,(anonymous_21)
FNDA:0,(anonymous_22)
FNDA:0,(anonymous_23)
FNDA:0,(anonymous_24)
FNDA:0,(anonymous_25)
FNDA:0,(anonymous_26)
FNDA:0,(anonymous_27)
FNDA:0,(anonymous_28)
FNDA:0,(anonymous_29)
FNDA:0,(anonymous_30)
FNDA:0,(anonymous_31)
FNDA:0,(anonymous_32)
FNDA:0,(anonymous_33)
FNDA:0,(anonymous_34)
FNDA:0,(anonymous_35)
FNDA:0,(anonymous_36)
FNDA:0,(anonymous_37)
FNDA:0,(anonymous_38)
FNDA:0,(anonymous_39)
FNDA:0,(anonymous_40)
FNDA:0,(anonymous_41)
FNDA:0,(anonymous_42)
FNDA:0,(anonymous_43)
FNDA:0,(anonymous_44)
FNDA:0,(anonymous_45)
FNDA:0,(anonymous_46)
FNDA:0,(anonymous_47)
FNDA:0,(anonymous_48)
FNDA:0,(anonymous_49)
FNDA:0,(anonymous_50)
FNDA:0,(anonymous_51)
FNDA:0,(anonymous_52)
FNDA:0,(anonymous_53)
FNDA:0,(anonymous_54)
FNDA:0,(anonymous_55)
FNDA:0,(anonymous_56)
FNDA:0,(anonymous_57)
FNDA:0,(anonymous_58)
FNDA:0,(anonymous_59)
FNDA:0,(anonymous_60)
DA:27,0
DA:38,0
DA:41,0
DA:42,0
DA:43,0
DA:44,0
DA:47,0
DA:48,0
DA:51,0
DA:52,0
DA:53,0
DA:58,0
DA:59,0
DA:70,0
DA:71,0
DA:75,0
DA:76,0
DA:79,0
DA:80,0
DA:81,0
DA:83,0
DA:89,0
DA:90,0
DA:101,0
DA:102,0
DA:107,0
DA:108,0
DA:112,0
DA:113,0
DA:114,0
DA:119,0
DA:120,0
DA:123,0
DA:124,0
DA:129,0
DA:130,0
DA:133,0
DA:134,0
DA:139,0
DA:140,0
DA:144,0
DA:145,0
DA:146,0
DA:152,0
DA:153,0
DA:157,0
DA:158,0
DA:159,0
DA:167,0
DA:168,0
DA:177,0
DA:178,0
DA:184,0
DA:185,0
DA:196,0
DA:197,0
DA:198,0
DA:209,0
DA:210,0
DA:213,0
DA:214,0
DA:225,0
DA:229,0
DA:230,0
DA:231,0
DA:241,0
DA:242,0
DA:254,0
DA:257,0
DA:258,0
DA:259,0
DA:262,0
DA:263,0
DA:266,0
DA:267,0
DA:268,0
DA:269,0
DA:270,0
DA:271,0
DA:272,0
DA:274,0
DA:275,0
DA:276,0
DA:277,0
DA:280,0
DA:281,0
DA:289,0
DA:293,0
DA:294,0
DA:295,0
DA:296,0
DA:298,0
DA:299,0
DA:302,0
DA:303,0
DA:310,0
DA:314,0
DA:315,0
DA:316,0
DA:317,0
DA:318,0
DA:320,0
DA:321,0
DA:322,0
DA:325,0
DA:326,0
DA:327,0
DA:330,0
DA:331,0
DA:339,0
DA:347,0
DA:348,0
DA:352,0
DA:353,0
DA:354,0
DA:355,0
DA:356,0
DA:357,0
DA:359,0
DA:360,0
DA:361,0
DA:362,0
DA:366,0
DA:367,0
DA:368,0
DA:369,0
DA:370,0
DA:372,0
DA:373,0
DA:374,0
DA:377,0
DA:378,0
DA:386,0
DA:391,0
DA:392,0
DA:393,0
DA:394,0
DA:395,0
DA:396,0
DA:399,0
DA:400,0
DA:401,0
DA:402,0
DA:403,0
DA:406,0
DA:407,0
DA:408,0
DA:409,0
DA:413,0
DA:414,0
DA:415,0
DA:416,0
DA:418,0
DA:419,0
DA:420,0
DA:421,0
DA:425,0
DA:426,0
DA:427,0
DA:428,0
DA:430,0
DA:433,0
DA:434,0
DA:435,0
DA:438,0
DA:439,0
DA:443,0
DA:444,0
DA:445,0
DA:449,0
DA:452,0
DA:453,0
DA:457,0
DA:460,0
DA:461,0
DA:465,0
DA:468,0
DA:469,0
DA:473,0
DA:478,0
DA:479,0
DA:480,0
DA:481,0
DA:482,0
DA:483,0
DA:484,0
DA:485,0
DA:486,0
DA:487,0
DA:488,0
DA:492,0
DA:493,0
DA:502,0
DA:504,0
DA:505,0
DA:506,0
DA:508,0
DA:509,0
DA:510,0
DA:513,0
DA:518,0
DA:523,0
DA:524,0
DA:525,0
DA:527,0
DA:529,0
DA:530,0
DA:534,0
DA:535,0
DA:565,0
DA:568,0
DA:569,0
LF:212
LH:0
BRF:0
BRH:0
end_of_record
TN:
SF:apps\api\src\security\audit-logger.ts
FN:74,(anonymous_0)
FN:92,(anonymous_1)
FN:118,(anonymous_2)
FN:169,(anonymous_3)
FN:202,(anonymous_4)
FN:230,(anonymous_5)
FN:291,(anonymous_6)
FN:323,(anonymous_7)
FN:362,(anonymous_8)
FN:368,(anonymous_9)
FN:379,(anonymous_10)
FN:389,(anonymous_11)
FN:409,(anonymous_12)
FN:434,(anonymous_13)
FN:457,(anonymous_14)
FN:465,(anonymous_15)
FN:474,(anonymous_16)
FN:495,getAuditLogger
FN:505,resetAuditLogger
FNF:19
FNH:18
FNDA:50,(anonymous_0)
FNDA:27,(anonymous_1)
FNDA:8,(anonymous_2)
FNDA:2,(anonymous_3)
FNDA:7,(anonymous_4)
FNDA:3,(anonymous_5)
FNDA:4,(anonymous_6)
FNDA:4,(anonymous_7)
FNDA:4,(anonymous_8)
FNDA:4,(anonymous_9)
FNDA:1,(anonymous_10)
FNDA:27,(anonymous_11)
FNDA:26,(anonymous_12)
FNDA:8,(anonymous_13)
FNDA:5,(anonymous_14)
FNDA:0,(anonymous_15)
FNDA:2,(anonymous_16)
FNDA:3,getAuditLogger
FNDA:41,resetAuditLogger
DA:71,50
DA:72,50
DA:75,50
DA:76,50
DA:93,27
DA:95,27
DA:96,1
DA:101,27
DA:102,5
DA:103,5
DA:104,5
DA:107,22
DA:141,8
DA:143,8
DA:182,2
DA:203,7
DA:204,2
DA:205,2
DA:208,7
DA:224,7
DA:241,3
DA:242,2
DA:255,2
DA:265,1
DA:277,1
DA:303,4
DA:333,4
DA:335,4
DA:336,4
DA:337,4
DA:338,4
DA:340,4
DA:341,1
DA:342,1
DA:343,1
DA:346,4
DA:356,4
DA:363,4
DA:365,3
DA:367,3
DA:368,4
DA:370,1
DA:372,1
DA:380,1
DA:381,1
DA:383,1
DA:392,27
DA:393,27
DA:395,27
DA:410,26
DA:411,26
DA:424,24
DA:426,2
DA:427,2
DA:438,8
DA:439,6
DA:440,6
DA:442,5
DA:443,5
DA:445,5
DA:446,9
DA:447,6
DA:451,5
DA:458,5
DA:460,4
DA:461,0
DA:462,0
DA:465,4
DA:466,0
DA:467,0
DA:475,2
DA:477,1
DA:479,0
DA:481,1
DA:483,0
DA:485,0
DA:493,2
DA:496,3
DA:497,2
DA:499,3
DA:506,41
LF:81
LH:74
BRDA:74,0,0,50
BRDA:77,1,0,50
BRDA:77,1,1,44
BRDA:78,2,0,50
BRDA:78,2,1,48
BRDA:79,3,0,50
BRDA:79,3,1,48
BRDA:80,4,0,50
BRDA:80,4,1,2
BRDA:81,5,0,50
BRDA:81,5,1,49
BRDA:82,6,0,50
BRDA:82,6,1,49
BRDA:95,7,0,1
BRDA:95,7,1,26
BRDA:97,8,0,1
BRDA:97,8,1,0
BRDA:101,9,0,5
BRDA:101,9,1,22
BRDA:104,10,0,5
BRDA:104,10,1,0
BRDA:122,11,0,8
BRDA:152,12,0,8
BRDA:152,12,1,8
BRDA:173,13,0,2
BRDA:193,14,0,2
BRDA:193,14,1,1
BRDA:203,15,0,2
BRDA:203,15,1,5
BRDA:204,16,0,2
BRDA:204,16,1,0
BRDA:211,17,0,7
BRDA:211,17,1,0
BRDA:217,18,0,7
BRDA:217,18,1,6
BRDA:219,19,0,7
BRDA:219,19,1,6
BRDA:220,20,0,7
BRDA:220,20,1,6
BRDA:224,21,0,7
BRDA:224,21,1,1
BRDA:241,22,0,2
BRDA:241,22,1,1
BRDA:247,23,0,2
BRDA:247,23,1,0
BRDA:295,24,0,4
BRDA:306,25,0,1
BRDA:306,25,1,3
BRDA:335,26,0,1
BRDA:335,26,1,3
BRDA:336,27,0,0
BRDA:336,27,1,4
BRDA:337,28,0,1
BRDA:337,28,1,3
BRDA:338,29,0,0
BRDA:338,29,1,4
BRDA:340,30,0,1
BRDA:340,30,1,3
BRDA:340,31,0,4
BRDA:340,31,1,3
BRDA:342,32,0,1
BRDA:342,32,1,0
BRDA:343,33,0,1
BRDA:343,33,1,0
BRDA:350,34,0,4
BRDA:350,34,1,2
BRDA:351,35,0,4
BRDA:351,35,1,3
BRDA:363,36,0,1
BRDA:363,36,1,3
BRDA:380,37,0,1
BRDA:380,37,1,0
BRDA:397,38,0,27
BRDA:397,38,1,27
BRDA:398,39,0,27
BRDA:398,39,1,18
BRDA:399,40,0,27
BRDA:399,40,1,19
BRDA:400,41,0,27
BRDA:400,41,1,27
BRDA:401,42,0,27
BRDA:401,42,1,25
BRDA:420,43,0,26
BRDA:420,43,1,13
BRDA:438,44,0,2
BRDA:438,44,1,6
BRDA:438,45,0,8
BRDA:438,45,1,2
BRDA:439,46,0,0
BRDA:439,46,1,6
BRDA:439,47,0,0
BRDA:439,47,1,0
BRDA:440,48,0,1
BRDA:440,48,1,5
BRDA:446,49,0,6
BRDA:446,49,1,3
BRDA:458,50,0,1
BRDA:458,50,1,4
BRDA:460,51,0,0
BRDA:460,51,1,4
BRDA:475,52,0,1
BRDA:475,52,1,0
BRDA:475,52,2,1
BRDA:475,52,3,0
BRDA:475,52,4,0
BRDA:496,53,0,2
BRDA:496,53,1,1
BRF:107
BRH:90
end_of_record
TN:
SF:apps\api\src\security\index.ts
FNF:0
FNH:0
LF:0
LH:0
BRF:0
BRH:0
end_of_record
TN:
SF:apps\api\src\security\middleware.ts
FN:65,createSecurityContextMiddleware
FN:66,(anonymous_1)
FN:107,requirePermission
FN:111,(anonymous_3)
FN:191,auditLog
FN:192,(anonymous_5)
FN:247,securedAction
FN:254,(anonymous_7)
FN:259,(anonymous_8)
FN:277,requireAdmin
FN:278,(anonymous_10)
FN:289,requireManager
FN:290,(anonymous_12)
FN:301,requireRole
FN:302,(anonymous_14)
FN:330,requireOwnership
FN:336,(anonymous_16)
FN:365,generateRequestId
FN:369,extractIpAddress
FN:387,extractUserAgent
FNF:20
FNH:17
FNDA:3,createSecurityContextMiddleware
FNDA:3,(anonymous_1)
FNDA:6,requirePermission
FNDA:4,(anonymous_3)
FNDA:5,auditLog
FNDA:5,(anonymous_5)
FNDA:0,securedAction
FNDA:0,(anonymous_7)
FNDA:0,(anonymous_8)
FNDA:3,requireAdmin
FNDA:3,(anonymous_10)
FNDA:3,requireManager
FNDA:3,(anonymous_12)
FNDA:3,requireRole
FNDA:3,(anonymous_14)
FNDA:6,requireOwnership
FNDA:6,(anonymous_16)
FNDA:3,generateRequestId
FNDA:3,extractIpAddress
FNDA:3,extractUserAgent
DA:66,3
DA:67,3
DA:70,3
DA:71,3
DA:73,3
DA:84,3
DA:109,6
DA:111,6
DA:112,4
DA:113,1
DA:119,3
DA:120,3
DA:124,3
DA:125,0
DA:129,3
DA:138,3
DA:140,2
DA:141,2
DA:156,2
DA:162,1
DA:192,5
DA:194,5
DA:195,1
DA:199,4
DA:205,5
DA:207,5
DA:208,5
DA:210,1
DA:214,4
DA:215,4
DA:219,5
DA:232,0
DA:236,4
DA:237,1
DA:240,3
DA:254,0
DA:256,0
DA:259,0
DA:265,0
DA:278,3
DA:279,3
DA:280,2
DA:285,1
DA:290,3
DA:291,3
DA:292,1
DA:297,2
DA:302,3
DA:303,3
DA:304,1
DA:310,2
DA:311,2
DA:312,2
DA:314,2
DA:315,1
DA:321,1
DA:334,6
DA:336,6
DA:337,6
DA:338,1
DA:345,5
DA:346,2
DA:349,3
DA:351,3
DA:352,2
DA:358,1
DA:366,3
DA:370,3
DA:373,3
DA:374,3
DA:375,3
DA:376,3
DA:379,0
DA:380,3
DA:381,0
DA:384,0
DA:388,3
DA:389,3
LF:78
LH:69
BRDA:109,0,0,4
BRDA:109,0,1,2
BRDA:112,1,0,1
BRDA:112,1,1,3
BRDA:124,2,0,0
BRDA:124,2,1,3
BRDA:138,3,0,2
BRDA:138,3,1,1
BRDA:140,4,0,2
BRDA:140,4,1,0
BRDA:143,5,0,2
BRDA:143,5,1,2
BRDA:158,6,0,2
BRDA:158,6,1,0
BRDA:194,7,0,1
BRDA:194,7,1,4
BRDA:199,8,0,1
BRDA:199,8,1,3
BRDA:215,9,0,1
BRDA:215,9,1,3
BRDA:217,10,0,3
BRDA:217,10,1,0
BRDA:228,11,0,1
BRDA:228,11,1,3
BRDA:236,12,0,1
BRDA:236,12,1,3
BRDA:279,13,0,2
BRDA:279,13,1,1
BRDA:279,14,0,3
BRDA:279,14,1,2
BRDA:291,15,0,1
BRDA:291,15,1,2
BRDA:291,16,0,3
BRDA:291,16,1,3
BRDA:303,17,0,1
BRDA:303,17,1,2
BRDA:314,18,0,1
BRDA:314,18,1,1
BRDA:334,19,0,6
BRDA:334,19,1,5
BRDA:337,20,0,1
BRDA:337,20,1,5
BRDA:345,21,0,2
BRDA:345,21,1,3
BRDA:351,22,0,2
BRDA:351,22,1,1
BRDA:351,23,0,3
BRDA:351,23,1,3
BRDA:370,24,0,0
BRDA:370,24,1,3
BRDA:375,25,0,3
BRDA:375,25,1,0
BRDA:380,26,0,0
BRDA:380,26,1,3
BRDA:388,27,0,0
BRDA:388,27,1,3
BRDA:389,28,0,3
BRDA:389,28,1,0
BRF:58
BRH:49
end_of_record
TN:
SF:apps\api\src\security\rbac.ts
FN:121,(anonymous_0)
FN:131,(anonymous_1)
FN:191,(anonymous_2)
FN:207,(anonymous_3)
FN:223,(anonymous_4)
FN:239,(anonymous_5)
FN:248,(anonymous_6)
FN:260,(anonymous_7)
FN:292,(anonymous_8)
FN:301,(anonymous_9)
FN:308,(anonymous_10)
FN:315,(anonymous_11)
FN:322,(anonymous_12)
FN:329,(anonymous_13)
FN:341,(anonymous_14)
FN:356,(anonymous_15)
FN:390,getRBACService
FN:400,resetRBACService
FNF:18
FNH:18
FNDA:47,(anonymous_0)
FNDA:30,(anonymous_1)
FNDA:1,(anonymous_2)
FNDA:3,(anonymous_3)
FNDA:1,(anonymous_4)
FNDA:2,(anonymous_5)
FNDA:2,(anonymous_6)
FNDA:13,(anonymous_7)
FNDA:2,(anonymous_8)
FNDA:12,(anonymous_9)
FNDA:6,(anonymous_10)
FNDA:3,(anonymous_11)
FNDA:2,(anonymous_12)
FNDA:19,(anonymous_13)
FNDA:2,(anonymous_14)
FNDA:10,(anonymous_15)
FNDA:2,getRBACService
FNDA:48,resetRBACService
DA:42,2
DA:105,2
DA:118,47
DA:119,47
DA:122,47
DA:132,30
DA:133,30
DA:134,30
DA:137,30
DA:138,30
DA:139,30
DA:141,30
DA:143,30
DA:144,8
DA:153,22
DA:154,5
DA:156,3
DA:159,3
DA:170,19
DA:171,19
DA:172,0
DA:173,0
DA:181,19
DA:197,1
DA:204,1
DA:213,3
DA:220,3
DA:229,1
DA:236,1
DA:244,2
DA:245,2
DA:253,2
DA:254,2
DA:261,13
DA:262,13
DA:264,13
DA:265,1
DA:268,12
DA:271,12
DA:272,12
DA:273,12
DA:274,108
DA:275,479
DA:281,12
DA:286,12
DA:293,2
DA:294,2
DA:295,2
DA:302,12
DA:309,6
DA:316,3
DA:323,2
DA:335,19
DA:342,2
DA:343,1
DA:344,2
DA:345,1
DA:349,1
DA:357,10
DA:358,11
DA:360,11
DA:362,5
DA:363,3
DA:365,1
DA:366,1
DA:368,3
DA:369,1
DA:370,2
DA:372,1
DA:373,1
DA:375,1
DA:376,0
DA:377,1
DA:381,7
DA:388,2
DA:391,2
DA:392,1
DA:394,2
DA:401,48
DA:407,2
LF:80
LH:77
BRDA:133,0,0,30
BRDA:133,0,1,0
BRDA:137,1,0,30
BRDA:137,1,1,0
BRDA:143,2,0,8
BRDA:143,2,1,22
BRDA:153,3,0,5
BRDA:153,3,1,17
BRDA:153,4,0,22
BRDA:153,4,1,9
BRDA:154,5,0,3
BRDA:154,5,1,2
BRDA:156,6,0,0
BRDA:156,6,1,3
BRDA:156,7,0,3
BRDA:156,7,1,0
BRDA:171,8,0,0
BRDA:171,8,1,19
BRDA:175,9,0,0
BRDA:175,9,1,0
BRDA:264,10,0,1
BRDA:264,10,1,12
BRDA:264,11,0,13
BRDA:264,11,1,2
BRDA:272,12,0,12
BRDA:272,12,1,0
BRDA:302,13,0,12
BRDA:302,13,1,1
BRDA:342,14,0,1
BRDA:342,14,1,1
BRDA:344,15,0,1
BRDA:344,15,1,1
BRDA:360,16,0,5
BRDA:360,16,1,1
BRDA:360,16,2,3
BRDA:360,16,3,1
BRDA:360,16,4,1
BRDA:362,17,0,2
BRDA:362,17,1,3
BRDA:365,18,0,0
BRDA:365,18,1,1
BRDA:368,19,0,1
BRDA:368,19,1,2
BRDA:368,20,0,3
BRDA:368,20,1,3
BRDA:372,21,0,0
BRDA:372,21,1,1
BRDA:372,22,0,1
BRDA:372,22,1,1
BRDA:375,23,0,0
BRDA:375,23,1,1
BRDA:375,24,0,1
BRDA:375,24,1,1
BRDA:391,25,0,1
BRDA:391,25,1,1
BRF:55
BRH:44
end_of_record
TN:
SF:apps\api\src\security\types.ts
FNF:0
FNH:0
DA:121,2
LF:1
LH:1
BRF:0
BRH:0
end_of_record
TN:
SF:apps\api\src\test\setup.ts
FN:27,(anonymous_0)
FN:34,createTestContext
FN:52,createAdminContext
FN:66,createPublicContext
FN:77,generateTestUUID
FN:79,(anonymous_5)
FNF:6
FNH:6
FNDA:352,(anonymous_0)
FNDA:71,createTestContext
FNDA:14,createAdminContext
FNDA:18,createPublicContext
FNDA:182,generateTestUUID
FNDA:1612,(anonymous_5)
DA:22,13
DA:27,13
DA:28,352
DA:35,71
DA:46,71
DA:53,14
DA:67,18
DA:79,182
DA:80,1612
DA:83,182
DA:84,182
DA:90,13
DA:111,13
DA:127,13
DA:142,13
DA:155,13
DA:171,13
DA:187,13
DA:194,13
LF:19
LH:19
BRF:0
BRH:0
end_of_record
TN:
SF:apps\api\src\tracing\correlation.ts
FN:47,generateCorrelationId
FN:63,extractRequestId
FN:88,initializeRequestContext
FN:115,runWithContext
FN:127,getRequestContext
FN:138,getCorrelationId
FN:147,getRequestId
FN:156,getUserId
FN:165,getRequestDuration
FN:177,createCorrelationHeaders
FN:203,logWithCorrelation
FNF:11
FNH:9
FNDA:110,generateCorrelationId
FNDA:111,extractRequestId
FNDA:107,initializeRequestContext
FNDA:105,runWithContext
FNDA:9,getRequestContext
FNDA:2,getCorrelationId
FNDA:0,getRequestId
FNDA:0,getUserId
FNDA:2,getRequestDuration
FNDA:3,createCorrelationHeaders
FNDA:2,logWithCorrelation
DA:38,1
DA:48,110
DA:66,111
DA:68,111
DA:69,426
DA:70,426
DA:71,6
DA:75,105
DA:92,107
DA:93,107
DA:95,107
DA:102,107
DA:116,105
DA:128,9
DA:139,2
DA:148,0
DA:157,0
DA:166,2
DA:167,2
DA:178,3
DA:180,3
DA:181,1
DA:184,2
DA:188,2
DA:189,1
DA:192,2
DA:204,2
DA:205,2
DA:206,2
DA:208,2
DA:213,2
DA:214,1
DA:216,2
DA:217,1
DA:219,2
DA:220,1
DA:222,2
DA:223,1
DA:226,2
LF:39
LH:37
BRDA:69,0,0,426
BRDA:69,0,1,420
BRDA:70,1,0,6
BRDA:70,1,1,420
BRDA:71,2,0,1
BRDA:71,2,1,5
BRDA:167,3,0,2
BRDA:167,3,1,0
BRDA:180,4,0,1
BRDA:180,4,1,2
BRDA:188,5,0,1
BRDA:188,5,1,1
BRDA:205,6,0,2
BRDA:205,6,1,1
BRDA:206,7,0,1
BRDA:206,7,1,1
BRDA:213,8,0,1
BRDA:213,8,1,1
BRDA:216,9,0,1
BRDA:216,9,1,1
BRDA:219,10,0,1
BRDA:219,10,1,1
BRDA:222,11,0,1
BRDA:222,11,1,1
BRF:24
BRH:23
end_of_record
TN:
SF:apps\api\src\tracing\middleware.ts
FN:42,(anonymous_0)
FN:47,(anonymous_1)
FN:62,(anonymous_2)
FN:165,(anonymous_3)
FNF:4
FNH:4
FNDA:1,(anonymous_0)
FNDA:1,(anonymous_1)
FNDA:1,(anonymous_2)
FNDA:2,(anonymous_3)
DA:23,2
DA:28,2
DA:42,2
DA:44,1
DA:47,1
DA:48,1
DA:49,1
DA:52,1
DA:63,1
DA:65,1
DA:67,1
DA:68,1
DA:73,1
DA:74,1
DA:75,1
DA:78,1
DA:81,0
DA:84,0
DA:85,0
DA:86,0
DA:89,0
DA:90,0
DA:97,0
DA:108,0
DA:111,1
DA:114,1
DA:118,1
DA:119,1
DA:120,1
DA:123,1
DA:124,1
DA:138,1
DA:152,1
DA:165,2
DA:166,2
DA:168,2
DA:169,2
DA:170,1
DA:173,1
DA:183,1
DA:185,1
DA:188,1
DA:198,1
DA:210,2
DA:211,2
LF:45
LH:37
BRDA:49,0,0,1
BRDA:49,0,1,0
BRDA:59,1,0,1
BRDA:59,1,1,1
BRDA:67,2,0,1
BRDA:67,2,1,0
BRDA:89,3,0,0
BRDA:89,3,1,0
BRDA:116,4,0,1
BRDA:116,4,1,0
BRDA:123,5,0,1
BRDA:123,5,1,0
BRDA:125,6,0,1
BRDA:125,6,1,0
BRDA:146,7,0,1
BRDA:146,7,1,0
BRDA:147,8,0,1
BRDA:147,8,1,1
BRF:18
BRH:10
end_of_record
TN:
SF:apps\api\src\tracing\sentry.ts
FN:39,envString
FN:45,envNumber
FN:53,getSentryConfig
FN:79,initializeSentry
FN:110,(anonymous_4)
FN:131,(anonymous_5)
FN:160,captureException
FN:181,captureMessage
FN:194,startSpan
FN:200,(anonymous_9)
FN:211,setUser
FN:221,setTag
FN:231,setContext
FN:243,flushSentry
FN:259,closeSentry
FNF:15
FNH:10
FNDA:9,envString
FNDA:3,envNumber
FNDA:3,getSentryConfig
FNDA:3,initializeSentry
FNDA:1,(anonymous_4)
FNDA:1,(anonymous_5)
FNDA:1,captureException
FNDA:1,captureMessage
FNDA:0,startSpan
FNDA:0,(anonymous_9)
FNDA:0,setUser
FNDA:0,setTag
FNDA:0,setContext
FNDA:2,flushSentry
FNDA:1,closeSentry
DA:40,9
DA:41,9
DA:42,5
DA:46,3
DA:47,3
DA:54,3
DA:55,3
DA:56,3
DA:58,3
DA:80,3
DA:83,3
DA:84,1
DA:85,1
DA:89,2
DA:90,1
DA:91,1
DA:94,1
DA:95,1
DA:112,1
DA:113,1
DA:114,1
DA:115,1
DA:119,1
DA:121,1
DA:122,1
DA:123,1
DA:127,1
DA:133,1
DA:134,0
DA:138,1
DA:139,1
DA:142,1
DA:146,1
DA:147,1
DA:148,1
DA:150,0
DA:168,1
DA:185,1
DA:195,0
DA:212,0
DA:222,0
DA:232,0
DA:244,2
DA:245,2
DA:246,1
DA:247,1
DA:249,1
DA:250,1
DA:260,1
DA:261,1
DA:262,1
DA:264,0
LF:52
LH:45
BRDA:41,0,0,4
BRDA:41,0,1,5
BRDA:46,1,0,3
BRDA:46,1,1,2
BRDA:47,2,0,1
BRDA:47,2,1,2
BRDA:59,3,0,3
BRDA:59,3,1,3
BRDA:83,4,0,1
BRDA:83,4,1,2
BRDA:89,5,0,1
BRDA:89,5,1,1
BRDA:112,6,0,1
BRDA:112,6,1,0
BRDA:119,7,0,1
BRDA:119,7,1,0
BRDA:121,8,0,1
BRDA:121,8,1,0
BRDA:133,9,0,0
BRDA:133,9,1,1
BRDA:133,10,0,1
BRDA:133,10,1,0
BRDA:138,11,0,1
BRDA:138,11,1,0
BRDA:183,12,0,1
BRDA:243,13,0,2
BRF:26
BRH:20
end_of_record
TN:
SF:packages\adapters\src\calendar\google\client.ts
FN:124,(anonymous_0)
FN:150,(anonymous_1)
FN:164,(anonymous_2)
FN:208,(anonymous_3)
FN:251,(anonymous_4)
FN:275,(anonymous_5)
FN:293,(anonymous_6)
FN:317,(anonymous_7)
FN:347,(anonymous_8)
FN:353,(anonymous_9)
FN:386,(anonymous_10)
FN:400,(anonymous_11)
FN:404,(anonymous_12)
FN:424,(anonymous_13)
FN:437,(anonymous_14)
FN:441,(anonymous_15)
FN:464,(anonymous_16)
FN:478,(anonymous_17)
FN:482,(anonymous_18)
FN:506,(anonymous_19)
FN:526,(anonymous_20)
FN:541,(anonymous_21)
FN:584,(anonymous_22)
FN:615,(anonymous_23)
FN:629,(anonymous_24)
FN:660,(anonymous_25)
FN:666,(anonymous_26)
FN:667,(anonymous_27)
FN:681,(anonymous_28)
FN:730,(anonymous_29)
FN:758,(anonymous_30)
FN:779,(anonymous_31)
FN:793,(anonymous_32)
FN:819,(anonymous_33)
FN:831,(anonymous_34)
FN:879,(anonymous_35)
FN:884,(anonymous_36)
FN:888,(anonymous_37)
FN:895,(anonymous_38)
FN:903,(anonymous_39)
FN:918,(anonymous_40)
FN:925,(anonymous_41)
FN:941,(anonymous_42)
FN:949,(anonymous_43)
FN:970,(anonymous_44)
FN:986,(anonymous_45)
FN:997,(anonymous_46)
FNF:47
FNH:32
FNDA:48,(anonymous_0)
FNDA:2,(anonymous_1)
FNDA:2,(anonymous_2)
FNDA:2,(anonymous_3)
FNDA:2,(anonymous_4)
FNDA:3,(anonymous_5)
FNDA:3,(anonymous_6)
FNDA:0,(anonymous_7)
FNDA:3,(anonymous_8)
FNDA:3,(anonymous_9)
FNDA:0,(anonymous_10)
FNDA:3,(anonymous_11)
FNDA:3,(anonymous_12)
FNDA:0,(anonymous_13)
FNDA:4,(anonymous_14)
FNDA:4,(anonymous_15)
FNDA:0,(anonymous_16)
FNDA:2,(anonymous_17)
FNDA:2,(anonymous_18)
FNDA:0,(anonymous_19)
FNDA:3,(anonymous_20)
FNDA:3,(anonymous_21)
FNDA:0,(anonymous_22)
FNDA:2,(anonymous_23)
FNDA:2,(anonymous_24)
FNDA:0,(anonymous_25)
FNDA:3,(anonymous_26)
FNDA:3,(anonymous_27)
FNDA:0,(anonymous_28)
FNDA:2,(anonymous_29)
FNDA:0,(anonymous_30)
FNDA:0,(anonymous_31)
FNDA:3,(anonymous_32)
FNDA:0,(anonymous_33)
FNDA:4,(anonymous_34)
FNDA:3,(anonymous_35)
FNDA:5,(anonymous_36)
FNDA:1,(anonymous_37)
FNDA:0,(anonymous_38)
FNDA:1,(anonymous_39)
FNDA:0,(anonymous_40)
FNDA:6,(anonymous_41)
FNDA:0,(anonymous_42)
FNDA:10,(anonymous_43)
FNDA:0,(anonymous_44)
FNDA:10,(anonymous_45)
FNDA:4,(anonymous_46)
DA:115,48
DA:125,48
DA:126,48
DA:127,48
DA:130,48
DA:137,48
DA:143,48
DA:151,2
DA:161,2
DA:165,2
DA:166,2
DA:178,2
DA:179,1
DA:180,1
DA:188,1
DA:189,1
DA:197,2
DA:199,0
DA:209,2
DA:210,2
DA:221,2
DA:222,1
DA:223,1
DA:231,1
DA:232,1
DA:240,1
DA:242,0
DA:252,2
DA:253,2
DA:257,2
DA:259,0
DA:262,2
DA:264,0
DA:281,3
DA:282,3
DA:284,0
DA:288,0
DA:289,0
DA:293,3
DA:295,3
DA:296,0
DA:297,0
DA:300,3
DA:302,3
DA:303,3
DA:304,3
DA:316,2
DA:317,1
DA:318,1
DA:321,1
DA:322,1
DA:325,1
DA:332,1
DA:334,1
DA:340,1
DA:353,3
DA:354,3
DA:355,0
DA:356,0
DA:359,3
DA:360,3
DA:366,3
DA:367,2
DA:370,3
DA:371,3
DA:372,3
DA:381,3
DA:382,1
DA:384,1
DA:386,0
DA:387,0
DA:390,2
DA:391,2
DA:393,0
DA:404,3
DA:405,3
DA:406,0
DA:407,0
DA:410,3
DA:411,3
DA:412,3
DA:422,3
DA:424,0
DA:425,0
DA:428,3
DA:430,0
DA:441,4
DA:442,4
DA:443,0
DA:444,0
DA:447,4
DA:448,4
DA:449,4
DA:459,4
DA:460,1
DA:463,3
DA:464,2
DA:465,2
DA:468,1
DA:469,1
DA:471,0
DA:482,2
DA:483,2
DA:484,0
DA:485,0
DA:488,2
DA:489,2
DA:490,2
DA:495,2
DA:505,2
DA:506,0
DA:507,0
DA:510,2
DA:511,2
DA:512,1
DA:515,1
DA:517,0
DA:541,3
DA:542,3
DA:543,0
DA:544,0
DA:547,3
DA:548,3
DA:549,3
DA:555,3
DA:556,2
DA:559,1
DA:562,3
DA:563,0
DA:566,3
DA:576,3
DA:578,1
DA:583,2
DA:584,0
DA:585,0
DA:588,2
DA:590,2
DA:591,2
DA:593,2
DA:594,3
DA:595,1
DA:597,2
DA:601,2
DA:608,0
DA:629,2
DA:630,2
DA:631,0
DA:632,0
DA:635,2
DA:636,2
DA:637,2
DA:645,2
DA:646,0
DA:649,2
DA:659,2
DA:660,0
DA:661,0
DA:664,2
DA:665,2
DA:666,3
DA:667,3
DA:669,2
DA:674,0
DA:687,0
DA:688,0
DA:689,0
DA:691,0
DA:698,0
DA:699,0
DA:702,0
DA:713,0
DA:715,0
DA:716,0
DA:719,0
DA:735,2
DA:736,2
DA:737,2
DA:739,2
DA:740,2
DA:757,2
DA:758,1
DA:759,1
DA:762,1
DA:764,1
DA:773,0
DA:785,0
DA:798,3
DA:799,1
DA:804,2
DA:805,2
DA:806,2
DA:818,2
DA:819,0
DA:820,0
DA:823,2
DA:825,0
DA:835,4
DA:837,4
DA:838,4
DA:839,4
DA:840,4
DA:842,4
DA:843,1
DA:849,3
DA:852,1
DA:853,1
DA:855,1
DA:856,1
DA:858,1
DA:859,1
DA:861,0
DA:864,3
DA:873,0
DA:880,3
DA:881,3
DA:885,5
DA:889,1
DA:895,0
DA:912,1
DA:918,0
DA:926,6
DA:940,6
DA:941,0
DA:946,6
DA:950,10
DA:956,10
DA:962,10
DA:970,0
DA:987,10
DA:989,0
DA:991,0
DA:993,10
DA:998,4
DA:1000,1
DA:1002,2
DA:1003,0
DA:1005,2
DA:1009,0
DA:1013,0
DA:1014,0
DA:1016,1
LF:241
LH:174
BRDA:126,0,0,48
BRDA:126,0,1,1
BRDA:127,1,0,48
BRDA:127,1,1,1
BRDA:178,2,0,1
BRDA:178,2,1,1
BRDA:183,3,0,1
BRDA:183,3,1,0
BRDA:191,4,0,1
BRDA:191,4,1,0
BRDA:202,5,0,0
BRDA:202,5,1,0
BRDA:221,6,0,1
BRDA:221,6,1,1
BRDA:226,7,0,1
BRDA:226,7,1,0
BRDA:245,8,0,0
BRDA:245,8,1,0
BRDA:257,9,0,0
BRDA:257,9,1,2
BRDA:257,10,0,2
BRDA:257,10,1,1
BRDA:267,11,0,0
BRDA:267,11,1,0
BRDA:282,12,0,0
BRDA:282,12,1,3
BRDA:282,13,0,3
BRDA:282,13,1,0
BRDA:288,14,0,0
BRDA:288,14,1,0
BRDA:288,15,0,0
BRDA:288,15,1,0
BRDA:295,16,0,0
BRDA:295,16,1,3
BRDA:316,17,0,1
BRDA:316,17,1,1
BRDA:338,18,0,1
BRDA:338,18,1,0
BRDA:341,19,0,1
BRDA:341,19,1,0
BRDA:354,20,0,0
BRDA:354,20,1,3
BRDA:366,21,0,2
BRDA:366,21,1,1
BRDA:381,22,0,1
BRDA:381,22,1,2
BRDA:382,23,0,1
BRDA:382,23,1,0
BRDA:394,24,0,0
BRDA:394,24,1,0
BRDA:405,25,0,0
BRDA:405,25,1,3
BRDA:422,26,0,0
BRDA:422,26,1,3
BRDA:422,27,0,3
BRDA:422,27,1,2
BRDA:422,27,2,1
BRDA:431,28,0,0
BRDA:431,28,1,0
BRDA:442,29,0,0
BRDA:442,29,1,4
BRDA:459,30,0,1
BRDA:459,30,1,3
BRDA:459,31,0,4
BRDA:459,31,1,3
BRDA:463,32,0,2
BRDA:463,32,1,1
BRDA:472,33,0,0
BRDA:472,33,1,0
BRDA:483,34,0,0
BRDA:483,34,1,2
BRDA:505,35,0,0
BRDA:505,35,1,2
BRDA:511,36,0,1
BRDA:511,36,1,1
BRDA:518,37,0,0
BRDA:518,37,1,0
BRDA:542,38,0,0
BRDA:542,38,1,3
BRDA:555,39,0,2
BRDA:555,39,1,1
BRDA:562,40,0,0
BRDA:562,40,1,3
BRDA:576,41,0,1
BRDA:576,41,1,2
BRDA:583,42,0,0
BRDA:583,42,1,2
BRDA:594,43,0,1
BRDA:594,43,1,2
BRDA:594,44,0,3
BRDA:594,44,1,1
BRDA:609,45,0,0
BRDA:609,45,1,0
BRDA:630,46,0,0
BRDA:630,46,1,2
BRDA:645,47,0,0
BRDA:645,47,1,2
BRDA:659,48,0,0
BRDA:659,48,1,2
BRDA:675,49,0,0
BRDA:675,49,1,0
BRDA:687,50,0,0
BRDA:687,50,1,0
BRDA:689,51,0,0
BRDA:689,51,1,0
BRDA:689,52,0,0
BRDA:689,52,1,0
BRDA:698,53,0,0
BRDA:698,53,1,0
BRDA:715,54,0,0
BRDA:715,54,1,0
BRDA:733,55,0,2
BRDA:757,56,0,1
BRDA:757,56,1,1
BRDA:768,57,0,1
BRDA:768,57,1,0
BRDA:774,58,0,0
BRDA:774,58,1,0
BRDA:798,59,0,1
BRDA:798,59,1,2
BRDA:818,60,0,0
BRDA:818,60,1,2
BRDA:818,61,0,2
BRDA:818,61,1,1
BRDA:826,62,0,0
BRDA:826,62,1,0
BRDA:842,63,0,1
BRDA:842,63,1,3
BRDA:842,64,0,4
BRDA:842,64,1,3
BRDA:842,64,2,3
BRDA:849,65,0,1
BRDA:849,65,1,1
BRDA:849,65,2,1
BRDA:849,65,3,0
BRDA:899,66,0,0
BRDA:899,66,1,1
BRDA:936,67,0,0
BRDA:936,67,1,6
BRDA:940,68,0,0
BRDA:940,68,1,6
BRDA:950,69,0,8
BRDA:950,69,1,2
BRDA:952,70,0,0
BRDA:952,70,1,2
BRDA:956,71,0,8
BRDA:956,71,1,2
BRDA:958,72,0,0
BRDA:958,72,1,2
BRDA:963,73,0,10
BRDA:963,73,1,0
BRDA:965,74,0,10
BRDA:965,74,1,1
BRDA:970,75,0,10
BRDA:970,75,1,10
BRDA:971,76,0,0
BRDA:971,76,1,0
BRDA:973,77,0,0
BRDA:973,77,1,0
BRDA:976,78,0,10
BRDA:976,78,1,10
BRDA:979,79,0,10
BRDA:979,79,1,9
BRDA:982,80,0,0
BRDA:982,80,1,10
BRDA:987,81,0,0
BRDA:987,81,1,0
BRDA:987,81,2,10
BRDA:998,82,0,1
BRDA:998,82,1,2
BRDA:998,82,2,0
BRDA:998,82,3,0
BRDA:998,82,4,1
BRDA:1002,83,0,0
BRDA:1002,83,1,2
BRDA:1006,84,0,2
BRDA:1006,84,1,0
BRDA:1010,85,0,0
BRDA:1010,85,1,0
BRDA:1013,86,0,0
BRDA:1013,86,1,0
BRDA:1017,87,0,1
BRDA:1017,87,1,0
BRF:183
BRH:100
end_of_record
TN:
SF:packages\adapters\src\calendar\microsoft\client.ts
FN:161,(anonymous_0)
FN:190,(anonymous_1)
FN:204,(anonymous_2)
FN:252,(anonymous_3)
FN:299,(anonymous_4)
FN:307,(anonymous_5)
FN:324,(anonymous_6)
FN:344,(anonymous_7)
FN:373,(anonymous_8)
FN:379,(anonymous_9)
FN:410,(anonymous_10)
FN:424,(anonymous_11)
FN:428,(anonymous_12)
FN:447,(anonymous_13)
FN:460,(anonymous_14)
FN:464,(anonymous_15)
FN:487,(anonymous_16)
FN:501,(anonymous_17)
FN:505,(anonymous_18)
FN:525,(anonymous_19)
FN:545,(anonymous_20)
FN:560,(anonymous_21)
FN:591,(anonymous_22)
FN:622,(anonymous_23)
FN:636,(anonymous_24)
FN:670,(anonymous_25)
FN:676,(anonymous_26)
FN:677,(anonymous_27)
FN:691,(anonymous_28)
FN:737,(anonymous_29)
FN:763,(anonymous_30)
FN:784,(anonymous_31)
FN:804,(anonymous_32)
FN:825,(anonymous_33)
FN:839,(anonymous_34)
FN:851,(anonymous_35)
FN:889,(anonymous_36)
FN:894,(anonymous_37)
FN:898,(anonymous_38)
FN:905,(anonymous_39)
FN:913,(anonymous_40)
FN:928,(anonymous_41)
FN:935,(anonymous_42)
FN:961,(anonymous_43)
FN:972,(anonymous_44)
FN:989,(anonymous_45)
FN:1005,(anonymous_46)
FN:1013,(anonymous_47)
FN:1028,(anonymous_48)
FNF:49
FNH:0
FNDA:0,(anonymous_0)
FNDA:0,(anonymous_1)
FNDA:0,(anonymous_2)
FNDA:0,(anonymous_3)
FNDA:0,(anonymous_4)
FNDA:0,(anonymous_5)
FNDA:0,(anonymous_6)
FNDA:0,(anonymous_7)
FNDA:0,(anonymous_8)
FNDA:0,(anonymous_9)
FNDA:0,(anonymous_10)
FNDA:0,(anonymous_11)
FNDA:0,(anonymous_12)
FNDA:0,(anonymous_13)
FNDA:0,(anonymous_14)
FNDA:0,(anonymous_15)
FNDA:0,(anonymous_16)
FNDA:0,(anonymous_17)
FNDA:0,(anonymous_18)
FNDA:0,(anonymous_19)
FNDA:0,(anonymous_20)
FNDA:0,(anonymous_21)
FNDA:0,(anonymous_22)
FNDA:0,(anonymous_23)
FNDA:0,(anonymous_24)
FNDA:0,(anonymous_25)
FNDA:0,(anonymous_26)
FNDA:0,(anonymous_27)
FNDA:0,(anonymous_28)
FNDA:0,(anonymous_29)
FNDA:0,(anonymous_30)
FNDA:0,(anonymous_31)
FNDA:0,(anonymous_32)
FNDA:0,(anonymous_33)
FNDA:0,(anonymous_34)
FNDA:0,(anonymous_35)
FNDA:0,(anonymous_36)
FNDA:0,(anonymous_37)
FNDA:0,(anonymous_38)
FNDA:0,(anonymous_39)
FNDA:0,(anonymous_40)
FNDA:0,(anonymous_41)
FNDA:0,(anonymous_42)
FNDA:0,(anonymous_43)
FNDA:0,(anonymous_44)
FNDA:0,(anonymous_45)
FNDA:0,(anonymous_46)
FNDA:0,(anonymous_47)
FNDA:0,(anonymous_48)
DA:151,0
DA:162,0
DA:163,0
DA:164,0
DA:165,0
DA:170,0
DA:177,0
DA:183,0
DA:191,0
DA:201,0
DA:205,0
DA:206,0
DA:222,0
DA:223,0
DA:224,0
DA:232,0
DA:233,0
DA:241,0
DA:243,0
DA:253,0
DA:254,0
DA:269,0
DA:270,0
DA:271,0
DA:279,0
DA:280,0
DA:288,0
DA:290,0
DA:302,0
DA:313,0
DA:314,0
DA:315,0
DA:319,0
DA:320,0
DA:324,0
DA:325,0
DA:326,0
DA:327,0
DA:330,0
DA:332,0
DA:333,0
DA:334,0
DA:343,0
DA:344,0
DA:345,0
DA:348,0
DA:349,0
DA:351,0
DA:358,0
DA:360,0
DA:366,0
DA:379,0
DA:380,0
DA:381,0
DA:382,0
DA:385,0
DA:386,0
DA:391,0
DA:392,0
DA:395,0
DA:396,0
DA:397,0
DA:406,0
DA:407,0
DA:408,0
DA:410,0
DA:411,0
DA:414,0
DA:415,0
DA:417,0
DA:428,0
DA:429,0
DA:430,0
DA:431,0
DA:434,0
DA:435,0
DA:436,0
DA:446,0
DA:447,0
DA:448,0
DA:451,0
DA:453,0
DA:464,0
DA:465,0
DA:466,0
DA:467,0
DA:470,0
DA:471,0
DA:472,0
DA:482,0
DA:483,0
DA:486,0
DA:487,0
DA:488,0
DA:491,0
DA:492,0
DA:494,0
DA:505,0
DA:506,0
DA:507,0
DA:508,0
DA:511,0
DA:512,0
DA:513,0
DA:514,0
DA:524,0
DA:525,0
DA:526,0
DA:529,0
DA:530,0
DA:531,0
DA:534,0
DA:536,0
DA:560,0
DA:561,0
DA:562,0
DA:563,0
DA:566,0
DA:567,0
DA:570,0
DA:571,0
DA:572,0
DA:573,0
DA:576,0
DA:579,0
DA:582,0
DA:590,0
DA:591,0
DA:592,0
DA:595,0
DA:597,0
DA:598,0
DA:600,0
DA:601,0
DA:602,0
DA:604,0
DA:608,0
DA:615,0
DA:636,0
DA:637,0
DA:638,0
DA:639,0
DA:642,0
DA:643,0
DA:646,0
DA:647,0
DA:649,0
DA:653,0
DA:659,0
DA:662,0
DA:669,0
DA:670,0
DA:671,0
DA:674,0
DA:675,0
DA:676,0
DA:677,0
DA:679,0
DA:684,0
DA:696,0
DA:697,0
DA:698,0
DA:699,0
DA:706,0
DA:707,0
DA:710,0
DA:720,0
DA:722,0
DA:723,0
DA:726,0
DA:742,0
DA:743,0
DA:744,0
DA:746,0
DA:747,0
DA:762,0
DA:763,0
DA:764,0
DA:767,0
DA:769,0
DA:778,0
DA:788,0
DA:789,0
DA:791,0
DA:792,0
DA:803,0
DA:804,0
DA:805,0
DA:808,0
DA:810,0
DA:819,0
DA:829,0
DA:830,0
DA:831,0
DA:838,0
DA:839,0
DA:840,0
DA:843,0
DA:845,0
DA:855,0
DA:856,0
DA:868,0
DA:869,0
DA:872,0
DA:874,0
DA:883,0
DA:890,0
DA:891,0
DA:895,0
DA:899,0
DA:905,0
DA:922,0
DA:928,0
DA:936,0
DA:960,0
DA:961,0
DA:969,0
DA:973,0
DA:977,0
DA:981,0
DA:989,0
DA:1008,0
DA:1009,0
DA:1010,0
DA:1016,0
DA:1018,0
DA:1020,0
DA:1022,0
DA:1024,0
DA:1029,0
DA:1030,0
DA:1032,0
DA:1034,0
DA:1036,0
DA:1038,0
DA:1040,0
DA:1041,0
DA:1043,0
LF:238
LH:0
BRDA:163,0,0,0
BRDA:163,0,1,0
BRDA:164,1,0,0
BRDA:164,1,1,0
BRDA:165,2,0,0
BRDA:165,2,1,0
BRDA:222,3,0,0
BRDA:222,3,1,0
BRDA:227,4,0,0
BRDA:227,4,1,0
BRDA:235,5,0,0
BRDA:235,5,1,0
BRDA:246,6,0,0
BRDA:246,6,1,0
BRDA:269,7,0,0
BRDA:269,7,1,0
BRDA:274,8,0,0
BRDA:274,8,1,0
BRDA:282,9,0,0
BRDA:282,9,1,0
BRDA:293,10,0,0
BRDA:293,10,1,0
BRDA:314,11,0,0
BRDA:314,11,1,0
BRDA:314,12,0,0
BRDA:314,12,1,0
BRDA:319,13,0,0
BRDA:319,13,1,0
BRDA:319,14,0,0
BRDA:319,14,1,0
BRDA:325,15,0,0
BRDA:325,15,1,0
BRDA:343,16,0,0
BRDA:343,16,1,0
BRDA:364,17,0,0
BRDA:364,17,1,0
BRDA:367,18,0,0
BRDA:367,18,1,0
BRDA:380,19,0,0
BRDA:380,19,1,0
BRDA:391,20,0,0
BRDA:391,20,1,0
BRDA:406,21,0,0
BRDA:406,21,1,0
BRDA:407,22,0,0
BRDA:407,22,1,0
BRDA:418,23,0,0
BRDA:418,23,1,0
BRDA:429,24,0,0
BRDA:429,24,1,0
BRDA:446,25,0,0
BRDA:446,25,1,0
BRDA:446,26,0,0
BRDA:446,26,1,0
BRDA:454,27,0,0
BRDA:454,27,1,0
BRDA:465,28,0,0
BRDA:465,28,1,0
BRDA:482,29,0,0
BRDA:482,29,1,0
BRDA:486,30,0,0
BRDA:486,30,1,0
BRDA:495,31,0,0
BRDA:495,31,1,0
BRDA:506,32,0,0
BRDA:506,32,1,0
BRDA:524,33,0,0
BRDA:524,33,1,0
BRDA:530,34,0,0
BRDA:530,34,1,0
BRDA:537,35,0,0
BRDA:537,35,1,0
BRDA:561,36,0,0
BRDA:561,36,1,0
BRDA:570,37,0,0
BRDA:570,37,1,0
BRDA:572,38,0,0
BRDA:572,38,1,0
BRDA:590,39,0,0
BRDA:590,39,1,0
BRDA:601,40,0,0
BRDA:601,40,1,0
BRDA:601,41,0,0
BRDA:601,41,1,0
BRDA:616,42,0,0
BRDA:616,42,1,0
BRDA:637,43,0,0
BRDA:637,43,1,0
BRDA:646,44,0,0
BRDA:646,44,1,0
BRDA:649,45,0,0
BRDA:649,45,1,0
BRDA:669,46,0,0
BRDA:669,46,1,0
BRDA:685,47,0,0
BRDA:685,47,1,0
BRDA:696,48,0,0
BRDA:696,48,1,0
BRDA:698,49,0,0
BRDA:698,49,1,0
BRDA:698,50,0,0
BRDA:698,50,1,0
BRDA:706,51,0,0
BRDA:706,51,1,0
BRDA:722,52,0,0
BRDA:722,52,1,0
BRDA:740,53,0,0
BRDA:762,54,0,0
BRDA:762,54,1,0
BRDA:779,55,0,0
BRDA:779,55,1,0
BRDA:803,56,0,0
BRDA:803,56,1,0
BRDA:816,57,0,0
BRDA:816,57,1,0
BRDA:820,58,0,0
BRDA:820,58,1,0
BRDA:838,59,0,0
BRDA:838,59,1,0
BRDA:838,60,0,0
BRDA:838,60,1,0
BRDA:846,61,0,0
BRDA:846,61,1,0
BRDA:868,62,0,0
BRDA:868,62,1,0
BRDA:868,63,0,0
BRDA:868,63,1,0
BRDA:876,64,0,0
BRDA:876,64,1,0
BRDA:877,65,0,0
BRDA:877,65,1,0
BRDA:879,66,0,0
BRDA:879,66,1,0
BRDA:909,67,0,0
BRDA:909,67,1,0
BRDA:938,68,0,0
BRDA:938,68,1,0
BRDA:944,69,0,0
BRDA:944,69,1,0
BRDA:960,70,0,0
BRDA:960,70,1,0
BRDA:973,71,0,0
BRDA:973,71,1,0
BRDA:974,72,0,0
BRDA:974,72,1,0
BRDA:977,73,0,0
BRDA:977,73,1,0
BRDA:978,74,0,0
BRDA:978,74,1,0
BRDA:982,75,0,0
BRDA:982,75,1,0
BRDA:984,76,0,0
BRDA:984,76,1,0
BRDA:985,77,0,0
BRDA:985,77,1,0
BRDA:989,78,0,0
BRDA:989,78,1,0
BRDA:995,79,0,0
BRDA:995,79,1,0
BRDA:997,80,0,0
BRDA:997,80,1,0
BRDA:998,81,0,0
BRDA:998,81,1,0
BRDA:1001,82,0,0
BRDA:1001,82,1,0
BRDA:1008,83,0,0
BRDA:1008,83,1,0
BRDA:1009,84,0,0
BRDA:1009,84,1,0
BRDA:1016,85,0,0
BRDA:1016,85,1,0
BRDA:1016,85,2,0
BRDA:1016,85,3,0
BRDA:1030,86,0,0
BRDA:1030,86,1,0
BRDA:1032,87,0,0
BRDA:1032,87,1,0
BRDA:1032,87,2,0
BRDA:1032,87,3,0
BRDA:1032,87,4,0
BRDA:1040,88,0,0
BRDA:1040,88,1,0
BRF:182
BRH:0
end_of_record
TN:
SF:packages\adapters\src\calendar\shared\ConflictResolver.ts
FN:26,(anonymous_0)
FN:85,(anonymous_1)
FN:141,(anonymous_2)
FN:171,mergeAppointmentChanges
FN:208,mergeDescriptions
FNF:5
FNH:5
FNDA:10,(anonymous_0)
FNDA:8,(anonymous_1)
FNDA:4,(anonymous_2)
FNDA:14,mergeAppointmentChanges
FNDA:14,mergeDescriptions
DA:30,10
DA:31,10
DA:34,10
DA:38,2
DA:48,8
DA:49,8
DA:50,8
DA:51,8
DA:53,8
DA:54,2
DA:65,6
DA:69,10
DA:70,4
DA:79,2
DA:86,8
DA:88,8
DA:90,2
DA:99,1
DA:108,3
DA:109,3
DA:118,1
DA:127,1
DA:128,1
DA:145,4
DA:146,1
DA:152,3
DA:154,3
DA:155,2
DA:161,1
DA:182,14
DA:213,14
DA:214,5
DA:215,4
DA:216,3
DA:219,2
DA:220,1
DA:222,1
LF:37
LH:37
BRDA:34,0,0,2
BRDA:34,0,1,8
BRDA:35,1,0,10
BRDA:35,1,1,2
BRDA:35,1,2,9
BRDA:35,1,3,8
BRDA:53,2,0,2
BRDA:53,2,1,6
BRDA:53,3,0,8
BRDA:53,3,1,7
BRDA:65,4,0,6
BRDA:65,4,1,4
BRDA:65,4,2,3
BRDA:67,5,0,3
BRDA:67,5,1,2
BRDA:67,6,0,3
BRDA:67,6,1,2
BRDA:69,7,0,4
BRDA:69,7,1,6
BRDA:88,8,0,2
BRDA:88,8,1,1
BRDA:88,8,2,3
BRDA:88,8,3,1
BRDA:88,8,4,1
BRDA:113,9,0,2
BRDA:113,9,1,1
BRDA:132,10,0,1
BRDA:132,10,1,0
BRDA:145,11,0,1
BRDA:145,11,1,3
BRDA:154,12,0,2
BRDA:154,12,1,1
BRDA:174,13,0,14
BRDA:184,14,0,10
BRDA:184,14,1,4
BRDA:186,15,0,3
BRDA:186,15,1,1
BRDA:198,16,0,10
BRDA:198,16,1,4
BRDA:199,17,0,10
BRDA:199,17,1,4
BRDA:202,18,0,10
BRDA:202,18,1,4
BRDA:203,19,0,10
BRDA:203,19,1,9
BRDA:204,20,0,4
BRDA:204,20,1,4
BRDA:211,21,0,14
BRDA:213,22,0,9
BRDA:213,22,1,5
BRDA:213,23,0,14
BRDA:213,23,1,10
BRDA:214,24,0,1
BRDA:214,24,1,4
BRDA:215,25,0,1
BRDA:215,25,1,3
BRDA:216,26,0,1
BRDA:216,26,1,2
BRDA:219,27,0,1
BRDA:219,27,1,1
BRF:60
BRH:59
end_of_record
TN:
SF:packages\adapters\src\calendar\shared\IdempotencyManager.ts
FN:34,(anonymous_0)
FN:47,(anonymous_1)
FN:51,(anonymous_2)
FN:55,(anonymous_3)
FN:67,(anonymous_4)
FN:71,(anonymous_5)
FN:83,(anonymous_6)
FN:93,(anonymous_7)
FN:107,(anonymous_8)
FN:121,(anonymous_9)
FN:138,(anonymous_10)
FN:159,(anonymous_11)
FN:182,(anonymous_12)
FN:189,(anonymous_13)
FN:198,calculateAppointmentHash
FNF:15
FNH:15
FNDA:11,(anonymous_0)
FNDA:13,(anonymous_1)
FNDA:2,(anonymous_2)
FNDA:2,(anonymous_3)
FNDA:16,(anonymous_4)
FNDA:5,(anonymous_5)
FNDA:57,(anonymous_6)
FNDA:10,(anonymous_7)
FNDA:2,(anonymous_8)
FNDA:6,(anonymous_9)
FNDA:5,(anonymous_10)
FNDA:2,(anonymous_11)
FNDA:1,(anonymous_12)
FNDA:1,(anonymous_13)
FNDA:7,calculateAppointmentHash
DA:32,63
DA:35,11
DA:36,11
DA:39,5
DA:40,1
DA:41,1
DA:44,4
DA:48,13
DA:52,2
DA:56,2
DA:57,2
DA:58,3
DA:59,2
DA:60,2
DA:63,2
DA:68,16
DA:72,5
DA:84,57
DA:87,57
DA:98,10
DA:99,10
DA:100,10
DA:113,2
DA:114,2
DA:115,2
DA:125,6
DA:126,6
DA:127,1
DA:132,5
DA:144,5
DA:145,5
DA:165,2
DA:167,2
DA:168,2
DA:183,1
DA:190,1
DA:206,7
DA:214,7
LF:38
LH:38
BRDA:36,0,0,6
BRDA:36,0,1,5
BRDA:39,1,0,1
BRDA:39,1,1,4
BRDA:58,2,0,2
BRDA:58,2,1,1
BRDA:87,3,0,57
BRDA:87,3,1,0
BRDA:126,4,0,1
BRDA:126,4,1,5
BRDA:208,5,0,7
BRDA:208,5,1,3
BRDA:211,6,0,7
BRDA:211,6,1,5
BRF:14
BRH:13
end_of_record
TN:
SF:packages\adapters\src\calendar\shared\RetryHandler.ts
FN:48,(anonymous_0)
FN:55,(anonymous_1)
FN:124,(anonymous_2)
FN:152,(anonymous_3)
FN:170,(anonymous_4)
FN:171,(anonymous_5)
FN:180,(anonymous_6)
FN:193,(anonymous_7)
FN:201,(anonymous_8)
FN:209,(anonymous_9)
FN:216,(anonymous_10)
FN:229,(anonymous_11)
FN:231,(anonymous_12)
FN:237,(anonymous_13)
FNF:14
FNH:14
FNDA:62,(anonymous_0)
FNDA:27,(anonymous_1)
FNDA:26,(anonymous_2)
FNDA:14,(anonymous_3)
FNDA:9,(anonymous_4)
FNDA:9,(anonymous_5)
FNDA:1,(anonymous_6)
FNDA:55,(anonymous_7)
FNDA:29,(anonymous_8)
FNDA:51,(anonymous_9)
FNDA:2,(anonymous_10)
FNDA:29,(anonymous_11)
FNDA:32,(anonymous_12)
FNDA:1,(anonymous_13)
DA:20,2
DA:49,62
DA:62,27
DA:70,27
DA:71,36
DA:73,36
DA:74,36
DA:76,32
DA:77,18
DA:80,14
DA:83,14
DA:87,36
DA:88,8
DA:92,6
DA:93,6
DA:96,6
DA:99,36
DA:103,4
DA:105,4
DA:107,4
DA:108,1
DA:111,3
DA:112,3
DA:113,3
DA:118,0
DA:126,26
DA:127,1
DA:131,25
DA:132,25
DA:133,25
DA:134,11
DA:139,14
DA:140,6
DA:141,6
DA:142,6
DA:146,8
DA:154,14
DA:155,1
DA:159,13
DA:162,13
DA:164,13
DA:171,9
DA:179,1
DA:181,1
DA:191,55
DA:194,55
DA:195,55
DA:202,29
DA:203,29
DA:210,51
DA:217,2
DA:218,1
DA:221,1
DA:222,1
DA:223,1
DA:230,29
DA:231,32
DA:238,1
LF:58
LH:57
BRDA:48,0,0,62
BRDA:76,1,0,18
BRDA:76,1,1,14
BRDA:83,2,0,1
BRDA:83,2,1,13
BRDA:87,3,0,8
BRDA:87,3,1,28
BRDA:87,4,0,36
BRDA:87,4,1,7
BRDA:103,5,0,4
BRDA:103,5,1,0
BRDA:107,6,0,1
BRDA:107,6,1,3
BRDA:126,7,0,1
BRDA:126,7,1,25
BRDA:131,8,0,25
BRDA:131,8,1,0
BRDA:133,9,0,11
BRDA:133,9,1,14
BRDA:139,10,0,6
BRDA:139,10,1,8
BRDA:141,11,0,6
BRDA:141,11,1,0
BRDA:154,12,0,1
BRDA:154,12,1,13
BRDA:193,13,0,55
BRDA:194,14,0,55
BRDA:194,14,1,0
BRDA:195,15,0,55
BRDA:195,15,1,0
BRDA:217,16,0,1
BRDA:217,16,1,1
BRF:32
BRH:27
end_of_record
TN:
SF:packages\adapters\src\external\InMemoryCache.ts
FN:16,(anonymous_0)
FN:30,(anonymous_1)
FN:39,(anonymous_2)
FN:43,(anonymous_3)
FN:57,(anonymous_4)
FN:62,(anonymous_5)
FNF:6
FNH:6
FNDA:50,(anonymous_0)
FNDA:74,(anonymous_1)
FNDA:9,(anonymous_2)
FNDA:10,(anonymous_3)
FNDA:6,(anonymous_4)
FNDA:19,(anonymous_5)
DA:14,55
DA:17,50
DA:19,50
DA:22,43
DA:23,6
DA:24,6
DA:27,37
DA:31,74
DA:36,74
DA:40,9
DA:44,10
DA:46,10
DA:49,7
DA:50,2
DA:51,2
DA:54,5
DA:58,6
DA:63,19
LF:18
LH:18
BRDA:19,0,0,7
BRDA:19,0,1,43
BRDA:22,1,0,6
BRDA:22,1,1,37
BRDA:22,2,0,43
BRDA:22,2,1,11
BRDA:33,3,0,16
BRDA:33,3,1,58
BRDA:46,4,0,3
BRDA:46,4,1,7
BRDA:49,5,0,2
BRDA:49,5,1,5
BRDA:49,6,0,7
BRDA:49,6,1,2
BRF:14
BRH:14
end_of_record
TN:
SF:packages\adapters\src\external\InMemoryEventBus.ts
FN:13,(anonymous_0)
FN:19,(anonymous_1)
FN:22,(anonymous_2)
FN:28,(anonymous_3)
FN:38,(anonymous_4)
FN:42,(anonymous_5)
FN:46,(anonymous_6)
FNF:7
FNH:7
FNDA:424,(anonymous_0)
FNDA:34,(anonymous_1)
FNDA:228,(anonymous_2)
FNDA:34,(anonymous_3)
FNDA:54,(anonymous_4)
FNDA:39,(anonymous_5)
FNDA:6,(anonymous_6)
DA:10,421
DA:11,421
DA:15,424
DA:18,424
DA:19,424
DA:23,228
DA:24,375
DA:32,34
DA:33,34
DA:34,34
DA:39,54
DA:43,39
DA:47,6
LF:13
LH:13
BRDA:18,0,0,424
BRDA:18,0,1,397
BRDA:32,1,0,34
BRDA:32,1,1,27
BRF:4
BRH:4
end_of_record
TN:
SF:packages\adapters\src\external\MockAIService.ts
FN:10,(anonymous_0)
FN:12,(anonymous_1)
FN:55,(anonymous_2)
FN:67,(anonymous_3)
FNF:4
FNH:4
FNDA:106,(anonymous_0)
FNDA:65,(anonymous_1)
FNDA:7,(anonymous_2)
FNDA:7,(anonymous_3)
DA:10,106
DA:14,65
DA:15,65
DA:18,65
DA:19,26
DA:20,26
DA:24,65
DA:25,12
DA:26,12
DA:28,65
DA:29,9
DA:30,9
DA:32,65
DA:33,13
DA:34,13
DA:38,65
DA:39,65
DA:41,65
DA:56,7
DA:58,7
DA:59,0
DA:63,7
DA:64,7
DA:68,7
LF:24
LH:23
BRDA:10,0,0,106
BRDA:18,1,0,26
BRDA:18,1,1,39
BRDA:24,2,0,12
BRDA:24,2,1,53
BRDA:28,3,0,9
BRDA:28,3,1,56
BRDA:32,4,0,13
BRDA:32,4,1,52
BRDA:47,5,0,26
BRDA:47,5,1,39
BRDA:48,6,0,35
BRDA:48,6,1,30
BRDA:58,7,0,0
BRDA:58,7,1,7
BRF:15
BRH:14
end_of_record
TN:
SF:packages\adapters\src\repositories\InMemoryAccountRepository.ts
FN:10,(anonymous_0)
FN:14,(anonymous_1)
FN:18,(anonymous_2)
FN:21,(anonymous_3)
FN:22,(anonymous_4)
FN:25,(anonymous_5)
FN:27,(anonymous_6)
FN:28,(anonymous_7)
FN:31,(anonymous_8)
FN:33,(anonymous_9)
FN:34,(anonymous_10)
FN:37,(anonymous_11)
FN:41,(anonymous_12)
FN:51,(anonymous_13)
FN:63,(anonymous_14)
FN:67,(anonymous_15)
FNF:16
FNH:16
FNDA:312,(anonymous_0)
FNDA:87,(anonymous_1)
FNDA:15,(anonymous_2)
FNDA:16,(anonymous_3)
FNDA:6,(anonymous_4)
FNDA:10,(anonymous_5)
[...]
FNDA:2,(anonymous_19)
FNDA:2,(anonymous_20)
DA:34,1
DA:35,1
DA:64,1
DA:65,1
DA:76,58
DA:77,1
DA:78,1
DA:81,57
DA:82,58
DA:83,1
DA:84,1
DA:87,56
DA:96,58
DA:101,58
DA:103,58
DA:116,0
DA:132,58
DA:133,58
DA:135,58
DA:138,58
DA:139,0
DA:147,111
DA:148,56
DA:149,56
DA:150,56
DA:151,56
DA:159,38
DA:160,3
DA:162,35
DA:193,28
DA:195,28
DA:202,28
DA:203,28
DA:204,22
DA:205,22
DA:207,6
DA:211,6
DA:212,6
DA:214,28
DA:237,6
DA:238,6
DA:254,6
DA:255,6
DA:256,4
DA:268,6
DA:269,6
DA:270,4
DA:282,4
DA:283,4
DA:284,2
DA:285,2
DA:300,5
DA:301,5
DA:310,4
DA:311,4
DA:328,7
DA:333,6
DA:334,6
DA:336,6
DA:337,5
DA:338,5
DA:339,5
DA:340,5
DA:344,6
DA:351,1
DA:356,3
DA:362,2
DA:369,2
DA:383,1
DA:394,1
LF:70
LH:68
BRDA:76,0,0,1
BRDA:76,0,1,57
BRDA:81,1,0,57
BRDA:81,1,1,0
BRDA:82,2,0,1
BRDA:82,2,1,57
BRDA:89,3,0,56
BRDA:89,3,1,55
BRDA:89,3,2,55
BRDA:90,4,0,58
BRDA:90,4,1,55
BRDA:90,4,2,55
BRDA:97,5,0,58
BRDA:97,5,1,55
BRDA:97,5,2,55
BRDA:116,6,0,0
BRDA:116,6,1,0
BRDA:147,7,0,56
BRDA:147,7,1,55
BRDA:159,8,0,3
BRDA:159,8,1,35
BRDA:198,9,0,28
BRDA:198,9,1,27
BRDA:209,10,0,5
BRDA:209,10,1,1
BRDA:211,11,0,5
BRDA:211,11,1,1
BRDA:239,12,0,6
BRDA:239,12,1,5
BRDA:255,13,0,4
BRDA:255,13,1,2
BRDA:269,14,0,4
BRDA:269,14,1,2
BRDA:283,15,0,2
BRDA:283,15,1,2
BRDA:334,16,0,6
BRDA:334,16,1,4
BRF:37
BRH:34
end_of_record
TN:
SF:packages\platform\src\feature-flags\in-memory-provider.ts
FN:11,stableHashPercent
FN:22,firstMatchingRule
FN:30,(anonymous_2)
FN:44,rolloutDecision
FN:67,(anonymous_4)
FN:68,(anonymous_5)
FN:71,(anonymous_6)
FN:80,(anonymous_7)
FN:94,(anonymous_8)
FNF:9
FNH:9
FNDA:387,stableHashPercent
FNDA:360,firstMatchingRule
FNDA:34,(anonymous_2)
FNDA:345,rolloutDecision
FNDA:35,(anonymous_4)
FNDA:31,(anonymous_5)
FNDA:35,(anonymous_6)
FNDA:371,(anonymous_7)
FNDA:13,(anonymous_8)
DA:13,387
DA:14,387
DA:15,8403
DA:16,8403
DA:19,387
DA:26,360
DA:27,25
DA:29,360
DA:30,34
DA:31,29
DA:32,15
DA:41,10
DA:48,345
DA:49,337
DA:50,345
DA:52,336
DA:53,336
DA:56,336
DA:57,51
DA:58,51
DA:61,336
DA:68,35
DA:72,35
DA:73,35
DA:75,4
DA:77,31
DA:81,371
DA:82,371
DA:83,363
DA:85,360
DA:86,360
DA:88,345
DA:89,345
DA:91,9
DA:95,13
LF:35
LH:35
BRDA:26,0,0,335
BRDA:26,0,1,25
BRDA:27,1,0,25
BRDA:27,1,1,6
BRDA:31,2,0,15
BRDA:31,2,1,14
BRDA:48,3,0,8
BRDA:48,3,1,337
BRDA:50,4,0,1
BRDA:50,4,1,344
BRDA:56,5,0,51
BRDA:56,5,1,285
BRDA:56,6,0,336
BRDA:56,6,1,182
BRDA:73,7,0,4
BRDA:73,7,1,31
BRDA:82,8,0,8
BRDA:82,8,1,363
BRDA:83,9,0,3
BRDA:83,9,1,360
BRDA:86,10,0,15
BRDA:86,10,1,345
BRDA:89,11,0,336
BRDA:89,11,1,9
BRF:24
BRH:24
end_of_record
TN:
SF:packages\platform\src\feature-flags\schema.ts
FNF:0
FNH:0
DA:3,9
DA:11,9
DA:20,9
LF:3
LH:3
BRF:0
BRH:0
end_of_record
TN:
SF:packages\platform\src\queues\bull-board.ts
FN:56,createQueueAdapters
FN:70,addQueueToBullBoard
FN:79,removeQueueFromBullBoard
FN:89,setupBullBoard
FN:109,getBullBoardInstance
FN:127,configureBullBoardForExpress
FN:157,configureBullBoardForFastify
FN:180,getDashboardInfo
FN:205,getBullBoardScreenshotDescription
FNF:9
FNH:2
FNDA:0,createQueueAdapters
FNDA:0,addQueueToBullBoard
FNDA:0,removeQueueFromBullBoard
FNDA:0,setupBullBoard
FNDA:0,getBullBoardInstance
FNDA:0,configureBullBoardForExpress
FNDA:0,configureBullBoardForFastify
FNDA:1,getDashboardInfo
FNDA:1,getBullBoardScreenshotDescription
DA:38,1
DA:51,1
DA:57,0
DA:58,0
DA:60,0
DA:61,0
DA:64,0
DA:71,0
DA:72,0
DA:80,0
DA:81,0
DA:92,0
DA:95,0
DA:98,0
DA:103,0
DA:110,0
DA:131,0
DA:133,0
DA:135,0
DA:137,0
DA:161,0
DA:163,0
DA:165,0
DA:167,0
DA:186,1
DA:210,1
LF:26
LH:4
BRDA:71,0,0,0
BRDA:71,0,1,0
BRDA:80,1,0,0
BRDA:80,1,1,0
BRDA:90,2,0,0
BRDA:129,3,0,0
BRDA:133,4,0,0
BRDA:133,4,1,0
BRDA:159,5,0,0
BRDA:163,6,0,0
BRDA:163,6,1,0
BRF:11
BRH:0
end_of_record
TN:
SF:packages\platform\src\queues\connection.ts
FN:34,getDefaultConnectionConfig
FN:50,getBullMQConnectionOptions
FN:84,checkConnectionHealth
FN:141,(anonymous_3)
FN:151,(anonymous_4)
FN:158,(anonymous_5)
FN:165,(anonymous_6)
FN:172,(anonymous_7)
FN:179,(anonymous_8)
FNF:9
FNH:2
FNDA:3,getDefaultConnectionConfig
FNDA:2,getBullMQConnectionOptions
FNDA:0,checkConnectionHealth
FNDA:0,(anonymous_3)
FNDA:0,(anonymous_4)
FNDA:0,(anonymous_5)
FNDA:0,(anonymous_6)
FNDA:0,(anonymous_7)
FNDA:0,(anonymous_8)
DA:35,3
DA:51,2
DA:52,2
DA:54,2
DA:88,0
DA:90,0
DA:91,0
DA:92,0
DA:94,0
DA:95,0
DA:104,0
DA:105,0
DA:106,0
DA:107,0
DA:108,0
DA:114,0
DA:120,0
DA:136,1
DA:142,0
DA:152,0
DA:159,0
DA:166,0
DA:173,0
DA:180,0
DA:185,1
LF:25
LH:6
BRDA:36,0,0,3
BRDA:36,0,1,3
BRDA:37,1,0,3
BRDA:37,1,1,3
BRDA:38,2,0,3
BRDA:38,2,1,3
BRDA:39,3,0,3
BRDA:39,3,1,3
BRDA:62,4,0,0
BRDA:62,4,1,2
BRDA:94,5,0,0
BRDA:94,5,1,0
BRDA:107,6,0,0
BRDA:107,6,1,0
BRDA:123,7,0,0
BRDA:123,7,1,0
BRF:16
BRH:9
end_of_record
TN:
SF:packages\platform\src\queues\index.ts
FNF:0
FNH:0
LF:0
LH:0
BRF:0
BRH:0
end_of_record
TN:
SF:packages\platform\src\queues\metrics-collector.ts
FN:54,(anonymous_0)
FN:67,(anonymous_1)
FN:111,(anonymous_2)
FN:118,(anonymous_3)
FN:125,(anonymous_4)
FN:138,(anonymous_5)
FN:169,(anonymous_6)
FN:176,(anonymous_7)
FN:188,(anonymous_8)
FN:204,(anonymous_9)
FN:213,(anonymous_10)
FN:216,(anonymous_11)
FN:217,(anonymous_12)
FN:218,(anonymous_13)
FN:219,(anonymous_14)
FN:222,(anonymous_15)
FN:224,(anonymous_16)
FN:229,(anonymous_17)
FN:231,(anonymous_18)
FN:235,(anonymous_19)
FN:238,(anonymous_20)
FN:238,(anonymous_21)
FN:243,(anonymous_22)
FN:271,(anonymous_23)
FN:281,(anonymous_24)
FN:292,(anonymous_25)
FN:295,(anonymous_26)
FN:302,(anonymous_27)
FNF:28
FNH:25
FNDA:13,(anonymous_0)
FNDA:10,(anonymous_1)
FNDA:0,(anonymous_2)
FNDA:3,(anonymous_3)
FNDA:2,(anonymous_4)
FNDA:10,(anonymous_5)
FNDA:4,(anonymous_6)
FNDA:3,(anonymous_7)
FNDA:1,(anonymous_8)
FNDA:4,(anonymous_9)
FNDA:20,(anonymous_10)
FNDA:9,(anonymous_11)
FNDA:3,(anonymous_12)
FNDA:0,(anonymous_13)
FNDA:5,(anonymous_14)
FNDA:20,(anonymous_15)
FNDA:4,(anonymous_16)
FNDA:20,(anonymous_17)
FNDA:4,(anonymous_18)
FNDA:20,(anonymous_19)
FNDA:4,(anonymous_20)
FNDA:4,(anonymous_21)
FNDA:2,(anonymous_22)
FNDA:8,(anonymous_23)
FNDA:1,(anonymous_24)
FNDA:1,(anonymous_25)
FNDA:2,(anonymous_26)
FNDA:0,(anonymous_27)
DA:38,13
DA:39,13
DA:40,13
DA:41,13
DA:44,13
DA:45,13
DA:48,13
DA:49,13
DA:52,13
DA:55,13
DA:56,13
DA:57,13
DA:68,10
DA:70,10
DA:72,2
DA:73,2
DA:76,1
DA:77,1
DA:78,1
DA:81,5
DA:82,5
DA:83,5
DA:84,5
DA:85,1
DA:87,5
DA:90,2
DA:91,2
DA:92,2
DA:93,2
DA:94,2
DA:96,2
DA:100,0
DA:101,0
DA:105,10
DA:112,0
DA:119,3
DA:126,2
DA:127,2
DA:128,2
DA:139,10
DA:140,10
DA:142,10
DA:170,4
DA:177,3
DA:189,1
DA:190,1
DA:191,1
DA:192,1
DA:193,1
DA:194,1
DA:195,1
DA:196,1
DA:197,1
DA:205,4
DA:208,4
DA:209,0
DA:214,20
DA:216,20
DA:217,20
DA:218,20
DA:219,20
DA:223,20
DA:224,20
DA:225,20
DA:226,20
DA:230,20
DA:231,4
DA:232,2
DA:236,20
DA:238,4
DA:239,2
DA:240,2
DA:244,2
DA:246,2
DA:247,1
DA:248,1
DA:249,0
DA:250,0
DA:251,0
DA:252,0
DA:254,0
DA:266,5
DA:272,8
DA:273,7
DA:275,8
DA:282,1
DA:283,1
DA:284,2
DA:286,1
DA:293,1
DA:295,2
DA:303,0
DA:304,0
DA:310,1
LF:94
LH:83
BRDA:54,0,0,13
BRDA:54,1,0,13
BRDA:70,2,0,2
BRDA:70,2,1,1
BRDA:70,2,2,5
BRDA:70,2,3,2
BRDA:70,2,4,0
BRDA:77,3,0,1
BRDA:77,3,1,0
BRDA:82,4,0,1
BRDA:82,4,1,4
BRDA:84,5,0,1
BRDA:84,5,1,4
BRDA:91,6,0,0
BRDA:91,6,1,2
BRDA:93,7,0,2
BRDA:93,7,1,0
BRDA:127,8,0,2
BRDA:127,8,1,2
BRDA:208,9,0,0
BRDA:208,9,1,4
BRDA:230,10,0,18
BRDA:230,10,1,2
BRDA:236,11,0,18
BRDA:236,11,1,2
BRDA:246,12,0,1
BRDA:246,12,1,1
BRDA:247,13,0,0
BRDA:247,13,1,1
BRDA:248,14,0,1
BRDA:248,14,1,0
BRDA:248,15,0,1
BRDA:248,15,1,0
BRDA:249,16,0,0
BRDA:249,16,1,0
BRDA:249,17,0,0
BRDA:249,17,1,0
BRDA:249,17,2,0
BRDA:250,18,0,0
BRDA:250,18,1,0
BRDA:250,19,0,0
BRDA:250,19,1,0
BRDA:251,20,0,0
BRDA:251,20,1,0
BRDA:251,21,0,0
BRDA:251,21,1,0
BRDA:252,22,0,0
BRDA:252,22,1,0
BRDA:272,23,0,7
BRDA:272,23,1,1
BRF:50
BRH:27
end_of_record
TN:
SF:packages\platform\src\queues\queue-factory.ts
FN:30,(anonymous_0)
FN:56,(anonymous_1)
FN:81,(anonymous_2)
FN:97,(anonymous_3)
FN:110,(anonymous_4)
FN:117,(anonymous_5)
FN:124,(anonymous_6)
FN:130,(anonymous_7)
FN:139,(anonymous_8)
FN:148,(anonymous_9)
FN:165,(anonymous_10)
FN:189,createAIScoringQueue
FN:196,createEmailNotificationsQueue
FN:203,createWebhookDeliveryQueue
FN:214,enqueueAIScoring
FN:252,getQueueHealth
FN:275,pauseQueue
FN:283,resumeQueue
FN:291,shutdownAllQueues
FNF:19
FNH:1
FNDA:0,(anonymous_0)
FNDA:0,(anonymous_1)
FNDA:0,(anonymous_2)
FNDA:0,(anonymous_3)
FNDA:2,(anonymous_4)
FNDA:0,(anonymous_5)
FNDA:0,(anonymous_6)
FNDA:0,(anonymous_7)
FNDA:0,(anonymous_8)
FNDA:0,(anonymous_9)
FNDA:0,(anonymous_10)
FNDA:0,createAIScoringQueue
FNDA:0,createEmailNotificationsQueue
FNDA:0,createWebhookDeliveryQueue
FNDA:0,enqueueAIScoring
FNDA:0,getQueueHealth
FNDA:0,pauseQueue
FNDA:0,resumeQueue
FNDA:0,shutdownAllQueues
DA:22,1
DA:23,1
DA:24,1
DA:25,1
DA:31,0
DA:32,0
DA:35,0
DA:36,0
DA:49,0
DA:50,0
DA:61,0
DA:63,0
DA:74,0
DA:75,0
DA:82,0
DA:83,0
DA:86,0
DA:90,0
DA:91,0
DA:98,0
DA:99,0
DA:102,0
DA:103,0
DA:104,0
DA:111,2
DA:118,0
DA:125,0
DA:128,0
DA:129,0
DA:131,0
DA:137,0
DA:138,0
DA:140,0
DA:146,0
DA:147,0
DA:149,0
DA:154,0
DA:156,0
DA:157,0
DA:158,0
DA:159,0
DA:166,0
DA:180,1
DA:190,0
DA:197,0
DA:204,0
DA:222,0
DA:224,0
DA:231,0
DA:259,0
DA:261,0
DA:263,0
DA:276,0
DA:277,0
DA:284,0
DA:285,0
DA:292,0
LF:57
LH:6
BRDA:31,0,0,0
BRDA:31,0,1,0
BRDA:35,1,0,0
BRDA:35,1,1,0
BRDA:37,2,0,0
BRDA:37,2,1,0
BRDA:61,3,0,0
BRDA:61,3,1,0
BRDA:64,4,0,0
BRDA:64,4,1,0
BRDA:66,5,0,0
BRDA:66,5,1,0
BRDA:82,6,0,0
BRDA:82,6,1,0
BRDA:87,7,0,0
BRDA:87,7,1,0
BRDA:98,8,0,0
BRDA:98,8,1,0
BRDA:236,9,0,0
BRDA:236,9,1,0
BRDA:243,10,0,0
BRDA:243,10,1,0
BRF:22
BRH:0
end_of_record
TN:
SF:packages\platform\src\queues\retry-strategy.ts
FN:24,calculateBackoffDelay
FN:64,createBackoffStrategy
FN:65,(anonymous_2)
FN:77,(anonymous_3)
FN:93,categorizeError
FN:130,shouldRetry
FN:163,(anonymous_6)
FN:171,(anonymous_7)
FN:179,(anonymous_8)
FN:193,(anonymous_9)
FN:212,(anonymous_10)
FN:215,(anonymous_11)
FN:228,(anonymous_12)
FNF:13
FNH:9
FNDA:109,calculateBackoffDelay
FNDA:0,createBackoffStrategy
FNDA:0,(anonymous_2)
FNDA:1,(anonymous_3)
FNDA:18,categorizeError
FNDA:6,shouldRetry
FNDA:5,(anonymous_6)
FNDA:2,(anonymous_7)
FNDA:16,(anonymous_8)
FNDA:22,(anonymous_9)
FNDA:0,(anonymous_10)
FNDA:0,(anonymous_11)
FNDA:1,(anonymous_12)
DA:25,109
DA:29,109
DA:30,2
DA:33,107
DA:37,109
DA:38,2
DA:42,109
DA:43,100
DA:44,100
DA:45,100
DA:48,109
DA:65,0
DA:66,0
DA:77,1
DA:79,1
DA:81,1
DA:83,1
DA:85,1
DA:87,1
DA:94,18
DA:95,18
DA:98,18
DA:106,6
DA:110,12
DA:111,2
DA:115,10
DA:116,4
DA:120,6
DA:121,3
DA:124,3
DA:132,6
DA:133,1
DA:136,5
DA:138,5
DA:142,2
DA:144,1
DA:147,2
DA:149,0
DA:161,5
DA:164,5
DA:165,5
DA:172,2
DA:173,2
DA:180,16
DA:182,16
DA:183,1
DA:186,15
DA:187,15
DA:194,22
DA:195,22
DA:198,22
DA:199,6
DA:203,6
DA:206,22
DA:213,0
DA:215,0
DA:216,0
DA:222,0
DA:229,1
DA:234,1
DA:243,1
LF:61
LH:54
BRDA:25,0,0,109
BRDA:29,1,0,2
BRDA:29,1,1,107
BRDA:37,2,0,2
BRDA:37,2,1,107
BRDA:37,3,0,109
BRDA:37,3,1,3
BRDA:42,4,0,100
BRDA:42,4,1,9
BRDA:77,5,0,1
BRDA:77,5,1,1
BRDA:98,6,0,6
BRDA:98,6,1,12
BRDA:99,7,0,18
BRDA:99,7,1,15
BRDA:99,7,2,14
BRDA:99,7,3,13
BRDA:99,7,4,12
BRDA:99,7,5,12
BRDA:110,8,0,2
BRDA:110,8,1,10
BRDA:110,9,0,12
BRDA:110,9,1,11
BRDA:110,9,2,10
BRDA:115,10,0,4
BRDA:115,10,1,6
BRDA:115,11,0,10
BRDA:115,11,1,9
BRDA:115,11,2,8
BRDA:115,11,3,8
BRDA:120,12,0,3
BRDA:120,12,1,3
BRDA:120,13,0,6
BRDA:120,13,1,5
BRDA:120,13,2,4
BRDA:120,13,3,3
BRDA:132,14,0,1
BRDA:132,14,1,5
BRDA:138,15,0,2
BRDA:138,15,1,2
BRDA:138,15,2,2
BRDA:138,15,3,1
BRDA:138,15,4,2
BRDA:138,15,5,0
BRDA:164,16,0,5
BRDA:165,17,0,5
BRDA:182,18,0,1
BRDA:182,18,1,15
BRDA:198,19,0,6
BRDA:198,19,1,16
BRDA:198,20,0,22
BRDA:198,20,1,16
BRF:52
BRH:51
end_of_record
TN:
SF:packages\platform\src\queues\types.ts
FNF:0
FNH:0
DA:17,1
DA:35,1
DA:50,1
DA:63,1
DA:162,1
DA:175,1
LF:6
LH:6
BRF:0
BRH:0
end_of_record
TN:
SF:packages\platform\src\resilience\circuit-breaker.ts
FN:16,(anonymous_0)
FN:77,(anonymous_1)
FN:144,(anonymous_2)
FN:160,(anonymous_3)
FN:232,(anonymous_4)
FN:254,(anonymous_5)
FN:285,(anonymous_6)
FN:287,(anonymous_7)
FN:293,(anonymous_8)
FN:295,(anonymous_9)
FN:301,(anonymous_10)
FN:330,(anonymous_11)
FN:331,(anonymous_12)
FN:343,(anonymous_13)
FN:361,(anonymous_14)
FN:375,(anonymous_15)
FN:384,(anonymous_16)
FN:392,(anonymous_17)
FN:394,(anonymous_18)
FN:400,(anonymous_19)
FN:412,createCircuitBreaker
FN:421,withCircuitBreaker
FN:425,(anonymous_22)
FN:432,(anonymous_23)
FN:433,(anonymous_24)
FN:449,(anonymous_25)
FN:461,(anonymous_26)
FN:468,(anonymous_27)
FN:470,(anonymous_28)
FN:479,(anonymous_29)
FN:480,(anonymous_30)
FN:488,(anonymous_31)
FN:495,(anonymous_32)
FNF:33
FNH:29
FNDA:1,(anonymous_0)
FNDA:6,(anonymous_1)
FNDA:35,(anonymous_2)
FNDA:69,(anonymous_3)
FNDA:14,(anonymous_4)
FNDA:49,(anonymous_5)
FNDA:54,(anonymous_6)
FNDA:92,(anonymous_7)
FNDA:75,(anonymous_8)
FNDA:91,(anonymous_9)
FNDA:28,(anonymous_10)
FNDA:96,(anonymous_11)
FNDA:11,(anonymous_12)
FNDA:6,(anonymous_13)
FNDA:21,(anonymous_14)
FNDA:3,(anonymous_15)
FNDA:1,(anonymous_16)
FNDA:4,(anonymous_17)
FNDA:1,(anonymous_18)
FNDA:1,(anonymous_19)
FNDA:2,createCircuitBreaker
FNDA:0,withCircuitBreaker
FNDA:0,(anonymous_22)
FNDA:0,(anonymous_23)
FNDA:0,(anonymous_24)
FNDA:13,(anonymous_25)
FNDA:5,(anonymous_26)
FNDA:1,(anonymous_27)
FNDA:2,(anonymous_28)
FNDA:1,(anonymous_29)
FNDA:2,(anonymous_30)
FNDA:1,(anonymous_31)
FNDA:2,(anonymous_32)
DA:16,1
DA:18,1
DA:20,1
DA:22,1
DA:28,1
DA:48,1
DA:74,6
DA:78,6
DA:79,6
DA:80,6
DA:132,35
DA:133,35
DA:134,35
DA:135,35
DA:136,35
DA:137,35
DA:138,35
DA:139,35
DA:140,35
DA:142,35
DA:145,35
DA:150,35
DA:151,0
DA:154,35
DA:162,69
DA:165,69
DA:166,10
DA:170,10
DA:171,5
DA:176,69
DA:177,5
DA:181,5
DA:187,5
DA:192,5
DA:193,2
DA:196,3
DA:200,64
DA:201,9
DA:202,1
DA:207,1
DA:208,0
DA:211,1
DA:213,8
DA:216,63
DA:218,63
DA:219,63
DA:220,14
DA:221,14
DA:223,49
DA:224,49
DA:225,49
DA:233,14
DA:234,14
DA:235,14
DA:237,14
DA:244,14
DA:245,7
DA:246,3
DA:255,49
DA:256,49
DA:257,49
DA:258,49
DA:260,49
DA:262,49
DA:269,49
DA:271,1
DA:272,1
DA:276,48
DA:277,48
DA:278,15
DA:286,54
DA:287,92
DA:294,75
DA:295,91
DA:302,28
DA:303,28
DA:305,28
DA:306,28
DA:309,28
DA:310,6
DA:311,6
DA:312,6
DA:313,6
DA:314,22
DA:315,5
DA:316,5
DA:319,28
DA:331,96
DA:332,11
DA:333,11
DA:344,6
DA:346,6
DA:363,21
DA:364,8
DA:365,8
DA:366,0
DA:369,21
DA:376,3
DA:377,3
DA:378,3
DA:385,1
DA:386,1
DA:393,4
DA:394,4
DA:401,1
DA:402,1
DA:403,0
DA:405,0
DA:415,2
DA:425,0
DA:430,0
DA:432,0
DA:433,0
DA:436,0
DA:444,8
DA:450,13
DA:451,13
DA:452,11
DA:453,11
DA:455,13
DA:462,5
DA:469,1
DA:470,1
DA:471,2
DA:473,1
DA:480,1
DA:481,2
DA:489,1
DA:496,2
DA:503,1
LF:130
LH:120
BRDA:16,0,0,1
BRDA:16,0,1,1
BRDA:144,1,0,35
BRDA:150,2,0,0
BRDA:150,2,1,35
BRDA:165,3,0,10
BRDA:165,3,1,59
BRDA:166,4,0,10
BRDA:166,4,1,0
BRDA:170,5,0,5
BRDA:170,5,1,5
BRDA:176,6,0,5
BRDA:176,6,1,64
BRDA:177,7,0,5
BRDA:177,7,1,0
BRDA:188,8,0,0
BRDA:188,8,1,5
BRDA:192,9,0,2
BRDA:192,9,1,3
BRDA:200,10,0,9
BRDA:200,10,1,55
BRDA:201,11,0,1
BRDA:201,11,1,8
BRDA:207,12,0,0
BRDA:207,12,1,1
BRDA:223,13,0,49
BRDA:223,13,1,0
BRDA:244,14,0,7
BRDA:244,14,1,7
BRDA:245,15,0,3
BRDA:245,15,1,4
BRDA:269,16,0,1
BRDA:269,16,1,48
BRDA:277,17,0,15
BRDA:277,17,1,33
BRDA:303,18,0,0
BRDA:303,18,1,28
BRDA:309,19,0,6
BRDA:309,19,1,22
BRDA:314,20,0,5
BRDA:314,20,1,17
BRDA:363,21,0,8
BRDA:363,21,1,13
BRDA:363,22,0,21
BRDA:363,22,1,8
BRDA:365,23,0,0
BRDA:365,23,1,8
BRDA:402,24,0,1
BRDA:402,24,1,0
BRDA:403,25,0,0
BRDA:403,25,1,0
BRDA:413,26,0,2
BRDA:449,27,0,13
BRDA:451,28,0,11
BRDA:451,28,1,2
BRF:55
BRH:44
end_of_record
TN:
SF:packages\platform\src\resilience\index.ts
FNF:0
FNH:0
LF:0
LH:0
BRF:0
BRH:0
end_of_record
TN:
SF:packages\ui\src\components\button.tsx
FN:38,(anonymous_0)
FNF:1
FNH:0
FNDA:0,(anonymous_0)
DA:6,0
DA:37,0
DA:39,0
DA:40,0
DA:45,0
LF:5
LH:0
BRDA:38,0,0,0
BRDA:39,1,0,0
BRDA:39,1,1,0
BRF:3
BRH:0
end_of_record
TN:
SF:packages\ui\src\components\card.tsx
FN:5,(anonymous_0)
FN:16,(anonymous_1)
FN:23,(anonymous_2)
FN:36,(anonymous_3)
FN:42,(anonymous_4)
FN:49,(anonymous_5)
FNF:6
FNH:6
FNDA:10,(anonymous_0)
FNDA:9,(anonymous_1)
FNDA:9,(anonymous_2)
FNDA:7,(anonymous_3)
FNDA:9,(anonymous_4)
FNDA:7,(anonymous_5)
DA:4,1
DA:6,10
DA:13,1
DA:15,1
DA:17,9
DA:20,1
DA:22,1
DA:24,9
DA:31,1
DA:33,1
DA:37,7
DA:39,1
DA:41,1
DA:43,9
DA:46,1
DA:48,1
DA:50,7
DA:53,1
LF:18
LH:18
BRF:0
BRH:0
end_of_record
TN:
SF:packages\ui\src\components\data-table.tsx
FN:24,DataTable
FN:64,(anonymous_1)
FN:66,(anonymous_2)
FN:83,(anonymous_3)
FN:85,(anonymous_4)
FN:111,(anonymous_5)
FN:119,(anonymous_6)
FNF:7
FNH:0
FNDA:0,DataTable
FNDA:0,(anonymous_1)
FNDA:0,(anonymous_2)
FNDA:0,(anonymous_3)
FNDA:0,(anonymous_4)
FNDA:0,(anonymous_5)
FNDA:0,(anonymous_6)
DA:30,0
DA:31,0
DA:32,0
DA:33,0
DA:35,0
DA:59,0
DA:65,0
DA:67,0
DA:84,0
DA:86,0
DA:111,0
DA:119,0
LF:12
LH:0
BRDA:28,0,0,0
BRDA:69,1,0,0
BRDA:69,1,1,0
BRDA:82,2,0,0
BRDA:82,2,1,0
BRDA:84,3,0,0
BRDA:84,3,1,0
BRF:7
BRH:0
end_of_record
TN:
SF:packages\ui\src\components\form.tsx
FN:26,(anonymous_0)
FN:32,(anonymous_1)
FN:41,(anonymous_2)
FN:71,(anonymous_3)
FN:73,(anonymous_4)
FN:87,(anonymous_5)
FN:104,(anonymous_6)
FN:124,(anonymous_7)
FN:141,(anonymous_8)
FNF:9
FNH:0
FNDA:0,(anonymous_0)
FNDA:0,(anonymous_1)
FNDA:0,(anonymous_2)
FNDA:0,(anonymous_3)
FNDA:0,(anonymous_4)
FNDA:0,(anonymous_5)
FNDA:0,(anonymous_6)
FNDA:0,(anonymous_7)
FNDA:0,(anonymous_8)
DA:15,0
DA:24,0
DA:26,0
DA:32,0
DA:34,0
DA:41,0
DA:42,0
DA:43,0
DA:44,0
DA:46,0
DA:48,0
DA:49,0
DA:52,0
DA:54,0
DA:68,0
DA:70,0
DA:72,0
DA:73,0
DA:75,0
DA:82,0
DA:84,0
DA:88,0
DA:90,0
DA:99,0
DA:101,0
DA:105,0
DA:107,0
DA:109,0
DA:119,0
DA:121,0
DA:125,0
DA:127,0
DA:136,0
DA:138,0
DA:142,0
DA:143,0
DA:145,0
DA:146,0
DA:149,0
DA:160,0
LF:40
LH:0
BRDA:48,0,0,0
BRDA:48,0,1,0
BRDA:93,1,0,0
BRDA:93,1,1,0
BRDA:107,2,0,0
BRDA:107,2,1,0
BRDA:143,3,0,0
BRDA:143,3,1,0
BRDA:145,4,0,0
BRDA:145,4,1,0
BRF:10
BRH:0
end_of_record
TN:
SF:packages\ui\src\components\input.tsx
FN:7,(anonymous_0)
FNF:1
FNH:0
FNDA:0,(anonymous_0)
DA:6,0
DA:8,0
DA:21,0
LF:3
LH:0
BRF:0
BRH:0
end_of_record
TN:
SF:packages\ui\src\components\label.tsx
FN:13,(anonymous_0)
FNF:1
FNH:1
FNDA:16,(anonymous_0)
DA:6,1
DA:10,1
DA:14,16
DA:16,1
LF:4
LH:4
BRF:0
BRH:0
end_of_record
TN:
SF:packages\ui\src\components\table.tsx
FN:5,(anonymous_0)
FN:16,(anonymous_1)
FN:24,(anonymous_2)
FN:32,(anonymous_3)
FN:42,(anonymous_4)
FN:58,(anonymous_5)
FN:73,(anonymous_6)
FN:85,(anonymous_7)
FNF:8
FNH:0
FNDA:0,(anonymous_0)
FNDA:0,(anonymous_1)
FNDA:0,(anonymous_2)
FNDA:0,(anonymous_3)
FNDA:0,(anonymous_4)
FNDA:0,(anonymous_5)
FNDA:0,(anonymous_6)
FNDA:0,(anonymous_7)
DA:4,0
DA:6,0
DA:11,0
DA:13,0
DA:17,0
DA:19,0
DA:21,0
DA:25,0
DA:27,0
DA:29,0
DA:33,0
DA:39,0
DA:41,0
DA:43,0
DA:53,0
DA:55,0
DA:59,0
DA:68,0
DA:70,0
DA:74,0
DA:80,0
DA:82,0
DA:86,0
DA:88,0
LF:24
LH:0
BRF:0
BRH:0
end_of_record
TN:
SF:packages\ui\src\lib\utils.ts
FN:4,cn
FNF:1
FNH:1
FNDA:100,cn
DA:5,100
LF:1
LH:1
BRF:0
BRH:0
end_of_record
TN:
SF:packages\validators\src\account.ts
FNF:0
FNH:0
DA:8,1
DA:20,1
DA:33,1
DA:46,1
DA:62,1
LF:5
LH:5
BRF:0
BRH:0
end_of_record
TN:
SF:packages\validators\src\case.ts
FNF:0
FNH:0
DA:8,1
DA:9,1
DA:10,1
DA:17,1
DA:29,1
DA:41,1
DA:55,1
DA:63,1
DA:71,1
DA:79,1
DA:90,1
DA:98,1
DA:106,1
DA:122,1
DA:145,1
DA:156,1
LF:16
LH:16
BRF:0
BRH:0
end_of_record
TN:
SF:packages\validators\src\common.ts
FN:20,(anonymous_0)
FN:41,(anonymous_1)
FN:54,(anonymous_2)
FNF:3
FNH:3
FNDA:11,(anonymous_0)
FNDA:5,(anonymous_1)
FNDA:4,(anonymous_2)
DA:5,7
DA:8,7
DA:11,7
DA:14,7
DA:17,7
DA:20,11
DA:23,7
DA:26,7
DA:36,7
DA:41,5
DA:46,7
DA:54,7
DA:55,4
DA:62,7
DA:75,7
LF:15
LH:15
BRF:0
BRH:0
end_of_record
TN:
SF:packages\validators\src\contact.ts
FNF:0
FNH:0
DA:8,1
DA:21,1
DA:35,1
DA:45,1
DA:63,1
LF:5
LH:5
BRF:0
BRH:0
end_of_record
TN:
SF:packages\validators\src\lead.ts
FNF:0
FNH:0
DA:8,1
DA:18,1
DA:31,1
DA:44,1
DA:59,1
DA:75,1
DA:85,1
DA:93,1
DA:103,1
DA:117,1
DA:136,1
LF:11
LH:11
BRF:0
BRH:0
end_of_record
TN:
SF:packages\validators\src\opportunity.ts
FNF:0
FNH:0
DA:8,1
DA:21,1
DA:35,1
DA:50,1
DA:67,1
DA:86,1
LF:6
LH:6
BRF:0
BRH:0
end_of_record
TN:
SF:packages\validators\src\task.ts
FNF:0
FNH:0
DA:8,1
DA:9,1
DA:15,1
DA:29,1
DA:44,1
DA:60,1
DA:79,1
DA:90,1
LF:8
LH:8
BRF:0
BRH:0
end_of_record
