{"total": {"lines":{"total":20294,"covered":0,"skipped":0,"pct":0},"statements":{"total":21396,"covered":0,"skipped":0,"pct":0},"functions":{"total":4935,"covered":0,"skipped":0,"pct":0},"branches":{"total":13497,"covered":0,"skipped":0,"pct":0},"branchesTrue":{"total":0,"covered":0,"skipped":0,"pct":100}}
,"C:\\Users\\talys\\projects\\intelliFlow-CRM\\apps\\ai-worker\\src\\agents\\base.agent.ts": {"lines":{"total":39,"covered":0,"skipped":0,"pct":0},"functions":{"total":9,"covered":0,"skipped":0,"pct":0},"statements":{"total":39,"covered":0,"skipped":0,"pct":0},"branches":{"total":18,"covered":0,"skipped":0,"pct":0}}
,"C:\\Users\\talys\\projects\\intelliFlow-CRM\\apps\\ai-worker\\src\\agents\\crew.ts": {"lines":{"total":33,"covered":0,"skipped":0,"pct":0},"functions":{"total":8,"covered":0,"skipped":0,"pct":0},"statements":{"total":33,"covered":0,"skipped":0,"pct":0},"branches":{"total":9,"covered":0,"skipped":0,"pct":0}}
,"C:\\Users\\talys\\projects\\intelliFlow-CRM\\apps\\ai-worker\\src\\agents\\email-writer.agent.ts": {"lines":{"total":68,"covered":0,"skipped":0,"pct":0},"functions":{"total":6,"covered":0,"skipped":0,"pct":0},"statements":{"total":72,"covered":0,"skipped":0,"pct":0},"branches":{"total":48,"covered":0,"skipped":0,"pct":0}}
,"C:\\Users\\talys\\projects\\intelliFlow-CRM\\apps\\ai-worker\\src\\agents\\followup.agent.ts": {"lines":{"total":56,"covered":0,"skipped":0,"pct":0},"functions":{"total":5,"covered":0,"skipped":0,"pct":0},"statements":{"total":63,"covered":0,"skipped":0,"pct":0},"branches":{"total":33,"covered":0,"skipped":0,"pct":0}}
,"C:\\Users\\talys\\projects\\intelliFlow-CRM\\apps\\ai-worker\\src\\agents\\qualification.agent.ts": {"lines":{"total":52,"covered":0,"skipped":0,"pct":0},"functions":{"total":7,"covered":0,"skipped":0,"pct":0},"statements":{"total":60,"covered":0,"skipped":0,"pct":0},"branches":{"total":34,"covered":0,"skipped":0,"pct":0}}
,"C:\\Users\\talys\\projects\\intelliFlow-CRM\\apps\\ai-worker\\src\\analytics\\feedback-analytics-generator.ts": {"lines":{"total":161,"covered":0,"skipped":0,"pct":0},"functions":{"total":51,"covered":0,"skipped":0,"pct":0},"statements":{"total":174,"covered":0,"skipped":0,"pct":0},"branches":{"total":95,"covered":0,"skipped":0,"pct":0}}
,"C:\\Users\\talys\\projects\\intelliFlow-CRM\\apps\\ai-worker\\src\\analytics\\index.ts": {"lines":{"total":0,"covered":0,"skipped":0,"pct":100},"functions":{"total":0,"covered":0,"skipped":0,"pct":100},"statements":{"total":0,"covered":0,"skipped":0,"pct":100},"branches":{"total":0,"covered":0,"skipped":0,"pct":100}}
,"C:\\Users\\talys\\projects\\intelliFlow-CRM\\apps\\ai-worker\\src\\analytics\\statistical-analysis.ts": {"lines":{"total":213,"covered":0,"skipped":0,"pct":0},"functions":{"total":24,"covered":0,"skipped":0,"pct":0},"statements":{"total":247,"covered":0,"skipped":0,"pct":0},"branches":{"total":114,"covered":0,"skipped":0,"pct":0}}
,"C:\\Users\\talys\\projects\\intelliFlow-CRM\\apps\\ai-worker\\src\\config\\index.ts": {"lines":{"total":0,"covered":0,"skipped":0,"pct":100},"functions":{"total":0,"covered":0,"skipped":0,"pct":100},"statements":{"total":0,"covered":0,"skipped":0,"pct":100},"branches":{"total":0,"covered":0,"skipped":0,"pct":100}}
,"C:\\Users\\talys\\projects\\intelliFlow-CRM\\apps\\ai-worker\\src\\config\\relevance-config.ts": {"lines":{"total":12,"covered":0,"skipped":0,"pct":0},"functions":{"total":3,"covered":0,"skipped":0,"pct":0},"statements":{"total":12,"covered":0,"skipped":0,"pct":0},"branches":{"total":1,"covered":0,"skipped":0,"pct":0}}
,"C:\\Users\\talys\\projects\\intelliFlow-CRM\\apps\\ai-worker\\src\\monitoring\\drift-detector.ts": {"lines":{"total":174,"covered":0,"skipped":0,"pct":0},"functions":{"total":29,"covered":0,"skipped":0,"pct":0},"statements":{"total":187,"covered":0,"skipped":0,"pct":0},"branches":{"total":66,"covered":0,"skipped":0,"pct":0}}
,"C:\\Users\\talys\\projects\\intelliFlow-CRM\\apps\\ai-worker\\src\\monitoring\\hallucination-checker.ts": {"lines":{"total":222,"covered":0,"skipped":0,"pct":0},"functions":{"total":40,"covered":0,"skipped":0,"pct":0},"statements":{"total":241,"covered":0,"skipped":0,"pct":0},"branches":{"total":109,"covered":0,"skipped":0,"pct":0}}
,"C:\\Users\\talys\\projects\\intelliFlow-CRM\\apps\\ai-worker\\src\\monitoring\\index.ts": {"lines":{"total":23,"covered":0,"skipped":0,"pct":0},"functions":{"total":2,"covered":0,"skipped":0,"pct":0},"statements":{"total":23,"covered":0,"skipped":0,"pct":0},"branches":{"total":8,"covered":0,"skipped":0,"pct":0}}
,"C:\\Users\\talys\\projects\\intelliFlow-CRM\\apps\\ai-worker\\src\\monitoring\\latency-monitor.ts": {"lines":{"total":206,"covered":0,"skipped":0,"pct":0},"functions":{"total":42,"covered":0,"skipped":0,"pct":0},"statements":{"total":225,"covered":0,"skipped":0,"pct":0},"branches":{"total":66,"covered":0,"skipped":0,"pct":0}}
,"C:\\Users\\talys\\projects\\intelliFlow-CRM\\apps\\ai-worker\\src\\monitoring\\roi-tracker.ts": {"lines":{"total":204,"covered":0,"skipped":0,"pct":0},"functions":{"total":39,"covered":0,"skipped":0,"pct":0},"statements":{"total":220,"covered":0,"skipped":0,"pct":0},"branches":{"total":71,"covered":0,"skipped":0,"pct":0}}
,"C:\\Users\\talys\\projects\\intelliFlow-CRM\\apps\\ai-worker\\src\\services\\document-indexer.ts": {"lines":{"total":138,"covered":0,"skipped":0,"pct":0},"functions":{"total":27,"covered":0,"skipped":0,"pct":0},"statements":{"total":152,"covered":0,"skipped":0,"pct":0},"branches":{"total":60,"covered":0,"skipped":0,"pct":0}}
,"C:\\Users\\talys\\projects\\intelliFlow-CRM\\apps\\ai-worker\\src\\services\\retrieval-service.ts": {"lines":{"total":228,"covered":0,"skipped":0,"pct":0},"functions":{"total":83,"covered":0,"skipped":0,"pct":0},"statements":{"total":247,"covered":0,"skipped":0,"pct":0},"branches":{"total":192,"covered":0,"skipped":0,"pct":0}}
,"C:\\Users\\talys\\projects\\intelliFlow-CRM\\apps\\ai-worker\\src\\utils\\cost-tracker.ts": {"lines":{"total":66,"covered":0,"skipped":0,"pct":0},"functions":{"total":14,"covered":0,"skipped":0,"pct":0},"statements":{"total":69,"covered":0,"skipped":0,"pct":0},"branches":{"total":25,"covered":0,"skipped":0,"pct":0}}
,"C:\\Users\\talys\\projects\\intelliFlow-CRM\\apps\\ai-worker\\src\\utils\\logger.ts": {"lines":{"total":20,"covered":0,"skipped":0,"pct":0},"functions":{"total":5,"covered":0,"skipped":0,"pct":0},"statements":{"total":20,"covered":0,"skipped":0,"pct":0},"branches":{"total":8,"covered":0,"skipped":0,"pct":0}}
,"C:\\Users\\talys\\projects\\intelliFlow-CRM\\apps\\ai-worker\\src\\utils\\retry.ts": {"lines":{"total":72,"covered":0,"skipped":0,"pct":0},"functions":{"total":23,"covered":0,"skipped":0,"pct":0},"statements":{"total":78,"covered":0,"skipped":0,"pct":0},"branches":{"total":40,"covered":0,"skipped":0,"pct":0}}
,"C:\\Users\\talys\\projects\\intelliFlow-CRM\\apps\\ai-worker\\src\\versioning\\index.ts": {"lines":{"total":0,"covered":0,"skipped":0,"pct":100},"functions":{"total":0,"covered":0,"skipped":0,"pct":100},"statements":{"total":0,"covered":0,"skipped":0,"pct":100},"branches":{"total":0,"covered":0,"skipped":0,"pct":100}}
,"C:\\Users\\talys\\projects\\intelliFlow-CRM\\apps\\ai-worker\\src\\versioning\\version-loader.ts": {"lines":{"total":49,"covered":0,"skipped":0,"pct":0},"functions":{"total":15,"covered":0,"skipped":0,"pct":0},"statements":{"total":50,"covered":0,"skipped":0,"pct":0},"branches":{"total":28,"covered":0,"skipped":0,"pct":0}}
,"C:\\Users\\talys\\projects\\intelliFlow-CRM\\apps\\ai-worker\\src\\workers\\ocr-worker.ts": {"lines":{"total":73,"covered":0,"skipped":0,"pct":0},"functions":{"total":21,"covered":0,"skipped":0,"pct":0},"statements":{"total":78,"covered":0,"skipped":0,"pct":0},"branches":{"total":32,"covered":0,"skipped":0,"pct":0}}
,"C:\\Users\\talys\\projects\\intelliFlow-CRM\\apps\\ai-worker\\src\\workers\\reindex-worker.ts": {"lines":{"total":77,"covered":0,"skipped":0,"pct":0},"functions":{"total":16,"covered":0,"skipped":0,"pct":0},"statements":{"total":78,"covered":0,"skipped":0,"pct":0},"branches":{"total":66,"covered":0,"skipped":0,"pct":0}}
,"C:\\Users\\talys\\projects\\intelliFlow-CRM\\apps\\api\\src\\container.ts": {"lines":{"total":43,"covered":0,"skipped":0,"pct":0},"functions":{"total":6,"covered":0,"skipped":0,"pct":0},"statements":{"total":43,"covered":0,"skipped":0,"pct":0},"branches":{"total":6,"covered":0,"skipped":0,"pct":0}}
,"C:\\Users\\talys\\projects\\intelliFlow-CRM\\apps\\api\\src\\trpc.ts": {"lines":{"total":25,"covered":0,"skipped":0,"pct":0},"functions":{"total":4,"covered":0,"skipped":0,"pct":0},"statements":{"total":25,"covered":0,"skipped":0,"pct":0},"branches":{"total":10,"covered":0,"skipped":0,"pct":0}}
,"C:\\Users\\talys\\projects\\intelliFlow-CRM\\apps\\api\\src\\agent\\approval-workflow.ts": {"lines":{"total":105,"covered":0,"skipped":0,"pct":0},"functions":{"total":27,"covered":0,"skipped":0,"pct":0},"statements":{"total":105,"covered":0,"skipped":0,"pct":0},"branches":{"total":62,"covered":0,"skipped":0,"pct":0}}
,"C:\\Users\\talys\\projects\\intelliFlow-CRM\\apps\\api\\src\\agent\\authorization.ts": {"lines":{"total":46,"covered":0,"skipped":0,"pct":0},"functions":{"total":13,"covered":0,"skipped":0,"pct":0},"statements":{"total":46,"covered":0,"skipped":0,"pct":0},"branches":{"total":38,"covered":0,"skipped":0,"pct":0}}
,"C:\\Users\\talys\\projects\\intelliFlow-CRM\\apps\\api\\src\\agent\\index.ts": {"lines":{"total":0,"covered":0,"skipped":0,"pct":100},"functions":{"total":0,"covered":0,"skipped":0,"pct":100},"statements":{"total":0,"covered":0,"skipped":0,"pct":100},"branches":{"total":0,"covered":0,"skipped":0,"pct":100}}
,"C:\\Users\\talys\\projects\\intelliFlow-CRM\\apps\\api\\src\\agent\\logger.ts": {"lines":{"total":85,"covered":0,"skipped":0,"pct":0},"functions":{"total":33,"covered":0,"skipped":0,"pct":0},"statements":{"total":95,"covered":0,"skipped":0,"pct":0},"branches":{"total":62,"covered":0,"skipped":0,"pct":0}}
,"C:\\Users\\talys\\projects\\intelliFlow-CRM\\apps\\api\\src\\agent\\types.ts": {"lines":{"total":8,"covered":0,"skipped":0,"pct":0},"functions":{"total":0,"covered":0,"skipped":0,"pct":100},"statements":{"total":8,"covered":0,"skipped":0,"pct":0},"branches":{"total":0,"covered":0,"skipped":0,"pct":100}}
,"C:\\Users\\talys\\projects\\intelliFlow-CRM\\apps\\api\\src\\middleware\\auth.ts": {"lines":{"total":24,"covered":0,"skipped":0,"pct":0},"functions":{"total":8,"covered":0,"skipped":0,"pct":0},"statements":{"total":24,"covered":0,"skipped":0,"pct":0},"branches":{"total":20,"covered":0,"skipped":0,"pct":0}}
,"C:\\Users\\talys\\projects\\intelliFlow-CRM\\apps\\api\\src\\middleware\\logging.ts": {"lines":{"total":25,"covered":0,"skipped":0,"pct":0},"functions":{"total":7,"covered":0,"skipped":0,"pct":0},"statements":{"total":25,"covered":0,"skipped":0,"pct":0},"branches":{"total":7,"covered":0,"skipped":0,"pct":0}}
,"C:\\Users\\talys\\projects\\intelliFlow-CRM\\apps\\api\\src\\middleware\\rate-limit.ts": {"lines":{"total":0,"covered":0,"skipped":0,"pct":100},"functions":{"total":0,"covered":0,"skipped":0,"pct":100},"statements":{"total":0,"covered":0,"skipped":0,"pct":100},"branches":{"total":0,"covered":0,"skipped":0,"pct":100}}
,"C:\\Users\\talys\\projects\\intelliFlow-CRM\\apps\\api\\src\\modules\\account\\account.router.ts": {"lines":{"total":87,"covered":0,"skipped":0,"pct":0},"functions":{"total":15,"covered":0,"skipped":0,"pct":0},"statements":{"total":93,"covered":0,"skipped":0,"pct":0},"branches":{"total":66,"covered":0,"skipped":0,"pct":0}}
,"C:\\Users\\talys\\projects\\intelliFlow-CRM\\apps\\api\\src\\modules\\agent\\agent.router.ts": {"lines":{"total":48,"covered":0,"skipped":0,"pct":0},"functions":{"total":12,"covered":0,"skipped":0,"pct":0},"statements":{"total":49,"covered":0,"skipped":0,"pct":0},"branches":{"total":14,"covered":0,"skipped":0,"pct":0}}
,"C:\\Users\\talys\\projects\\intelliFlow-CRM\\apps\\api\\src\\modules\\agent\\conversation.router.ts": {"lines":{"total":82,"covered":0,"skipped":0,"pct":0},"functions":{"total":14,"covered":0,"skipped":0,"pct":0},"statements":{"total":91,"covered":0,"skipped":0,"pct":0},"branches":{"total":86,"covered":0,"skipped":0,"pct":0}}
,"C:\\Users\\talys\\projects\\intelliFlow-CRM\\apps\\api\\src\\modules\\analytics\\analytics.router.ts": {"lines":{"total":27,"covered":0,"skipped":0,"pct":0},"functions":{"total":7,"covered":0,"skipped":0,"pct":0},"statements":{"total":27,"covered":0,"skipped":0,"pct":0},"branches":{"total":4,"covered":0,"skipped":0,"pct":0}}
,"C:\\Users\\talys\\projects\\intelliFlow-CRM\\apps\\api\\src\\modules\\auth\\auth.router.ts": {"lines":{"total":164,"covered":0,"skipped":0,"pct":0},"functions":{"total":16,"covered":0,"skipped":0,"pct":0},"statements":{"total":166,"covered":0,"skipped":0,"pct":0},"branches":{"total":152,"covered":0,"skipped":0,"pct":0}}
,"C:\\Users\\talys\\projects\\intelliFlow-CRM\\apps\\api\\src\\modules\\billing\\billing.router.ts": {"lines":{"total":127,"covered":0,"skipped":0,"pct":0},"functions":{"total":17,"covered":0,"skipped":0,"pct":0},"statements":{"total":128,"covered":0,"skipped":0,"pct":0},"branches":{"total":78,"covered":0,"skipped":0,"pct":0}}
,"C:\\Users\\talys\\projects\\intelliFlow-CRM\\apps\\api\\src\\modules\\chain-version\\chain-version.router.ts": {"lines":{"total":42,"covered":0,"skipped":0,"pct":0},"functions":{"total":15,"covered":0,"skipped":0,"pct":0},"statements":{"total":42,"covered":0,"skipped":0,"pct":0},"branches":{"total":2,"covered":0,"skipped":0,"pct":0}}
,"C:\\Users\\talys\\projects\\intelliFlow-CRM\\apps\\api\\src\\modules\\chain-version\\index.ts": {"lines":{"total":0,"covered":0,"skipped":0,"pct":100},"functions":{"total":0,"covered":0,"skipped":0,"pct":100},"statements":{"total":0,"covered":0,"skipped":0,"pct":100},"branches":{"total":0,"covered":0,"skipped":0,"pct":100}}
,"C:\\Users\\talys\\projects\\intelliFlow-CRM\\apps\\api\\src\\modules\\contact\\contact.router.ts": {"lines":{"total":128,"covered":0,"skipped":0,"pct":0},"functions":{"total":18,"covered":0,"skipped":0,"pct":0},"statements":{"total":130,"covered":0,"skipped":0,"pct":0},"branches":{"total":88,"covered":0,"skipped":0,"pct":0}}
,"C:\\Users\\talys\\projects\\intelliFlow-CRM\\apps\\api\\src\\modules\\documents\\email-inbound.router.ts": {"lines":{"total":36,"covered":0,"skipped":0,"pct":0},"functions":{"total":5,"covered":0,"skipped":0,"pct":0},"statements":{"total":36,"covered":0,"skipped":0,"pct":0},"branches":{"total":14,"covered":0,"skipped":0,"pct":0}}
,"C:\\Users\\talys\\projects\\intelliFlow-CRM\\apps\\api\\src\\modules\\documents\\upload.router.ts": {"lines":{"total":18,"covered":0,"skipped":0,"pct":0},"functions":{"total":2,"covered":0,"skipped":0,"pct":0},"statements":{"total":18,"covered":0,"skipped":0,"pct":0},"branches":{"total":10,"covered":0,"skipped":0,"pct":0}}
,"C:\\Users\\talys\\projects\\intelliFlow-CRM\\apps\\api\\src\\modules\\experiment\\experiment.router.ts": {"lines":{"total":36,"covered":0,"skipped":0,"pct":0},"functions":{"total":16,"covered":0,"skipped":0,"pct":0},"statements":{"total":36,"covered":0,"skipped":0,"pct":0},"branches":{"total":2,"covered":0,"skipped":0,"pct":0}}
,"C:\\Users\\talys\\projects\\intelliFlow-CRM\\apps\\api\\src\\modules\\experiment\\index.ts": {"lines":{"total":0,"covered":0,"skipped":0,"pct":100},"functions":{"total":0,"covered":0,"skipped":0,"pct":100},"statements":{"total":0,"covered":0,"skipped":0,"pct":100},"branches":{"total":0,"covered":0,"skipped":0,"pct":100}}
,"C:\\Users\\talys\\projects\\intelliFlow-CRM\\apps\\api\\src\\modules\\feedback\\feedback.router.ts": {"lines":{"total":20,"covered":0,"skipped":0,"pct":0},"functions":{"total":7,"covered":0,"skipped":0,"pct":0},"statements":{"total":20,"covered":0,"skipped":0,"pct":0},"branches":{"total":4,"covered":0,"skipped":0,"pct":0}}
,"C:\\Users\\talys\\projects\\intelliFlow-CRM\\apps\\api\\src\\modules\\lead\\lead.router.ts": {"lines":{"total":141,"covered":0,"skipped":0,"pct":0},"functions":{"total":25,"covered":0,"skipped":0,"pct":0},"statements":{"total":151,"covered":0,"skipped":0,"pct":0},"branches":{"total":111,"covered":0,"skipped":0,"pct":0}}
,"C:\\Users\\talys\\projects\\intelliFlow-CRM\\apps\\api\\src\\modules\\misc\\health.router.ts": {"lines":{"total":27,"covered":0,"skipped":0,"pct":0},"functions":{"total":6,"covered":0,"skipped":0,"pct":0},"statements":{"total":28,"covered":0,"skipped":0,"pct":0},"branches":{"total":16,"covered":0,"skipped":0,"pct":0}}
,"C:\\Users\\talys\\projects\\intelliFlow-CRM\\apps\\api\\src\\modules\\misc\\system.router.ts": {"lines":{"total":11,"covered":0,"skipped":0,"pct":0},"functions":{"total":6,"covered":0,"skipped":0,"pct":0},"statements":{"total":11,"covered":0,"skipped":0,"pct":0},"branches":{"total":22,"covered":0,"skipped":0,"pct":0}}
,"C:\\Users\\talys\\projects\\intelliFlow-CRM\\apps\\api\\src\\modules\\misc\\timeline.router.ts": {"lines":{"total":174,"covered":0,"skipped":0,"pct":0},"functions":{"total":14,"covered":0,"skipped":0,"pct":0},"statements":{"total":179,"covered":0,"skipped":0,"pct":0},"branches":{"total":172,"covered":0,"skipped":0,"pct":0}}
,"C:\\Users\\talys\\projects\\intelliFlow-CRM\\apps\\api\\src\\modules\\misc\\timeline.ts": {"lines":{"total":87,"covered":0,"skipped":0,"pct":0},"functions":{"total":14,"covered":0,"skipped":0,"pct":0},"statements":{"total":97,"covered":0,"skipped":0,"pct":0},"branches":{"total":144,"covered":0,"skipped":0,"pct":0}}
,"C:\\Users\\talys\\projects\\intelliFlow-CRM\\apps\\api\\src\\modules\\opportunity\\opportunity.router.ts": {"lines":{"total":129,"covered":0,"skipped":0,"pct":0},"functions":{"total":22,"covered":0,"skipped":0,"pct":0},"statements":{"total":141,"covered":0,"skipped":0,"pct":0},"branches":{"total":102,"covered":0,"skipped":0,"pct":0}}
,"C:\\Users\\talys\\projects\\intelliFlow-CRM\\apps\\api\\src\\modules\\opportunity\\pipeline-config.router.ts": {"lines":{"total":45,"covered":0,"skipped":0,"pct":0},"functions":{"total":14,"covered":0,"skipped":0,"pct":0},"statements":{"total":49,"covered":0,"skipped":0,"pct":0},"branches":{"total":57,"covered":0,"skipped":0,"pct":0}}
,"C:\\Users\\talys\\projects\\intelliFlow-CRM\\apps\\api\\src\\modules\\security\\audit.router.ts": {"lines":{"total":51,"covered":0,"skipped":0,"pct":0},"functions":{"total":8,"covered":0,"skipped":0,"pct":0},"statements":{"total":51,"covered":0,"skipped":0,"pct":0},"branches":{"total":34,"covered":0,"skipped":0,"pct":0}}
,"C:\\Users\\talys\\projects\\intelliFlow-CRM\\apps\\api\\src\\modules\\task\\task.router.ts": {"lines":{"total":109,"covered":0,"skipped":0,"pct":0},"functions":{"total":10,"covered":0,"skipped":0,"pct":0},"statements":{"total":111,"covered":0,"skipped":0,"pct":0},"branches":{"total":104,"covered":0,"skipped":0,"pct":0}}
,"C:\\Users\\talys\\projects\\intelliFlow-CRM\\apps\\api\\src\\modules\\ticket\\ticket.router.ts": {"lines":{"total":102,"covered":0,"skipped":0,"pct":0},"functions":{"total":18,"covered":0,"skipped":0,"pct":0},"statements":{"total":102,"covered":0,"skipped":0,"pct":0},"branches":{"total":26,"covered":0,"skipped":0,"pct":0}}
,"C:\\Users\\talys\\projects\\intelliFlow-CRM\\apps\\api\\src\\security\\audit-coverage-test.ts": {"lines":{"total":213,"covered":0,"skipped":0,"pct":0},"functions":{"total":61,"covered":0,"skipped":0,"pct":0},"statements":{"total":213,"covered":0,"skipped":0,"pct":0},"branches":{"total":0,"covered":0,"skipped":0,"pct":100}}
,"C:\\Users\\talys\\projects\\intelliFlow-CRM\\apps\\api\\src\\security\\audit-event-handler.ts": {"lines":{"total":117,"covered":0,"skipped":0,"pct":0},"functions":{"total":68,"covered":0,"skipped":0,"pct":0},"statements":{"total":136,"covered":0,"skipped":0,"pct":0},"branches":{"total":87,"covered":0,"skipped":0,"pct":0}}
,"C:\\Users\\talys\\projects\\intelliFlow-CRM\\apps\\api\\src\\security\\audit-logger.ts": {"lines":{"total":129,"covered":0,"skipped":0,"pct":0},"functions":{"total":26,"covered":0,"skipped":0,"pct":0},"statements":{"total":157,"covered":0,"skipped":0,"pct":0},"branches":{"total":176,"covered":0,"skipped":0,"pct":0}}
,"C:\\Users\\talys\\projects\\intelliFlow-CRM\\apps\\api\\src\\security\\encryption.ts": {"lines":{"total":130,"covered":0,"skipped":0,"pct":0},"functions":{"total":27,"covered":0,"skipped":0,"pct":0},"statements":{"total":137,"covered":0,"skipped":0,"pct":0},"branches":{"total":58,"covered":0,"skipped":0,"pct":0}}
,"C:\\Users\\talys\\projects\\intelliFlow-CRM\\apps\\api\\src\\security\\index.ts": {"lines":{"total":0,"covered":0,"skipped":0,"pct":100},"functions":{"total":0,"covered":0,"skipped":0,"pct":100},"statements":{"total":0,"covered":0,"skipped":0,"pct":100},"branches":{"total":0,"covered":0,"skipped":0,"pct":100}}
,"C:\\Users\\talys\\projects\\intelliFlow-CRM\\apps\\api\\src\\security\\key-rotation.ts": {"lines":{"total":143,"covered":0,"skipped":0,"pct":0},"functions":{"total":33,"covered":0,"skipped":0,"pct":0},"statements":{"total":157,"covered":0,"skipped":0,"pct":0},"branches":{"total":78,"covered":0,"skipped":0,"pct":0}}
,"C:\\Users\\talys\\projects\\intelliFlow-CRM\\apps\\api\\src\\security\\login-limiter.ts": {"lines":{"total":109,"covered":0,"skipped":0,"pct":0},"functions":{"total":27,"covered":0,"skipped":0,"pct":0},"statements":{"total":111,"covered":0,"skipped":0,"pct":0},"branches":{"total":51,"covered":0,"skipped":0,"pct":0}}
,"C:\\Users\\talys\\projects\\intelliFlow-CRM\\apps\\api\\src\\security\\middleware.ts": {"lines":{"total":78,"covered":0,"skipped":0,"pct":0},"functions":{"total":20,"covered":0,"skipped":0,"pct":0},"statements":{"total":80,"covered":0,"skipped":0,"pct":0},"branches":{"total":60,"covered":0,"skipped":0,"pct":0}}
,"C:\\Users\\talys\\projects\\intelliFlow-CRM\\apps\\api\\src\\security\\rbac.ts": {"lines":{"total":151,"covered":0,"skipped":0,"pct":0},"functions":{"total":29,"covered":0,"skipped":0,"pct":0},"statements":{"total":156,"covered":0,"skipped":0,"pct":0},"branches":{"total":83,"covered":0,"skipped":0,"pct":0}}
,"C:\\Users\\talys\\projects\\intelliFlow-CRM\\apps\\api\\src\\security\\tenant-context.ts": {"lines":{"total":62,"covered":0,"skipped":0,"pct":0},"functions":{"total":16,"covered":0,"skipped":0,"pct":0},"statements":{"total":63,"covered":0,"skipped":0,"pct":0},"branches":{"total":63,"covered":0,"skipped":0,"pct":0}}
,"C:\\Users\\talys\\projects\\intelliFlow-CRM\\apps\\api\\src\\security\\tenant-limiter.ts": {"lines":{"total":124,"covered":0,"skipped":0,"pct":0},"functions":{"total":21,"covered":0,"skipped":0,"pct":0},"statements":{"total":125,"covered":0,"skipped":0,"pct":0},"branches":{"total":71,"covered":0,"skipped":0,"pct":0}}
,"C:\\Users\\talys\\projects\\intelliFlow-CRM\\apps\\api\\src\\security\\types.ts": {"lines":{"total":1,"covered":0,"skipped":0,"pct":0},"functions":{"total":0,"covered":0,"skipped":0,"pct":100},"statements":{"total":1,"covered":0,"skipped":0,"pct":0},"branches":{"total":0,"covered":0,"skipped":0,"pct":100}}
,"C:\\Users\\talys\\projects\\intelliFlow-CRM\\apps\\api\\src\\services\\appointment-domain.service.ts": {"lines":{"total":84,"covered":0,"skipped":0,"pct":0},"functions":{"total":15,"covered":0,"skipped":0,"pct":0},"statements":{"total":88,"covered":0,"skipped":0,"pct":0},"branches":{"total":91,"covered":0,"skipped":0,"pct":0}}
,"C:\\Users\\talys\\projects\\intelliFlow-CRM\\apps\\api\\src\\services\\deadline-domain.service.ts": {"lines":{"total":92,"covered":0,"skipped":0,"pct":0},"functions":{"total":29,"covered":0,"skipped":0,"pct":0},"statements":{"total":97,"covered":0,"skipped":0,"pct":0},"branches":{"total":68,"covered":0,"skipped":0,"pct":0}}
,"C:\\Users\\talys\\projects\\intelliFlow-CRM\\apps\\api\\src\\services\\index.ts": {"lines":{"total":0,"covered":0,"skipped":0,"pct":100},"functions":{"total":0,"covered":0,"skipped":0,"pct":100},"statements":{"total":0,"covered":0,"skipped":0,"pct":100},"branches":{"total":0,"covered":0,"skipped":0,"pct":100}}
,"C:\\Users\\talys\\projects\\intelliFlow-CRM\\apps\\api\\src\\services\\mfa.service.ts": {"lines":{"total":172,"covered":0,"skipped":0,"pct":0},"functions":{"total":31,"covered":0,"skipped":0,"pct":0},"statements":{"total":182,"covered":0,"skipped":0,"pct":0},"branches":{"total":82,"covered":0,"skipped":0,"pct":0}}
,"C:\\Users\\talys\\projects\\intelliFlow-CRM\\apps\\api\\src\\services\\session.service.ts": {"lines":{"total":193,"covered":0,"skipped":0,"pct":0},"functions":{"total":27,"covered":0,"skipped":0,"pct":0},"statements":{"total":214,"covered":0,"skipped":0,"pct":0},"branches":{"total":151,"covered":0,"skipped":0,"pct":0}}
,"C:\\Users\\talys\\projects\\intelliFlow-CRM\\apps\\api\\src\\test\\integration-setup.ts": {"lines":{"total":56,"covered":0,"skipped":0,"pct":0},"functions":{"total":13,"covered":0,"skipped":0,"pct":0},"statements":{"total":56,"covered":0,"skipped":0,"pct":0},"branches":{"total":19,"covered":0,"skipped":0,"pct":0}}
,"C:\\Users\\talys\\projects\\intelliFlow-CRM\\apps\\api\\src\\test\\setup.ts": {"lines":{"total":32,"covered":0,"skipped":0,"pct":0},"functions":{"total":10,"covered":0,"skipped":0,"pct":0},"statements":{"total":35,"covered":0,"skipped":0,"pct":0},"branches":{"total":0,"covered":0,"skipped":0,"pct":100}}
,"C:\\Users\\talys\\projects\\intelliFlow-CRM\\apps\\api\\src\\tracing\\correlation.ts": {"lines":{"total":39,"covered":0,"skipped":0,"pct":0},"functions":{"total":11,"covered":0,"skipped":0,"pct":0},"statements":{"total":39,"covered":0,"skipped":0,"pct":0},"branches":{"total":24,"covered":0,"skipped":0,"pct":0}}
,"C:\\Users\\talys\\projects\\intelliFlow-CRM\\apps\\api\\src\\tracing\\middleware.ts": {"lines":{"total":45,"covered":0,"skipped":0,"pct":0},"functions":{"total":4,"covered":0,"skipped":0,"pct":0},"statements":{"total":45,"covered":0,"skipped":0,"pct":0},"branches":{"total":18,"covered":0,"skipped":0,"pct":0}}
,"C:\\Users\\talys\\projects\\intelliFlow-CRM\\apps\\api\\src\\tracing\\sentry.ts": {"lines":{"total":52,"covered":0,"skipped":0,"pct":0},"functions":{"total":15,"covered":0,"skipped":0,"pct":0},"statements":{"total":53,"covered":0,"skipped":0,"pct":0},"branches":{"total":26,"covered":0,"skipped":0,"pct":0}}
,"C:\\Users\\talys\\projects\\intelliFlow-CRM\\apps\\api\\src\\webhooks\\handler.ts": {"lines":{"total":132,"covered":0,"skipped":0,"pct":0},"functions":{"total":34,"covered":0,"skipped":0,"pct":0},"statements":{"total":134,"covered":0,"skipped":0,"pct":0},"branches":{"total":83,"covered":0,"skipped":0,"pct":0}}
,"C:\\Users\\talys\\projects\\intelliFlow-CRM\\apps\\api\\src\\webhooks\\idempotency.ts": {"lines":{"total":115,"covered":0,"skipped":0,"pct":0},"functions":{"total":28,"covered":0,"skipped":0,"pct":0},"statements":{"total":115,"covered":0,"skipped":0,"pct":0},"branches":{"total":63,"covered":0,"skipped":0,"pct":0}}
,"C:\\Users\\talys\\projects\\intelliFlow-CRM\\apps\\api\\src\\webhooks\\retry.ts": {"lines":{"total":183,"covered":0,"skipped":0,"pct":0},"functions":{"total":40,"covered":0,"skipped":0,"pct":0},"statements":{"total":189,"covered":0,"skipped":0,"pct":0},"branches":{"total":92,"covered":0,"skipped":0,"pct":0}}
,"C:\\Users\\talys\\projects\\intelliFlow-CRM\\apps\\api\\src\\workflow\\dsar-workflow.ts": {"lines":{"total":127,"covered":0,"skipped":0,"pct":0},"functions":{"total":19,"covered":0,"skipped":0,"pct":0},"statements":{"total":127,"covered":0,"skipped":0,"pct":0},"branches":{"total":42,"covered":0,"skipped":0,"pct":0}}
,"C:\\Users\\talys\\projects\\intelliFlow-CRM\\apps\\api\\src\\workflow\\index.ts": {"lines":{"total":0,"covered":0,"skipped":0,"pct":100},"functions":{"total":0,"covered":0,"skipped":0,"pct":100},"statements":{"total":0,"covered":0,"skipped":0,"pct":100},"branches":{"total":0,"covered":0,"skipped":0,"pct":100}}
,"C:\\Users\\talys\\projects\\intelliFlow-CRM\\apps\\api\\src\\workflow\\state-machine.ts": {"lines":{"total":105,"covered":0,"skipped":0,"pct":0},"functions":{"total":17,"covered":0,"skipped":0,"pct":0},"statements":{"total":109,"covered":0,"skipped":0,"pct":0},"branches":{"total":82,"covered":0,"skipped":0,"pct":0}}
,"C:\\Users\\talys\\projects\\intelliFlow-CRM\\apps\\api\\src\\workflow\\types.ts": {"lines":{"total":2,"covered":0,"skipped":0,"pct":0},"functions":{"total":0,"covered":0,"skipped":0,"pct":100},"statements":{"total":2,"covered":0,"skipped":0,"pct":0},"branches":{"total":0,"covered":0,"skipped":0,"pct":100}}
,"C:\\Users\\talys\\projects\\intelliFlow-CRM\\apps\\api\\src\\workflow\\handlers\\case-handler.ts": {"lines":{"total":158,"covered":0,"skipped":0,"pct":0},"functions":{"total":24,"covered":0,"skipped":0,"pct":0},"statements":{"total":159,"covered":0,"skipped":0,"pct":0},"branches":{"total":115,"covered":0,"skipped":0,"pct":0}}
,"C:\\Users\\talys\\projects\\intelliFlow-CRM\\packages\\adapters\\src\\antivirus\\ClamAVScanner.ts": {"lines":{"total":30,"covered":0,"skipped":0,"pct":0},"functions":{"total":8,"covered":0,"skipped":0,"pct":0},"statements":{"total":31,"covered":0,"skipped":0,"pct":0},"branches":{"total":25,"covered":0,"skipped":0,"pct":0}}
,"C:\\Users\\talys\\projects\\intelliFlow-CRM\\packages\\adapters\\src\\calendar\\google\\client.ts": {"lines":{"total":241,"covered":0,"skipped":0,"pct":0},"functions":{"total":47,"covered":0,"skipped":0,"pct":0},"statements":{"total":251,"covered":0,"skipped":0,"pct":0},"branches":{"total":183,"covered":0,"skipped":0,"pct":0}}
,"C:\\Users\\talys\\projects\\intelliFlow-CRM\\packages\\adapters\\src\\calendar\\microsoft\\client.ts": {"lines":{"total":238,"covered":0,"skipped":0,"pct":0},"functions":{"total":49,"covered":0,"skipped":0,"pct":0},"statements":{"total":251,"covered":0,"skipped":0,"pct":0},"branches":{"total":182,"covered":0,"skipped":0,"pct":0}}
,"C:\\Users\\talys\\projects\\intelliFlow-CRM\\packages\\adapters\\src\\calendar\\shared\\ConflictResolver.ts": {"lines":{"total":37,"covered":0,"skipped":0,"pct":0},"functions":{"total":5,"covered":0,"skipped":0,"pct":0},"statements":{"total":41,"covered":0,"skipped":0,"pct":0},"branches":{"total":60,"covered":0,"skipped":0,"pct":0}}
,"C:\\Users\\talys\\projects\\intelliFlow-CRM\\packages\\adapters\\src\\calendar\\shared\\IdempotencyManager.ts": {"lines":{"total":38,"covered":0,"skipped":0,"pct":0},"functions":{"total":15,"covered":0,"skipped":0,"pct":0},"statements":{"total":39,"covered":0,"skipped":0,"pct":0},"branches":{"total":14,"covered":0,"skipped":0,"pct":0}}
,"C:\\Users\\talys\\projects\\intelliFlow-CRM\\packages\\adapters\\src\\calendar\\shared\\RetryHandler.ts": {"lines":{"total":58,"covered":0,"skipped":0,"pct":0},"functions":{"total":14,"covered":0,"skipped":0,"pct":0},"statements":{"total":61,"covered":0,"skipped":0,"pct":0},"branches":{"total":32,"covered":0,"skipped":0,"pct":0}}
,"C:\\Users\\talys\\projects\\intelliFlow-CRM\\packages\\adapters\\src\\email\\gmail\\client.ts": {"lines":{"total":276,"covered":0,"skipped":0,"pct":0},"functions":{"total":60,"covered":0,"skipped":0,"pct":0},"statements":{"total":307,"covered":0,"skipped":0,"pct":0},"branches":{"total":283,"covered":0,"skipped":0,"pct":0}}
,"C:\\Users\\talys\\projects\\intelliFlow-CRM\\packages\\adapters\\src\\email\\outlook\\client.ts": {"lines":{"total":214,"covered":0,"skipped":0,"pct":0},"functions":{"total":56,"covered":0,"skipped":0,"pct":0},"statements":{"total":245,"covered":0,"skipped":0,"pct":0},"branches":{"total":254,"covered":0,"skipped":0,"pct":0}}
,"C:\\Users\\talys\\projects\\intelliFlow-CRM\\packages\\adapters\\src\\erp\\sap\\client.ts": {"lines":{"total":226,"covered":0,"skipped":0,"pct":0},"functions":{"total":41,"covered":0,"skipped":0,"pct":0},"statements":{"total":254,"covered":0,"skipped":0,"pct":0},"branches":{"total":291,"covered":0,"skipped":0,"pct":0}}
,"C:\\Users\\talys\\projects\\intelliFlow-CRM\\packages\\adapters\\src\\external\\GuardrailsAIService.ts": {"lines":{"total":68,"covered":0,"skipped":0,"pct":0},"functions":{"total":14,"covered":0,"skipped":0,"pct":0},"statements":{"total":76,"covered":0,"skipped":0,"pct":0},"branches":{"total":50,"covered":0,"skipped":0,"pct":0}}
,"C:\\Users\\talys\\projects\\intelliFlow-CRM\\packages\\adapters\\src\\external\\InMemoryCache.ts": {"lines":{"total":18,"covered":0,"skipped":0,"pct":0},"functions":{"total":6,"covered":0,"skipped":0,"pct":0},"statements":{"total":20,"covered":0,"skipped":0,"pct":0},"branches":{"total":14,"covered":0,"skipped":0,"pct":0}}
,"C:\\Users\\talys\\projects\\intelliFlow-CRM\\packages\\adapters\\src\\external\\InMemoryEventBus.ts": {"lines":{"total":13,"covered":0,"skipped":0,"pct":0},"functions":{"total":7,"covered":0,"skipped":0,"pct":0},"statements":{"total":14,"covered":0,"skipped":0,"pct":0},"branches":{"total":4,"covered":0,"skipped":0,"pct":0}}
,"C:\\Users\\talys\\projects\\intelliFlow-CRM\\packages\\adapters\\src\\external\\MockAIService.ts": {"lines":{"total":24,"covered":0,"skipped":0,"pct":0},"functions":{"total":4,"covered":0,"skipped":0,"pct":0},"statements":{"total":24,"covered":0,"skipped":0,"pct":0},"branches":{"total":15,"covered":0,"skipped":0,"pct":0}}
,"C:\\Users\\talys\\projects\\intelliFlow-CRM\\packages\\adapters\\src\\ics\\IcsGenerationService.ts": {"lines":{"total":84,"covered":0,"skipped":0,"pct":0},"functions":{"total":14,"covered":0,"skipped":0,"pct":0},"statements":{"total":84,"covered":0,"skipped":0,"pct":0},"branches":{"total":58,"covered":0,"skipped":0,"pct":0}}
,"C:\\Users\\talys\\projects\\intelliFlow-CRM\\packages\\adapters\\src\\memory\\zep\\zep-client.ts": {"lines":{"total":118,"covered":0,"skipped":0,"pct":0},"functions":{"total":20,"covered":0,"skipped":0,"pct":0},"statements":{"total":123,"covered":0,"skipped":0,"pct":0},"branches":{"total":73,"covered":0,"skipped":0,"pct":0}}
,"C:\\Users\\talys\\projects\\intelliFlow-CRM\\packages\\adapters\\src\\messaging\\WebhookServiceAdapter.ts": {"lines":{"total":32,"covered":0,"skipped":0,"pct":0},"functions":{"total":13,"covered":0,"skipped":0,"pct":0},"statements":{"total":32,"covered":0,"skipped":0,"pct":0},"branches":{"total":19,"covered":0,"skipped":0,"pct":0}}
,"C:\\Users\\talys\\projects\\intelliFlow-CRM\\packages\\adapters\\src\\messaging\\email\\EmailServiceAdapter.ts": {"lines":{"total":50,"covered":0,"skipped":0,"pct":0},"functions":{"total":21,"covered":0,"skipped":0,"pct":0},"statements":{"total":51,"covered":0,"skipped":0,"pct":0},"branches":{"total":66,"covered":0,"skipped":0,"pct":0}}
,"C:\\Users\\talys\\projects\\intelliFlow-CRM\\packages\\adapters\\src\\messaging\\email\\attachments.ts": {"lines":{"total":120,"covered":0,"skipped":0,"pct":0},"functions":{"total":27,"covered":0,"skipped":0,"pct":0},"statements":{"total":122,"covered":0,"skipped":0,"pct":0},"branches":{"total":108,"covered":0,"skipped":0,"pct":0}}
,"C:\\Users\\talys\\projects\\intelliFlow-CRM\\packages\\adapters\\src\\messaging\\email\\dkim-signer.ts": {"lines":{"total":169,"covered":0,"skipped":0,"pct":0},"functions":{"total":24,"covered":0,"skipped":0,"pct":0},"statements":{"total":171,"covered":0,"skipped":0,"pct":0},"branches":{"total":76,"covered":0,"skipped":0,"pct":0}}
,"C:\\Users\\talys\\projects\\intelliFlow-CRM\\packages\\adapters\\src\\messaging\\email\\inbound.ts": {"lines":{"total":203,"covered":0,"skipped":0,"pct":0},"functions":{"total":22,"covered":0,"skipped":0,"pct":0},"statements":{"total":223,"covered":0,"skipped":0,"pct":0},"branches":{"total":189,"covered":0,"skipped":0,"pct":0}}
,"C:\\Users\\talys\\projects\\intelliFlow-CRM\\packages\\adapters\\src\\messaging\\email\\outbound.ts": {"lines":{"total":108,"covered":0,"skipped":0,"pct":0},"functions":{"total":33,"covered":0,"skipped":0,"pct":0},"statements":{"total":113,"covered":0,"skipped":0,"pct":0},"branches":{"total":70,"covered":0,"skipped":0,"pct":0}}
,"C:\\Users\\talys\\projects\\intelliFlow-CRM\\packages\\adapters\\src\\messaging\\slack\\client.ts": {"lines":{"total":249,"covered":0,"skipped":0,"pct":0},"functions":{"total":49,"covered":0,"skipped":0,"pct":0},"statements":{"total":284,"covered":0,"skipped":0,"pct":0},"branches":{"total":318,"covered":0,"skipped":0,"pct":0}}
,"C:\\Users\\talys\\projects\\intelliFlow-CRM\\packages\\adapters\\src\\messaging\\teams\\client.ts": {"lines":{"total":258,"covered":0,"skipped":0,"pct":0},"functions":{"total":63,"covered":0,"skipped":0,"pct":0},"statements":{"total":288,"covered":0,"skipped":0,"pct":0},"branches":{"total":304,"covered":0,"skipped":0,"pct":0}}
,"C:\\Users\\talys\\projects\\intelliFlow-CRM\\packages\\adapters\\src\\payments\\paypal\\client.ts": {"lines":{"total":232,"covered":0,"skipped":0,"pct":0},"functions":{"total":51,"covered":0,"skipped":0,"pct":0},"statements":{"total":261,"covered":0,"skipped":0,"pct":0},"branches":{"total":392,"covered":0,"skipped":0,"pct":0}}
,"C:\\Users\\talys\\projects\\intelliFlow-CRM\\packages\\adapters\\src\\payments\\stripe\\client.ts": {"lines":{"total":271,"covered":0,"skipped":0,"pct":0},"functions":{"total":48,"covered":0,"skipped":0,"pct":0},"statements":{"total":309,"covered":0,"skipped":0,"pct":0},"branches":{"total":359,"covered":0,"skipped":0,"pct":0}}
,"C:\\Users\\talys\\projects\\intelliFlow-CRM\\packages\\adapters\\src\\repositories\\InMemoryAccountRepository.ts": {"lines":{"total":26,"covered":0,"skipped":0,"pct":0},"functions":{"total":16,"covered":0,"skipped":0,"pct":0},"statements":{"total":26,"covered":0,"skipped":0,"pct":0},"branches":{"total":8,"covered":0,"skipped":0,"pct":0}}
,"C:\\Users\\talys\\projects\\intelliFlow-CRM\\packages\\adapters\\src\\repositories\\InMemoryAnalyticsRepository.ts": {"lines":{"total":71,"covered":0,"skipped":0,"pct":0},"functions":{"total":36,"covered":0,"skipped":0,"pct":0},"statements":{"total":80,"covered":0,"skipped":0,"pct":0},"branches":{"total":78,"covered":0,"skipped":0,"pct":0}}
,"C:\\Users\\talys\\projects\\intelliFlow-CRM\\packages\\adapters\\src\\repositories\\InMemoryAppointmentRepository.ts": {"lines":{"total":113,"covered":0,"skipped":0,"pct":0},"functions":{"total":57,"covered":0,"skipped":0,"pct":0},"statements":{"total":136,"covered":0,"skipped":0,"pct":0},"branches":{"total":107,"covered":0,"skipped":0,"pct":0}}
,"C:\\Users\\talys\\projects\\intelliFlow-CRM\\packages\\adapters\\src\\repositories\\InMemoryCaseDocumentRepository.ts": {"lines":{"total":60,"covered":0,"skipped":0,"pct":0},"functions":{"total":17,"covered":0,"skipped":0,"pct":0},"statements":{"total":77,"covered":0,"skipped":0,"pct":0},"branches":{"total":49,"covered":0,"skipped":0,"pct":0}}
,"C:\\Users\\talys\\projects\\intelliFlow-CRM\\packages\\adapters\\src\\repositories\\InMemoryContactRepository.ts": {"lines":{"total":29,"covered":0,"skipped":0,"pct":0},"functions":{"total":15,"covered":0,"skipped":0,"pct":0},"statements":{"total":29,"covered":0,"skipped":0,"pct":0},"branches":{"total":10,"covered":0,"skipped":0,"pct":0}}
,"C:\\Users\\talys\\projects\\intelliFlow-CRM\\packages\\adapters\\src\\repositories\\InMemoryLeadRepository.ts": {"lines":{"total":37,"covered":0,"skipped":0,"pct":0},"functions":{"total":20,"covered":0,"skipped":0,"pct":0},"statements":{"total":37,"covered":0,"skipped":0,"pct":0},"branches":{"total":22,"covered":0,"skipped":0,"pct":0}}
,"C:\\Users\\talys\\projects\\intelliFlow-CRM\\packages\\adapters\\src\\repositories\\InMemoryNotificationPreferenceRepository.ts": {"lines":{"total":36,"covered":0,"skipped":0,"pct":0},"functions":{"total":11,"covered":0,"skipped":0,"pct":0},"statements":{"total":37,"covered":0,"skipped":0,"pct":0},"branches":{"total":14,"covered":0,"skipped":0,"pct":0}}
,"C:\\Users\\talys\\projects\\intelliFlow-CRM\\packages\\adapters\\src\\repositories\\InMemoryNotificationRepository.ts": {"lines":{"total":63,"covered":0,"skipped":0,"pct":0},"functions":{"total":30,"covered":0,"skipped":0,"pct":0},"statements":{"total":72,"covered":0,"skipped":0,"pct":0},"branches":{"total":66,"covered":0,"skipped":0,"pct":0}}
,"C:\\Users\\talys\\projects\\intelliFlow-CRM\\packages\\adapters\\src\\repositories\\InMemoryOpportunityRepository.ts": {"lines":{"total":37,"covered":0,"skipped":0,"pct":0},"functions":{"total":23,"covered":0,"skipped":0,"pct":0},"statements":{"total":37,"covered":0,"skipped":0,"pct":0},"branches":{"total":23,"covered":0,"skipped":0,"pct":0}}
,"C:\\Users\\talys\\projects\\intelliFlow-CRM\\packages\\adapters\\src\\repositories\\InMemoryTaskRepository.ts": {"lines":{"total":55,"covered":0,"skipped":0,"pct":0},"functions":{"total":30,"covered":0,"skipped":0,"pct":0},"statements":{"total":55,"covered":0,"skipped":0,"pct":0},"branches":{"total":50,"covered":0,"skipped":0,"pct":0}}
,"C:\\Users\\talys\\projects\\intelliFlow-CRM\\packages\\adapters\\src\\repositories\\InMemoryTicketRepository.ts": {"lines":{"total":129,"covered":0,"skipped":0,"pct":0},"functions":{"total":29,"covered":0,"skipped":0,"pct":0},"statements":{"total":152,"covered":0,"skipped":0,"pct":0},"branches":{"total":140,"covered":0,"skipped":0,"pct":0}}
,"C:\\Users\\talys\\projects\\intelliFlow-CRM\\packages\\adapters\\src\\repositories\\PrismaAccountRepository.ts": {"lines":{"total":34,"covered":0,"skipped":0,"pct":0},"functions":{"total":16,"covered":0,"skipped":0,"pct":0},"statements":{"total":36,"covered":0,"skipped":0,"pct":0},"branches":{"total":54,"covered":0,"skipped":0,"pct":0}}
,"C:\\Users\\talys\\projects\\intelliFlow-CRM\\packages\\adapters\\src\\repositories\\PrismaAnalyticsRepository.ts": {"lines":{"total":36,"covered":0,"skipped":0,"pct":0},"functions":{"total":15,"covered":0,"skipped":0,"pct":0},"statements":{"total":39,"covered":0,"skipped":0,"pct":0},"branches":{"total":56,"covered":0,"skipped":0,"pct":0}}
,"C:\\Users\\talys\\projects\\intelliFlow-CRM\\packages\\adapters\\src\\repositories\\PrismaAppointmentRepository.ts": {"lines":{"total":112,"covered":0,"skipped":0,"pct":0},"functions":{"total":46,"covered":0,"skipped":0,"pct":0},"statements":{"total":132,"covered":0,"skipped":0,"pct":0},"branches":{"total":147,"covered":0,"skipped":0,"pct":0}}
,"C:\\Users\\talys\\projects\\intelliFlow-CRM\\packages\\adapters\\src\\repositories\\PrismaCaseDocumentRepository.ts": {"lines":{"total":53,"covered":0,"skipped":0,"pct":0},"functions":{"total":17,"covered":0,"skipped":0,"pct":0},"statements":{"total":65,"covered":0,"skipped":0,"pct":0},"branches":{"total":84,"covered":0,"skipped":0,"pct":0}}
,"C:\\Users\\talys\\projects\\intelliFlow-CRM\\packages\\adapters\\src\\repositories\\PrismaContactRepository.ts": {"lines":{"total":32,"covered":0,"skipped":0,"pct":0},"functions":{"total":14,"covered":0,"skipped":0,"pct":0},"statements":{"total":36,"covered":0,"skipped":0,"pct":0},"branches":{"total":62,"covered":0,"skipped":0,"pct":0}}
,"C:\\Users\\talys\\projects\\intelliFlow-CRM\\packages\\adapters\\src\\repositories\\PrismaLeadRepository.ts": {"lines":{"total":40,"covered":0,"skipped":0,"pct":0},"functions":{"total":18,"covered":0,"skipped":0,"pct":0},"statements":{"total":43,"covered":0,"skipped":0,"pct":0},"branches":{"total":74,"covered":0,"skipped":0,"pct":0}}
,"C:\\Users\\talys\\projects\\intelliFlow-CRM\\packages\\adapters\\src\\repositories\\PrismaNotificationPreferenceRepository.ts": {"lines":{"total":28,"covered":0,"skipped":0,"pct":0},"functions":{"total":11,"covered":0,"skipped":0,"pct":0},"statements":{"total":29,"covered":0,"skipped":0,"pct":0},"branches":{"total":38,"covered":0,"skipped":0,"pct":0}}
,"C:\\Users\\talys\\projects\\intelliFlow-CRM\\packages\\adapters\\src\\repositories\\PrismaNotificationRepository.ts": {"lines":{"total":50,"covered":0,"skipped":0,"pct":0},"functions":{"total":19,"covered":0,"skipped":0,"pct":0},"statements":{"total":50,"covered":0,"skipped":0,"pct":0},"branches":{"total":48,"covered":0,"skipped":0,"pct":0}}
,"C:\\Users\\talys\\projects\\intelliFlow-CRM\\packages\\adapters\\src\\repositories\\PrismaOpportunityRepository.ts": {"lines":{"total":51,"covered":0,"skipped":0,"pct":0},"functions":{"total":23,"covered":0,"skipped":0,"pct":0},"statements":{"total":54,"covered":0,"skipped":0,"pct":0},"branches":{"total":88,"covered":0,"skipped":0,"pct":0}}
,"C:\\Users\\talys\\projects\\intelliFlow-CRM\\packages\\adapters\\src\\repositories\\PrismaTaskRepository.ts": {"lines":{"total":50,"covered":0,"skipped":0,"pct":0},"functions":{"total":25,"covered":0,"skipped":0,"pct":0},"statements":{"total":51,"covered":0,"skipped":0,"pct":0},"branches":{"total":148,"covered":0,"skipped":0,"pct":0}}
,"C:\\Users\\talys\\projects\\intelliFlow-CRM\\packages\\adapters\\src\\repositories\\PrismaTicketRepository.ts": {"lines":{"total":58,"covered":0,"skipped":0,"pct":0},"functions":{"total":25,"covered":0,"skipped":0,"pct":0},"statements":{"total":69,"covered":0,"skipped":0,"pct":0},"branches":{"total":49,"covered":0,"skipped":0,"pct":0}}
,"C:\\Users\\talys\\projects\\intelliFlow-CRM\\packages\\adapters\\src\\shared\\bias-detector.ts": {"lines":{"total":76,"covered":0,"skipped":0,"pct":0},"functions":{"total":24,"covered":0,"skipped":0,"pct":0},"statements":{"total":82,"covered":0,"skipped":0,"pct":0},"branches":{"total":28,"covered":0,"skipped":0,"pct":0}}
,"C:\\Users\\talys\\projects\\intelliFlow-CRM\\packages\\adapters\\src\\shared\\prompt-sanitizer.ts": {"lines":{"total":76,"covered":0,"skipped":0,"pct":0},"functions":{"total":11,"covered":0,"skipped":0,"pct":0},"statements":{"total":76,"covered":0,"skipped":0,"pct":0},"branches":{"total":36,"covered":0,"skipped":0,"pct":0}}
,"C:\\Users\\talys\\projects\\intelliFlow-CRM\\packages\\adapters\\src\\storage\\SupabaseStorageAdapter.ts": {"lines":{"total":34,"covered":0,"skipped":0,"pct":0},"functions":{"total":8,"covered":0,"skipped":0,"pct":0},"statements":{"total":34,"covered":0,"skipped":0,"pct":0},"branches":{"total":16,"covered":0,"skipped":0,"pct":0}}
,"C:\\Users\\talys\\projects\\intelliFlow-CRM\\packages\\ai\\src\\index.ts": {"lines":{"total":0,"covered":0,"skipped":0,"pct":100},"functions":{"total":0,"covered":0,"skipped":0,"pct":100},"statements":{"total":0,"covered":0,"skipped":0,"pct":100},"branches":{"total":0,"covered":0,"skipped":0,"pct":100}}
,"C:\\Users\\talys\\projects\\intelliFlow-CRM\\packages\\application\\src\\services\\AccountService.ts": {"lines":{"total":150,"covered":0,"skipped":0,"pct":0},"functions":{"total":23,"covered":0,"skipped":0,"pct":0},"statements":{"total":161,"covered":0,"skipped":0,"pct":0},"branches":{"total":75,"covered":0,"skipped":0,"pct":0}}
,"C:\\Users\\talys\\projects\\intelliFlow-CRM\\packages\\application\\src\\services\\AnalyticsService.ts": {"lines":{"total":76,"covered":0,"skipped":0,"pct":0},"functions":{"total":12,"covered":0,"skipped":0,"pct":0},"statements":{"total":81,"covered":0,"skipped":0,"pct":0},"branches":{"total":55,"covered":0,"skipped":0,"pct":0}}
,"C:\\Users\\talys\\projects\\intelliFlow-CRM\\packages\\application\\src\\services\\AppointmentIcsEventHandler.ts": {"lines":{"total":81,"covered":0,"skipped":0,"pct":0},"functions":{"total":17,"covered":0,"skipped":0,"pct":0},"statements":{"total":81,"covered":0,"skipped":0,"pct":0},"branches":{"total":32,"covered":0,"skipped":0,"pct":0}}
,"C:\\Users\\talys\\projects\\intelliFlow-CRM\\packages\\application\\src\\services\\ChainVersionService.ts": {"lines":{"total":127,"covered":0,"skipped":0,"pct":0},"functions":{"total":23,"covered":0,"skipped":0,"pct":0},"statements":{"total":128,"covered":0,"skipped":0,"pct":0},"branches":{"total":94,"covered":0,"skipped":0,"pct":0}}
,"C:\\Users\\talys\\projects\\intelliFlow-CRM\\packages\\application\\src\\services\\ContactService.ts": {"lines":{"total":197,"covered":0,"skipped":0,"pct":0},"functions":{"total":23,"covered":0,"skipped":0,"pct":0},"statements":{"total":202,"covered":0,"skipped":0,"pct":0},"branches":{"total":117,"covered":0,"skipped":0,"pct":0}}
,"C:\\Users\\talys\\projects\\intelliFlow-CRM\\packages\\application\\src\\services\\ConversationSearchService.ts": {"lines":{"total":47,"covered":0,"skipped":0,"pct":0},"functions":{"total":8,"covered":0,"skipped":0,"pct":0},"statements":{"total":47,"covered":0,"skipped":0,"pct":0},"branches":{"total":53,"covered":0,"skipped":0,"pct":0}}
,"C:\\Users\\talys\\projects\\intelliFlow-CRM\\packages\\application\\src\\services\\ExperimentService.ts": {"lines":{"total":214,"covered":0,"skipped":0,"pct":0},"functions":{"total":37,"covered":0,"skipped":0,"pct":0},"statements":{"total":221,"covered":0,"skipped":0,"pct":0},"branches":{"total":132,"covered":0,"skipped":0,"pct":0}}
,"C:\\Users\\talys\\projects\\intelliFlow-CRM\\packages\\application\\src\\services\\FeedbackService.ts": {"lines":{"total":114,"covered":0,"skipped":0,"pct":0},"functions":{"total":30,"covered":0,"skipped":0,"pct":0},"statements":{"total":125,"covered":0,"skipped":0,"pct":0},"branches":{"total":80,"covered":0,"skipped":0,"pct":0}}
,"C:\\Users\\talys\\projects\\intelliFlow-CRM\\packages\\application\\src\\services\\IngestionOrchestrator.ts": {"lines":{"total":60,"covered":0,"skipped":0,"pct":0},"functions":{"total":11,"covered":0,"skipped":0,"pct":0},"statements":{"total":65,"covered":0,"skipped":0,"pct":0},"branches":{"total":31,"covered":0,"skipped":0,"pct":0}}
,"C:\\Users\\talys\\projects\\intelliFlow-CRM\\packages\\application\\src\\services\\LeadService.ts": {"lines":{"total":196,"covered":0,"skipped":0,"pct":0},"functions":{"total":22,"covered":0,"skipped":0,"pct":0},"statements":{"total":198,"covered":0,"skipped":0,"pct":0},"branches":{"total":99,"covered":0,"skipped":0,"pct":0}}
,"C:\\Users\\talys\\projects\\intelliFlow-CRM\\packages\\application\\src\\services\\NotificationService.ts": {"lines":{"total":143,"covered":0,"skipped":0,"pct":0},"functions":{"total":22,"covered":0,"skipped":0,"pct":0},"statements":{"total":145,"covered":0,"skipped":0,"pct":0},"branches":{"total":86,"covered":0,"skipped":0,"pct":0}}
,"C:\\Users\\talys\\projects\\intelliFlow-CRM\\packages\\application\\src\\services\\OpportunityService.ts": {"lines":{"total":289,"covered":0,"skipped":0,"pct":0},"functions":{"total":35,"covered":0,"skipped":0,"pct":0},"statements":{"total":302,"covered":0,"skipped":0,"pct":0},"branches":{"total":186,"covered":0,"skipped":0,"pct":0}}
,"C:\\Users\\talys\\projects\\intelliFlow-CRM\\packages\\application\\src\\services\\ReminderSchedulerService.ts": {"lines":{"total":65,"covered":0,"skipped":0,"pct":0},"functions":{"total":9,"covered":0,"skipped":0,"pct":0},"statements":{"total":65,"covered":0,"skipped":0,"pct":0},"branches":{"total":36,"covered":0,"skipped":0,"pct":0}}
,"C:\\Users\\talys\\projects\\intelliFlow-CRM\\packages\\application\\src\\services\\TaskService.ts": {"lines":{"total":277,"covered":0,"skipped":0,"pct":0},"functions":{"total":26,"covered":0,"skipped":0,"pct":0},"statements":{"total":279,"covered":0,"skipped":0,"pct":0},"branches":{"total":173,"covered":0,"skipped":0,"pct":0}}
,"C:\\Users\\talys\\projects\\intelliFlow-CRM\\packages\\application\\src\\services\\TicketService.ts": {"lines":{"total":82,"covered":0,"skipped":0,"pct":0},"functions":{"total":16,"covered":0,"skipped":0,"pct":0},"statements":{"total":87,"covered":0,"skipped":0,"pct":0},"branches":{"total":50,"covered":0,"skipped":0,"pct":0}}
,"C:\\Users\\talys\\projects\\intelliFlow-CRM\\packages\\application\\src\\usecases\\leads\\ConvertLeadToContactUseCase.ts": {"lines":{"total":63,"covered":0,"skipped":0,"pct":0},"functions":{"total":6,"covered":0,"skipped":0,"pct":0},"statements":{"total":63,"covered":0,"skipped":0,"pct":0},"branches":{"total":34,"covered":0,"skipped":0,"pct":0}}
,"C:\\Users\\talys\\projects\\intelliFlow-CRM\\packages\\application\\src\\usecases\\leads\\ConvertLeadToDealUseCase.ts": {"lines":{"total":98,"covered":0,"skipped":0,"pct":0},"functions":{"total":8,"covered":0,"skipped":0,"pct":0},"statements":{"total":98,"covered":0,"skipped":0,"pct":0},"branches":{"total":64,"covered":0,"skipped":0,"pct":0}}
,"C:\\Users\\talys\\projects\\intelliFlow-CRM\\packages\\application\\src\\usecases\\leads\\ConvertLeadUseCase.ts": {"lines":{"total":21,"covered":0,"skipped":0,"pct":0},"functions":{"total":2,"covered":0,"skipped":0,"pct":0},"statements":{"total":21,"covered":0,"skipped":0,"pct":0},"branches":{"total":8,"covered":0,"skipped":0,"pct":0}}
,"C:\\Users\\talys\\projects\\intelliFlow-CRM\\packages\\application\\src\\usecases\\leads\\CreateLeadUseCase.ts": {"lines":{"total":16,"covered":0,"skipped":0,"pct":0},"functions":{"total":2,"covered":0,"skipped":0,"pct":0},"statements":{"total":16,"covered":0,"skipped":0,"pct":0},"branches":{"total":4,"covered":0,"skipped":0,"pct":0}}
,"C:\\Users\\talys\\projects\\intelliFlow-CRM\\packages\\application\\src\\usecases\\leads\\QualifyLeadUseCase.ts": {"lines":{"total":21,"covered":0,"skipped":0,"pct":0},"functions":{"total":2,"covered":0,"skipped":0,"pct":0},"statements":{"total":21,"covered":0,"skipped":0,"pct":0},"branches":{"total":8,"covered":0,"skipped":0,"pct":0}}
,"C:\\Users\\talys\\projects\\intelliFlow-CRM\\packages\\application\\src\\usecases\\leads\\ScoreLeadUseCase.ts": {"lines":{"total":26,"covered":0,"skipped":0,"pct":0},"functions":{"total":2,"covered":0,"skipped":0,"pct":0},"statements":{"total":26,"covered":0,"skipped":0,"pct":0},"branches":{"total":10,"covered":0,"skipped":0,"pct":0}}
,"C:\\Users\\talys\\projects\\intelliFlow-CRM\\packages\\application\\src\\usecases\\scheduling\\CancelAppointment.ts": {"lines":{"total":15,"covered":0,"skipped":0,"pct":0},"functions":{"total":2,"covered":0,"skipped":0,"pct":0},"statements":{"total":15,"covered":0,"skipped":0,"pct":0},"branches":{"total":8,"covered":0,"skipped":0,"pct":0}}
,"C:\\Users\\talys\\projects\\intelliFlow-CRM\\packages\\application\\src\\usecases\\scheduling\\CheckConflicts.ts": {"lines":{"total":39,"covered":0,"skipped":0,"pct":0},"functions":{"total":7,"covered":0,"skipped":0,"pct":0},"statements":{"total":39,"covered":0,"skipped":0,"pct":0},"branches":{"total":36,"covered":0,"skipped":0,"pct":0}}
,"C:\\Users\\talys\\projects\\intelliFlow-CRM\\packages\\application\\src\\usecases\\scheduling\\CompleteAppointment.ts": {"lines":{"total":15,"covered":0,"skipped":0,"pct":0},"functions":{"total":2,"covered":0,"skipped":0,"pct":0},"statements":{"total":15,"covered":0,"skipped":0,"pct":0},"branches":{"total":8,"covered":0,"skipped":0,"pct":0}}
,"C:\\Users\\talys\\projects\\intelliFlow-CRM\\packages\\application\\src\\usecases\\scheduling\\RescheduleAppointment.ts": {"lines":{"total":33,"covered":0,"skipped":0,"pct":0},"functions":{"total":4,"covered":0,"skipped":0,"pct":0},"statements":{"total":34,"covered":0,"skipped":0,"pct":0},"branches":{"total":22,"covered":0,"skipped":0,"pct":0}}
,"C:\\Users\\talys\\projects\\intelliFlow-CRM\\packages\\application\\src\\usecases\\scheduling\\ScheduleAppointment.ts": {"lines":{"total":51,"covered":0,"skipped":0,"pct":0},"functions":{"total":5,"covered":0,"skipped":0,"pct":0},"statements":{"total":52,"covered":0,"skipped":0,"pct":0},"branches":{"total":47,"covered":0,"skipped":0,"pct":0}}
,"C:\\Users\\talys\\projects\\intelliFlow-CRM\\packages\\db\\prisma\\seed-ids.ts": {"lines":{"total":0,"covered":0,"skipped":0,"pct":100},"functions":{"total":0,"covered":0,"skipped":0,"pct":100},"statements":{"total":0,"covered":0,"skipped":0,"pct":100},"branches":{"total":0,"covered":0,"skipped":0,"pct":100}}
,"C:\\Users\\talys\\projects\\intelliFlow-CRM\\packages\\db\\src\\pgvector.ts": {"lines":{"total":65,"covered":0,"skipped":0,"pct":0},"functions":{"total":16,"covered":0,"skipped":0,"pct":0},"statements":{"total":73,"covered":0,"skipped":0,"pct":0},"branches":{"total":39,"covered":0,"skipped":0,"pct":0}}
,"C:\\Users\\talys\\projects\\intelliFlow-CRM\\packages\\db\\src\\seed-ids.ts": {"lines":{"total":1,"covered":0,"skipped":0,"pct":0},"functions":{"total":0,"covered":0,"skipped":0,"pct":100},"statements":{"total":1,"covered":0,"skipped":0,"pct":0},"branches":{"total":0,"covered":0,"skipped":0,"pct":100}}
,"C:\\Users\\talys\\projects\\intelliFlow-CRM\\packages\\domain\\src\\ai\\AIConstants.ts": {"lines":{"total":23,"covered":0,"skipped":0,"pct":0},"functions":{"total":0,"covered":0,"skipped":0,"pct":100},"statements":{"total":23,"covered":0,"skipped":0,"pct":0},"branches":{"total":0,"covered":0,"skipped":0,"pct":100}}
,"C:\\Users\\talys\\projects\\intelliFlow-CRM\\packages\\domain\\src\\ai\\ChainVersionConstants.ts": {"lines":{"total":6,"covered":0,"skipped":0,"pct":0},"functions":{"total":0,"covered":0,"skipped":0,"pct":100},"statements":{"total":6,"covered":0,"skipped":0,"pct":0},"branches":{"total":0,"covered":0,"skipped":0,"pct":100}}
,"C:\\Users\\talys\\projects\\intelliFlow-CRM\\packages\\domain\\src\\ai\\FeedbackEvents.ts": {"lines":{"total":39,"covered":0,"skipped":0,"pct":0},"functions":{"total":8,"covered":0,"skipped":0,"pct":0},"statements":{"total":39,"covered":0,"skipped":0,"pct":0},"branches":{"total":1,"covered":0,"skipped":0,"pct":0}}
,"C:\\Users\\talys\\projects\\intelliFlow-CRM\\packages\\domain\\src\\auth\\AuthConstants.ts": {"lines":{"total":2,"covered":0,"skipped":0,"pct":0},"functions":{"total":0,"covered":0,"skipped":0,"pct":100},"statements":{"total":2,"covered":0,"skipped":0,"pct":0},"branches":{"total":0,"covered":0,"skipped":0,"pct":100}}
,"C:\\Users\\talys\\projects\\intelliFlow-CRM\\packages\\domain\\src\\config\\ConfigConstants.ts": {"lines":{"total":2,"covered":0,"skipped":0,"pct":0},"functions":{"total":0,"covered":0,"skipped":0,"pct":100},"statements":{"total":2,"covered":0,"skipped":0,"pct":0},"branches":{"total":0,"covered":0,"skipped":0,"pct":100}}
,"C:\\Users\\talys\\projects\\intelliFlow-CRM\\packages\\domain\\src\\crm\\account\\Account.ts": {"lines":{"total":74,"covered":0,"skipped":0,"pct":0},"functions":{"total":22,"covered":0,"skipped":0,"pct":0},"statements":{"total":74,"covered":0,"skipped":0,"pct":0},"branches":{"total":38,"covered":0,"skipped":0,"pct":0}}
,"C:\\Users\\talys\\projects\\intelliFlow-CRM\\packages\\domain\\src\\crm\\account\\AccountEvents.ts": {"lines":{"total":25,"covered":0,"skipped":0,"pct":0},"functions":{"total":8,"covered":0,"skipped":0,"pct":0},"statements":{"total":25,"covered":0,"skipped":0,"pct":0},"branches":{"total":0,"covered":0,"skipped":0,"pct":100}}
,"C:\\Users\\talys\\projects\\intelliFlow-CRM\\packages\\domain\\src\\crm\\account\\AccountId.ts": {"lines":{"total":10,"covered":0,"skipped":0,"pct":0},"functions":{"total":7,"covered":0,"skipped":0,"pct":0},"statements":{"total":10,"covered":0,"skipped":0,"pct":0},"branches":{"total":4,"covered":0,"skipped":0,"pct":0}}
,"C:\\Users\\talys\\projects\\intelliFlow-CRM\\packages\\domain\\src\\crm\\contact\\Contact.ts": {"lines":{"total":122,"covered":0,"skipped":0,"pct":0},"functions":{"total":33,"covered":0,"skipped":0,"pct":0},"statements":{"total":122,"covered":0,"skipped":0,"pct":0},"branches":{"total":74,"covered":0,"skipped":0,"pct":0}}
,"C:\\Users\\talys\\projects\\intelliFlow-CRM\\packages\\domain\\src\\crm\\contact\\ContactEvents.ts": {"lines":{"total":32,"covered":0,"skipped":0,"pct":0},"functions":{"total":10,"covered":0,"skipped":0,"pct":0},"statements":{"total":32,"covered":0,"skipped":0,"pct":0},"branches":{"total":0,"covered":0,"skipped":0,"pct":100}}
,"C:\\Users\\talys\\projects\\intelliFlow-CRM\\packages\\domain\\src\\crm\\contact\\ContactId.ts": {"lines":{"total":10,"covered":0,"skipped":0,"pct":0},"functions":{"total":7,"covered":0,"skipped":0,"pct":0},"statements":{"total":10,"covered":0,"skipped":0,"pct":0},"branches":{"total":4,"covered":0,"skipped":0,"pct":0}}
,"C:\\Users\\talys\\projects\\intelliFlow-CRM\\packages\\domain\\src\\crm\\lead\\Email.ts": {"lines":{"total":18,"covered":0,"skipped":0,"pct":0},"functions":{"total":8,"covered":0,"skipped":0,"pct":0},"statements":{"total":18,"covered":0,"skipped":0,"pct":0},"branches":{"total":6,"covered":0,"skipped":0,"pct":0}}
,"C:\\Users\\talys\\projects\\intelliFlow-CRM\\packages\\domain\\src\\crm\\lead\\Lead.ts": {"lines":{"total":74,"covered":0,"skipped":0,"pct":0},"functions":{"total":27,"covered":0,"skipped":0,"pct":0},"statements":{"total":74,"covered":0,"skipped":0,"pct":0},"branches":{"total":24,"covered":0,"skipped":0,"pct":0}}
,"C:\\Users\\talys\\projects\\intelliFlow-CRM\\packages\\domain\\src\\crm\\lead\\LeadEvents.ts": {"lines":{"total":35,"covered":0,"skipped":0,"pct":0},"functions":{"total":11,"covered":0,"skipped":0,"pct":0},"statements":{"total":35,"covered":0,"skipped":0,"pct":0},"branches":{"total":2,"covered":0,"skipped":0,"pct":0}}
,"C:\\Users\\talys\\projects\\intelliFlow-CRM\\packages\\domain\\src\\crm\\lead\\LeadId.ts": {"lines":{"total":10,"covered":0,"skipped":0,"pct":0},"functions":{"total":7,"covered":0,"skipped":0,"pct":0},"statements":{"total":10,"covered":0,"skipped":0,"pct":0},"branches":{"total":4,"covered":0,"skipped":0,"pct":0}}
,"C:\\Users\\talys\\projects\\intelliFlow-CRM\\packages\\domain\\src\\crm\\lead\\LeadScore.ts": {"lines":{"total":22,"covered":0,"skipped":0,"pct":0},"functions":{"total":10,"covered":0,"skipped":0,"pct":0},"statements":{"total":24,"covered":0,"skipped":0,"pct":0},"branches":{"total":13,"covered":0,"skipped":0,"pct":0}}
,"C:\\Users\\talys\\projects\\intelliFlow-CRM\\packages\\domain\\src\\crm\\opportunity\\Opportunity.ts": {"lines":{"total":126,"covered":0,"skipped":0,"pct":0},"functions":{"total":34,"covered":0,"skipped":0,"pct":0},"statements":{"total":126,"covered":0,"skipped":0,"pct":0},"branches":{"total":44,"covered":0,"skipped":0,"pct":0}}
,"C:\\Users\\talys\\projects\\intelliFlow-CRM\\packages\\domain\\src\\crm\\opportunity\\OpportunityEvents.ts": {"lines":{"total":54,"covered":0,"skipped":0,"pct":0},"functions":{"total":16,"covered":0,"skipped":0,"pct":0},"statements":{"total":54,"covered":0,"skipped":0,"pct":0},"branches":{"total":2,"covered":0,"skipped":0,"pct":0}}
,"C:\\Users\\talys\\projects\\intelliFlow-CRM\\packages\\domain\\src\\crm\\opportunity\\OpportunityId.ts": {"lines":{"total":10,"covered":0,"skipped":0,"pct":0},"functions":{"total":7,"covered":0,"skipped":0,"pct":0},"statements":{"total":10,"covered":0,"skipped":0,"pct":0},"branches":{"total":4,"covered":0,"skipped":0,"pct":0}}
,"C:\\Users\\talys\\projects\\intelliFlow-CRM\\packages\\domain\\src\\crm\\task\\Task.ts": {"lines":{"total":99,"covered":0,"skipped":0,"pct":0},"functions":{"total":34,"covered":0,"skipped":0,"pct":0},"statements":{"total":99,"covered":0,"skipped":0,"pct":0},"branches":{"total":38,"covered":0,"skipped":0,"pct":0}}
,"C:\\Users\\talys\\projects\\intelliFlow-CRM\\packages\\domain\\src\\crm\\task\\TaskEvents.ts": {"lines":{"total":48,"covered":0,"skipped":0,"pct":0},"functions":{"total":14,"covered":0,"skipped":0,"pct":0},"statements":{"total":48,"covered":0,"skipped":0,"pct":0},"branches":{"total":2,"covered":0,"skipped":0,"pct":0}}
,"C:\\Users\\talys\\projects\\intelliFlow-CRM\\packages\\domain\\src\\crm\\task\\TaskId.ts": {"lines":{"total":10,"covered":0,"skipped":0,"pct":0},"functions":{"total":7,"covered":0,"skipped":0,"pct":0},"statements":{"total":10,"covered":0,"skipped":0,"pct":0},"branches":{"total":4,"covered":0,"skipped":0,"pct":0}}
,"C:\\Users\\talys\\projects\\intelliFlow-CRM\\packages\\domain\\src\\events\\case-events.ts": {"lines":{"total":108,"covered":0,"skipped":0,"pct":0},"functions":{"total":26,"covered":0,"skipped":0,"pct":0},"statements":{"total":108,"covered":0,"skipped":0,"pct":0},"branches":{"total":2,"covered":0,"skipped":0,"pct":0}}
,"C:\\Users\\talys\\projects\\intelliFlow-CRM\\packages\\domain\\src\\legal\\appointments\\Appointment.ts": {"lines":{"total":192,"covered":0,"skipped":0,"pct":0},"functions":{"total":61,"covered":0,"skipped":0,"pct":0},"statements":{"total":194,"covered":0,"skipped":0,"pct":0},"branches":{"total":85,"covered":0,"skipped":0,"pct":0}}
,"C:\\Users\\talys\\projects\\intelliFlow-CRM\\packages\\domain\\src\\legal\\appointments\\AppointmentEvents.ts": {"lines":{"total":71,"covered":0,"skipped":0,"pct":0},"functions":{"total":23,"covered":0,"skipped":0,"pct":0},"statements":{"total":71,"covered":0,"skipped":0,"pct":0},"branches":{"total":0,"covered":0,"skipped":0,"pct":100}}
,"C:\\Users\\talys\\projects\\intelliFlow-CRM\\packages\\domain\\src\\legal\\appointments\\AppointmentId.ts": {"lines":{"total":10,"covered":0,"skipped":0,"pct":0},"functions":{"total":7,"covered":0,"skipped":0,"pct":0},"statements":{"total":10,"covered":0,"skipped":0,"pct":0},"branches":{"total":4,"covered":0,"skipped":0,"pct":0}}
,"C:\\Users\\talys\\projects\\intelliFlow-CRM\\packages\\domain\\src\\legal\\appointments\\AppointmentRepository.ts": {"lines":{"total":0,"covered":0,"skipped":0,"pct":100},"functions":{"total":0,"covered":0,"skipped":0,"pct":100},"statements":{"total":0,"covered":0,"skipped":0,"pct":100},"branches":{"total":0,"covered":0,"skipped":0,"pct":100}}
,"C:\\Users\\talys\\projects\\intelliFlow-CRM\\packages\\domain\\src\\legal\\appointments\\Buffer.ts": {"lines":{"total":35,"covered":0,"skipped":0,"pct":0},"functions":{"total":18,"covered":0,"skipped":0,"pct":0},"statements":{"total":35,"covered":0,"skipped":0,"pct":0},"branches":{"total":19,"covered":0,"skipped":0,"pct":0}}
,"C:\\Users\\talys\\projects\\intelliFlow-CRM\\packages\\domain\\src\\legal\\appointments\\ConflictDetector.ts": {"lines":{"total":143,"covered":0,"skipped":0,"pct":0},"functions":{"total":13,"covered":0,"skipped":0,"pct":0},"statements":{"total":147,"covered":0,"skipped":0,"pct":0},"branches":{"total":81,"covered":0,"skipped":0,"pct":0}}
,"C:\\Users\\talys\\projects\\intelliFlow-CRM\\packages\\domain\\src\\legal\\appointments\\Recurrence.ts": {"lines":{"total":96,"covered":0,"skipped":0,"pct":0},"functions":{"total":33,"covered":0,"skipped":0,"pct":0},"statements":{"total":100,"covered":0,"skipped":0,"pct":0},"branches":{"total":100,"covered":0,"skipped":0,"pct":0}}
,"C:\\Users\\talys\\projects\\intelliFlow-CRM\\packages\\domain\\src\\legal\\appointments\\TimeSlot.ts": {"lines":{"total":41,"covered":0,"skipped":0,"pct":0},"functions":{"total":20,"covered":0,"skipped":0,"pct":0},"statements":{"total":41,"covered":0,"skipped":0,"pct":0},"branches":{"total":20,"covered":0,"skipped":0,"pct":0}}
,"C:\\Users\\talys\\projects\\intelliFlow-CRM\\packages\\domain\\src\\legal\\cases\\CaseEvents.ts": {"lines":{"total":57,"covered":0,"skipped":0,"pct":0},"functions":{"total":16,"covered":0,"skipped":0,"pct":0},"statements":{"total":57,"covered":0,"skipped":0,"pct":0},"branches":{"total":2,"covered":0,"skipped":0,"pct":0}}
,"C:\\Users\\talys\\projects\\intelliFlow-CRM\\packages\\domain\\src\\legal\\cases\\CaseId.ts": {"lines":{"total":10,"covered":0,"skipped":0,"pct":0},"functions":{"total":7,"covered":0,"skipped":0,"pct":0},"statements":{"total":10,"covered":0,"skipped":0,"pct":0},"branches":{"total":4,"covered":0,"skipped":0,"pct":0}}
,"C:\\Users\\talys\\projects\\intelliFlow-CRM\\packages\\domain\\src\\legal\\cases\\CaseRepository.ts": {"lines":{"total":0,"covered":0,"skipped":0,"pct":100},"functions":{"total":0,"covered":0,"skipped":0,"pct":100},"statements":{"total":0,"covered":0,"skipped":0,"pct":100},"branches":{"total":0,"covered":0,"skipped":0,"pct":100}}
,"C:\\Users\\talys\\projects\\intelliFlow-CRM\\packages\\domain\\src\\legal\\cases\\CaseTask.ts": {"lines":{"total":59,"covered":0,"skipped":0,"pct":0},"functions":{"total":23,"covered":0,"skipped":0,"pct":0},"statements":{"total":59,"covered":0,"skipped":0,"pct":0},"branches":{"total":25,"covered":0,"skipped":0,"pct":0}}
,"C:\\Users\\talys\\projects\\intelliFlow-CRM\\packages\\domain\\src\\legal\\cases\\CaseTaskId.ts": {"lines":{"total":10,"covered":0,"skipped":0,"pct":0},"functions":{"total":7,"covered":0,"skipped":0,"pct":0},"statements":{"total":10,"covered":0,"skipped":0,"pct":0},"branches":{"total":4,"covered":0,"skipped":0,"pct":0}}
,"C:\\Users\\talys\\projects\\intelliFlow-CRM\\packages\\domain\\src\\legal\\cases\\DocumentIngestionEvents.ts": {"lines":{"total":17,"covered":0,"skipped":0,"pct":0},"functions":{"total":4,"covered":0,"skipped":0,"pct":0},"statements":{"total":17,"covered":0,"skipped":0,"pct":0},"branches":{"total":0,"covered":0,"skipped":0,"pct":100}}
,"C:\\Users\\talys\\projects\\intelliFlow-CRM\\packages\\domain\\src\\legal\\cases\\case-document.ts": {"lines":{"total":134,"covered":0,"skipped":0,"pct":0},"functions":{"total":44,"covered":0,"skipped":0,"pct":0},"statements":{"total":148,"covered":0,"skipped":0,"pct":0},"branches":{"total":43,"covered":0,"skipped":0,"pct":0}}
,"C:\\Users\\talys\\projects\\intelliFlow-CRM\\packages\\domain\\src\\legal\\cases\\case.ts": {"lines":{"total":148,"covered":0,"skipped":0,"pct":0},"functions":{"total":49,"covered":0,"skipped":0,"pct":0},"statements":{"total":154,"covered":0,"skipped":0,"pct":0},"branches":{"total":75,"covered":0,"skipped":0,"pct":0}}
,"C:\\Users\\talys\\projects\\intelliFlow-CRM\\packages\\domain\\src\\legal\\deadlines\\Deadline.ts": {"lines":{"total":89,"covered":0,"skipped":0,"pct":0},"functions":{"total":37,"covered":0,"skipped":0,"pct":0},"statements":{"total":89,"covered":0,"skipped":0,"pct":0},"branches":{"total":30,"covered":0,"skipped":0,"pct":0}}
,"C:\\Users\\talys\\projects\\intelliFlow-CRM\\packages\\domain\\src\\legal\\deadlines\\DeadlineEvents.ts": {"lines":{"total":65,"covered":0,"skipped":0,"pct":0},"functions":{"total":18,"covered":0,"skipped":0,"pct":0},"statements":{"total":65,"covered":0,"skipped":0,"pct":0},"branches":{"total":0,"covered":0,"skipped":0,"pct":100}}
,"C:\\Users\\talys\\projects\\intelliFlow-CRM\\packages\\domain\\src\\legal\\deadlines\\DeadlineId.ts": {"lines":{"total":8,"covered":0,"skipped":0,"pct":0},"functions":{"total":6,"covered":0,"skipped":0,"pct":0},"statements":{"total":8,"covered":0,"skipped":0,"pct":0},"branches":{"total":4,"covered":0,"skipped":0,"pct":0}}
,"C:\\Users\\talys\\projects\\intelliFlow-CRM\\packages\\domain\\src\\legal\\deadlines\\DeadlineRule.ts": {"lines":{"total":27,"covered":0,"skipped":0,"pct":0},"functions":{"total":20,"covered":0,"skipped":0,"pct":0},"statements":{"total":27,"covered":0,"skipped":0,"pct":0},"branches":{"total":16,"covered":0,"skipped":0,"pct":0}}
,"C:\\Users\\talys\\projects\\intelliFlow-CRM\\packages\\domain\\src\\legal\\deadlines\\HolidayCalendar.ts": {"lines":{"total":70,"covered":0,"skipped":0,"pct":0},"functions":{"total":23,"covered":0,"skipped":0,"pct":0},"statements":{"total":72,"covered":0,"skipped":0,"pct":0},"branches":{"total":37,"covered":0,"skipped":0,"pct":0}}
,"C:\\Users\\talys\\projects\\intelliFlow-CRM\\packages\\domain\\src\\legal\\deadlines\\deadline-engine.ts": {"lines":{"total":131,"covered":0,"skipped":0,"pct":0},"functions":{"total":30,"covered":0,"skipped":0,"pct":0},"statements":{"total":136,"covered":0,"skipped":0,"pct":0},"branches":{"total":58,"covered":0,"skipped":0,"pct":0}}
,"C:\\Users\\talys\\projects\\intelliFlow-CRM\\packages\\domain\\src\\notifications\\Notification.ts": {"lines":{"total":66,"covered":0,"skipped":0,"pct":0},"functions":{"total":33,"covered":0,"skipped":0,"pct":0},"statements":{"total":66,"covered":0,"skipped":0,"pct":0},"branches":{"total":14,"covered":0,"skipped":0,"pct":0}}
,"C:\\Users\\talys\\projects\\intelliFlow-CRM\\packages\\domain\\src\\notifications\\NotificationEvents.ts": {"lines":{"total":60,"covered":0,"skipped":0,"pct":0},"functions":{"total":16,"covered":0,"skipped":0,"pct":0},"statements":{"total":60,"covered":0,"skipped":0,"pct":0},"branches":{"total":0,"covered":0,"skipped":0,"pct":100}}
,"C:\\Users\\talys\\projects\\intelliFlow-CRM\\packages\\domain\\src\\notifications\\NotificationId.ts": {"lines":{"total":8,"covered":0,"skipped":0,"pct":0},"functions":{"total":6,"covered":0,"skipped":0,"pct":0},"statements":{"total":8,"covered":0,"skipped":0,"pct":0},"branches":{"total":4,"covered":0,"skipped":0,"pct":0}}
,"C:\\Users\\talys\\projects\\intelliFlow-CRM\\packages\\domain\\src\\notifications\\NotificationPreference.ts": {"lines":{"total":68,"covered":0,"skipped":0,"pct":0},"functions":{"total":27,"covered":0,"skipped":0,"pct":0},"statements":{"total":68,"covered":0,"skipped":0,"pct":0},"branches":{"total":38,"covered":0,"skipped":0,"pct":0}}
,"C:\\Users\\talys\\projects\\intelliFlow-CRM\\packages\\domain\\src\\notifications\\NotificationPreferenceRepository.ts": {"lines":{"total":0,"covered":0,"skipped":0,"pct":100},"functions":{"total":0,"covered":0,"skipped":0,"pct":100},"statements":{"total":0,"covered":0,"skipped":0,"pct":100},"branches":{"total":0,"covered":0,"skipped":0,"pct":100}}
,"C:\\Users\\talys\\projects\\intelliFlow-CRM\\packages\\domain\\src\\notifications\\NotificationRepository.ts": {"lines":{"total":0,"covered":0,"skipped":0,"pct":100},"functions":{"total":0,"covered":0,"skipped":0,"pct":100},"statements":{"total":0,"covered":0,"skipped":0,"pct":100},"branches":{"total":0,"covered":0,"skipped":0,"pct":100}}
,"C:\\Users\\talys\\projects\\intelliFlow-CRM\\packages\\domain\\src\\notifications\\index.ts": {"lines":{"total":0,"covered":0,"skipped":0,"pct":100},"functions":{"total":0,"covered":0,"skipped":0,"pct":100},"statements":{"total":0,"covered":0,"skipped":0,"pct":100},"branches":{"total":0,"covered":0,"skipped":0,"pct":100}}
,"C:\\Users\\talys\\projects\\intelliFlow-CRM\\packages\\domain\\src\\shared\\AggregateRoot.ts": {"lines":{"total":9,"covered":0,"skipped":0,"pct":0},"functions":{"total":7,"covered":0,"skipped":0,"pct":0},"statements":{"total":9,"covered":0,"skipped":0,"pct":0},"branches":{"total":0,"covered":0,"skipped":0,"pct":100}}
,"C:\\Users\\talys\\projects\\intelliFlow-CRM\\packages\\domain\\src\\shared\\DateRange.ts": {"lines":{"total":60,"covered":0,"skipped":0,"pct":0},"functions":{"total":21,"covered":0,"skipped":0,"pct":0},"statements":{"total":60,"covered":0,"skipped":0,"pct":0},"branches":{"total":19,"covered":0,"skipped":0,"pct":0}}
,"C:\\Users\\talys\\projects\\intelliFlow-CRM\\packages\\domain\\src\\shared\\DomainEvent.ts": {"lines":{"total":2,"covered":0,"skipped":0,"pct":0},"functions":{"total":1,"covered":0,"skipped":0,"pct":0},"statements":{"total":2,"covered":0,"skipped":0,"pct":0},"branches":{"total":0,"covered":0,"skipped":0,"pct":100}}
,"C:\\Users\\talys\\projects\\intelliFlow-CRM\\packages\\domain\\src\\shared\\Entity.ts": {"lines":{"total":7,"covered":0,"skipped":0,"pct":0},"functions":{"total":3,"covered":0,"skipped":0,"pct":0},"statements":{"total":7,"covered":0,"skipped":0,"pct":0},"branches":{"total":6,"covered":0,"skipped":0,"pct":0}}
,"C:\\Users\\talys\\projects\\intelliFlow-CRM\\packages\\domain\\src\\shared\\Money.ts": {"lines":{"total":55,"covered":0,"skipped":0,"pct":0},"functions":{"total":17,"covered":0,"skipped":0,"pct":0},"statements":{"total":55,"covered":0,"skipped":0,"pct":0},"branches":{"total":33,"covered":0,"skipped":0,"pct":0}}
,"C:\\Users\\talys\\projects\\intelliFlow-CRM\\packages\\domain\\src\\shared\\Percentage.ts": {"lines":{"total":49,"covered":0,"skipped":0,"pct":0},"functions":{"total":18,"covered":0,"skipped":0,"pct":0},"statements":{"total":49,"covered":0,"skipped":0,"pct":0},"branches":{"total":26,"covered":0,"skipped":0,"pct":0}}
,"C:\\Users\\talys\\projects\\intelliFlow-CRM\\packages\\domain\\src\\shared\\PhoneNumber.ts": {"lines":{"total":34,"covered":0,"skipped":0,"pct":0},"functions":{"total":10,"covered":0,"skipped":0,"pct":0},"statements":{"total":34,"covered":0,"skipped":0,"pct":0},"branches":{"total":24,"covered":0,"skipped":0,"pct":0}}
,"C:\\Users\\talys\\projects\\intelliFlow-CRM\\packages\\domain\\src\\shared\\Result.ts": {"lines":{"total":25,"covered":0,"skipped":0,"pct":0},"functions":{"total":12,"covered":0,"skipped":0,"pct":0},"statements":{"total":25,"covered":0,"skipped":0,"pct":0},"branches":{"total":12,"covered":0,"skipped":0,"pct":0}}
,"C:\\Users\\talys\\projects\\intelliFlow-CRM\\packages\\domain\\src\\shared\\ValueObject.ts": {"lines":{"total":4,"covered":0,"skipped":0,"pct":0},"functions":{"total":2,"covered":0,"skipped":0,"pct":0},"statements":{"total":4,"covered":0,"skipped":0,"pct":0},"branches":{"total":4,"covered":0,"skipped":0,"pct":0}}
,"C:\\Users\\talys\\projects\\intelliFlow-CRM\\packages\\domain\\src\\shared\\WebsiteUrl.ts": {"lines":{"total":42,"covered":0,"skipped":0,"pct":0},"functions":{"total":11,"covered":0,"skipped":0,"pct":0},"statements":{"total":42,"covered":0,"skipped":0,"pct":0},"branches":{"total":21,"covered":0,"skipped":0,"pct":0}}
,"C:\\Users\\talys\\projects\\intelliFlow-CRM\\packages\\domain\\src\\support\\TicketConstants.ts": {"lines":{"total":3,"covered":0,"skipped":0,"pct":0},"functions":{"total":0,"covered":0,"skipped":0,"pct":100},"statements":{"total":3,"covered":0,"skipped":0,"pct":0},"branches":{"total":0,"covered":0,"skipped":0,"pct":100}}
,"C:\\Users\\talys\\projects\\intelliFlow-CRM\\packages\\domain\\src\\timeline\\TimelineConstants.ts": {"lines":{"total":8,"covered":0,"skipped":0,"pct":0},"functions":{"total":0,"covered":0,"skipped":0,"pct":100},"statements":{"total":8,"covered":0,"skipped":0,"pct":0},"branches":{"total":0,"covered":0,"skipped":0,"pct":100}}
,"C:\\Users\\talys\\projects\\intelliFlow-CRM\\packages\\observability\\src\\logging.ts": {"lines":{"total":82,"covered":0,"skipped":0,"pct":0},"functions":{"total":31,"covered":0,"skipped":0,"pct":0},"statements":{"total":84,"covered":0,"skipped":0,"pct":0},"branches":{"total":56,"covered":0,"skipped":0,"pct":0}}
,"C:\\Users\\talys\\projects\\intelliFlow-CRM\\packages\\observability\\src\\metrics.ts": {"lines":{"total":89,"covered":0,"skipped":0,"pct":0},"functions":{"total":18,"covered":0,"skipped":0,"pct":0},"statements":{"total":91,"covered":0,"skipped":0,"pct":0},"branches":{"total":38,"covered":0,"skipped":0,"pct":0}}
,"C:\\Users\\talys\\projects\\intelliFlow-CRM\\packages\\observability\\src\\tracing.ts": {"lines":{"total":70,"covered":0,"skipped":0,"pct":0},"functions":{"total":21,"covered":0,"skipped":0,"pct":0},"statements":{"total":70,"covered":0,"skipped":0,"pct":0},"branches":{"total":37,"covered":0,"skipped":0,"pct":0}}
,"C:\\Users\\talys\\projects\\intelliFlow-CRM\\packages\\platform\\src\\feature-flags\\in-memory-provider.ts": {"lines":{"total":35,"covered":0,"skipped":0,"pct":0},"functions":{"total":9,"covered":0,"skipped":0,"pct":0},"statements":{"total":45,"covered":0,"skipped":0,"pct":0},"branches":{"total":24,"covered":0,"skipped":0,"pct":0}}
,"C:\\Users\\talys\\projects\\intelliFlow-CRM\\packages\\platform\\src\\feature-flags\\schema.ts": {"lines":{"total":3,"covered":0,"skipped":0,"pct":0},"functions":{"total":0,"covered":0,"skipped":0,"pct":100},"statements":{"total":3,"covered":0,"skipped":0,"pct":0},"branches":{"total":0,"covered":0,"skipped":0,"pct":100}}
,"C:\\Users\\talys\\projects\\intelliFlow-CRM\\packages\\platform\\src\\queues\\bull-board.ts": {"lines":{"total":26,"covered":0,"skipped":0,"pct":0},"functions":{"total":9,"covered":0,"skipped":0,"pct":0},"statements":{"total":26,"covered":0,"skipped":0,"pct":0},"branches":{"total":11,"covered":0,"skipped":0,"pct":0}}
,"C:\\Users\\talys\\projects\\intelliFlow-CRM\\packages\\platform\\src\\queues\\connection.ts": {"lines":{"total":25,"covered":0,"skipped":0,"pct":0},"functions":{"total":9,"covered":0,"skipped":0,"pct":0},"statements":{"total":25,"covered":0,"skipped":0,"pct":0},"branches":{"total":16,"covered":0,"skipped":0,"pct":0}}
,"C:\\Users\\talys\\projects\\intelliFlow-CRM\\packages\\platform\\src\\queues\\index.ts": {"lines":{"total":0,"covered":0,"skipped":0,"pct":100},"functions":{"total":0,"covered":0,"skipped":0,"pct":100},"statements":{"total":0,"covered":0,"skipped":0,"pct":100},"branches":{"total":0,"covered":0,"skipped":0,"pct":100}}
,"C:\\Users\\talys\\projects\\intelliFlow-CRM\\packages\\platform\\src\\queues\\metrics-collector.ts": {"lines":{"total":94,"covered":0,"skipped":0,"pct":0},"functions":{"total":28,"covered":0,"skipped":0,"pct":0},"statements":{"total":114,"covered":0,"skipped":0,"pct":0},"branches":{"total":50,"covered":0,"skipped":0,"pct":0}}
,"C:\\Users\\talys\\projects\\intelliFlow-CRM\\packages\\platform\\src\\queues\\queue-factory.ts": {"lines":{"total":57,"covered":0,"skipped":0,"pct":0},"functions":{"total":19,"covered":0,"skipped":0,"pct":0},"statements":{"total":57,"covered":0,"skipped":0,"pct":0},"branches":{"total":22,"covered":0,"skipped":0,"pct":0}}
,"C:\\Users\\talys\\projects\\intelliFlow-CRM\\packages\\platform\\src\\queues\\retry-strategy.ts": {"lines":{"total":61,"covered":0,"skipped":0,"pct":0},"functions":{"total":13,"covered":0,"skipped":0,"pct":0},"statements":{"total":62,"covered":0,"skipped":0,"pct":0},"branches":{"total":52,"covered":0,"skipped":0,"pct":0}}
[...]
,"C:\\Users\\talys\\projects\\intelliFlow-CRM\\packages\\ui\\src\\components\\slider.stories.tsx": {"lines":{"total":13,"covered":0,"skipped":0,"pct":0},"functions":{"total":6,"covered":0,"skipped":0,"pct":0},"statements":{"total":13,"covered":0,"skipped":0,"pct":0},"branches":{"total":0,"covered":0,"skipped":0,"pct":100}}
,"C:\\Users\\talys\\projects\\intelliFlow-CRM\\packages\\ui\\src\\components\\slider.tsx": {"lines":{"total":3,"covered":0,"skipped":0,"pct":0},"functions":{"total":1,"covered":0,"skipped":0,"pct":0},"statements":{"total":3,"covered":0,"skipped":0,"pct":0},"branches":{"total":0,"covered":0,"skipped":0,"pct":100}}
,"C:\\Users\\talys\\projects\\intelliFlow-CRM\\packages\\ui\\src\\components\\status-badge.stories.tsx": {"lines":{"total":23,"covered":0,"skipped":0,"pct":0},"functions":{"total":10,"covered":0,"skipped":0,"pct":0},"statements":{"total":23,"covered":0,"skipped":0,"pct":0},"branches":{"total":0,"covered":0,"skipped":0,"pct":100}}
,"C:\\Users\\talys\\projects\\intelliFlow-CRM\\packages\\ui\\src\\components\\status-badge.tsx": {"lines":{"total":13,"covered":0,"skipped":0,"pct":0},"functions":{"total":1,"covered":0,"skipped":0,"pct":0},"statements":{"total":13,"covered":0,"skipped":0,"pct":0},"branches":{"total":14,"covered":0,"skipped":0,"pct":0}}
,"C:\\Users\\talys\\projects\\intelliFlow-CRM\\packages\\ui\\src\\components\\status-select-dialog.tsx": {"lines":{"total":18,"covered":0,"skipped":0,"pct":0},"functions":{"total":6,"covered":0,"skipped":0,"pct":0},"statements":{"total":19,"covered":0,"skipped":0,"pct":0},"branches":{"total":28,"covered":0,"skipped":0,"pct":0}}
,"C:\\Users\\talys\\projects\\intelliFlow-CRM\\packages\\ui\\src\\components\\switch.stories.tsx": {"lines":{"total":11,"covered":0,"skipped":0,"pct":0},"functions":{"total":5,"covered":0,"skipped":0,"pct":0},"statements":{"total":11,"covered":0,"skipped":0,"pct":0},"branches":{"total":0,"covered":0,"skipped":0,"pct":100}}
,"C:\\Users\\talys\\projects\\intelliFlow-CRM\\packages\\ui\\src\\components\\switch.tsx": {"lines":{"total":3,"covered":0,"skipped":0,"pct":0},"functions":{"total":1,"covered":0,"skipped":0,"pct":0},"statements":{"total":3,"covered":0,"skipped":0,"pct":0},"branches":{"total":0,"covered":0,"skipped":0,"pct":100}}
,"C:\\Users\\talys\\projects\\intelliFlow-CRM\\packages\\ui\\src\\components\\table.tsx": {"lines":{"total":24,"covered":0,"skipped":0,"pct":0},"functions":{"total":8,"covered":0,"skipped":0,"pct":0},"statements":{"total":24,"covered":0,"skipped":0,"pct":0},"branches":{"total":0,"covered":0,"skipped":0,"pct":100}}
,"C:\\Users\\talys\\projects\\intelliFlow-CRM\\packages\\ui\\src\\components\\tabs.stories.tsx": {"lines":{"total":9,"covered":0,"skipped":0,"pct":0},"functions":{"total":4,"covered":0,"skipped":0,"pct":0},"statements":{"total":9,"covered":0,"skipped":0,"pct":0},"branches":{"total":0,"covered":0,"skipped":0,"pct":100}}
,"C:\\Users\\talys\\projects\\intelliFlow-CRM\\packages\\ui\\src\\components\\tabs.tsx": {"lines":{"total":10,"covered":0,"skipped":0,"pct":0},"functions":{"total":3,"covered":0,"skipped":0,"pct":0},"statements":{"total":10,"covered":0,"skipped":0,"pct":0},"branches":{"total":0,"covered":0,"skipped":0,"pct":100}}
,"C:\\Users\\talys\\projects\\intelliFlow-CRM\\packages\\ui\\src\\components\\textarea.stories.tsx": {"lines":{"total":10,"covered":0,"skipped":0,"pct":0},"functions":{"total":3,"covered":0,"skipped":0,"pct":0},"statements":{"total":10,"covered":0,"skipped":0,"pct":0},"branches":{"total":0,"covered":0,"skipped":0,"pct":100}}
,"C:\\Users\\talys\\projects\\intelliFlow-CRM\\packages\\ui\\src\\components\\textarea.tsx": {"lines":{"total":3,"covered":0,"skipped":0,"pct":0},"functions":{"total":1,"covered":0,"skipped":0,"pct":0},"statements":{"total":3,"covered":0,"skipped":0,"pct":0},"branches":{"total":0,"covered":0,"skipped":0,"pct":100}}
,"C:\\Users\\talys\\projects\\intelliFlow-CRM\\packages\\ui\\src\\components\\toast.tsx": {"lines":{"total":20,"covered":0,"skipped":0,"pct":0},"functions":{"total":6,"covered":0,"skipped":0,"pct":0},"statements":{"total":20,"covered":0,"skipped":0,"pct":0},"branches":{"total":0,"covered":0,"skipped":0,"pct":100}}
,"C:\\Users\\talys\\projects\\intelliFlow-CRM\\packages\\ui\\src\\components\\toaster.tsx": {"lines":{"total":3,"covered":0,"skipped":0,"pct":0},"functions":{"total":2,"covered":0,"skipped":0,"pct":0},"statements":{"total":3,"covered":0,"skipped":0,"pct":0},"branches":{"total":4,"covered":0,"skipped":0,"pct":0}}
,"C:\\Users\\talys\\projects\\intelliFlow-CRM\\packages\\ui\\src\\components\\tooltip.stories.tsx": {"lines":{"total":12,"covered":0,"skipped":0,"pct":0},"functions":{"total":6,"covered":0,"skipped":0,"pct":0},"statements":{"total":12,"covered":0,"skipped":0,"pct":0},"branches":{"total":0,"covered":0,"skipped":0,"pct":100}}
,"C:\\Users\\talys\\projects\\intelliFlow-CRM\\packages\\ui\\src\\components\\tooltip.tsx": {"lines":{"total":6,"covered":0,"skipped":0,"pct":0},"functions":{"total":1,"covered":0,"skipped":0,"pct":0},"statements":{"total":6,"covered":0,"skipped":0,"pct":0},"branches":{"total":1,"covered":0,"skipped":0,"pct":0}}
,"C:\\Users\\talys\\projects\\intelliFlow-CRM\\packages\\ui\\src\\components\\cookie-consent\\cookie-consent.tsx": {"lines":{"total":87,"covered":0,"skipped":0,"pct":0},"functions":{"total":29,"covered":0,"skipped":0,"pct":0},"statements":{"total":98,"covered":0,"skipped":0,"pct":0},"branches":{"total":77,"covered":0,"skipped":0,"pct":0}}
,"C:\\Users\\talys\\projects\\intelliFlow-CRM\\packages\\ui\\src\\components\\cookie-consent\\index.ts": {"lines":{"total":0,"covered":0,"skipped":0,"pct":100},"functions":{"total":0,"covered":0,"skipped":0,"pct":100},"statements":{"total":0,"covered":0,"skipped":0,"pct":100},"branches":{"total":0,"covered":0,"skipped":0,"pct":100}}
,"C:\\Users\\talys\\projects\\intelliFlow-CRM\\packages\\ui\\src\\components\\experiment\\ExperimentDashboard.tsx": {"lines":{"total":32,"covered":0,"skipped":0,"pct":0},"functions":{"total":17,"covered":0,"skipped":0,"pct":0},"statements":{"total":32,"covered":0,"skipped":0,"pct":0},"branches":{"total":50,"covered":0,"skipped":0,"pct":0}}
,"C:\\Users\\talys\\projects\\intelliFlow-CRM\\packages\\ui\\src\\components\\experiment\\index.ts": {"lines":{"total":0,"covered":0,"skipped":0,"pct":100},"functions":{"total":0,"covered":0,"skipped":0,"pct":100},"statements":{"total":0,"covered":0,"skipped":0,"pct":100},"branches":{"total":0,"covered":0,"skipped":0,"pct":100}}
,"C:\\Users\\talys\\projects\\intelliFlow-CRM\\packages\\ui\\src\\components\\layout-builder\\DashboardSidebar.tsx": {"lines":{"total":8,"covered":0,"skipped":0,"pct":0},"functions":{"total":6,"covered":0,"skipped":0,"pct":0},"statements":{"total":8,"covered":0,"skipped":0,"pct":0},"branches":{"total":18,"covered":0,"skipped":0,"pct":0}}
,"C:\\Users\\talys\\projects\\intelliFlow-CRM\\packages\\ui\\src\\components\\layout-builder\\LayoutBuilder.tsx": {"lines":{"total":45,"covered":0,"skipped":0,"pct":0},"functions":{"total":19,"covered":0,"skipped":0,"pct":0},"statements":{"total":52,"covered":0,"skipped":0,"pct":0},"branches":{"total":14,"covered":0,"skipped":0,"pct":0}}
,"C:\\Users\\talys\\projects\\intelliFlow-CRM\\packages\\ui\\src\\components\\layout-builder\\WidgetCard.tsx": {"lines":{"total":46,"covered":0,"skipped":0,"pct":0},"functions":{"total":10,"covered":0,"skipped":0,"pct":0},"statements":{"total":46,"covered":0,"skipped":0,"pct":0},"branches":{"total":62,"covered":0,"skipped":0,"pct":0}}
,"C:\\Users\\talys\\projects\\intelliFlow-CRM\\packages\\ui\\src\\components\\layout-builder\\WidgetDropZone.tsx": {"lines":{"total":2,"covered":0,"skipped":0,"pct":0},"functions":{"total":2,"covered":0,"skipped":0,"pct":0},"statements":{"total":2,"covered":0,"skipped":0,"pct":0},"branches":{"total":8,"covered":0,"skipped":0,"pct":0}}
,"C:\\Users\\talys\\projects\\intelliFlow-CRM\\packages\\ui\\src\\components\\layout-builder\\WidgetLibrary.tsx": {"lines":{"total":25,"covered":0,"skipped":0,"pct":0},"functions":{"total":12,"covered":0,"skipped":0,"pct":0},"statements":{"total":28,"covered":0,"skipped":0,"pct":0},"branches":{"total":22,"covered":0,"skipped":0,"pct":0}}
,"C:\\Users\\talys\\projects\\intelliFlow-CRM\\packages\\ui\\src\\components\\layout-builder\\index.ts": {"lines":{"total":0,"covered":0,"skipped":0,"pct":100},"functions":{"total":0,"covered":0,"skipped":0,"pct":100},"statements":{"total":0,"covered":0,"skipped":0,"pct":100},"branches":{"total":0,"covered":0,"skipped":0,"pct":100}}
,"C:\\Users\\talys\\projects\\intelliFlow-CRM\\packages\\ui\\src\\components\\layout-builder\\types.ts": {"lines":{"total":0,"covered":0,"skipped":0,"pct":100},"functions":{"total":0,"covered":0,"skipped":0,"pct":100},"statements":{"total":0,"covered":0,"skipped":0,"pct":100},"branches":{"total":0,"covered":0,"skipped":0,"pct":100}}
,"C:\\Users\\talys\\projects\\intelliFlow-CRM\\packages\\ui\\src\\components\\score\\ConfidenceIndicator.tsx": {"lines":{"total":5,"covered":0,"skipped":0,"pct":0},"functions":{"total":1,"covered":0,"skipped":0,"pct":0},"statements":{"total":5,"covered":0,"skipped":0,"pct":0},"branches":{"total":7,"covered":0,"skipped":0,"pct":0}}
,"C:\\Users\\talys\\projects\\intelliFlow-CRM\\packages\\ui\\src\\components\\score\\ModelInfo.tsx": {"lines":{"total":23,"covered":0,"skipped":0,"pct":0},"functions":{"total":3,"covered":0,"skipped":0,"pct":0},"statements":{"total":29,"covered":0,"skipped":0,"pct":0},"branches":{"total":34,"covered":0,"skipped":0,"pct":0}}
,"C:\\Users\\talys\\projects\\intelliFlow-CRM\\packages\\ui\\src\\components\\score\\ScoreBadge.tsx": {"lines":{"total":9,"covered":0,"skipped":0,"pct":0},"functions":{"total":3,"covered":0,"skipped":0,"pct":0},"statements":{"total":9,"covered":0,"skipped":0,"pct":0},"branches":{"total":32,"covered":0,"skipped":0,"pct":0}}
,"C:\\Users\\talys\\projects\\intelliFlow-CRM\\packages\\ui\\src\\components\\score\\ScoreCard.tsx": {"lines":{"total":14,"covered":0,"skipped":0,"pct":0},"functions":{"total":6,"covered":0,"skipped":0,"pct":0},"statements":{"total":14,"covered":0,"skipped":0,"pct":0},"branches":{"total":25,"covered":0,"skipped":0,"pct":0}}
,"C:\\Users\\talys\\projects\\intelliFlow-CRM\\packages\\ui\\src\\components\\score\\ScoreCorrectionModal.tsx": {"lines":{"total":32,"covered":0,"skipped":0,"pct":0},"functions":{"total":10,"covered":0,"skipped":0,"pct":0},"statements":{"total":39,"covered":0,"skipped":0,"pct":0},"branches":{"total":37,"covered":0,"skipped":0,"pct":0}}
,"C:\\Users\\talys\\projects\\intelliFlow-CRM\\packages\\ui\\src\\components\\score\\ScoreFactor.tsx": {"lines":{"total":8,"covered":0,"skipped":0,"pct":0},"functions":{"total":3,"covered":0,"skipped":0,"pct":0},"statements":{"total":8,"covered":0,"skipped":0,"pct":0},"branches":{"total":29,"covered":0,"skipped":0,"pct":0}}
,"C:\\Users\\talys\\projects\\intelliFlow-CRM\\packages\\ui\\src\\components\\score\\ScoreFactorList.tsx": {"lines":{"total":12,"covered":0,"skipped":0,"pct":0},"functions":{"total":3,"covered":0,"skipped":0,"pct":0},"statements":{"total":12,"covered":0,"skipped":0,"pct":0},"branches":{"total":19,"covered":0,"skipped":0,"pct":0}}
,"C:\\Users\\talys\\projects\\intelliFlow-CRM\\packages\\ui\\src\\components\\score\\index.ts": {"lines":{"total":0,"covered":0,"skipped":0,"pct":100},"functions":{"total":0,"covered":0,"skipped":0,"pct":100},"statements":{"total":0,"covered":0,"skipped":0,"pct":100},"branches":{"total":0,"covered":0,"skipped":0,"pct":100}}
,"C:\\Users\\talys\\projects\\intelliFlow-CRM\\packages\\ui\\src\\components\\score\\types.ts": {"lines":{"total":0,"covered":0,"skipped":0,"pct":100},"functions":{"total":0,"covered":0,"skipped":0,"pct":100},"statements":{"total":0,"covered":0,"skipped":0,"pct":100},"branches":{"total":0,"covered":0,"skipped":0,"pct":100}}
,"C:\\Users\\talys\\projects\\intelliFlow-CRM\\packages\\ui\\src\\components\\score\\utils.ts": {"lines":{"total":27,"covered":0,"skipped":0,"pct":0},"functions":{"total":17,"covered":0,"skipped":0,"pct":0},"statements":{"total":38,"covered":0,"skipped":0,"pct":0},"branches":{"total":15,"covered":0,"skipped":0,"pct":0}}
,"C:\\Users\\talys\\projects\\intelliFlow-CRM\\packages\\ui\\src\\hooks\\use-toast.ts": {"lines":{"total":51,"covered":0,"skipped":0,"pct":0},"functions":{"total":18,"covered":0,"skipped":0,"pct":0},"statements":{"total":53,"covered":0,"skipped":0,"pct":0},"branches":{"total":20,"covered":0,"skipped":0,"pct":0}}
,"C:\\Users\\talys\\projects\\intelliFlow-CRM\\packages\\ui\\src\\lib\\icon-mapping.ts": {"lines":{"total":2,"covered":0,"skipped":0,"pct":0},"functions":{"total":0,"covered":0,"skipped":0,"pct":100},"statements":{"total":2,"covered":0,"skipped":0,"pct":0},"branches":{"total":0,"covered":0,"skipped":0,"pct":100}}
,"C:\\Users\\talys\\projects\\intelliFlow-CRM\\packages\\ui\\src\\lib\\utils.ts": {"lines":{"total":1,"covered":0,"skipped":0,"pct":0},"functions":{"total":1,"covered":0,"skipped":0,"pct":0},"statements":{"total":1,"covered":0,"skipped":0,"pct":0},"branches":{"total":0,"covered":0,"skipped":0,"pct":100}}
,"C:\\Users\\talys\\projects\\intelliFlow-CRM\\packages\\validators\\src\\account.ts": {"lines":{"total":9,"covered":0,"skipped":0,"pct":0},"functions":{"total":3,"covered":0,"skipped":0,"pct":0},"statements":{"total":9,"covered":0,"skipped":0,"pct":0},"branches":{"total":0,"covered":0,"skipped":0,"pct":100}}
,"C:\\Users\\talys\\projects\\intelliFlow-CRM\\packages\\validators\\src\\ai.ts": {"lines":{"total":20,"covered":0,"skipped":0,"pct":0},"functions":{"total":0,"covered":0,"skipped":0,"pct":100},"statements":{"total":20,"covered":0,"skipped":0,"pct":0},"branches":{"total":0,"covered":0,"skipped":0,"pct":100}}
,"C:\\Users\\talys\\projects\\intelliFlow-CRM\\packages\\validators\\src\\auth.ts": {"lines":{"total":31,"covered":0,"skipped":0,"pct":0},"functions":{"total":6,"covered":0,"skipped":0,"pct":0},"statements":{"total":31,"covered":0,"skipped":0,"pct":0},"branches":{"total":0,"covered":0,"skipped":0,"pct":100}}
,"C:\\Users\\talys\\projects\\intelliFlow-CRM\\packages\\validators\\src\\base-schemas.ts": {"lines":{"total":9,"covered":0,"skipped":0,"pct":0},"functions":{"total":3,"covered":0,"skipped":0,"pct":0},"statements":{"total":9,"covered":0,"skipped":0,"pct":0},"branches":{"total":0,"covered":0,"skipped":0,"pct":100}}
,"C:\\Users\\talys\\projects\\intelliFlow-CRM\\packages\\validators\\src\\billing.ts": {"lines":{"total":29,"covered":0,"skipped":0,"pct":0},"functions":{"total":1,"covered":0,"skipped":0,"pct":0},"statements":{"total":29,"covered":0,"skipped":0,"pct":0},"branches":{"total":2,"covered":0,"skipped":0,"pct":0}}
,"C:\\Users\\talys\\projects\\intelliFlow-CRM\\packages\\validators\\src\\bulk-operations.ts": {"lines":{"total":19,"covered":0,"skipped":0,"pct":0},"functions":{"total":0,"covered":0,"skipped":0,"pct":100},"statements":{"total":19,"covered":0,"skipped":0,"pct":0},"branches":{"total":0,"covered":0,"skipped":0,"pct":100}}
,"C:\\Users\\talys\\projects\\intelliFlow-CRM\\packages\\validators\\src\\case.ts": {"lines":{"total":16,"covered":0,"skipped":0,"pct":0},"functions":{"total":0,"covered":0,"skipped":0,"pct":100},"statements":{"total":16,"covered":0,"skipped":0,"pct":0},"branches":{"total":0,"covered":0,"skipped":0,"pct":100}}
,"C:\\Users\\talys\\projects\\intelliFlow-CRM\\packages\\validators\\src\\chain-version.ts": {"lines":{"total":32,"covered":0,"skipped":0,"pct":0},"functions":{"total":3,"covered":0,"skipped":0,"pct":0},"statements":{"total":36,"covered":0,"skipped":0,"pct":0},"branches":{"total":16,"covered":0,"skipped":0,"pct":0}}
,"C:\\Users\\talys\\projects\\intelliFlow-CRM\\packages\\validators\\src\\common.ts": {"lines":{"total":44,"covered":0,"skipped":0,"pct":0},"functions":{"total":7,"covered":0,"skipped":0,"pct":0},"statements":{"total":46,"covered":0,"skipped":0,"pct":0},"branches":{"total":14,"covered":0,"skipped":0,"pct":0}}
,"C:\\Users\\talys\\projects\\intelliFlow-CRM\\packages\\validators\\src\\config.ts": {"lines":{"total":35,"covered":0,"skipped":0,"pct":0},"functions":{"total":3,"covered":0,"skipped":0,"pct":0},"statements":{"total":35,"covered":0,"skipped":0,"pct":0},"branches":{"total":16,"covered":0,"skipped":0,"pct":0}}
,"C:\\Users\\talys\\projects\\intelliFlow-CRM\\packages\\validators\\src\\contact-form.ts": {"lines":{"total":2,"covered":0,"skipped":0,"pct":0},"functions":{"total":0,"covered":0,"skipped":0,"pct":100},"statements":{"total":2,"covered":0,"skipped":0,"pct":0},"branches":{"total":0,"covered":0,"skipped":0,"pct":100}}
,"C:\\Users\\talys\\projects\\intelliFlow-CRM\\packages\\validators\\src\\contact.ts": {"lines":{"total":9,"covered":0,"skipped":0,"pct":0},"functions":{"total":0,"covered":0,"skipped":0,"pct":100},"statements":{"total":9,"covered":0,"skipped":0,"pct":0},"branches":{"total":0,"covered":0,"skipped":0,"pct":100}}
,"C:\\Users\\talys\\projects\\intelliFlow-CRM\\packages\\validators\\src\\env.ts": {"lines":{"total":39,"covered":0,"skipped":0,"pct":0},"functions":{"total":3,"covered":0,"skipped":0,"pct":0},"statements":{"total":39,"covered":0,"skipped":0,"pct":0},"branches":{"total":18,"covered":0,"skipped":0,"pct":0}}
,"C:\\Users\\talys\\projects\\intelliFlow-CRM\\packages\\validators\\src\\experiment.ts": {"lines":{"total":35,"covered":0,"skipped":0,"pct":0},"functions":{"total":5,"covered":0,"skipped":0,"pct":0},"statements":{"total":42,"covered":0,"skipped":0,"pct":0},"branches":{"total":29,"covered":0,"skipped":0,"pct":0}}
,"C:\\Users\\talys\\projects\\intelliFlow-CRM\\packages\\validators\\src\\feedback.ts": {"lines":{"total":22,"covered":0,"skipped":0,"pct":0},"functions":{"total":3,"covered":0,"skipped":0,"pct":0},"statements":{"total":25,"covered":0,"skipped":0,"pct":0},"branches":{"total":6,"covered":0,"skipped":0,"pct":0}}
,"C:\\Users\\talys\\projects\\intelliFlow-CRM\\packages\\validators\\src\\lead.ts": {"lines":{"total":13,"covered":0,"skipped":0,"pct":0},"functions":{"total":1,"covered":0,"skipped":0,"pct":0},"statements":{"total":13,"covered":0,"skipped":0,"pct":0},"branches":{"total":0,"covered":0,"skipped":0,"pct":100}}
,"C:\\Users\\talys\\projects\\intelliFlow-CRM\\packages\\validators\\src\\opportunity.ts": {"lines":{"total":14,"covered":0,"skipped":0,"pct":0},"functions":{"total":2,"covered":0,"skipped":0,"pct":0},"statements":{"total":14,"covered":0,"skipped":0,"pct":0},"branches":{"total":0,"covered":0,"skipped":0,"pct":100}}
,"C:\\Users\\talys\\projects\\intelliFlow-CRM\\packages\\validators\\src\\task.ts": {"lines":{"total":8,"covered":0,"skipped":0,"pct":0},"functions":{"total":0,"covered":0,"skipped":0,"pct":100},"statements":{"total":8,"covered":0,"skipped":0,"pct":0},"branches":{"total":0,"covered":0,"skipped":0,"pct":100}}
,"C:\\Users\\talys\\projects\\intelliFlow-CRM\\packages\\validators\\src\\ticket.ts": {"lines":{"total":7,"covered":0,"skipped":0,"pct":0},"functions":{"total":0,"covered":0,"skipped":0,"pct":100},"statements":{"total":7,"covered":0,"skipped":0,"pct":0},"branches":{"total":0,"covered":0,"skipped":0,"pct":100}}
,"C:\\Users\\talys\\projects\\intelliFlow-CRM\\packages\\validators\\src\\timeline.ts": {"lines":{"total":19,"covered":0,"skipped":0,"pct":0},"functions":{"total":0,"covered":0,"skipped":0,"pct":100},"statements":{"total":19,"covered":0,"skipped":0,"pct":0},"branches":{"total":0,"covered":0,"skipped":0,"pct":100}}
,"C:\\Users\\talys\\projects\\intelliFlow-CRM\\packages\\webhooks\\src\\framework.ts": {"lines":{"total":213,"covered":0,"skipped":0,"pct":0},"functions":{"total":48,"covered":0,"skipped":0,"pct":0},"statements":{"total":227,"covered":0,"skipped":0,"pct":0},"branches":{"total":140,"covered":0,"skipped":0,"pct":0}}
,"C:\\Users\\talys\\projects\\intelliFlow-CRM\\packages\\webhooks\\src\\index.ts": {"lines":{"total":0,"covered":0,"skipped":0,"pct":100},"functions":{"total":0,"covered":0,"skipped":0,"pct":100},"statements":{"total":0,"covered":0,"skipped":0,"pct":100},"branches":{"total":0,"covered":0,"skipped":0,"pct":100}}
}
