{"C:\\Users\\talys\\projects\\intelliFlow-CRM\\apps\\web\\src\\lib\\shared\\password-validation.ts": {"path":"C:\\Users\\talys\\projects\\intelliFlow-CRM\\apps\\web\\src\\lib\\shared\\password-validation.ts","statementMap":{"0":{"start":{"line":40,"column":35},"end":{"line":40,"column":null}},"1":{"start":{"line":41,"column":38},"end":{"line":41,"column":null}},"2":{"start":{"line":42,"column":25},"end":{"line":42,"column":null}},"3":{"start":{"line":44,"column":60},"end":{"line":81,"column":null}},"4":{"start":{"line":48,"column":17},"end":{"line":48,"column":null}},"5":{"start":{"line":54,"column":17},"end":{"line":54,"column":null}},"6":{"start":{"line":60,"column":17},"end":{"line":60,"column":null}},"7":{"start":{"line":66,"column":17},"end":{"line":66,"column":null}},"8":{"start":{"line":72,"column":17},"end":{"line":72,"column":null}},"9":{"start":{"line":78,"column":17},"end":{"line":78,"column":null}},"10":{"start":{"line":91,"column":2},"end":{"line":99,"column":null}},"11":{"start":{"line":92,"column":4},"end":{"line":98,"column":null}},"12":{"start":{"line":96,"column":52},"end":{"line":96,"column":73}},"13":{"start":{"line":96,"column":86},"end":{"line":96,"column":93}},"14":{"start":{"line":101,"column":29},"end":{"line":101,"column":null}},"15":{"start":{"line":102,"column":14},"end":{"line":102,"column":null}},"16":{"start":{"line":104,"column":2},"end":{"line":111,"column":null}},"17":{"start":{"line":105,"column":4},"end":{"line":110,"column":null}},"18":{"start":{"line":106,"column":6},"end":{"line":106,"column":null}},"19":{"start":{"line":107,"column":4},"end":{"line":110,"column":null}},"20":{"start":{"line":109,"column":6},"end":{"line":109,"column":null}},"21":{"start":{"line":114,"column":2},"end":{"line":122,"column":null}},"22":{"start":{"line":115,"column":4},"end":{"line":115,"column":null}},"23":{"start":{"line":116,"column":2},"end":{"line":122,"column":null}},"24":{"start":{"line":117,"column":4},"end":{"line":117,"column":null}},"25":{"start":{"line":118,"column":2},"end":{"line":122,"column":null}},"26":{"start":{"line":119,"column":4},"end":{"line":119,"column":null}},"27":{"start":{"line":121,"column":4},"end":{"line":121,"column":null}},"28":{"start":{"line":124,"column":2},"end":{"line":130,"column":null}},"29":{"start":{"line":137,"column":27},"end":{"line":137,"column":null}},"30":{"start":{"line":139,"column":2},"end":{"line":141,"column":null}},"31":{"start":{"line":140,"column":4},"end":{"line":140,"column":null}},"32":{"start":{"line":143,"column":2},"end":{"line":145,"column":null}},"33":{"start":{"line":144,"column":4},"end":{"line":144,"column":null}},"34":{"start":{"line":147,"column":19},"end":{"line":147,"column":null}},"35":{"start":{"line":148,"column":2},"end":{"line":150,"column":null}},"36":{"start":{"line":149,"column":4},"end":{"line":149,"column":null}},"37":{"start":{"line":152,"column":2},"end":{"line":152,"column":null}},"38":{"start":{"line":162,"column":2},"end":{"line":164,"column":null}},"39":{"start":{"line":163,"column":4},"end":{"line":163,"column":null}},"40":{"start":{"line":166,"column":2},"end":{"line":168,"column":null}},"41":{"start":{"line":167,"column":4},"end":{"line":167,"column":null}},"42":{"start":{"line":170,"column":2},"end":{"line":170,"column":null}},"43":{"start":{"line":177,"column":22},"end":{"line":177,"column":null}},"44":{"start":{"line":177,"column":56},"end":{"line":177,"column":78}},"45":{"start":{"line":178,"column":2},"end":{"line":178,"column":null}},"46":{"start":{"line":178,"column":20},"end":{"line":178,"column":null}},"47":{"start":{"line":179,"column":2},"end":{"line":179,"column":null}},"48":{"start":{"line":186,"column":2},"end":{"line":188,"column":null}},"49":{"start":{"line":187,"column":4},"end":{"line":187,"column":null}},"50":{"start":{"line":187,"column":47},"end":{"line":187,"column":68}},"51":{"start":{"line":190,"column":2},"end":{"line":190,"column":null}},"52":{"start":{"line":190,"column":45},"end":{"line":190,"column":87}},"53":{"start":{"line":206,"column":4},"end":{"line":235,"column":null}},"54":{"start":{"line":245,"column":17},"end":{"line":245,"column":null}},"55":{"start":{"line":246,"column":2},"end":{"line":250,"column":null}},"56":{"start":{"line":257,"column":2},"end":{"line":257,"column":null}},"57":{"start":{"line":264,"column":2},"end":{"line":264,"column":null}}},"fnMap":{"0":{"name":"(anonymous_0)","decl":{"start":{"line":48,"column":10},"end":{"line":48,"column":11}},"loc":{"start":{"line":48,"column":17},"end":{"line":48,"column":null}},"line":48},"1":{"name":"(anonymous_1)","decl":{"start":{"line":54,"column":10},"end":{"line":54,"column":11}},"loc":{"start":{"line":54,"column":17},"end":{"line":54,"column":null}},"line":54},"2":{"name":"(anonymous_2)","decl":{"start":{"line":60,"column":10},"end":{"line":60,"column":11}},"loc":{"start":{"line":60,"column":17},"end":{"line":60,"column":null}},"line":60},"3":{"name":"(anonymous_3)","decl":{"start":{"line":66,"column":10},"end":{"line":66,"column":11}},"loc":{"start":{"line":66,"column":17},"end":{"line":66,"column":null}},"line":66},"4":{"name":"(anonymous_4)","decl":{"start":{"line":72,"column":10},"end":{"line":72,"column":11}},"loc":{"start":{"line":72,"column":17},"end":{"line":72,"column":null}},"line":72},"5":{"name":"(anonymous_5)","decl":{"start":{"line":78,"column":10},"end":{"line":78,"column":11}},"loc":{"start":{"line":78,"column":17},"end":{"line":78,"column":null}},"line":78},"6":{"name":"calculatePasswordStrength","decl":{"start":{"line":90,"column":16},"end":{"line":90,"column":42}},"loc":{"start":{"line":90,"column":84},"end":{"line":131,"column":null}},"line":90},"7":{"name":"(anonymous_7)","decl":{"start":{"line":96,"column":45},"end":{"line":96,"column":46}},"loc":{"start":{"line":96,"column":52},"end":{"line":96,"column":73}},"line":96},"8":{"name":"(anonymous_8)","decl":{"start":{"line":96,"column":79},"end":{"line":96,"column":80}},"loc":{"start":{"line":96,"column":86},"end":{"line":96,"column":93}},"line":96},"9":{"name":"validatePassword","decl":{"start":{"line":136,"column":16},"end":{"line":136,"column":33}},"loc":{"start":{"line":136,"column":77},"end":{"line":153,"column":null}},"line":136},"10":{"name":"validatePasswordMatch","decl":{"start":{"line":158,"column":16},"end":{"line":158,"column":null}},"loc":{"start":{"line":161,"column":28},"end":{"line":171,"column":null}},"line":161},"11":{"name":"checkRequirement","decl":{"start":{"line":176,"column":16},"end":{"line":176,"column":33}},"loc":{"start":{"line":176,"column":83},"end":{"line":180,"column":null}},"line":176},"12":{"name":"(anonymous_12)","decl":{"start":{"line":177,"column":49},"end":{"line":177,"column":50}},"loc":{"start":{"line":177,"column":56},"end":{"line":177,"column":78}},"line":177},"13":{"name":"getUnmetRequirements","decl":{"start":{"line":185,"column":16},"end":{"line":185,"column":37}},"loc":{"start":{"line":185,"column":78},"end":{"line":191,"column":null}},"line":185},"14":{"name":"(anonymous_14)","decl":{"start":{"line":187,"column":40},"end":{"line":187,"column":41}},"loc":{"start":{"line":187,"column":47},"end":{"line":187,"column":68}},"line":187},"15":{"name":"(anonymous_15)","decl":{"start":{"line":190,"column":38},"end":{"line":190,"column":39}},"loc":{"start":{"line":190,"column":45},"end":{"line":190,"column":87}},"line":190},"16":{"name":"getStrengthColors","decl":{"start":{"line":240,"column":16},"end":{"line":240,"column":34}},"loc":{"start":{"line":244,"column":2},"end":{"line":251,"column":null}},"line":244},"17":{"name":"getStrengthLabel","decl":{"start":{"line":256,"column":16},"end":{"line":256,"column":33}},"loc":{"start":{"line":256,"column":69},"end":{"line":258,"column":null}},"line":256},"18":{"name":"getStrengthWidth","decl":{"start":{"line":263,"column":16},"end":{"line":263,"column":33}},"loc":{"start":{"line":263,"column":69},"end":{"line":265,"column":null}},"line":263}},"branchMap":{"0":{"loc":{"start":{"line":91,"column":2},"end":{"line":99,"column":null}},"type":"if","locations":[{"start":{"line":91,"column":2},"end":{"line":99,"column":null}},{"start":{},"end":{}}],"line":91},"1":{"loc":{"start":{"line":105,"column":4},"end":{"line":110,"column":null}},"type":"if","locations":[{"start":{"line":105,"column":4},"end":{"line":110,"column":null}},{"start":{"line":107,"column":4},"end":{"line":110,"column":null}}],"line":105},"2":{"loc":{"start":{"line":107,"column":4},"end":{"line":110,"column":null}},"type":"if","locations":[{"start":{"line":107,"column":4},"end":{"line":110,"column":null}},{"start":{},"end":{}}],"line":107},"3":{"loc":{"start":{"line":114,"column":2},"end":{"line":122,"column":null}},"type":"if","locations":[{"start":{"line":114,"column":2},"end":{"line":122,"column":null}},{"start":{"line":116,"column":2},"end":{"line":122,"column":null}}],"line":114},"4":{"loc":{"start":{"line":116,"column":2},"end":{"line":122,"column":null}},"type":"if","locations":[{"start":{"line":116,"column":2},"end":{"line":122,"column":null}},{"start":{"line":118,"column":2},"end":{"line":122,"column":null}}],"line":116},"5":{"loc":{"start":{"line":118,"column":2},"end":{"line":122,"column":null}},"type":"if","locations":[{"start":{"line":118,"column":2},"end":{"line":122,"column":null}},{"start":{"line":120,"column":9},"end":{"line":122,"column":null}}],"line":118},"6":{"loc":{"start":{"line":139,"column":2},"end":{"line":141,"column":null}},"type":"if","locations":[{"start":{"line":139,"column":2},"end":{"line":141,"column":null}},{"start":{},"end":{}}],"line":139},"7":{"loc":{"start":{"line":143,"column":2},"end":{"line":145,"column":null}},"type":"if","locations":[{"start":{"line":143,"column":2},"end":{"line":145,"column":null}},{"start":{},"end":{}}],"line":143},"8":{"loc":{"start":{"line":148,"column":2},"end":{"line":150,"column":null}},"type":"if","locations":[{"start":{"line":148,"column":2},"end":{"line":150,"column":null}},{"start":{},"end":{}}],"line":148},"9":{"loc":{"start":{"line":162,"column":2},"end":{"line":164,"column":null}},"type":"if","locations":[{"start":{"line":162,"column":2},"end":{"line":164,"column":null}},{"start":{},"end":{}}],"line":162},"10":{"loc":{"start":{"line":166,"column":2},"end":{"line":168,"column":null}},"type":"if","locations":[{"start":{"line":166,"column":2},"end":{"line":168,"column":null}},{"start":{},"end":{}}],"line":166},"11":{"loc":{"start":{"line":178,"column":2},"end":{"line":178,"column":null}},"type":"if","locations":[{"start":{"line":178,"column":2},"end":{"line":178,"column":null}},{"start":{},"end":{}}],"line":178},"12":{"loc":{"start":{"line":186,"column":2},"end":{"line":188,"column":null}},"type":"if","locations":[{"start":{"line":186,"column":2},"end":{"line":188,"column":null}},{"start":{},"end":{}}],"line":186},"13":{"loc":{"start":{"line":190,"column":45},"end":{"line":190,"column":87}},"type":"binary-expr","locations":[{"start":{"line":190,"column":45},"end":{"line":190,"column":66}},{"start":{"line":190,"column":66},"end":{"line":190,"column":87}}],"line":190}},"s":{"0":1,"1":1,"2":1,"3":1,"4":22,"5":22,"6":22,"7":22,"8":22,"9":38,"10":19,"11":2,"12":12,"13":10,"14":17,"15":17,"16":17,"17":102,"18":63,"19":39,"20":27,"21":17,"22":6,"23":11,"24":2,"25":9,"26":5,"27":4,"28":17,"29":7,"30":7,"31":1,"32":6,"33":1,"34":6,"35":6,"36":2,"37":6,"38":4,"39":1,"40":3,"41":2,"42":1,"43":29,"44":144,"45":29,"46":1,"47":28,"48":4,"49":1,"50":6,"51":3,"52":18,"53":1,"54":4,"55":4,"56":4,"57":4},"f":{"0":22,"1":22,"2":22,"3":22,"4":22,"5":38,"6":19,"7":12,"8":10,"9":7,"10":4,"11":29,"12":144,"13":4,"14":6,"15":18,"16":4,"17":4,"18":4},"b":{"0":[2,17],"1":[63,39],"2":[27,12],"3":[6,11],"4":[2,9],"5":[5,4],"6":[1,6],"7":[1,5],"8":[2,4],"9":[1,3],"10":[2,1],"11":[1,28],"12":[1,3],"13":[18,9]},"meta":{"lastBranch":14,"lastFunction":19,"lastStatement":58,"seen":{"s:40:35:40:Infinity":0,"s:41:38:41:Infinity":1,"s:42:25:42:Infinity":2,"s:44:60:81:Infinity":3,"f:48:10:48:11":0,"s:48:17:48:Infinity":4,"f:54:10:54:11":1,"s:54:17:54:Infinity":5,"f:60:10:60:11":2,"s:60:17:60:Infinity":6,"f:66:10:66:11":3,"s:66:17:66:Infinity":7,"f:72:10:72:11":4,"s:72:17:72:Infinity":8,"f:78:10:78:11":5,"s:78:17:78:Infinity":9,"f:90:16:90:42":6,"b:91:2:99:Infinity:undefined:undefined:undefined:undefined":0,"s:91:2:99:Infinity":10,"s:92:4:98:Infinity":11,"f:96:45:96:46":7,"s:96:52:96:73":12,"f:96:79:96:80":8,"s:96:86:96:93":13,"s:101:29:101:Infinity":14,"s:102:14:102:Infinity":15,"s:104:2:111:Infinity":16,"b:105:4:110:Infinity:107:4:110:Infinity":1,"s:105:4:110:Infinity":17,"s:106:6:106:Infinity":18,"b:107:4:110:Infinity:undefined:undefined:undefined:undefined":2,"s:107:4:110:Infinity":19,"s:109:6:109:Infinity":20,"b:114:2:122:Infinity:116:2:122:Infinity":3,"s:114:2:122:Infinity":21,"s:115:4:115:Infinity":22,"b:116:2:122:Infinity:118:2:122:Infinity":4,"s:116:2:122:Infinity":23,"s:117:4:117:Infinity":24,"b:118:2:122:Infinity:120:9:122:Infinity":5,"s:118:2:122:Infinity":25,"s:119:4:119:Infinity":26,"s:121:4:121:Infinity":27,"s:124:2:130:Infinity":28,"f:136:16:136:33":9,"s:137:27:137:Infinity":29,"b:139:2:141:Infinity:undefined:undefined:undefined:undefined":6,"s:139:2:141:Infinity":30,"s:140:4:140:Infinity":31,"b:143:2:145:Infinity:undefined:undefined:undefined:undefined":7,"s:143:2:145:Infinity":32,"s:144:4:144:Infinity":33,"s:147:19:147:Infinity":34,"b:148:2:150:Infinity:undefined:undefined:undefined:undefined":8,"s:148:2:150:Infinity":35,"s:149:4:149:Infinity":36,"s:152:2:152:Infinity":37,"f:158:16:158:Infinity":10,"b:162:2:164:Infinity:undefined:undefined:undefined:undefined":9,"s:162:2:164:Infinity":38,"s:163:4:163:Infinity":39,"b:166:2:168:Infinity:undefined:undefined:undefined:undefined":10,"s:166:2:168:Infinity":40,"s:167:4:167:Infinity":41,"s:170:2:170:Infinity":42,"f:176:16:176:33":11,"s:177:22:177:Infinity":43,"f:177:49:177:50":12,"s:177:56:177:78":44,"b:178:2:178:Infinity:undefined:undefined:undefined:undefined":11,"s:178:2:178:Infinity":45,"s:178:20:178:Infinity":46,"s:179:2:179:Infinity":47,"f:185:16:185:37":13,"b:186:2:188:Infinity:undefined:undefined:undefined:undefined":12,"s:186:2:188:Infinity":48,"s:187:4:187:Infinity":49,"f:187:40:187:41":14,"s:187:47:187:68":50,"s:190:2:190:Infinity":51,"f:190:38:190:39":15,"s:190:45:190:87":52,"b:190:45:190:66:190:66:190:87":13,"s:206:4:235:Infinity":53,"f:240:16:240:34":16,"s:245:17:245:Infinity":54,"s:246:2:250:Infinity":55,"f:256:16:256:33":17,"s:257:2:257:Infinity":56,"f:263:16:263:33":18,"s:264:2:264:Infinity":57}}}
}
