TN:
SF:apps\web\src\lib\shared\password-validation.ts
FN:48,(anonymous_0)
FN:54,(anonymous_1)
FN:60,(anonymous_2)
FN:66,(anonymous_3)
FN:72,(anonymous_4)
FN:78,(anonymous_5)
FN:90,calculatePasswordStrength
FN:96,(anonymous_7)
FN:96,(anonymous_8)
FN:136,validatePassword
FN:158,validatePasswordMatch
FN:176,checkRequirement
FN:177,(anonymous_12)
FN:185,getUnmetRequirements
FN:187,(anonymous_14)
FN:190,(anonymous_15)
FN:240,getStrengthColors
FN:256,getStrengthLabel
FN:263,getStrengthWidth
FNF:19
FNH:19
FNDA:22,(anonymous_0)
FNDA:22,(anonymous_1)
FNDA:22,(anonymous_2)
FNDA:22,(anonymous_3)
FNDA:22,(anonymous_4)
FNDA:38,(anonymous_5)
FNDA:19,calculatePasswordStrength
FNDA:12,(anonymous_7)
FNDA:10,(anonymous_8)
FNDA:7,validatePassword
FNDA:4,validatePasswordMatch
FNDA:29,checkRequirement
FNDA:144,(anonymous_12)
FNDA:4,getUnmetRequirements
FNDA:6,(anonymous_14)
FNDA:18,(anonymous_15)
FNDA:4,getStrengthColors
FNDA:4,getStrengthLabel
FNDA:4,getStrengthWidth
DA:40,1
DA:41,1
DA:42,1
DA:44,1
DA:48,22
DA:54,22
DA:60,22
DA:66,22
DA:72,22
DA:78,38
DA:91,19
DA:92,2
DA:96,12
DA:101,17
DA:102,17
DA:104,17
DA:105,102
DA:106,63
DA:107,39
DA:109,27
DA:114,17
DA:115,6
DA:116,11
DA:117,2
DA:118,9
DA:119,5
DA:121,4
DA:124,17
DA:137,7
DA:139,7
DA:140,1
DA:143,6
DA:144,1
DA:147,6
DA:148,6
DA:149,2
DA:152,6
DA:162,4
DA:163,1
DA:166,3
DA:167,2
DA:170,1
DA:177,144
DA:178,29
DA:179,28
DA:186,4
DA:187,6
DA:190,18
DA:206,1
DA:245,4
DA:246,4
DA:257,4
DA:264,4
LF:53
LH:53
BRDA:91,0,0,2
BRDA:91,0,1,17
BRDA:105,1,0,63
BRDA:105,1,1,39
BRDA:107,2,0,27
BRDA:107,2,1,12
BRDA:114,3,0,6
BRDA:114,3,1,11
BRDA:116,4,0,2
BRDA:116,4,1,9
BRDA:118,5,0,5
BRDA:118,5,1,4
BRDA:139,6,0,1
BRDA:139,6,1,6
BRDA:143,7,0,1
BRDA:143,7,1,5
BRDA:148,8,0,2
BRDA:148,8,1,4
BRDA:162,9,0,1
BRDA:162,9,1,3
BRDA:166,10,0,2
BRDA:166,10,1,1
BRDA:178,11,0,1
BRDA:178,11,1,28
BRDA:186,12,0,1
BRDA:186,12,1,3
BRDA:190,13,0,18
BRDA:190,13,1,9
BRF:28
BRH:28
end_of_record
